[1] "The Association analysis will be run in chromosome 19"
[1] " Loading CHR19_protData.csv"
# A tibble: 6 x 111
  Protein `114A01` `114A02` `114A03` `114A04` `114A05` `114A06` `114A07`
  <chr>      <dbl>    <dbl>    <dbl>    <dbl>    <dbl>    <dbl>    <dbl>
1 IGHJ6*…       23      152       66    17524      129    17716       78
2 IGHJ4*…    10438   114850    14232    39022    43609    37345     3844
3 IGHJ4*…       90      663      310      812      711      448       41
4 IGHJ3*…       48      997      269     1076      805      788       36
5 IGHJ5*…     3662    44657     4142    13313    14522    14762     1197
6 IGHJ6*…        7      618      120        8      188        7        3
# … with 103 more variables: `114A08` <dbl>, `114A09` <dbl>, `114A10` <dbl>,
#   `114A11` <dbl>, `114A12` <dbl>, `114B01` <dbl>, `114B02` <dbl>,
#   `114B03` <dbl>, `114B04` <dbl>, `114B05` <dbl>, `114B06` <dbl>,
#   `114B07` <dbl>, `114B08` <dbl>, `114B09` <dbl>, `114B10` <dbl>,
#   `114B11` <dbl>, `114B12` <dbl>, `114C01` <dbl>, `114C02` <dbl>,
#   `114C03` <dbl>, `114C04` <dbl>, `114C05` <dbl>, `114C06` <dbl>,
#   `114C07` <dbl>, `114C08` <dbl>, `114C09` <dbl>, `114C10` <dbl>,
#   `114C11` <dbl>, `114C12` <dbl>, `114D01` <dbl>, `114D02` <dbl>,
#   `114D03` <dbl>, `114D04` <dbl>, `114D05` <dbl>, `114D06` <dbl>,
#   `114D07` <dbl>, `114D08` <dbl>, `114D09` <dbl>, `114D10` <dbl>,
#   `114D11` <dbl>, `114D12` <dbl>, `114E01` <dbl>, `114E02` <dbl>,
#   `114E03` <dbl>, `114E04` <dbl>, `114E05` <dbl>, `114E06` <dbl>,
#   `114E07` <dbl>, `114E08` <dbl>, `114E09` <dbl>, `114E10` <dbl>,
#   `114E11` <dbl>, `114E12` <dbl>, `114F01` <dbl>, `114F02` <dbl>,
#   `114F03` <dbl>, `114F04` <dbl>, `114F05` <dbl>, `114F06` <dbl>,
#   `114F07` <dbl>, `114F08` <dbl>, `114F09` <dbl>, `114F10` <dbl>,
#   `114F11` <dbl>, `114F12` <dbl>, `114G01` <dbl>, `114G02` <dbl>,
#   `114G03` <dbl>, `114G04` <dbl>, `114G05` <dbl>, `114G06` <dbl>,
#   `114G07` <dbl>, `114G08` <dbl>, `114G09` <dbl>, `114G10` <dbl>,
#   `114G11` <dbl>, `114G12` <dbl>, `114H01` <dbl>, `114H02` <dbl>,
#   `114H03` <dbl>, `114H04` <dbl>, `114H05` <dbl>, `114H06` <dbl>,
#   `114H07` <dbl>, `114H08` <dbl>, `114H09` <dbl>, `114H10` <dbl>,
#   `114H11` <dbl>, `114H12` <dbl>, `115A01` <dbl>, `115A02` <dbl>,
#   `115A03` <dbl>, `115A04` <dbl>, `115A05` <dbl>, `115A06` <dbl>,
#   `115A07` <dbl>, `115A08` <dbl>, `115A09` <dbl>, `115A10` <dbl>,
#   `115A11` <dbl>, …
[1] "Normalizing data"
[1] "19"
SNPs before filtering: 1843791 
SNPs after filtering: 242099 
[1] "Analysis finished"
[1] "Unlinking output"
Analysis done in:  60.427  seconds 
Detected eQTLs: 
                       snps                   gene statistic       pvalue
1  rs143040245:49733386:A:G IGHV1-68*01 & IGHJ1*01  41.61263 1.585962e-64
2 rs202018524:36683713:G:GT IGHV4-59*02 & IGHJ3*01  30.72691 1.995933e-52
3   rs73053487:54749156:T:C IGHV3-19*01 & IGHJ4*03 -30.37738 5.563291e-52
4           19:15965313:T:G            IGHV1-69*05  29.35298 1.186568e-50
5   rs73567252:48528125:T:C  IGHV3-9*01 & IGHJ5*01  28.73192 7.908941e-50
6     rs199696009:95794:A:C IGHV4-59*02 & IGHJ3*01  28.20891 4.007175e-49
           FDR          beta
1 1.341171e-55  0.0007463406
2 8.439320e-44  0.9102495326
3 1.568202e-43 -0.0001518929
4 2.508559e-42  2.1725545675
5 1.337642e-41  0.5400089174
6 5.647792e-41  0.9998654764
[1] "Saving file"
File saved in /scratch/users/vipese/GeneticAssociation/Outputs/CHR_19.csvNULL
