Loading required package: carData
Parsed with column specification:
cols(
  .default = col_double(),
  Protein = col_character()
)
See spec(...) for full column specifications.
Warning message:
Setting row names on a tibble is deprecated. 
Rows read: 2,000
Rows read: 4,000
Rows read: 6,000
Rows read: 8,000
Rows read: 10,000
Rows read: 12,000
Rows read: 14,000
Rows read: 16,000
Rows read: 18,000
Rows read: 20,000
Rows read: 22,000
Rows read: 24,000
Rows read: 26,000
Rows read: 28,000
Rows read: 30,000
Rows read: 32,000
Rows read: 34,000
Rows read: 36,000
Rows read: 38,000
Rows read: 40,000
Rows read: 42,000
Rows read: 44,000
Rows read: 46,000
Rows read: 48,000
Rows read: 50,000
Rows read: 52,000
Rows read: 54,000
Rows read: 56,000
Rows read: 58,000
Rows read: 60,000
Rows read: 62,000
Rows read: 64,000
Rows read: 66,000
Rows read: 68,000
Rows read: 70,000
Rows read: 72,000
Rows read: 74,000
Rows read: 76,000
Rows read: 78,000
Rows read: 80,000
Rows read: 82,000
Rows read: 84,000
Rows read: 86,000
Rows read: 88,000
Rows read: 90,000
Rows read: 92,000
Rows read: 94,000
Rows read: 96,000
Rows read: 98,000
Rows read: 100,000
Rows read: 102,000
Rows read: 104,000
Rows read: 106,000
Rows read: 108,000
Rows read: 110,000
Rows read: 112,000
Rows read: 114,000
Rows read: 116,000
Rows read: 118,000
Rows read: 120,000
Rows read: 122,000
Rows read: 124,000
Rows read: 126,000
Rows read: 128,000
Rows read: 130,000
Rows read: 132,000
Rows read: 134,000
Rows read: 136,000
Rows read: 138,000
Rows read: 140,000
Rows read: 142,000
Rows read: 144,000
Rows read: 146,000
Rows read: 148,000
Rows read: 150,000
Rows read: 152,000
Rows read: 154,000
Rows read: 156,000
Rows read: 158,000
Rows read: 160,000
Rows read: 162,000
Rows read: 164,000
Rows read: 166,000
Rows read: 168,000
Rows read: 170,000
Rows read: 172,000
Rows read: 174,000
Rows read: 176,000
Rows read: 178,000
Rows read: 180,000
Rows read: 182,000
Rows read: 184,000
Rows read: 186,000
Rows read: 188,000
Rows read: 190,000
Rows read: 192,000
Rows read: 194,000
Rows read: 196,000
Rows read: 198,000
Rows read: 200,000
Rows read: 202,000
Rows read: 204,000
Rows read: 206,000
Rows read: 208,000
Rows read: 210,000
Rows read: 212,000
Rows read: 214,000
Rows read: 216,000
Rows read: 218,000
Rows read: 220,000
Rows read: 222,000
Rows read: 224,000
Rows read: 226,000
Rows read: 228,000
Rows read: 230,000
Rows read: 232,000
Rows read: 234,000
Rows read: 236,000
Rows read: 238,000
Rows read: 240,000
Rows read: 242,000
Rows read: 244,000
Rows read: 246,000
Rows read: 248,000
Rows read: 250,000
Rows read: 252,000
Rows read: 254,000
Rows read: 256,000
Rows read: 258,000
Rows read: 260,000
Rows read: 262,000
Rows read: 264,000
Rows read: 266,000
Rows read: 268,000
Rows read: 270,000
Rows read: 272,000
Rows read: 274,000
Rows read: 276,000
Rows read: 278,000
Rows read: 280,000
Rows read: 282,000
Rows read: 284,000
Rows read: 286,000
Rows read: 288,000
Rows read: 290,000
Rows read: 292,000
Rows read: 294,000
Rows read: 296,000
Rows read: 298,000
Rows read: 300,000
Rows read: 302,000
Rows read: 304,000
Rows read: 306,000
Rows read: 308,000
Rows read: 310,000
Rows read: 312,000
Rows read: 314,000
Rows read: 316,000
Rows read: 318,000
Rows read: 320,000
Rows read: 322,000
Rows read: 324,000
Rows read: 326,000
Rows read: 328,000
Rows read: 330,000
Rows read: 332,000
Rows read: 334,000
Rows read: 336,000
Rows read: 338,000
Rows read: 340,000
Rows read: 342,000
Rows read: 344,000
Rows read: 346,000
Rows read: 348,000
Rows read: 350,000
Rows read: 352,000
Rows read: 354,000
Rows read: 356,000
Rows read: 358,000
Rows read: 360,000
Rows read: 362,000
Rows read: 364,000
Rows read: 366,000
Rows read: 368,000
Rows read: 370,000
Rows read: 372,000
Rows read: 374,000
Rows read: 376,000
Rows read: 378,000
Rows read: 380,000
Rows read: 382,000
Rows read: 384,000
Rows read: 386,000
Rows read: 388,000
Rows read: 390,000
Rows read: 392,000
Rows read: 394,000
Rows read: 396,000
Rows read: 398,000
Rows read: 400,000
Rows read: 402,000
Rows read: 404,000
Rows read: 406,000
Rows read: 408,000
Rows read: 410,000
Rows read: 412,000
Rows read: 414,000
Rows read: 416,000
Rows read: 418,000
Rows read: 420,000
Rows read: 422,000
Rows read: 424,000
Rows read: 426,000
Rows read: 428,000
Rows read: 430,000
Rows read: 432,000
Rows read: 434,000
Rows read: 436,000
Rows read: 438,000
Rows read: 440,000
Rows read: 442,000
Rows read: 444,000
Rows read: 446,000
Rows read: 448,000
Rows read: 450,000
Rows read: 452,000
Rows read: 454,000
Rows read: 456,000
Rows read: 458,000
Rows read: 460,000
Rows read: 462,000
Rows read: 464,000
Rows read: 466,000
Rows read: 468,000
Rows read: 470,000
Rows read: 472,000
Rows read: 474,000
Rows read: 476,000
Rows read: 478,000
Rows read: 480,000
Rows read: 482,000
Rows read: 484,000
Rows read: 486,000
Rows read: 488,000
Rows read: 490,000
Rows read: 492,000
Rows read: 494,000
Rows read: 496,000
Rows read: 498,000
Rows read: 500,000
Rows read: 502,000
Rows read: 504,000
Rows read: 506,000
Rows read: 508,000
Rows read: 510,000
Rows read: 512,000
Rows read: 514,000
Rows read: 516,000
Rows read: 518,000
Rows read: 520,000
Rows read: 522,000
Rows read: 524,000
Rows read: 526,000
Rows read: 528,000
Rows read: 530,000
Rows read: 532,000
Rows read: 534,000
Rows read: 536,000
Rows read: 538,000
Rows read: 540,000
Rows read: 542,000
Rows read: 544,000
Rows read: 546,000
Rows read: 548,000
Rows read: 550,000
Rows read: 552,000
Rows read: 554,000
Rows read: 556,000
Rows read: 558,000
Rows read: 560,000
Rows read: 562,000
Rows read: 564,000
Rows read: 566,000
Rows read: 568,000
Rows read: 570,000
Rows read: 572,000
Rows read: 574,000
Rows read: 576,000
Rows read: 578,000
Rows read: 580,000
Rows read: 582,000
Rows read: 584,000
Rows read: 586,000
Rows read: 588,000
Rows read: 590,000
Rows read: 592,000
Rows read: 594,000
Rows read: 596,000
Rows read: 598,000
Rows read: 600,000
Rows read: 602,000
Rows read: 604,000
Rows read: 606,000
Rows read: 608,000
Rows read: 610,000
Rows read: 612,000
Rows read: 614,000
Rows read: 616,000
Rows read: 618,000
Rows read: 620,000
Rows read: 622,000
Rows read: 624,000
Rows read: 626,000
Rows read: 628,000
Rows read: 630,000
Rows read: 632,000
Rows read: 634,000
Rows read: 636,000
Rows read: 638,000
Rows read: 640,000
Rows read: 642,000
Rows read: 644,000
Rows read: 646,000
Rows read: 648,000
Rows read: 650,000
Rows read: 652,000
Rows read: 654,000
Rows read: 656,000
Rows read: 658,000
Rows read: 660,000
Rows read: 662,000
Rows read: 664,000
Rows read: 666,000
Rows read: 668,000
Rows read: 670,000
Rows read: 672,000
Rows read: 674,000
Rows read: 676,000
Rows read: 678,000
Rows read: 680,000
Rows read: 682,000
Rows read: 684,000
Rows read: 686,000
Rows read: 688,000
Rows read: 690,000
Rows read: 692,000
Rows read: 694,000
Rows read: 696,000
Rows read: 698,000
Rows read: 700,000
Rows read: 702,000
Rows read: 704,000
Rows read: 706,000
Rows read: 708,000
Rows read: 710,000
Rows read: 712,000
Rows read: 714,000
Rows read: 716,000
Rows read: 718,000
Rows read: 720,000
Rows read: 722,000
Rows read: 724,000
Rows read: 726,000
Rows read: 728,000
Rows read: 730,000
Rows read: 732,000
Rows read: 734,000
Rows read: 736,000
Rows read: 738,000
Rows read: 740,000
Rows read: 742,000
Rows read: 744,000
Rows read: 746,000
Rows read: 748,000
Rows read: 750,000
Rows read: 752,000
Rows read: 754,000
Rows read: 756,000
Rows read: 758,000
Rows read: 760,000
Rows read: 762,000
Rows read: 764,000
Rows read: 766,000
Rows read: 768,000
Rows read: 770,000
Rows read: 772,000
Rows read: 774,000
Rows read: 776,000
Rows read: 778,000
Rows read: 780,000
Rows read: 782,000
Rows read: 784,000
Rows read: 786,000
Rows read: 788,000
Rows read: 790,000
Rows read: 792,000
Rows read: 794,000
Rows read: 796,000
Rows read: 798,000
Rows read: 800,000
Rows read: 802,000
Rows read: 804,000
Rows read: 806,000
Rows read: 808,000
Rows read: 810,000
Rows read: 812,000
Rows read: 814,000
Rows read: 816,000
Rows read: 818,000
Rows read: 820,000
Rows read: 822,000
Rows read: 824,000
Rows read: 826,000
Rows read: 828,000
Rows read: 830,000
Rows read: 832,000
Rows read: 834,000
Rows read: 836,000
Rows read: 838,000
Rows read: 840,000
Rows read: 842,000
Rows read: 844,000
Rows read: 846,000
Rows read: 848,000
Rows read: 850,000
Rows read: 852,000
Rows read: 854,000
Rows read: 856,000
Rows read: 858,000
Rows read: 860,000
Rows read: 862,000
Rows read: 864,000
Rows read: 866,000
Rows read: 868,000
Rows read: 870,000
Rows read: 872,000
Rows read: 874,000
Rows read: 876,000
Rows read: 878,000
Rows read: 880,000
Rows read: 882,000
Rows read: 884,000
Rows read: 886,000
Rows read: 888,000
Rows read: 890,000
Rows read: 892,000
Rows read: 894,000
Rows read: 896,000
Rows read: 898,000
Rows read: 900,000
Rows read: 902,000
Rows read: 904,000
Rows read: 906,000
Rows read: 908,000
Rows read: 910,000
Rows read: 912,000
Rows read: 914,000
Rows read: 916,000
Rows read: 918,000
Rows read: 920,000
Rows read: 922,000
Rows read: 924,000
Rows read: 926,000
Rows read: 928,000
Rows read: 930,000
Rows read: 932,000
Rows read: 934,000
Rows read: 936,000
Rows read: 938,000
Rows read: 940,000
Rows read: 942,000
Rows read: 944,000
Rows read: 946,000
Rows read: 948,000
Rows read: 950,000
Rows read: 952,000
Rows read: 954,000
Rows read: 956,000
Rows read: 958,000
Rows read: 960,000
Rows read: 962,000
Rows read: 964,000
Rows read: 966,000
Rows read: 968,000
Rows read: 970,000
Rows read: 972,000
Rows read: 974,000
Rows read: 976,000
Rows read: 978,000
Rows read: 980,000
Rows read: 982,000
Rows read: 984,000
Rows read: 986,000
Rows read: 988,000
Rows read: 990,000
Rows read: 992,000
Rows read: 994,000
Rows read: 996,000
Rows read: 998,000
Rows read: 1,000,000
Rows read: 1,002,000
Rows read: 1,004,000
Rows read: 1,006,000
Rows read: 1,008,000
Rows read: 1,010,000
Rows read: 1,012,000
Rows read: 1,014,000
Rows read: 1,016,000
Rows read: 1,018,000
Rows read: 1,020,000
Rows read: 1,022,000
Rows read: 1,024,000
Rows read: 1,026,000
Rows read: 1,028,000
Rows read: 1,030,000
Rows read: 1,032,000
Rows read: 1,034,000
Rows read: 1,036,000
Rows read: 1,038,000
Rows read: 1,040,000
Rows read: 1,042,000
Rows read: 1,044,000
Rows read: 1,046,000
Rows read: 1,048,000
Rows read: 1,050,000
Rows read: 1,052,000
Rows read: 1,054,000
Rows read: 1,056,000
Rows read: 1,058,000
Rows read: 1,060,000
Rows read: 1,062,000
Rows read: 1,064,000
Rows read: 1,066,000
Rows read: 1,068,000
Rows read: 1,070,000
Rows read: 1,072,000
Rows read: 1,074,000
Rows read: 1,076,000
Rows read: 1,078,000
Rows read: 1,080,000
Rows read: 1,082,000
Rows read: 1,084,000
Rows read: 1,086,000
Rows read: 1,088,000
Rows read: 1,090,000
Rows read: 1,092,000
Rows read: 1,094,000
Rows read: 1,096,000
Rows read: 1,098,000
Rows read: 1,100,000
Rows read: 1,102,000
Rows read: 1,104,000
Rows read: 1,106,000
Rows read: 1,108,000
Rows read: 1,110,000
Rows read: 1,112,000
Rows read: 1,114,000
Rows read: 1,116,000
Rows read: 1,118,000
Rows read: 1,120,000
Rows read: 1,122,000
Rows read: 1,124,000
Rows read: 1,126,000
Rows read: 1,128,000
Rows read: 1,130,000
Rows read: 1,132,000
Rows read: 1,134,000
Rows read: 1,136,000
Rows read: 1,138,000
Rows read: 1,140,000
Rows read: 1,142,000
Rows read: 1,144,000
Rows read: 1,146,000
Rows read: 1,148,000
Rows read: 1,150,000
Rows read: 1,152,000
Rows read: 1,154,000
Rows read: 1,156,000
Rows read: 1,158,000
Rows read: 1,160,000
Rows read: 1,162,000
Rows read: 1,164,000
Rows read: 1,166,000
Rows read: 1,168,000
Rows read: 1,170,000
Rows read: 1,172,000
Rows read: 1,174,000
Rows read: 1,176,000
Rows read: 1,178,000
Rows read: 1,180,000
Rows read: 1,182,000
Rows read: 1,184,000
Rows read: 1,186,000
Rows read: 1,188,000
Rows read: 1,190,000
Rows read: 1,192,000
Rows read: 1,194,000
Rows read: 1,196,000
Rows read: 1,198,000
Rows read: 1,200,000
Rows read: 1,202,000
Rows read: 1,204,000
Rows read: 1,206,000
Rows read: 1,208,000
Rows read: 1,210,000
Rows read: 1,212,000
Rows read: 1,214,000
Rows read: 1,216,000
Rows read: 1,218,000
Rows read: 1,220,000
Rows read: 1,222,000
Rows read: 1,224,000
Rows read: 1,226,000
Rows read: 1,228,000
Rows read: 1,230,000
Rows read: 1,232,000
Rows read: 1,234,000
Rows read: 1,236,000
Rows read: 1,238,000
Rows read: 1,240,000
Rows read: 1,242,000
Rows read: 1,244,000
Rows read: 1,246,000
Rows read: 1,248,000
Rows read: 1,250,000
Rows read: 1,252,000
Rows read: 1,254,000
Rows read: 1,256,000
Rows read: 1,258,000
Rows read: 1,260,000
Rows read: 1,262,000
Rows read: 1,264,000
Rows read: 1,266,000
Rows read: 1,268,000
Rows read: 1,270,000
Rows read: 1,272,000
Rows read: 1,274,000
Rows read: 1,276,000
Rows read: 1,278,000
Rows read: 1,280,000
Rows read: 1,282,000
Rows read: 1,284,000
Rows read: 1,286,000
Rows read: 1,288,000
Rows read: 1,290,000
Rows read: 1,292,000
Rows read: 1,294,000
Rows read: 1,296,000
Rows read: 1,298,000
Rows read: 1,300,000
Rows read: 1,302,000
Rows read: 1,304,000
Rows read: 1,306,000
Rows read: 1,308,000
Rows read: 1,310,000
Rows read: 1,312,000
Rows read: 1,314,000
Rows read: 1,316,000
Rows read: 1,318,000
Rows read: 1,320,000
Rows read: 1,322,000
Rows read: 1,324,000
Rows read: 1,326,000
Rows read: 1,328,000
Rows read: 1,330,000
Rows read: 1,332,000
Rows read: 1,334,000
Rows read: 1,336,000
Rows read: 1,338,000
Rows read: 1,340,000
Rows read: 1,342,000
Rows read: 1,344,000
Rows read: 1,346,000
Rows read: 1,348,000
Rows read: 1,350,000
Rows read: 1,352,000
Rows read: 1,354,000
Rows read: 1,356,000
Rows read: 1,358,000
Rows read: 1,360,000
Rows read: 1,362,000
Rows read: 1,364,000
Rows read: 1,366,000
Rows read: 1,368,000
Rows read: 1,370,000
Rows read: 1,372,000
Rows read: 1,374,000
Rows read: 1,376,000
Rows read: 1,378,000
Rows read: 1,380,000
Rows read: 1,382,000
Rows read: 1,384,000
Rows read: 1,386,000
Rows read: 1,388,000
Rows read: 1,390,000
Rows read: 1,392,000
Rows read: 1,394,000
Rows read: 1,396,000
Rows read: 1,398,000
Rows read: 1,400,000
Rows read: 1,402,000
Rows read: 1,404,000
Rows read: 1,406,000
Rows read: 1,408,000
Rows read: 1,410,000
Rows read: 1,412,000
Rows read: 1,414,000
Rows read: 1,416,000
Rows read: 1,418,000
Rows read: 1,420,000
Rows read: 1,422,000
Rows read: 1,424,000
Rows read: 1,426,000
Rows read: 1,428,000
Rows read: 1,430,000
Rows read: 1,432,000
Rows read: 1,434,000
Rows read: 1,436,000
Rows read: 1,438,000
Rows read: 1,440,000
Rows read: 1,442,000
Rows read: 1,444,000
Rows read: 1,446,000
Rows read: 1,448,000
Rows read: 1,450,000
Rows read: 1,452,000
Rows read: 1,454,000
Rows read: 1,456,000
Rows read: 1,458,000
Rows read: 1,460,000
Rows read: 1,462,000
Rows read: 1,464,000
Rows read: 1,466,000
Rows read: 1,468,000
Rows read: 1,470,000
Rows read: 1,472,000
Rows read: 1,474,000
Rows read: 1,476,000
Rows read: 1,478,000
Rows read: 1,480,000
Rows read: 1,482,000
Rows read: 1,484,000
Rows read: 1,486,000
Rows read: 1,488,000
Rows read: 1,490,000
Rows read: 1,492,000
Rows read: 1,494,000
Rows read: 1,496,000
Rows read: 1,498,000
Rows read: 1,500,000
Rows read: 1,502,000
Rows read: 1,504,000
Rows read: 1,506,000
Rows read: 1,508,000
Rows read: 1,510,000
Rows read: 1,512,000
Rows read: 1,514,000
Rows read: 1,516,000
Rows read: 1,518,000
Rows read: 1,520,000
Rows read: 1,522,000
Rows read: 1,524,000
Rows read: 1,526,000
Rows read: 1,528,000
Rows read: 1,530,000
Rows read: 1,532,000
Rows read: 1,534,000
Rows read: 1,536,000
Rows read: 1,538,000
Rows read: 1,540,000
Rows read: 1,542,000
Rows read: 1,544,000
Rows read: 1,546,000
Rows read: 1,548,000
Rows read: 1,550,000
Rows read: 1,552,000
Rows read: 1,554,000
Rows read: 1,556,000
Rows read: 1,558,000
Rows read: 1,560,000
Rows read: 1,562,000
Rows read: 1,564,000
Rows read: 1,566,000
Rows read: 1,568,000
Rows read: 1,570,000
Rows read: 1,572,000
Rows read: 1,574,000
Rows read: 1,576,000
Rows read: 1,578,000
Rows read: 1,580,000
Rows read: 1,582,000
Rows read: 1,584,000
Rows read: 1,586,000
Rows read: 1,588,000
Rows read: 1,590,000
Rows read: 1,592,000
Rows read: 1,594,000
Rows read: 1,596,000
Rows read: 1,598,000
Rows read: 1,600,000
Rows read: 1,602,000
Rows read: 1,604,000
Rows read: 1,606,000
Rows read: 1,608,000
Rows read: 1,610,000
Rows read: 1,612,000
Rows read: 1,614,000
Rows read: 1,616,000
Rows read: 1,618,000
Rows read: 1,620,000
Rows read: 1,622,000
Rows read: 1,624,000
Rows read: 1,626,000
Rows read: 1,628,000
Rows read: 1,630,000
Rows read: 1,632,000
Rows read: 1,634,000
Rows read: 1,636,000
Rows read: 1,638,000
Rows read: 1,640,000
Rows read: 1,642,000
Rows read: 1,644,000
Rows read: 1,646,000
Rows read: 1,648,000
Rows read: 1,650,000
Rows read: 1,652,000
Rows read: 1,654,000
Rows read: 1,656,000
Rows read: 1,658,000
Rows read: 1,660,000
Rows read: 1,662,000
Rows read: 1,664,000
Rows read: 1,666,000
Rows read: 1,668,000
Rows read: 1,670,000
Rows read: 1,672,000
Rows read: 1,674,000
Rows read: 1,676,000
Rows read: 1,678,000
Rows read: 1,680,000
Rows read: 1,682,000
Rows read: 1,684,000
Rows read: 1,686,000
Rows read: 1,688,000
Rows read: 1,690,000
Rows read: 1,692,000
Rows read: 1,694,000
Rows read: 1,696,000
Rows read: 1,698,000
Rows read: 1,700,000
Rows read: 1,702,000
Rows read: 1,704,000
Rows read: 1,706,000
Rows read: 1,708,000
Rows read: 1,710,000
Rows read: 1,712,000
Rows read: 1,714,000
Rows read: 1,716,000
Rows read: 1,718,000
Rows read: 1,720,000
Rows read: 1,722,000
Rows read: 1,724,000
Rows read: 1,726,000
Rows read: 1,728,000
Rows read: 1,730,000
Rows read: 1,732,000
Rows read: 1,734,000
Rows read: 1,736,000
Rows read: 1,738,000
Rows read: 1,740,000
Rows read: 1,742,000
Rows read: 1,744,000
Rows read: 1,746,000
Rows read: 1,748,000
Rows read: 1,750,000
Rows read: 1,752,000
Rows read: 1,754,000
Rows read: 1,756,000
Rows read: 1,758,000
Rows read: 1,760,000
Rows read: 1,762,000
Rows read: 1,764,000
Rows read: 1,766,000
Rows read: 1,768,000
Rows read: 1,770,000
Rows read: 1,772,000
Rows read: 1,774,000
Rows read: 1,776,000
Rows read: 1,778,000
Rows read: 1,780,000
Rows read: 1,782,000
Rows read: 1,784,000
Rows read: 1,786,000
Rows read: 1,788,000
Rows read: 1,790,000
Rows read: 1,792,000
Rows read: 1,794,000
Rows read: 1,796,000
Rows read: 1,798,000
Rows read: 1,800,000
Rows read: 1,802,000
Rows read: 1,804,000
Rows read: 1,806,000
Rows read: 1,808,000
Rows read: 1,810,000
Rows read: 1,812,000
Rows read: 1,814,000
Rows read: 1,816,000
Rows read: 1,818,000
Rows read: 1,820,000
Rows read: 1,822,000
Rows read: 1,824,000
Rows read: 1,826,000
Rows read: 1,828,000
Rows read: 1,830,000
Rows read: 1,832,000
Rows read: 1,834,000
Rows read: 1,836,000
Rows read: 1,838,000
Rows read: 1,840,000
Rows read: 1,842,000
Rows read: 1,844,000
Rows read: 1,846,000
Rows read: 1,848,000
Rows read: 1,850,000
Rows read: 1,852,000
Rows read: 1,854,000
Rows read: 1,856,000
Rows read: 1,858,000
Rows read: 1,860,000
Rows read: 1,862,000
Rows read: 1,864,000
Rows read: 1,866,000
Rows read: 1,868,000
Rows read: 1,870,000
Rows read: 1,872,000
Rows read: 1,874,000
Rows read: 1,876,000
Rows read: 1,878,000
Rows read: 1,880,000
Rows read: 1,882,000
Rows read: 1,884,000
Rows read: 1,886,000
Rows read: 1,888,000
Rows read: 1,890,000
Rows read: 1,892,000
Rows read: 1,894,000
Rows read: 1,896,000
Rows read: 1,898,000
Rows read: 1,900,000
Rows read: 1,902,000
Rows read: 1,904,000
Rows read: 1,906,000
Rows read: 1,908,000
Rows read: 1,910,000
Rows read: 1,912,000
Rows read: 1,914,000
Rows read: 1,916,000
Rows read: 1,918,000
Rows read: 1,920,000
Rows read: 1,922,000
Rows read: 1,924,000
Rows read: 1,926,000
Rows read: 1,928,000
Rows read: 1,930,000
Rows read: 1,932,000
Rows read: 1,934,000
Rows read: 1,936,000
Rows read: 1,938,000
Rows read: 1,940,000
Rows read: 1,942,000
Rows read: 1,944,000
Rows read: 1,946,000
Rows read: 1,948,000
Rows read: 1,950,000
Rows read: 1,952,000
Rows read: 1,954,000
Rows read: 1,956,000
Rows read: 1,958,000
Rows read: 1,960,000
Rows read: 1,962,000
Rows read: 1,964,000
Rows read: 1,966,000
Rows read: 1,968,000
Rows read: 1,970,000
Rows read: 1,972,000
Rows read: 1,974,000
Rows read: 1,976,000
Rows read: 1,978,000
Rows read: 1,980,000
Rows read: 1,982,000
Rows read: 1,984,000
Rows read: 1,986,000
Rows read: 1,988,000
Rows read: 1,990,000
Rows read: 1,992,000
Rows read: 1,994,000
Rows read: 1,996,000
Rows read: 1,998,000
Rows read: 2,000,000
Rows read: 2,002,000
Rows read: 2,004,000
Rows read: 2,006,000
Rows read: 2,008,000
Rows read: 2,010,000
Rows read: 2,012,000
Rows read: 2,014,000
Rows read: 2,016,000
Rows read: 2,018,000
Rows read: 2,020,000
Rows read: 2,022,000
Rows read: 2,024,000
Rows read: 2,026,000
Rows read: 2,028,000
Rows read: 2,030,000
Rows read: 2,032,000
Rows read: 2,034,000
Rows read: 2,036,000
Rows read: 2,038,000
Rows read: 2,040,000
Rows read: 2,042,000
Rows read: 2,044,000
Rows read: 2,046,000
Rows read: 2,048,000
Rows read: 2,050,000
Rows read: 2,052,000
Rows read: 2,054,000
Rows read: 2,056,000
Rows read: 2,058,000
Rows read: 2,060,000
Rows read: 2,062,000
Rows read: 2,064,000
Rows read: 2,066,000
Rows read: 2,068,000
Rows read: 2,070,000
Rows read: 2,072,000
Rows read: 2,074,000
Rows read: 2,076,000
Rows read: 2,078,000
Rows read: 2,080,000
Rows read: 2,082,000
Rows read: 2,084,000
Rows read: 2,086,000
Rows read: 2,088,000
Rows read: 2,090,000
Rows read: 2,092,000
Rows read: 2,094,000
Rows read: 2,096,000
Rows read: 2,098,000
Rows read: 2,100,000
Rows read: 2,102,000
Rows read: 2,104,000
Rows read: 2,106,000
Rows read: 2,108,000
Rows read: 2,110,000
Rows read: 2,112,000
Rows read: 2,114,000
Rows read: 2,116,000
Rows read: 2,118,000
Rows read: 2,120,000
Rows read: 2,122,000
Rows read: 2,124,000
Rows read: 2,126,000
Rows read: 2,128,000
Rows read: 2,130,000
Rows read: 2,132,000
Rows read: 2,134,000
Rows read: 2,136,000
Rows read: 2,138,000
Rows read: 2,140,000
Rows read: 2,142,000
Rows read: 2,144,000
Rows read: 2,146,000
Rows read: 2,148,000
Rows read: 2,150,000
Rows read: 2,152,000
Rows read: 2,154,000
Rows read: 2,156,000
Rows read: 2,158,000
Rows read: 2,160,000
Rows read: 2,162,000
Rows read: 2,164,000
Rows read: 2,166,000
Rows read: 2,168,000
Rows read: 2,170,000
Rows read: 2,172,000
Rows read: 2,174,000
Rows read: 2,176,000
Rows read: 2,178,000
Rows read: 2,180,000
Rows read: 2,182,000
Rows read: 2,184,000
Rows read: 2,186,000
Rows read: 2,188,000
Rows read: 2,190,000
Rows read: 2,192,000
Rows read: 2,194,000
Rows read: 2,196,000
Rows read: 2,198,000
Rows read: 2,200,000
Rows read: 2,202,000
Rows read: 2,204,000
Rows read: 2,206,000
Rows read: 2,208,000
Rows read: 2,210,000
Rows read: 2,212,000
Rows read: 2,214,000
Rows read: 2,216,000
Rows read: 2,218,000
Rows read: 2,220,000
Rows read: 2,222,000
Rows read: 2,224,000
Rows read: 2,226,000
Rows read: 2,228,000
Rows read: 2,230,000
Rows read: 2,232,000
Rows read: 2,234,000
Rows read: 2,236,000
Rows read: 2,238,000
Rows read: 2,240,000
Rows read: 2,242,000
Rows read: 2,244,000
Rows read: 2,246,000
Rows read: 2,248,000
Rows read: 2,250,000
Rows read: 2,252,000
Rows read: 2,254,000
Rows read: 2,256,000
Rows read: 2,258,000
Rows read: 2,260,000
Rows read: 2,262,000
Rows read: 2,264,000
Rows read: 2,266,000
Rows read: 2,268,000
Rows read: 2,270,000
Rows read: 2,272,000
Rows read: 2,274,000
Rows read: 2,276,000
Rows read: 2,278,000
Rows read: 2,280,000
Rows read: 2,282,000
Rows read: 2,284,000
Rows read: 2,286,000
Rows read: 2,288,000
Rows read: 2,290,000
Rows read: 2,292,000
Rows read: 2,294,000
Rows read: 2,296,000
Rows read: 2,298,000
Rows read: 2,300,000
Rows read: 2,302,000
Rows read: 2,304,000
Rows read: 2,306,000
Rows read: 2,308,000
Rows read: 2,310,000
Rows read: 2,312,000
Rows read: 2,314,000
Rows read: 2,316,000
Rows read: 2,318,000
Rows read: 2,320,000
Rows read: 2,322,000
Rows read: 2,324,000
Rows read: 2,326,000
Rows read: 2,328,000
Rows read: 2,330,000
Rows read: 2,332,000
Rows read: 2,334,000
Rows read: 2,336,000
Rows read: 2,338,000
Rows read: 2,340,000
Rows read: 2,342,000
Rows read: 2,344,000
Rows read: 2,346,000
Rows read: 2,348,000
Rows read: 2,350,000
Rows read: 2,352,000
Rows read: 2,354,000
Rows read: 2,356,000
Rows read: 2,358,000
Rows read: 2,360,000
Rows read: 2,362,000
Rows read: 2,364,000
Rows read: 2,366,000
Rows read: 2,368,000
Rows read: 2,370,000
Rows read: 2,372,000
Rows read: 2,374,000
Rows read: 2,376,000
Rows read: 2,378,000
Rows read: 2,380,000
Rows read: 2,382,000
Rows read: 2,384,000
Rows read: 2,386,000
Rows read: 2,388,000
Rows read: 2,390,000
Rows read: 2,392,000
Rows read: 2,394,000
Rows read: 2,396,000
Rows read: 2,398,000
Rows read: 2,400,000
Rows read: 2,402,000
Rows read: 2,404,000
Rows read: 2,406,000
Rows read: 2,408,000
Rows read: 2,410,000
Rows read: 2,412,000
Rows read: 2,414,000
Rows read: 2,416,000
Rows read: 2,418,000
Rows read: 2,420,000
Rows read: 2,422,000
Rows read: 2,424,000
Rows read: 2,426,000
Rows read: 2,428,000
Rows read: 2,430,000
Rows read: 2,432,000
Rows read: 2,434,000
Rows read: 2,436,000
Rows read: 2,438,000
Rows read: 2,440,000
Rows read: 2,442,000
Rows read: 2,444,000
Rows read: 2,446,000
Rows read: 2,448,000
Rows read: 2,450,000
Rows read: 2,452,000
Rows read: 2,454,000
Rows read: 2,456,000
Rows read: 2,458,000
Rows read: 2,460,000
Rows read: 2,462,000
Rows read: 2,464,000
Rows read: 2,466,000
Rows read: 2,468,000
Rows read: 2,470,000
Rows read: 2,472,000
Rows read: 2,474,000
Rows read: 2,476,000
Rows read: 2,478,000
Rows read: 2,480,000
Rows read: 2,482,000
Rows read: 2,484,000
Rows read: 2,486,000
Rows read: 2,488,000
Rows read: 2,490,000
Rows read: 2,492,000
Rows read: 2,494,000
Rows read: 2,496,000
Rows read: 2,498,000
Rows read: 2,500,000
Rows read: 2,502,000
Rows read: 2,504,000
Rows read: 2,506,000
Rows read: 2,508,000
Rows read: 2,510,000
Rows read: 2,512,000
Rows read: 2,514,000
Rows read: 2,516,000
Rows read: 2,518,000
Rows read: 2,520,000
Rows read: 2,522,000
Rows read: 2,524,000
Rows read: 2,526,000
Rows read: 2,528,000
Rows read: 2,530,000
Rows read: 2,532,000
Rows read: 2,534,000
Rows read: 2,536,000
Rows read: 2,538,000
Rows read: 2,540,000
Rows read: 2,542,000
Rows read: 2,544,000
Rows read: 2,546,000
Rows read: 2,548,000
Rows read: 2,550,000
Rows read: 2,552,000
Rows read: 2,554,000
Rows read: 2,556,000
Rows read: 2,558,000
Rows read: 2,560,000
Rows read: 2,562,000
Rows read: 2,564,000
Rows read: 2,566,000
Rows read: 2,568,000
Rows read: 2,570,000
Rows read: 2,572,000
Rows read: 2,574,000
Rows read: 2,576,000
Rows read: 2,578,000
Rows read: 2,580,000
Rows read: 2,582,000
Rows read: 2,584,000
Rows read: 2,586,000
Rows read: 2,588,000
Rows read: 2,590,000
Rows read: 2,592,000
Rows read: 2,594,000
Rows read: 2,596,000
Rows read: 2,598,000
Rows read: 2,600,000
Rows read: 2,602,000
Rows read: 2,604,000
Rows read: 2,606,000
Rows read: 2,608,000
Rows read: 2,610,000
Rows read: 2,612,000
Rows read: 2,614,000
Rows read: 2,616,000
Rows read: 2,618,000
Rows read: 2,620,000
Rows read: 2,622,000
Rows read: 2,624,000
Rows read: 2,626,000
Rows read: 2,628,000
Rows read: 2,630,000
Rows read: 2,632,000
Rows read: 2,634,000
Rows read: 2,636,000
Rows read: 2,638,000
Rows read: 2,640,000
Rows read: 2,642,000
Rows read: 2,644,000
Rows read: 2,646,000
Rows read: 2,648,000
Rows read: 2,650,000
Rows read: 2,652,000
Rows read: 2,654,000
Rows read: 2,656,000
Rows read: 2,658,000
Rows read: 2,660,000
Rows read: 2,662,000
Rows read: 2,664,000
Rows read: 2,666,000
Rows read: 2,668,000
Rows read: 2,670,000
Rows read: 2,672,000
Rows read: 2,674,000
Rows read: 2,676,000
Rows read: 2,678,000
Rows read: 2,680,000
Rows read: 2,682,000
Rows read: 2,684,000
Rows read: 2,686,000
Rows read: 2,688,000
Rows read: 2,690,000
Rows read: 2,692,000
Rows read: 2,694,000
Rows read: 2,696,000
Rows read: 2,698,000
Rows read: 2,700,000
Rows read: 2,702,000
Rows read: 2,704,000
Rows read: 2,706,000
Rows read: 2,708,000
Rows read: 2,710,000
Rows read: 2,712,000
Rows read: 2,714,000
Rows read: 2,716,000
Rows read: 2,718,000
Rows read: 2,720,000
Rows read: 2,722,000
Rows read: 2,724,000
Rows read: 2,726,000
Rows read: 2,728,000
Rows read: 2,730,000
Rows read: 2,732,000
Rows read: 2,734,000
Rows read: 2,736,000
Rows read: 2,738,000
Rows read: 2,740,000
Rows read: 2,742,000
Rows read: 2,744,000
Rows read: 2,746,000
Rows read: 2,748,000
Rows read: 2,750,000
Rows read: 2,752,000
Rows read: 2,754,000
Rows read: 2,756,000
Rows read: 2,758,000
Rows read: 2,760,000
Rows read: 2,762,000
Rows read: 2,764,000
Rows read: 2,766,000
Rows read: 2,768,000
Rows read: 2,770,000
Rows read: 2,772,000
Rows read: 2,774,000
Rows read: 2,776,000
Rows read: 2,778,000
Rows read: 2,780,000
Rows read: 2,782,000
Rows read: 2,784,000
Rows read: 2,786,000
Rows read: 2,788,000
Rows read: 2,790,000
Rows read: 2,792,000
Rows read: 2,794,000
Rows read: 2,796,000
Rows read: 2,798,000
Rows read: 2,800,000
Rows read: 2,802,000
Rows read: 2,804,000
Rows read: 2,806,000
Rows read: 2,808,000
Rows read: 2,810,000
Rows read: 2,812,000
Rows read: 2,814,000
Rows read: 2,816,000
Rows read: 2,818,000
Rows read: 2,820,000
Rows read: 2,822,000
Rows read: 2,824,000
Rows read: 2,826,000
Rows read: 2,828,000
Rows read: 2,830,000
Rows read: 2,832,000
Rows read: 2,834,000
Rows read: 2,836,000
Rows read: 2,838,000
Rows read: 2,840,000
Rows read: 2,842,000
Rows read: 2,844,000
Rows read: 2,846,000
Rows read: 2,848,000
Rows read: 2,850,000
Rows read: 2,852,000
Rows read: 2,854,000
Rows read: 2,856,000
Rows read: 2,858,000
Rows read: 2,860,000
Rows read: 2,862,000
Rows read: 2,864,000
Rows read: 2,866,000
Rows read: 2,868,000
Rows read: 2,870,000
Rows read: 2,872,000
Rows read: 2,874,000
Rows read: 2,876,000
Rows read: 2,878,000
Rows read: 2,880,000
Rows read: 2,882,000
Rows read: 2,884,000
Rows read: 2,886,000
Rows read: 2,888,000
Rows read: 2,890,000
Rows read: 2,892,000
Rows read: 2,894,000
Rows read: 2,896,000
Rows read: 2,898,000
Rows read: 2,900,000
Rows read: 2,902,000
Rows read: 2,904,000
Rows read: 2,906,000
Rows read: 2,908,000
Rows read: 2,910,000
Rows read: 2,912,000
Rows read: 2,914,000
Rows read: 2,916,000
Rows read: 2,918,000
Rows read: 2,920,000
Rows read: 2,922,000
Rows read: 2,924,000
Rows read: 2,926,000
Rows read: 2,928,000
Rows read: 2,930,000
Rows read: 2,932,000
Rows read: 2,934,000
Rows read: 2,936,000
Rows read: 2,938,000
Rows read: 2,940,000
Rows read: 2,942,000
Rows read: 2,944,000
Rows read: 2,946,000
Rows read: 2,948,000
Rows read: 2,950,000
Rows read: 2,952,000
Rows read: 2,954,000
Rows read: 2,956,000
Rows read: 2,958,000
Rows read: 2,960,000
Rows read: 2,962,000
Rows read: 2,964,000
Rows read: 2,966,000
Rows read: 2,968,000
Rows read: 2,970,000
Rows read: 2,972,000
Rows read: 2,974,000
Rows read: 2,976,000
Rows read: 2,978,000
Rows read: 2,980,000
Rows read: 2,982,000
Rows read: 2,984,000
Rows read: 2,986,000
Rows read: 2,988,000
Rows read: 2,990,000
Rows read: 2,992,000
Rows read: 2,994,000
Rows read: 2,996,000
Rows read: 2,998,000
Rows read: 3,000,000
Rows read: 3,002,000
Rows read: 3,004,000
Rows read: 3,006,000
Rows read: 3,008,000
Rows read: 3,010,000
Rows read: 3,012,000
Rows read: 3,014,000
Rows read: 3,016,000
Rows read: 3,018,000
Rows read: 3,020,000
Rows read: 3,022,000
Rows read: 3,024,000
Rows read: 3,026,000
Rows read: 3,028,000
Rows read: 3,030,000
Rows read: 3,032,000
Rows read: 3,034,000
Rows read: 3,036,000
Rows read: 3,038,000
Rows read: 3,040,000
Rows read: 3,042,000
Rows read: 3,044,000
Rows read: 3,046,000
Rows read: 3,048,000
Rows read: 3,050,000
Rows read: 3,052,000
Rows read: 3,054,000
Rows read: 3,056,000
Rows read: 3,058,000
Rows read: 3,060,000
Rows read: 3,062,000
Rows read: 3,064,000
Rows read: 3,066,000
Rows read: 3,068,000
Rows read: 3,070,000
Rows read: 3,072,000
Rows read: 3,074,000
Rows read: 3,076,000
Rows read: 3,078,000
Rows read: 3,080,000
Rows read: 3,082,000
Rows read: 3,084,000
Rows read: 3,086,000
Rows read: 3,088,000
Rows read: 3,090,000
Rows read: 3,092,000
Rows read: 3,094,000
Rows read: 3,096,000
Rows read: 3,098,000
Rows read: 3,100,000
Rows read: 3,102,000
Rows read: 3,104,000
Rows read: 3,106,000
Rows read: 3,108,000
Rows read: 3,110,000
Rows read: 3,112,000
Rows read: 3,114,000
Rows read: 3,116,000
Rows read: 3,118,000
Rows read: 3,120,000
Rows read: 3,122,000
Rows read: 3,124,000
Rows read: 3,126,000
Rows read: 3,128,000
Rows read: 3,130,000
Rows read: 3,132,000
Rows read: 3,134,000
Rows read: 3,136,000
Rows read: 3,138,000
Rows read: 3,140,000
Rows read: 3,142,000
Rows read: 3,144,000
Rows read: 3,146,000
Rows read: 3,148,000
Rows read: 3,150,000
Rows read: 3,152,000
Rows read: 3,154,000
Rows read: 3,156,000
Rows read: 3,158,000
Rows read: 3,160,000
Rows read: 3,162,000
Rows read: 3,164,000
Rows read: 3,166,000
Rows read: 3,168,000
Rows read: 3,170,000
Rows read: 3,172,000
Rows read: 3,174,000
Rows read: 3,176,000
Rows read: 3,178,000
Rows read: 3,180,000
Rows read: 3,182,000
Rows read: 3,184,000
Rows read: 3,186,000
Rows read: 3,188,000
Rows read: 3,190,000
Rows read: 3,192,000
Rows read: 3,194,000
Rows read: 3,196,000
Rows read: 3,198,000
Rows read: 3,200,000
Rows read: 3,202,000
Rows read: 3,204,000
Rows read: 3,206,000
Rows read: 3,208,000
Rows read: 3,210,000
Rows read: 3,212,000
Rows read: 3,214,000
Rows read: 3,216,000
Rows read: 3,218,000
Rows read: 3,220,000
Rows read: 3,222,000
Rows read: 3,224,000
Rows read: 3,226,000
Rows read: 3,228,000
Rows read: 3,230,000
Rows read: 3,232,000
Rows read: 3,234,000
Rows read: 3,236,000
Rows read: 3,238,000
Rows read: 3,240,000
Rows read: 3,242,000
Rows read: 3,244,000
Rows read: 3,246,000
Rows read: 3,248,000
Rows read: 3,250,000
Rows read: 3,252,000
Rows read: 3,254,000
Rows read: 3,256,000
Rows read: 3,258,000
Rows read: 3,260,000
Rows read: 3,262,000
Rows read: 3,264,000
Rows read: 3,266,000
Rows read: 3,268,000
Rows read: 3,270,000
Rows read: 3,272,000
Rows read: 3,274,000
Rows read: 3,276,000
Rows read: 3,278,000
Rows read: 3,280,000
Rows read: 3,282,000
Rows read: 3,284,000
Rows read: 3,286,000
Rows read: 3,288,000
Rows read: 3,290,000
Rows read: 3,292,000
Rows read: 3,294,000
Rows read: 3,296,000
Rows read: 3,298,000
Rows read: 3,300,000
Rows read: 3,302,000
Rows read: 3,304,000
Rows read: 3,306,000
Rows read: 3,308,000
Rows read: 3,310,000
Rows read: 3,312,000
Rows read: 3,314,000
Rows read: 3,316,000
Rows read: 3,318,000
Rows read: 3,320,000
Rows read: 3,322,000
Rows read: 3,324,000
Rows read: 3,326,000
Rows read: 3,328,000
Rows read: 3,330,000
Rows read: 3,332,000
Rows read: 3,334,000
Rows read: 3,336,000
Rows read: 3,338,000
Rows read: 3,340,000
Rows read: 3,342,000
Rows read: 3,344,000
Rows read: 3,346,000
Rows read: 3,348,000
Rows read: 3,350,000
Rows read: 3,352,000
Rows read: 3,354,000
Rows read: 3,356,000
Rows read: 3,358,000
Rows read: 3,360,000
Rows read: 3,362,000
Rows read: 3,364,000
Rows read: 3,366,000
Rows read: 3,368,000
Rows read: 3,370,000
Rows read: 3,372,000
Rows read: 3,374,000
Rows read: 3,376,000
Rows read: 3,378,000
Rows read: 3,380,000
Rows read: 3,382,000
Rows read: 3,384,000
Rows read: 3,386,000
Rows read: 3,388,000
Rows read: 3,390,000
Rows read: 3,392,000
Rows read: 3,394,000
Rows read: 3,396,000
Rows read: 3,398,000
Rows read: 3,400,000
Rows read: 3,402,000
Rows read: 3,404,000
Rows read: 3,406,000
Rows read: 3,408,000
Rows read: 3,410,000
Rows read: 3,412,000
Rows read: 3,414,000
Rows read: 3,416,000
Rows read: 3,418,000
Rows read: 3,420,000
Rows read: 3,422,000
Rows read: 3,424,000
Rows read: 3,426,000
Rows read: 3,428,000
Rows read: 3,430,000
Rows read: 3,432,000
Rows read: 3,434,000
Rows read: 3,436,000
Rows read: 3,438,000
Rows read: 3,440,000
Rows read: 3,442,000
Rows read: 3,444,000
Rows read: 3,446,000
Rows read: 3,448,000
Rows read: 3,450,000
Rows read: 3,452,000
Rows read: 3,454,000
Rows read: 3,456,000
Rows read: 3,458,000
Rows read: 3,460,000
Rows read: 3,462,000
Rows read: 3,464,000
Rows read: 3,466,000
Rows read: 3,468,000
Rows read: 3,470,000
Rows read: 3,472,000
Rows read: 3,474,000
Rows read: 3,476,000
Rows read: 3,478,000
Rows read: 3,480,000
Rows read: 3,482,000
Rows read: 3,484,000
Rows read: 3,486,000
Rows read: 3,488,000
Rows read: 3,490,000
Rows read: 3,492,000
Rows read: 3,494,000
Rows read: 3,496,000
Rows read: 3,498,000
Rows read: 3,500,000
Rows read: 3,502,000
Rows read: 3,504,000
Rows read: 3,506,000
Rows read: 3,508,000
Rows read: 3,510,000
Rows read: 3,512,000
Rows read: 3,514,000
Rows read: 3,516,000
Rows read: 3,518,000
Rows read: 3,520,000
Rows read: 3,522,000
Rows read: 3,524,000
Rows read: 3,526,000
Rows read: 3,528,000
Rows read: 3,530,000
Rows read: 3,532,000
Rows read: 3,534,000
Rows read: 3,536,000
Rows read: 3,538,000
Rows read: 3,540,000
Rows read: 3,542,000
Rows read: 3,544,000
Rows read: 3,546,000
Rows read: 3,548,000
Rows read: 3,550,000
Rows read: 3,552,000
Rows read: 3,554,000
Rows read: 3,556,000
Rows read: 3,558,000
Rows read: 3,560,000
Rows read: 3,562,000
Rows read: 3,564,000
Rows read: 3,566,000
Rows read: 3,568,000
Rows read: 3,570,000
Rows read: 3,572,000
Rows read: 3,574,000
Rows read: 3,576,000
Rows read: 3,578,000
Rows read: 3,580,000
Rows read: 3,582,000
Rows read: 3,584,000
Rows read: 3,586,000
Rows read: 3,588,000
Rows read: 3,590,000
Rows read: 3,592,000
Rows read: 3,594,000
Rows read: 3,596,000
Rows read: 3,598,000
Rows read: 3,600,000
Rows read: 3,602,000
Rows read: 3,604,000
Rows read: 3,606,000
Rows read: 3,608,000
Rows read: 3,610,000
Rows read: 3,612,000
Rows read: 3,614,000
Rows read: 3,616,000
Rows read: 3,618,000
Rows read: 3,620,000
Rows read: 3,622,000
Rows read: 3,624,000
Rows read: 3,626,000
Rows read: 3,628,000
Rows read: 3,630,000
Rows read: 3,632,000
Rows read: 3,634,000
Rows read: 3,636,000
Rows read: 3,638,000
Rows read: 3,640,000
Rows read: 3,642,000
Rows read: 3,644,000
Rows read: 3,646,000
Rows read: 3,648,000
Rows read: 3,650,000
Rows read: 3,652,000
Rows read: 3,654,000
Rows read: 3,656,000
Rows read: 3,658,000
Rows read: 3,660,000
Rows read: 3,662,000
Rows read: 3,664,000
Rows read: 3,666,000
Rows read: 3,668,000
Rows read: 3,670,000
Rows read: 3,672,000
Rows read: 3,674,000
Rows read: 3,676,000
Rows read: 3,678,000
Rows read: 3,680,000
Rows read: 3,682,000
Rows read: 3,684,000
Rows read: 3,686,000
Rows read: 3,688,000
Rows read: 3,690,000
Rows read: 3,692,000
Rows read: 3,694,000
Rows read: 3,696,000
Rows read: 3,698,000
Rows read: 3,700,000
Rows read: 3,702,000
Rows read: 3,704,000
Rows read: 3,706,000
Rows read: 3,708,000
Rows read: 3,710,000
Rows read: 3,712,000
Rows read: 3,714,000
Rows read: 3,716,000
Rows read: 3,718,000
Rows read: 3,720,000
Rows read: 3,722,000
Rows read: 3,724,000
Rows read: 3,726,000
Rows read: 3,728,000
Rows read: 3,730,000
Rows read: 3,732,000
Rows read: 3,734,000
Rows read: 3,736,000
Rows read: 3,738,000
Rows read: 3,740,000
Rows read: 3,742,000
Rows read: 3,744,000
Rows read: 3,746,000
Rows read: 3,748,000
Rows read: 3,750,000
Rows read: 3,752,000
Rows read: 3,754,000
Rows read: 3,756,000
Rows read: 3,758,000
Rows read: 3,760,000
Rows read: 3,762,000
Rows read: 3,764,000
Rows read: 3,766,000
Rows read: 3,768,000
Rows read: 3,770,000
Rows read: 3,772,000
Rows read: 3,774,000
Rows read: 3,776,000
Rows read: 3,778,000
Rows read: 3,780,000
Rows read: 3,782,000
Rows read: 3,784,000
Rows read: 3,786,000
Rows read: 3,788,000
Rows read: 3,790,000
Rows read: 3,792,000
Rows read: 3,794,000
Rows read: 3,796,000
Rows read: 3,798,000
Rows read: 3,800,000
Rows read: 3,802,000
Rows read: 3,804,000
Rows read: 3,806,000
Rows read: 3,808,000
Rows read: 3,810,000
Rows read: 3,812,000
Rows read: 3,814,000
Rows read: 3,816,000
Rows read: 3,818,000
Rows read: 3,820,000
Rows read: 3,822,000
Rows read: 3,824,000
Rows read: 3,826,000
Rows read: 3,828,000
Rows read: 3,830,000
Rows read: 3,832,000
Rows read: 3,834,000
Rows read: 3,836,000
Rows read: 3,838,000
Rows read: 3,840,000
Rows read: 3,842,000
Rows read: 3,844,000
Rows read: 3,846,000
Rows read: 3,848,000
Rows read: 3,850,000
Rows read: 3,852,000
Rows read: 3,854,000
Rows read: 3,856,000
Rows read: 3,858,000
Rows read: 3,860,000
Rows read: 3,862,000
Rows read: 3,864,000
Rows read: 3,866,000
Rows read: 3,868,000
Rows read: 3,870,000
Rows read: 3,872,000
Rows read: 3,874,000
Rows read: 3,876,000
Rows read: 3,878,000
Rows read: 3,880,000
Rows read: 3,882,000
Rows read: 3,884,000
Rows read: 3,886,000
Rows read: 3,888,000
Rows read: 3,890,000
Rows read: 3,892,000
Rows read: 3,894,000
Rows read: 3,896,000
Rows read: 3,898,000
Rows read: 3,900,000
Rows read: 3,902,000
Rows read: 3,904,000
Rows read: 3,906,000
Rows read: 3,908,000
Rows read: 3,910,000
Rows read: 3,912,000
Rows read: 3,914,000
Rows read: 3,916,000
Rows read: 3,918,000
Rows read: 3,920,000
Rows read: 3,922,000
Rows read: 3,924,000
Rows read: 3,926,000
Rows read: 3,928,000
Rows read: 3,930,000
Rows read: 3,932,000
Rows read: 3,934,000
Rows read: 3,936,000
Rows read: 3,938,000
Rows read: 3,940,000
Rows read: 3,942,000
Rows read: 3,944,000
Rows read: 3,946,000
Rows read: 3,948,000
Rows read: 3,950,000
Rows read: 3,952,000
Rows read: 3,954,000
Rows read: 3,956,000
Rows read: 3,958,000
Rows read: 3,960,000
Rows read: 3,962,000
Rows read: 3,964,000
Rows read: 3,966,000
Rows read: 3,968,000
Rows read: 3,970,000
Rows read: 3,972,000
Rows read: 3,974,000
Rows read: 3,976,000
Rows read: 3,978,000
Rows read: 3,980,000
Rows read: 3,982,000
Rows read: 3,984,000
Rows read: 3,986,000
Rows read: 3,988,000
Rows read: 3,990,000
Rows read: 3,992,000
Rows read: 3,994,000
Rows read: 3,996,000
Rows read: 3,998,000
Rows read: 4,000,000
Rows read: 4,002,000
Rows read: 4,004,000
Rows read: 4,006,000
Rows read: 4,008,000
Rows read: 4,010,000
Rows read: 4,012,000
Rows read: 4,014,000
Rows read: 4014671 done.
Rows read: 2,000
Rows read: 3493 done.
Rows read: 9 done.
Processing covariates
Task finished in 0.000999999999976353 seconds
Processing gene expression data (imputation, residualization)
Task finished in 0.0500000000000114 seconds
Creating output file(s)
Task finished in 0.01400000000001 seconds
Performing eQTL analysis
 0.19% done, 186,025 eQTLs
 0.38% done, 319,692 eQTLs
 0.57% done, 554,239 eQTLs
 0.76% done, 725,386 eQTLs
 0.95% done, 933,417 eQTLs
 1.14% done, 1,084,689 eQTLs
 1.34% done, 1,309,545 eQTLs
 1.53% done, 1,475,097 eQTLs
 1.72% done, 1,645,579 eQTLs
 1.91% done, 1,770,812 eQTLs
 2.10% done, 1,940,985 eQTLs
 2.29% done, 2,067,658 eQTLs
 2.49% done, 2,272,991 eQTLs
 2.68% done, 2,425,580 eQTLs
 2.87% done, 2,627,511 eQTLs
 3.06% done, 2,784,870 eQTLs
 3.25% done, 2,959,446 eQTLs
 3.44% done, 3,089,377 eQTLs
 3.63% done, 3,285,970 eQTLs
 3.83% done, 3,430,607 eQTLs
 4.02% done, 3,635,103 eQTLs
 4.21% done, 3,786,871 eQTLs
 4.40% done, 3,980,047 eQTLs
 4.59% done, 4,124,008 eQTLs
 4.78% done, 4,283,945 eQTLs
 4.98% done, 4,405,928 eQTLs
 5.17% done, 4,611,166 eQTLs
 5.36% done, 4,764,930 eQTLs
 5.55% done, 4,954,152 eQTLs
 5.74% done, 5,089,746 eQTLs
 5.93% done, 5,341,248 eQTLs
 6.13% done, 5,525,147 eQTLs
 6.32% done, 5,720,888 eQTLs
 6.51% done, 5,867,480 eQTLs
 6.70% done, 6,049,332 eQTLs
 6.89% done, 6,189,134 eQTLs
 7.08% done, 6,388,613 eQTLs
 7.27% done, 6,542,871 eQTLs
 7.47% done, 6,728,177 eQTLs
 7.66% done, 6,863,196 eQTLs
 7.85% done, 7,090,391 eQTLs
 8.04% done, 7,263,358 eQTLs
 8.23% done, 7,486,680 eQTLs
 8.42% done, 7,651,420 eQTLs
 8.62% done, 7,907,909 eQTLs
 8.81% done, 8,101,300 eQTLs
 9.00% done, 8,278,483 eQTLs
 9.19% done, 8,407,675 eQTLs
 9.38% done, 8,587,226 eQTLs
 9.57% done, 8,724,151 eQTLs
 9.77% done, 8,946,585 eQTLs
 9.96% done, 9,119,429 eQTLs
10.15% done, 9,336,964 eQTLs
10.34% done, 9,504,825 eQTLs
10.53% done, 9,702,090 eQTLs
10.72% done, 9,847,861 eQTLs
10.91% done, 10,044,241 eQTLs
11.11% done, 10,181,827 eQTLs
11.30% done, 10,371,123 eQTLs
11.49% done, 10,506,197 eQTLs
11.68% done, 10,712,638 eQTLs
11.87% done, 10,866,842 eQTLs
12.06% done, 11,063,938 eQTLs
12.26% done, 11,212,341 eQTLs
12.45% done, 11,408,314 eQTLs
12.64% done, 11,555,961 eQTLs
12.83% done, 11,726,946 eQTLs
13.02% done, 11,860,428 eQTLs
13.21% done, 12,069,218 eQTLs
13.40% done, 12,220,473 eQTLs
13.60% done, 12,396,695 eQTLs
13.79% done, 12,528,508 eQTLs
13.98% done, 12,792,068 eQTLs
14.17% done, 12,983,275 eQTLs
14.36% done, 13,186,746 eQTLs
14.55% done, 13,338,497 eQTLs
14.75% done, 13,541,143 eQTLs
14.94% done, 13,694,241 eQTLs
15.13% done, 13,887,772 eQTLs
15.32% done, 14,029,348 eQTLs
15.51% done, 14,203,961 eQTLs
15.70% done, 14,329,811 eQTLs
15.90% done, 14,526,929 eQTLs
16.09% done, 14,669,922 eQTLs
16.28% done, 14,872,660 eQTLs
16.47% done, 15,019,343 eQTLs
16.66% done, 15,216,589 eQTLs
16.85% done, 15,355,237 eQTLs
17.04% done, 15,552,850 eQTLs
17.24% done, 15,702,209 eQTLs
17.43% done, 15,866,614 eQTLs
17.62% done, 15,986,214 eQTLs
17.81% done, 16,189,208 eQTLs
18.00% done, 16,341,311 eQTLs
18.19% done, 16,607,999 eQTLs
18.39% done, 16,798,056 eQTLs
18.58% done, 16,991,373 eQTLs
18.77% done, 17,135,145 eQTLs
18.96% done, 17,341,628 eQTLs
19.15% done, 17,492,477 eQTLs
19.34% done, 17,718,258 eQTLs
19.54% done, 17,882,184 eQTLs
19.73% done, 18,080,181 eQTLs
19.92% done, 18,225,918 eQTLs
20.11% done, 18,468,333 eQTLs
20.30% done, 18,650,640 eQTLs
20.49% done, 18,853,307 eQTLs
20.68% done, 19,003,023 eQTLs
20.88% done, 19,237,427 eQTLs
21.07% done, 19,415,834 eQTLs
21.26% done, 19,592,921 eQTLs
21.45% done, 19,730,857 eQTLs
21.64% done, 19,909,531 eQTLs
21.83% done, 20,037,178 eQTLs
22.03% done, 20,220,924 eQTLs
22.22% done, 20,349,979 eQTLs
22.41% done, 20,509,693 eQTLs
22.60% done, 20,624,993 eQTLs
22.79% done, 20,833,429 eQTLs
22.98% done, 20,983,573 eQTLs
23.18% done, 21,182,018 eQTLs
23.37% done, 21,338,676 eQTLs
23.56% done, 21,541,699 eQTLs
23.75% done, 21,695,926 eQTLs
23.94% done, 21,901,332 eQTLs
24.13% done, 22,049,485 eQTLs
24.32% done, 22,272,240 eQTLs
24.52% done, 22,436,554 eQTLs
24.71% done, 22,633,404 eQTLs
24.90% done, 22,786,225 eQTLs
25.09% done, 22,963,950 eQTLs
25.28% done, 23,094,269 eQTLs
25.47% done, 23,314,952 eQTLs
25.67% done, 23,479,778 eQTLs
25.86% done, 23,658,761 eQTLs
26.05% done, 23,792,380 eQTLs
26.24% done, 23,989,990 eQTLs
26.43% done, 24,132,939 eQTLs
26.62% done, 24,348,947 eQTLs
26.81% done, 24,505,041 eQTLs
27.01% done, 24,672,175 eQTLs
27.20% done, 24,807,294 eQTLs
27.39% done, 25,019,448 eQTLs
27.58% done, 25,178,249 eQTLs
27.77% done, 25,357,126 eQTLs
27.96% done, 25,489,089 eQTLs
28.16% done, 25,734,333 eQTLs
28.35% done, 25,910,708 eQTLs
28.54% done, 26,093,914 eQTLs
28.73% done, 26,229,259 eQTLs
28.92% done, 26,412,247 eQTLs
29.11% done, 26,540,317 eQTLs
29.31% done, 26,732,055 eQTLs
29.50% done, 26,870,254 eQTLs
29.69% done, 27,042,557 eQTLs
29.88% done, 27,165,702 eQTLs
30.07% done, 27,360,252 eQTLs
30.26% done, 27,502,347 eQTLs
30.45% done, 27,700,369 eQTLs
30.65% done, 27,853,363 eQTLs
30.84% done, 28,054,635 eQTLs
31.03% done, 28,207,427 eQTLs
31.22% done, 28,405,078 eQTLs
31.41% done, 28,547,882 eQTLs
31.60% done, 28,746,353 eQTLs
31.80% done, 28,887,891 eQTLs
31.99% done, 29,126,546 eQTLs
32.18% done, 29,300,238 eQTLs
32.37% done, 29,496,898 eQTLs
32.56% done, 29,645,196 eQTLs
32.75% done, 29,868,499 eQTLs
32.95% done, 30,033,935 eQTLs
33.14% done, 30,220,379 eQTLs
33.33% done, 30,369,007 eQTLs
33.52% done, 30,553,621 eQTLs
33.71% done, 30,689,240 eQTLs
33.90% done, 30,882,847 eQTLs
34.09% done, 31,032,941 eQTLs
34.29% done, 31,191,065 eQTLs
34.48% done, 31,306,683 eQTLs
34.67% done, 31,502,898 eQTLs
34.86% done, 31,652,186 eQTLs
35.05% done, 31,860,836 eQTLs
35.24% done, 32,019,789 eQTLs
35.44% done, 32,214,459 eQTLs
35.63% done, 32,364,698 eQTLs
35.82% done, 32,570,737 eQTLs
36.01% done, 32,726,298 eQTLs
36.20% done, 32,950,687 eQTLs
36.39% done, 33,110,152 eQTLs
36.59% done, 33,319,150 eQTLs
36.78% done, 33,478,023 eQTLs
36.97% done, 33,664,277 eQTLs
37.16% done, 33,802,235 eQTLs
37.35% done, 34,032,821 eQTLs
37.54% done, 34,201,721 eQTLs
37.73% done, 34,387,973 eQTLs
37.93% done, 34,528,037 eQTLs
38.12% done, 34,732,361 eQTLs
38.31% done, 34,894,979 eQTLs
38.50% done, 35,100,083 eQTLs
38.69% done, 35,247,737 eQTLs
38.88% done, 35,518,908 eQTLs
39.08% done, 35,721,973 eQTLs
39.27% done, 35,918,594 eQTLs
39.46% done, 36,065,158 eQTLs
39.65% done, 36,265,017 eQTLs
39.84% done, 36,413,157 eQTLs
40.03% done, 36,610,316 eQTLs
40.22% done, 36,756,802 eQTLs
40.42% done, 36,937,306 eQTLs
40.61% done, 37,068,990 eQTLs
40.80% done, 37,228,907 eQTLs
40.99% done, 37,346,878 eQTLs
41.18% done, 37,535,361 eQTLs
41.37% done, 37,678,524 eQTLs
41.57% done, 37,873,654 eQTLs
41.76% done, 38,022,252 eQTLs
41.95% done, 38,193,756 eQTLs
42.14% done, 38,319,419 eQTLs
42.33% done, 38,503,577 eQTLs
42.52% done, 38,637,780 eQTLs
42.72% done, 38,832,020 eQTLs
42.91% done, 38,968,905 eQTLs
43.10% done, 39,130,782 eQTLs
43.29% done, 39,250,087 eQTLs
43.48% done, 39,459,853 eQTLs
43.67% done, 39,609,545 eQTLs
43.86% done, 39,795,683 eQTLs
44.06% done, 39,930,492 eQTLs
44.25% done, 40,163,537 eQTLs
44.44% done, 40,332,210 eQTLs
44.63% done, 40,582,726 eQTLs
44.82% done, 40,760,127 eQTLs
45.01% done, 41,015,103 eQTLs
45.21% done, 41,197,992 eQTLs
45.40% done, 41,398,971 eQTLs
45.59% done, 41,545,043 eQTLs
45.78% done, 41,757,259 eQTLs
45.97% done, 41,916,750 eQTLs
46.16% done, 42,088,473 eQTLs
46.36% done, 42,220,532 eQTLs
46.55% done, 42,411,086 eQTLs
46.74% done, 42,551,506 eQTLs
46.93% done, 42,721,490 eQTLs
47.12% done, 42,849,201 eQTLs
47.31% done, 43,040,675 eQTLs
47.50% done, 43,187,793 eQTLs
47.70% done, 43,415,795 eQTLs
47.89% done, 43,587,380 eQTLs
48.08% done, 43,775,692 eQTLs
48.27% done, 43,916,976 eQTLs
48.46% done, 44,119,320 eQTLs
48.65% done, 44,270,527 eQTLs
48.85% done, 44,548,905 eQTLs
49.04% done, 44,751,835 eQTLs
49.23% done, 44,938,660 eQTLs
49.42% done, 45,072,871 eQTLs
49.61% done, 45,258,456 eQTLs
49.80% done, 45,405,233 eQTLs
50.00% done, 45,611,821 eQTLs
50.19% done, 45,764,121 eQTLs
50.38% done, 45,988,563 eQTLs
50.57% done, 46,152,224 eQTLs
50.76% done, 46,358,521 eQTLs
50.95% done, 46,512,449 eQTLs
51.14% done, 46,779,321 eQTLs
51.34% done, 46,984,689 eQTLs
51.53% done, 47,198,438 eQTLs
51.72% done, 47,355,255 eQTLs
51.91% done, 47,564,133 eQTLs
52.10% done, 47,720,401 eQTLs
52.29% done, 47,915,891 eQTLs
52.49% done, 48,057,141 eQTLs
52.68% done, 48,284,085 eQTLs
52.87% done, 48,455,873 eQTLs
53.06% done, 48,684,308 eQTLs
53.25% done, 48,848,829 eQTLs
53.44% done, 49,044,161 eQTLs
53.63% done, 49,187,326 eQTLs
53.83% done, 49,373,886 eQTLs
54.02% done, 49,511,312 eQTLs
54.21% done, 49,721,407 eQTLs
54.40% done, 49,876,735 eQTLs
54.59% done, 50,054,544 eQTLs
54.78% done, 50,181,896 eQTLs
54.98% done, 50,353,839 eQTLs
55.17% done, 50,477,211 eQTLs
55.36% done, 50,717,373 eQTLs
55.55% done, 50,892,439 eQTLs
55.74% done, 51,082,051 eQTLs
55.93% done, 51,224,300 eQTLs
56.13% done, 51,414,894 eQTLs
56.32% done, 51,556,412 eQTLs
56.51% done, 51,757,414 eQTLs
56.70% done, 51,900,589 eQTLs
56.89% done, 52,113,929 eQTLs
57.08% done, 52,270,562 eQTLs
57.27% done, 52,478,299 eQTLs
57.47% done, 52,631,816 eQTLs
57.66% done, 52,874,199 eQTLs
57.85% done, 53,049,002 eQTLs
58.04% done, 53,243,391 eQTLs
58.23% done, 53,389,151 eQTLs
58.42% done, 53,619,317 eQTLs
58.62% done, 53,786,095 eQTLs
58.81% done, 53,978,586 eQTLs
59.00% done, 54,120,155 eQTLs
59.19% done, 54,318,618 eQTLs
59.38% done, 54,460,738 eQTLs
59.57% done, 54,654,168 eQTLs
59.77% done, 54,801,065 eQTLs
59.96% done, 55,003,294 eQTLs
60.15% done, 55,155,578 eQTLs
60.34% done, 55,372,328 eQTLs
60.53% done, 55,534,050 eQTLs
60.72% done, 55,747,694 eQTLs
60.91% done, 55,901,589 eQTLs
61.11% done, 56,097,059 eQTLs
61.30% done, 56,245,690 eQTLs
61.49% done, 56,458,747 eQTLs
61.68% done, 56,629,890 eQTLs
61.87% done, 56,843,999 eQTLs
62.06% done, 57,004,209 eQTLs
62.26% done, 57,186,243 eQTLs
62.45% done, 57,319,828 eQTLs
62.64% done, 57,514,641 eQTLs
62.83% done, 57,657,205 eQTLs
63.02% done, 57,834,591 eQTLs
63.21% done, 57,972,486 eQTLs
63.40% done, 58,208,537 eQTLs
63.60% done, 58,376,547 eQTLs
63.79% done, 58,594,420 eQTLs
63.98% done, 58,754,568 eQTLs
64.17% done, 58,910,554 eQTLs
64.36% done, 59,028,853 eQTLs
64.55% done, 59,247,260 eQTLs
64.75% done, 59,407,350 eQTLs
64.94% done, 59,648,664 eQTLs
65.13% done, 59,834,760 eQTLs
65.32% done, 60,032,214 eQTLs
65.51% done, 60,180,599 eQTLs
65.70% done, 60,377,514 eQTLs
65.90% done, 60,523,536 eQTLs
66.09% done, 60,744,580 eQTLs
66.28% done, 60,911,366 eQTLs
66.47% done, 61,111,978 eQTLs
66.66% done, 61,260,251 eQTLs
66.85% done, 61,518,667 eQTLs
67.04% done, 61,709,413 eQTLs
67.24% done, 61,916,789 eQTLs
67.43% done, 62,077,738 eQTLs
67.62% done, 62,251,042 eQTLs
67.81% done, 62,382,660 eQTLs
68.00% done, 62,563,206 eQTLs
68.19% done, 62,699,879 eQTLs
68.39% done, 62,918,473 eQTLs
68.58% done, 63,081,102 eQTLs
68.77% done, 63,265,837 eQTLs
68.96% done, 63,406,280 eQTLs
69.15% done, 63,618,942 eQTLs
69.34% done, 63,769,710 eQTLs
69.54% done, 63,984,515 eQTLs
69.73% done, 64,145,567 eQTLs
69.92% done, 64,356,154 eQTLs
70.11% done, 64,510,381 eQTLs
70.30% done, 64,719,733 eQTLs
70.49% done, 64,871,765 eQTLs
70.68% done, 65,076,572 eQTLs
70.88% done, 65,227,337 eQTLs
71.07% done, 65,414,143 eQTLs
71.26% done, 65,547,081 eQTLs
71.45% done, 65,789,702 eQTLs
71.64% done, 65,958,325 eQTLs
71.83% done, 66,163,308 eQTLs
72.03% done, 66,315,329 eQTLs
72.22% done, 66,494,818 eQTLs
72.41% done, 66,629,569 eQTLs
72.60% done, 66,822,931 eQTLs
72.79% done, 66,969,723 eQTLs
72.98% done, 67,207,074 eQTLs
73.18% done, 67,386,855 eQTLs
73.37% done, 67,609,542 eQTLs
73.56% done, 67,772,174 eQTLs
73.75% done, 67,994,191 eQTLs
73.94% done, 68,154,663 eQTLs
74.13% done, 68,326,389 eQTLs
74.32% done, 68,457,432 eQTLs
74.52% done, 68,625,348 eQTLs
74.71% done, 68,755,299 eQTLs
74.90% done, 68,947,225 eQTLs
75.09% done, 69,088,142 eQTLs
75.28% done, 69,296,182 eQTLs
75.47% done, 69,449,351 eQTLs
75.67% done, 69,646,627 eQTLs
75.86% done, 69,799,593 eQTLs
76.05% done, 70,017,872 eQTLs
76.24% done, 70,185,377 eQTLs
76.43% done, 70,384,029 eQTLs
76.62% done, 70,539,885 eQTLs
76.81% done, 70,805,111 eQTLs
77.01% done, 71,003,834 eQTLs
77.20% done, 71,244,299 eQTLs
77.39% done, 71,420,756 eQTLs
77.58% done, 71,623,831 eQTLs
77.77% done, 71,770,948 eQTLs
77.96% done, 71,947,578 eQTLs
78.16% done, 72,075,153 eQTLs
78.35% done, 72,264,796 eQTLs
78.54% done, 72,406,270 eQTLs
78.73% done, 72,643,356 eQTLs
78.92% done, 72,818,631 eQTLs
79.11% done, 73,015,511 eQTLs
79.31% done, 73,165,633 eQTLs
79.50% done, 73,353,358 eQTLs
79.69% done, 73,493,513 eQTLs
79.88% done, 73,680,513 eQTLs
80.07% done, 73,818,514 eQTLs
80.26% done, 74,014,224 eQTLs
80.45% done, 74,157,385 eQTLs
80.65% done, 74,336,434 eQTLs
80.84% done, 74,469,225 eQTLs
81.03% done, 74,651,933 eQTLs
81.22% done, 74,783,823 eQTLs
81.41% done, 74,979,194 eQTLs
81.60% done, 75,119,878 eQTLs
81.80% done, 75,326,110 eQTLs
81.99% done, 75,474,822 eQTLs
82.18% done, 75,667,616 eQTLs
82.37% done, 75,810,181 eQTLs
82.56% done, 75,989,666 eQTLs
82.75% done, 76,128,023 eQTLs
82.95% done, 76,332,555 eQTLs
83.14% done, 76,483,880 eQTLs
83.33% done, 76,696,233 eQTLs
83.52% done, 76,855,601 eQTLs
83.71% done, 77,050,197 eQTLs
83.90% done, 77,198,387 eQTLs
84.09% done, 77,416,196 eQTLs
84.29% done, 77,578,703 eQTLs
84.48% done, 77,788,531 eQTLs
84.67% done, 77,938,476 eQTLs
84.86% done, 78,111,173 eQTLs
85.05% done, 78,238,212 eQTLs
85.24% done, 78,434,372 eQTLs
85.44% done, 78,578,609 eQTLs
85.63% done, 78,791,341 eQTLs
85.82% done, 78,943,071 eQTLs
86.01% done, 79,153,370 eQTLs
86.20% done, 79,307,028 eQTLs
86.39% done, 79,572,511 eQTLs
86.59% done, 79,782,454 eQTLs
86.78% done, 79,991,226 eQTLs
86.97% done, 80,138,133 eQTLs
87.16% done, 80,323,159 eQTLs
87.35% done, 80,462,151 eQTLs
87.54% done, 80,651,094 eQTLs
87.73% done, 80,790,371 eQTLs
87.93% done, 81,025,593 eQTLs
88.12% done, 81,200,620 eQTLs
88.31% done, 81,371,289 eQTLs
88.50% done, 81,494,231 eQTLs
88.69% done, 81,685,920 eQTLs
88.88% done, 81,831,564 eQTLs
89.08% done, 82,075,995 eQTLs
89.27% done, 82,261,919 eQTLs
89.46% done, 82,482,625 eQTLs
89.65% done, 82,649,351 eQTLs
89.84% done, 82,856,968 eQTLs
90.03% done, 83,012,321 eQTLs
90.22% done, 83,205,992 eQTLs
90.42% done, 83,348,212 eQTLs
90.61% done, 83,526,439 eQTLs
90.80% done, 83,656,831 eQTLs
90.99% done, 83,845,344 eQTLs
91.18% done, 83,983,307 eQTLs
91.37% done, 84,180,339 eQTLs
91.57% done, 84,325,161 eQTLs
91.76% done, 84,517,527 eQTLs
91.95% done, 84,655,348 eQTLs
92.14% done, 84,858,184 eQTLs
92.33% done, 85,006,915 eQTLs
92.52% done, 85,221,448 eQTLs
92.72% done, 85,378,268 eQTLs
92.91% done, 85,588,326 eQTLs
93.10% done, 85,741,503 eQTLs
93.29% done, 85,934,957 eQTLs
93.48% done, 86,081,730 eQTLs
93.67% done, 86,319,107 eQTLs
93.86% done, 86,491,756 eQTLs
94.06% done, 86,720,012 eQTLs
94.25% done, 86,889,914 eQTLs
94.44% done, 87,112,771 eQTLs
94.63% done, 87,279,557 eQTLs
94.82% done, 87,488,185 eQTLs
95.01% done, 87,640,441 eQTLs
95.21% done, 87,835,352 eQTLs
95.40% done, 87,976,231 eQTLs
95.59% done, 88,145,425 eQTLs
95.78% done, 88,263,171 eQTLs
95.97% done, 88,445,982 eQTLs
96.16% done, 88,573,623 eQTLs
96.36% done, 88,776,468 eQTLs
96.55% done, 88,930,707 eQTLs
96.74% done, 89,115,075 eQTLs
96.93% done, 89,253,716 eQTLs
97.12% done, 89,426,715 eQTLs
97.31% done, 89,552,283 eQTLs
97.50% done, 89,754,460 eQTLs
97.70% done, 89,903,920 eQTLs
97.89% done, 90,108,646 eQTLs
98.08% done, 90,258,976 eQTLs
98.27% done, 90,425,768 eQTLs
98.46% done, 90,549,053 eQTLs
98.65% done, 90,741,041 eQTLs
98.85% done, 90,884,375 eQTLs
99.04% done, 91,080,232 eQTLs
99.23% done, 91,221,487 eQTLs
99.42% done, 91,406,200 eQTLs
99.61% done, 91,547,804 eQTLs
99.80% done, 91,617,612 eQTLs
100.00% done, 91,671,117 eQTLs
Task finished in 768.393 seconds

Warning message:
In Matrix_eQTL_main(snps = snps, gene = gene, cvrt = cvrt, output_file_name = output_file_name,  :
  Warning: pvOutputThreshold may be too large.
Expected number of findings > 90947241
