Loading required package: carData
Parsed with column specification:
cols(
  .default = col_double(),
  Protein = col_character()
)
See spec(...) for full column specifications.
Warning message:
Setting row names on a tibble is deprecated. 
Rows read: 2,000
Rows read: 4,000
Rows read: 6,000
Rows read: 8,000
Rows read: 10,000
Rows read: 12,000
Rows read: 14,000
Rows read: 16,000
Rows read: 18,000
Rows read: 20,000
Rows read: 22,000
Rows read: 24,000
Rows read: 26,000
Rows read: 28,000
Rows read: 30,000
Rows read: 32,000
Rows read: 34,000
Rows read: 36,000
Rows read: 38,000
Rows read: 40,000
Rows read: 42,000
Rows read: 44,000
Rows read: 46,000
Rows read: 48,000
Rows read: 50,000
Rows read: 52,000
Rows read: 54,000
Rows read: 56,000
Rows read: 58,000
Rows read: 60,000
Rows read: 62,000
Rows read: 64,000
Rows read: 66,000
Rows read: 68,000
Rows read: 70,000
Rows read: 72,000
Rows read: 74,000
Rows read: 76,000
Rows read: 78,000
Rows read: 80,000
Rows read: 82,000
Rows read: 84,000
Rows read: 86,000
Rows read: 88,000
Rows read: 90,000
Rows read: 92,000
Rows read: 94,000
Rows read: 96,000
Rows read: 98,000
Rows read: 100,000
Rows read: 102,000
Rows read: 104,000
Rows read: 106,000
Rows read: 108,000
Rows read: 110,000
Rows read: 112,000
Rows read: 114,000
Rows read: 116,000
Rows read: 118,000
Rows read: 120,000
Rows read: 122,000
Rows read: 124,000
Rows read: 126,000
Rows read: 128,000
Rows read: 130,000
Rows read: 132,000
Rows read: 134,000
Rows read: 136,000
Rows read: 138,000
Rows read: 140,000
Rows read: 142,000
Rows read: 144,000
Rows read: 146,000
Rows read: 148,000
Rows read: 150,000
Rows read: 152,000
Rows read: 154,000
Rows read: 156,000
Rows read: 158,000
Rows read: 160,000
Rows read: 162,000
Rows read: 164,000
Rows read: 166,000
Rows read: 168,000
Rows read: 170,000
Rows read: 172,000
Rows read: 174,000
Rows read: 176,000
Rows read: 178,000
Rows read: 180,000
Rows read: 182,000
Rows read: 184,000
Rows read: 186,000
Rows read: 188,000
Rows read: 190,000
Rows read: 192,000
Rows read: 194,000
Rows read: 196,000
Rows read: 198,000
Rows read: 200,000
Rows read: 202,000
Rows read: 204,000
Rows read: 206,000
Rows read: 208,000
Rows read: 210,000
Rows read: 212,000
Rows read: 214,000
Rows read: 216,000
Rows read: 218,000
Rows read: 220,000
Rows read: 222,000
Rows read: 224,000
Rows read: 226,000
Rows read: 228,000
Rows read: 230,000
Rows read: 232,000
Rows read: 234,000
Rows read: 236,000
Rows read: 238,000
Rows read: 240,000
Rows read: 242,000
Rows read: 244,000
Rows read: 246,000
Rows read: 248,000
Rows read: 250,000
Rows read: 252,000
Rows read: 254,000
Rows read: 256,000
Rows read: 258,000
Rows read: 260,000
Rows read: 262,000
Rows read: 264,000
Rows read: 266,000
Rows read: 268,000
Rows read: 270,000
Rows read: 272,000
Rows read: 274,000
Rows read: 276,000
Rows read: 278,000
Rows read: 280,000
Rows read: 282,000
Rows read: 284,000
Rows read: 286,000
Rows read: 288,000
Rows read: 290,000
Rows read: 292,000
Rows read: 294,000
Rows read: 296,000
Rows read: 298,000
Rows read: 300,000
Rows read: 302,000
Rows read: 304,000
Rows read: 306,000
Rows read: 308,000
Rows read: 310,000
Rows read: 312,000
Rows read: 314,000
Rows read: 316,000
Rows read: 318,000
Rows read: 320,000
Rows read: 322,000
Rows read: 324,000
Rows read: 326,000
Rows read: 328,000
Rows read: 330,000
Rows read: 332,000
Rows read: 334,000
Rows read: 336,000
Rows read: 338,000
Rows read: 340,000
Rows read: 342,000
Rows read: 344,000
Rows read: 346,000
Rows read: 348,000
Rows read: 350,000
Rows read: 352,000
Rows read: 354,000
Rows read: 356,000
Rows read: 358,000
Rows read: 360,000
Rows read: 362,000
Rows read: 364,000
Rows read: 366,000
Rows read: 368,000
Rows read: 370,000
Rows read: 372,000
Rows read: 374,000
Rows read: 376,000
Rows read: 378,000
Rows read: 380,000
Rows read: 382,000
Rows read: 384,000
Rows read: 386,000
Rows read: 388,000
Rows read: 390,000
Rows read: 392,000
Rows read: 394,000
Rows read: 396,000
Rows read: 398,000
Rows read: 400,000
Rows read: 402,000
Rows read: 404,000
Rows read: 406,000
Rows read: 408,000
Rows read: 410,000
Rows read: 412,000
Rows read: 414,000
Rows read: 416,000
Rows read: 418,000
Rows read: 420,000
Rows read: 422,000
Rows read: 424,000
Rows read: 426,000
Rows read: 428,000
Rows read: 430,000
Rows read: 432,000
Rows read: 434,000
Rows read: 436,000
Rows read: 438,000
Rows read: 440,000
Rows read: 442,000
Rows read: 444,000
Rows read: 446,000
Rows read: 448,000
Rows read: 450,000
Rows read: 452,000
Rows read: 454,000
Rows read: 456,000
Rows read: 458,000
Rows read: 460,000
Rows read: 462,000
Rows read: 464,000
Rows read: 466,000
Rows read: 468,000
Rows read: 470,000
Rows read: 472,000
Rows read: 474,000
Rows read: 476,000
Rows read: 478,000
Rows read: 480,000
Rows read: 482,000
Rows read: 484,000
Rows read: 486,000
Rows read: 488,000
Rows read: 490,000
Rows read: 492,000
Rows read: 494,000
Rows read: 496,000
Rows read: 498,000
Rows read: 500,000
Rows read: 502,000
Rows read: 504,000
Rows read: 506,000
Rows read: 508,000
Rows read: 510,000
Rows read: 512,000
Rows read: 514,000
Rows read: 516,000
Rows read: 518,000
Rows read: 520,000
Rows read: 522,000
Rows read: 524,000
Rows read: 526,000
Rows read: 528,000
Rows read: 530,000
Rows read: 532,000
Rows read: 534,000
Rows read: 536,000
Rows read: 538,000
Rows read: 540,000
Rows read: 542,000
Rows read: 544,000
Rows read: 546,000
Rows read: 548,000
Rows read: 550,000
Rows read: 552,000
Rows read: 554,000
Rows read: 556,000
Rows read: 558,000
Rows read: 560,000
Rows read: 562,000
Rows read: 564,000
Rows read: 566,000
Rows read: 568,000
Rows read: 570,000
Rows read: 572,000
Rows read: 574,000
Rows read: 576,000
Rows read: 578,000
Rows read: 580,000
Rows read: 582,000
Rows read: 584,000
Rows read: 586,000
Rows read: 588,000
Rows read: 590,000
Rows read: 592,000
Rows read: 594,000
Rows read: 596,000
Rows read: 598,000
Rows read: 600,000
Rows read: 602,000
Rows read: 604,000
Rows read: 606,000
Rows read: 608,000
Rows read: 610,000
Rows read: 612,000
Rows read: 614,000
Rows read: 616,000
Rows read: 618,000
Rows read: 620,000
Rows read: 622,000
Rows read: 624,000
Rows read: 626,000
Rows read: 628,000
Rows read: 630,000
Rows read: 632,000
Rows read: 634,000
Rows read: 636,000
Rows read: 638,000
Rows read: 640,000
Rows read: 642,000
Rows read: 644,000
Rows read: 646,000
Rows read: 648,000
Rows read: 650,000
Rows read: 652,000
Rows read: 654,000
Rows read: 656,000
Rows read: 658,000
Rows read: 660,000
Rows read: 662,000
Rows read: 664,000
Rows read: 666,000
Rows read: 668,000
Rows read: 670,000
Rows read: 672,000
Rows read: 674,000
Rows read: 676,000
Rows read: 678,000
Rows read: 680,000
Rows read: 682,000
Rows read: 684,000
Rows read: 686,000
Rows read: 688,000
Rows read: 690,000
Rows read: 692,000
Rows read: 694,000
Rows read: 696,000
Rows read: 698,000
Rows read: 700,000
Rows read: 702,000
Rows read: 704,000
Rows read: 706,000
Rows read: 708,000
Rows read: 710,000
Rows read: 712,000
Rows read: 714,000
Rows read: 716,000
Rows read: 718,000
Rows read: 720,000
Rows read: 722,000
Rows read: 724,000
Rows read: 726,000
Rows read: 728,000
Rows read: 730,000
Rows read: 732,000
Rows read: 734,000
Rows read: 736,000
Rows read: 738,000
Rows read: 740,000
Rows read: 742,000
Rows read: 744,000
Rows read: 746,000
Rows read: 748,000
Rows read: 750,000
Rows read: 752,000
Rows read: 754,000
Rows read: 756,000
Rows read: 758,000
Rows read: 760,000
Rows read: 762,000
Rows read: 764,000
Rows read: 766,000
Rows read: 768,000
Rows read: 770,000
Rows read: 772,000
Rows read: 774,000
Rows read: 776,000
Rows read: 778,000
Rows read: 780,000
Rows read: 782,000
Rows read: 784,000
Rows read: 786,000
Rows read: 788,000
Rows read: 790,000
Rows read: 792,000
Rows read: 794,000
Rows read: 796,000
Rows read: 798,000
Rows read: 800,000
Rows read: 802,000
Rows read: 804,000
Rows read: 806,000
Rows read: 808,000
Rows read: 810,000
Rows read: 812,000
Rows read: 814,000
Rows read: 816,000
Rows read: 818,000
Rows read: 820,000
Rows read: 822,000
Rows read: 824,000
Rows read: 826,000
Rows read: 828,000
Rows read: 830,000
Rows read: 832,000
Rows read: 834,000
Rows read: 836,000
Rows read: 838,000
Rows read: 840,000
Rows read: 842,000
Rows read: 844,000
Rows read: 846,000
Rows read: 848,000
Rows read: 850,000
Rows read: 852,000
Rows read: 854,000
Rows read: 856,000
Rows read: 858,000
Rows read: 860,000
Rows read: 862,000
Rows read: 864,000
Rows read: 866,000
Rows read: 868,000
Rows read: 870,000
Rows read: 872,000
Rows read: 874,000
Rows read: 876,000
Rows read: 878,000
Rows read: 880,000
Rows read: 882,000
Rows read: 884,000
Rows read: 886,000
Rows read: 888,000
Rows read: 890,000
Rows read: 892,000
Rows read: 894,000
Rows read: 896,000
Rows read: 898,000
Rows read: 900,000
Rows read: 902,000
Rows read: 904,000
Rows read: 906,000
Rows read: 908,000
Rows read: 910,000
Rows read: 912,000
Rows read: 914,000
Rows read: 916,000
Rows read: 918,000
Rows read: 920,000
Rows read: 922,000
Rows read: 924,000
Rows read: 926,000
Rows read: 928,000
Rows read: 930,000
Rows read: 932,000
Rows read: 934,000
Rows read: 936,000
Rows read: 938,000
Rows read: 940,000
Rows read: 942,000
Rows read: 944,000
Rows read: 946,000
Rows read: 948,000
Rows read: 950,000
Rows read: 952,000
Rows read: 954,000
Rows read: 956,000
Rows read: 958,000
Rows read: 960,000
Rows read: 962,000
Rows read: 964,000
Rows read: 966,000
Rows read: 968,000
Rows read: 970,000
Rows read: 972,000
Rows read: 974,000
Rows read: 976,000
Rows read: 978,000
Rows read: 980,000
Rows read: 982,000
Rows read: 984,000
Rows read: 986,000
Rows read: 988,000
Rows read: 990,000
Rows read: 992,000
Rows read: 994,000
Rows read: 996,000
Rows read: 998,000
Rows read: 1,000,000
Rows read: 1,002,000
Rows read: 1,004,000
Rows read: 1,006,000
Rows read: 1,008,000
Rows read: 1,010,000
Rows read: 1,012,000
Rows read: 1,014,000
Rows read: 1,016,000
Rows read: 1,018,000
Rows read: 1,020,000
Rows read: 1,022,000
Rows read: 1,024,000
Rows read: 1,026,000
Rows read: 1,028,000
Rows read: 1,030,000
Rows read: 1,032,000
Rows read: 1,034,000
Rows read: 1,036,000
Rows read: 1,038,000
Rows read: 1,040,000
Rows read: 1,042,000
Rows read: 1,044,000
Rows read: 1,046,000
Rows read: 1,048,000
Rows read: 1,050,000
Rows read: 1,052,000
Rows read: 1,054,000
Rows read: 1,056,000
Rows read: 1,058,000
Rows read: 1,060,000
Rows read: 1,062,000
Rows read: 1,064,000
Rows read: 1,066,000
Rows read: 1,068,000
Rows read: 1,070,000
Rows read: 1,072,000
Rows read: 1,074,000
Rows read: 1,076,000
Rows read: 1,078,000
Rows read: 1,080,000
Rows read: 1,082,000
Rows read: 1,084,000
Rows read: 1,086,000
Rows read: 1,088,000
Rows read: 1,090,000
Rows read: 1,092,000
Rows read: 1,094,000
Rows read: 1,096,000
Rows read: 1,098,000
Rows read: 1,100,000
Rows read: 1,102,000
Rows read: 1,104,000
Rows read: 1,106,000
Rows read: 1,108,000
Rows read: 1,110,000
Rows read: 1,112,000
Rows read: 1,114,000
Rows read: 1,116,000
Rows read: 1,118,000
Rows read: 1,120,000
Rows read: 1,122,000
Rows read: 1,124,000
Rows read: 1,126,000
Rows read: 1,128,000
Rows read: 1,130,000
Rows read: 1,132,000
Rows read: 1,134,000
Rows read: 1,136,000
Rows read: 1,138,000
Rows read: 1,140,000
Rows read: 1,142,000
Rows read: 1,144,000
Rows read: 1,146,000
Rows read: 1,148,000
Rows read: 1,150,000
Rows read: 1,152,000
Rows read: 1,154,000
Rows read: 1,156,000
Rows read: 1,158,000
Rows read: 1,160,000
Rows read: 1,162,000
Rows read: 1,164,000
Rows read: 1,166,000
Rows read: 1,168,000
Rows read: 1,170,000
Rows read: 1,172,000
Rows read: 1,174,000
Rows read: 1,176,000
Rows read: 1,178,000
Rows read: 1,180,000
Rows read: 1,182,000
Rows read: 1,184,000
Rows read: 1,186,000
Rows read: 1,188,000
Rows read: 1,190,000
Rows read: 1,192,000
Rows read: 1,194,000
Rows read: 1,196,000
Rows read: 1,198,000
Rows read: 1,200,000
Rows read: 1,202,000
Rows read: 1,204,000
Rows read: 1,206,000
Rows read: 1,208,000
Rows read: 1,210,000
Rows read: 1,212,000
Rows read: 1,214,000
Rows read: 1,216,000
Rows read: 1,218,000
Rows read: 1,220,000
Rows read: 1,222,000
Rows read: 1,224,000
Rows read: 1,226,000
Rows read: 1,228,000
Rows read: 1,230,000
Rows read: 1,232,000
Rows read: 1,234,000
Rows read: 1,236,000
Rows read: 1,238,000
Rows read: 1,240,000
Rows read: 1,242,000
Rows read: 1,244,000
Rows read: 1,246,000
Rows read: 1,248,000
Rows read: 1,250,000
Rows read: 1,252,000
Rows read: 1,254,000
Rows read: 1,256,000
Rows read: 1,258,000
Rows read: 1,260,000
Rows read: 1,262,000
Rows read: 1,264,000
Rows read: 1,266,000
Rows read: 1,268,000
Rows read: 1,270,000
Rows read: 1,272,000
Rows read: 1,274,000
Rows read: 1,276,000
Rows read: 1,278,000
Rows read: 1,280,000
Rows read: 1,282,000
Rows read: 1,284,000
Rows read: 1,286,000
Rows read: 1,288,000
Rows read: 1,290,000
Rows read: 1,292,000
Rows read: 1,294,000
Rows read: 1,296,000
Rows read: 1,298,000
Rows read: 1,300,000
Rows read: 1,302,000
Rows read: 1,304,000
Rows read: 1,306,000
Rows read: 1,308,000
Rows read: 1,310,000
Rows read: 1,312,000
Rows read: 1,314,000
Rows read: 1,316,000
Rows read: 1,318,000
Rows read: 1,320,000
Rows read: 1,322,000
Rows read: 1,324,000
Rows read: 1,326,000
Rows read: 1,328,000
Rows read: 1,330,000
Rows read: 1,332,000
Rows read: 1,334,000
Rows read: 1,336,000
Rows read: 1,338,000
Rows read: 1,340,000
Rows read: 1,342,000
Rows read: 1,344,000
Rows read: 1,346,000
Rows read: 1,348,000
Rows read: 1,350,000
Rows read: 1,352,000
Rows read: 1,354,000
Rows read: 1,356,000
Rows read: 1,358,000
Rows read: 1,360,000
Rows read: 1,362,000
Rows read: 1,364,000
Rows read: 1,366,000
Rows read: 1,368,000
Rows read: 1,370,000
Rows read: 1,372,000
Rows read: 1,374,000
Rows read: 1,376,000
Rows read: 1,378,000
Rows read: 1,380,000
Rows read: 1,382,000
Rows read: 1,384,000
Rows read: 1,386,000
Rows read: 1,388,000
Rows read: 1,390,000
Rows read: 1,392,000
Rows read: 1,394,000
Rows read: 1,396,000
Rows read: 1,398,000
Rows read: 1,400,000
Rows read: 1,402,000
Rows read: 1,404,000
Rows read: 1,406,000
Rows read: 1,408,000
Rows read: 1,410,000
Rows read: 1,412,000
Rows read: 1,414,000
Rows read: 1,416,000
Rows read: 1,418,000
Rows read: 1,420,000
Rows read: 1,422,000
Rows read: 1,424,000
Rows read: 1,426,000
Rows read: 1,428,000
Rows read: 1,430,000
Rows read: 1,432,000
Rows read: 1,434,000
Rows read: 1,436,000
Rows read: 1,438,000
Rows read: 1,440,000
Rows read: 1,442,000
Rows read: 1,444,000
Rows read: 1,446,000
Rows read: 1,448,000
Rows read: 1,450,000
Rows read: 1,452,000
Rows read: 1,454,000
Rows read: 1,456,000
Rows read: 1,458,000
Rows read: 1,460,000
Rows read: 1,462,000
Rows read: 1,464,000
Rows read: 1,466,000
Rows read: 1,468,000
Rows read: 1,470,000
Rows read: 1,472,000
Rows read: 1,474,000
Rows read: 1,476,000
Rows read: 1,478,000
Rows read: 1,480,000
Rows read: 1,482,000
Rows read: 1,484,000
Rows read: 1,486,000
Rows read: 1,488,000
Rows read: 1,490,000
Rows read: 1,492,000
Rows read: 1,494,000
Rows read: 1,496,000
Rows read: 1,498,000
Rows read: 1,500,000
Rows read: 1,502,000
Rows read: 1,504,000
Rows read: 1,506,000
Rows read: 1,508,000
Rows read: 1,510,000
Rows read: 1,512,000
Rows read: 1,514,000
Rows read: 1,516,000
Rows read: 1,518,000
Rows read: 1,520,000
Rows read: 1,522,000
Rows read: 1,524,000
Rows read: 1,526,000
Rows read: 1,528,000
Rows read: 1,530,000
Rows read: 1,532,000
Rows read: 1,534,000
Rows read: 1,536,000
Rows read: 1,538,000
Rows read: 1,540,000
Rows read: 1,542,000
Rows read: 1,544,000
Rows read: 1,546,000
Rows read: 1,548,000
Rows read: 1,550,000
Rows read: 1,552,000
Rows read: 1,554,000
Rows read: 1,556,000
Rows read: 1,558,000
Rows read: 1,560,000
Rows read: 1,562,000
Rows read: 1,564,000
Rows read: 1,566,000
Rows read: 1,568,000
Rows read: 1,570,000
Rows read: 1,572,000
Rows read: 1,574,000
Rows read: 1,576,000
Rows read: 1,578,000
Rows read: 1,580,000
Rows read: 1,582,000
Rows read: 1,584,000
Rows read: 1,586,000
Rows read: 1,588,000
Rows read: 1,590,000
Rows read: 1,592,000
Rows read: 1,594,000
Rows read: 1,596,000
Rows read: 1,598,000
Rows read: 1,600,000
Rows read: 1,602,000
Rows read: 1,604,000
Rows read: 1,606,000
Rows read: 1,608,000
Rows read: 1,610,000
Rows read: 1,612,000
Rows read: 1,614,000
Rows read: 1,616,000
Rows read: 1,618,000
Rows read: 1,620,000
Rows read: 1,622,000
Rows read: 1,624,000
Rows read: 1,626,000
Rows read: 1,628,000
Rows read: 1,630,000
Rows read: 1,632,000
Rows read: 1,634,000
Rows read: 1,636,000
Rows read: 1,638,000
Rows read: 1,640,000
Rows read: 1,642,000
Rows read: 1,644,000
Rows read: 1,646,000
Rows read: 1,648,000
Rows read: 1,650,000
Rows read: 1,652,000
Rows read: 1,654,000
Rows read: 1,656,000
Rows read: 1,658,000
Rows read: 1,660,000
Rows read: 1,662,000
Rows read: 1,664,000
Rows read: 1,666,000
Rows read: 1,668,000
Rows read: 1,670,000
Rows read: 1,672,000
Rows read: 1,674,000
Rows read: 1,676,000
Rows read: 1,678,000
Rows read: 1,680,000
Rows read: 1,682,000
Rows read: 1,684,000
Rows read: 1,686,000
Rows read: 1,688,000
Rows read: 1,690,000
Rows read: 1,692,000
Rows read: 1,694,000
Rows read: 1,696,000
Rows read: 1,698,000
Rows read: 1,700,000
Rows read: 1,702,000
Rows read: 1,704,000
Rows read: 1,706,000
Rows read: 1,708,000
Rows read: 1,710,000
Rows read: 1,712,000
Rows read: 1,714,000
Rows read: 1,716,000
Rows read: 1,718,000
Rows read: 1,720,000
Rows read: 1,722,000
Rows read: 1,724,000
Rows read: 1,726,000
Rows read: 1,728,000
Rows read: 1,730,000
Rows read: 1,732,000
Rows read: 1,734,000
Rows read: 1,736,000
Rows read: 1,738,000
Rows read: 1,740,000
Rows read: 1,742,000
Rows read: 1,744,000
Rows read: 1,746,000
Rows read: 1,748,000
Rows read: 1,750,000
Rows read: 1,752,000
Rows read: 1,754,000
Rows read: 1,756,000
Rows read: 1,758,000
Rows read: 1,760,000
Rows read: 1,762,000
Rows read: 1,764,000
Rows read: 1,766,000
Rows read: 1,768,000
Rows read: 1,770,000
Rows read: 1,772,000
Rows read: 1,774,000
Rows read: 1,776,000
Rows read: 1,778,000
Rows read: 1,780,000
Rows read: 1,782,000
Rows read: 1,784,000
Rows read: 1,786,000
Rows read: 1,788,000
Rows read: 1,790,000
Rows read: 1,792,000
Rows read: 1,794,000
Rows read: 1,796,000
Rows read: 1,798,000
Rows read: 1,800,000
Rows read: 1,802,000
Rows read: 1,804,000
Rows read: 1,806,000
Rows read: 1,808,000
Rows read: 1,810,000
Rows read: 1,812,000
Rows read: 1,814,000
Rows read: 1,816,000
Rows read: 1,818,000
Rows read: 1,820,000
Rows read: 1,822,000
Rows read: 1,824,000
Rows read: 1,826,000
Rows read: 1,828,000
Rows read: 1,830,000
Rows read: 1,832,000
Rows read: 1,834,000
Rows read: 1,836,000
Rows read: 1,838,000
Rows read: 1,840,000
Rows read: 1,842,000
Rows read: 1843791 done.
Rows read: 2,000
Rows read: 3493 done.
Rows read: 9 done.
Processing covariates
Task finished in 0.00200000000000955 seconds
Processing gene expression data (imputation, residualization)
Task finished in 0.054000000000002 seconds
Creating output file(s)
Task finished in 0.0109999999999957 seconds
Performing eQTL analysis
 0.40% done, 262,034 eQTLs
 0.81% done, 457,044 eQTLs
 1.22% done, 642,695 eQTLs
 1.63% done, 780,571 eQTLs
 2.04% done, 983,831 eQTLs
 2.45% done, 1,131,571 eQTLs
 2.86% done, 1,349,187 eQTLs
 3.27% done, 1,516,202 eQTLs
 3.68% done, 1,712,008 eQTLs
 4.09% done, 1,858,825 eQTLs
 4.50% done, 2,069,935 eQTLs
 4.91% done, 2,228,377 eQTLs
 5.32% done, 2,423,628 eQTLs
 5.73% done, 2,570,913 eQTLs
 6.14% done, 2,782,261 eQTLs
 6.55% done, 2,940,622 eQTLs
 6.96% done, 3,111,435 eQTLs
 7.37% done, 3,235,181 eQTLs
 7.78% done, 3,414,272 eQTLs
 8.19% done, 3,543,622 eQTLs
 8.60% done, 3,757,095 eQTLs
 9.01% done, 3,918,840 eQTLs
 9.42% done, 4,132,021 eQTLs
 9.83% done, 4,285,399 eQTLs
10.24% done, 4,560,800 eQTLs
10.65% done, 4,767,184 eQTLs
11.06% done, 4,957,616 eQTLs
11.47% done, 5,101,948 eQTLs
11.88% done, 5,299,174 eQTLs
12.29% done, 5,448,419 eQTLs
12.70% done, 5,627,840 eQTLs
13.11% done, 5,758,594 eQTLs
13.52% done, 5,972,970 eQTLs
13.93% done, 6,130,598 eQTLs
14.34% done, 6,314,137 eQTLs
14.75% done, 6,449,317 eQTLs
15.16% done, 6,654,241 eQTLs
15.57% done, 6,802,023 eQTLs
15.98% done, 6,987,757 eQTLs
16.39% done, 7,130,311 eQTLs
16.80% done, 7,318,895 eQTLs
17.21% done, 7,467,100 eQTLs
17.62% done, 7,655,496 eQTLs
18.03% done, 7,794,122 eQTLs
18.44% done, 8,032,078 eQTLs
18.85% done, 8,203,879 eQTLs
19.26% done, 8,406,798 eQTLs
19.67% done, 8,556,297 eQTLs
20.08% done, 8,759,879 eQTLs
20.49% done, 8,909,342 eQTLs
20.90% done, 9,126,226 eQTLs
21.31% done, 9,289,511 eQTLs
21.72% done, 9,492,270 eQTLs
22.13% done, 9,640,486 eQTLs
22.54% done, 9,873,716 eQTLs
22.95% done, 10,043,130 eQTLs
23.36% done, 10,247,303 eQTLs
23.77% done, 10,401,319 eQTLs
24.18% done, 10,642,457 eQTLs
24.59% done, 10,820,924 eQTLs
25.00% done, 11,042,865 eQTLs
25.40% done, 11,210,399 eQTLs
25.81% done, 11,427,981 eQTLs
26.22% done, 11,585,819 eQTLs
26.63% done, 11,804,952 eQTLs
27.04% done, 11,973,351 eQTLs
27.45% done, 12,156,992 eQTLs
27.86% done, 12,291,020 eQTLs
28.27% done, 12,467,714 eQTLs
28.68% done, 12,597,115 eQTLs
29.09% done, 12,818,673 eQTLs
29.50% done, 12,990,355 eQTLs
29.91% done, 13,180,331 eQTLs
30.32% done, 13,322,099 eQTLs
30.73% done, 13,513,853 eQTLs
31.14% done, 13,655,667 eQTLs
31.55% done, 13,823,218 eQTLs
31.96% done, 13,946,293 eQTLs
32.37% done, 14,134,168 eQTLs
32.78% done, 14,276,699 eQTLs
33.19% done, 14,487,065 eQTLs
33.60% done, 14,641,172 eQTLs
34.01% done, 14,855,522 eQTLs
34.42% done, 15,012,476 eQTLs
34.83% done, 15,221,761 eQTLs
35.24% done, 15,381,325 eQTLs
35.65% done, 15,610,292 eQTLs
36.06% done, 15,778,919 eQTLs
36.47% done, 16,050,360 eQTLs
36.88% done, 16,245,529 eQTLs
37.29% done, 16,461,717 eQTLs
37.70% done, 16,625,403 eQTLs
38.11% done, 16,832,733 eQTLs
38.52% done, 16,984,542 eQTLs
38.93% done, 17,224,945 eQTLs
39.34% done, 17,407,318 eQTLs
39.75% done, 17,600,257 eQTLs
40.16% done, 17,739,373 eQTLs
40.57% done, 17,929,384 eQTLs
40.98% done, 18,073,625 eQTLs
41.39% done, 18,279,393 eQTLs
41.80% done, 18,428,313 eQTLs
42.21% done, 18,630,501 eQTLs
42.62% done, 18,775,046 eQTLs
43.03% done, 18,990,697 eQTLs
43.44% done, 19,156,770 eQTLs
43.85% done, 19,430,802 eQTLs
44.26% done, 19,633,444 eQTLs
44.67% done, 19,820,120 eQTLs
45.08% done, 19,962,858 eQTLs
45.49% done, 20,207,305 eQTLs
45.90% done, 20,386,161 eQTLs
46.31% done, 20,610,558 eQTLs
46.72% done, 20,777,867 eQTLs
47.13% done, 20,969,691 eQTLs
47.54% done, 21,112,471 eQTLs
47.95% done, 21,299,739 eQTLs
48.36% done, 21,437,481 eQTLs
48.77% done, 21,673,211 eQTLs
49.18% done, 21,849,242 eQTLs
49.59% done, 22,059,276 eQTLs
50.00% done, 22,214,095 eQTLs
50.40% done, 22,400,655 eQTLs
50.81% done, 22,540,393 eQTLs
51.22% done, 22,738,325 eQTLs
51.63% done, 22,889,238 eQTLs
52.04% done, 23,078,239 eQTLs
52.45% done, 23,216,683 eQTLs
52.86% done, 23,439,439 eQTLs
53.27% done, 23,601,287 eQTLs
53.68% done, 23,785,290 eQTLs
54.09% done, 23,924,327 eQTLs
54.50% done, 24,109,656 eQTLs
54.91% done, 24,252,610 eQTLs
55.32% done, 24,438,583 eQTLs
55.73% done, 24,576,533 eQTLs
56.14% done, 24,775,833 eQTLs
56.55% done, 24,925,690 eQTLs
56.96% done, 25,125,046 eQTLs
57.37% done, 25,274,052 eQTLs
57.78% done, 25,444,046 eQTLs
58.19% done, 25,572,055 eQTLs
58.60% done, 25,737,296 eQTLs
59.01% done, 25,855,862 eQTLs
59.42% done, 26,020,334 eQTLs
59.83% done, 26,144,065 eQTLs
60.24% done, 26,358,474 eQTLs
60.65% done, 26,519,550 eQTLs
61.06% done, 26,695,804 eQTLs
61.47% done, 26,829,723 eQTLs
61.88% done, 27,014,378 eQTLs
62.29% done, 27,149,414 eQTLs
62.70% done, 27,386,230 eQTLs
63.11% done, 27,557,720 eQTLs
63.52% done, 27,752,013 eQTLs
63.93% done, 27,895,554 eQTLs
64.34% done, 28,123,328 eQTLs
64.75% done, 28,295,511 eQTLs
65.16% done, 28,553,316 eQTLs
65.57% done, 28,743,028 eQTLs
65.98% done, 28,936,386 eQTLs
66.39% done, 29,079,757 eQTLs
66.80% done, 29,235,506 eQTLs
67.21% done, 29,350,543 eQTLs
67.62% done, 29,526,980 eQTLs
68.03% done, 29,654,156 eQTLs
68.44% done, 29,829,310 eQTLs
68.85% done, 29,955,296 eQTLs
69.26% done, 30,157,585 eQTLs
69.67% done, 30,306,720 eQTLs
70.08% done, 30,505,837 eQTLs
70.49% done, 30,654,992 eQTLs
70.90% done, 30,837,633 eQTLs
71.31% done, 30,974,763 eQTLs
71.72% done, 31,174,400 eQTLs
72.13% done, 31,326,679 eQTLs
72.54% done, 31,545,903 eQTLs
72.95% done, 31,704,735 eQTLs
73.36% done, 31,912,834 eQTLs
73.77% done, 32,069,011 eQTLs
74.18% done, 32,252,044 eQTLs
74.59% done, 32,390,839 eQTLs
75.00% done, 32,562,731 eQTLs
75.40% done, 32,691,070 eQTLs
75.81% done, 32,872,841 eQTLs
76.22% done, 33,003,650 eQTLs
76.63% done, 33,207,368 eQTLs
77.04% done, 33,359,906 eQTLs
77.45% done, 33,563,136 eQTLs
77.86% done, 33,713,045 eQTLs
78.27% done, 33,891,374 eQTLs
78.68% done, 34,019,765 eQTLs
79.09% done, 34,226,685 eQTLs
79.50% done, 34,378,623 eQTLs
79.91% done, 34,633,878 eQTLs
80.32% done, 34,827,720 eQTLs
80.73% done, 35,060,153 eQTLs
81.14% done, 35,234,415 eQTLs
81.55% done, 35,467,536 eQTLs
81.96% done, 35,637,127 eQTLs
82.37% done, 35,834,419 eQTLs
82.78% done, 35,975,704 eQTLs
83.19% done, 36,155,585 eQTLs
83.60% done, 36,290,001 eQTLs
84.01% done, 36,470,704 eQTLs
84.42% done, 36,609,707 eQTLs
84.83% done, 36,797,932 eQTLs
85.24% done, 36,940,443 eQTLs
85.65% done, 37,130,488 eQTLs
86.06% done, 37,270,417 eQTLs
86.47% done, 37,445,845 eQTLs
86.88% done, 37,572,342 eQTLs
87.29% done, 37,737,704 eQTLs
87.70% done, 37,859,161 eQTLs
88.11% done, 38,037,083 eQTLs
88.52% done, 38,165,729 eQTLs
88.93% done, 38,337,756 eQTLs
89.34% done, 38,463,994 eQTLs
89.75% done, 38,652,128 eQTLs
90.16% done, 38,787,120 eQTLs
90.57% done, 39,001,221 eQTLs
90.98% done, 39,166,550 eQTLs
91.39% done, 39,359,724 eQTLs
91.80% done, 39,501,160 eQTLs
92.21% done, 39,695,605 eQTLs
92.62% done, 39,838,371 eQTLs
93.03% done, 40,052,223 eQTLs
93.44% done, 40,209,769 eQTLs
93.85% done, 40,398,547 eQTLs
94.26% done, 40,536,502 eQTLs
94.67% done, 40,732,377 eQTLs
95.08% done, 40,875,016 eQTLs
95.49% done, 41,133,496 eQTLs
95.90% done, 41,314,544 eQTLs
96.31% done, 41,526,370 eQTLs
96.72% done, 41,681,104 eQTLs
97.13% done, 41,857,497 eQTLs
97.54% done, 41,990,333 eQTLs
97.95% done, 42,250,236 eQTLs
98.36% done, 42,453,007 eQTLs
98.77% done, 42,705,225 eQTLs
99.18% done, 42,897,340 eQTLs
99.59% done, 42,905,176 eQTLs
100.00% done, 42,910,769 eQTLs
Task finished in 396.071 seconds

Warning message:
In Matrix_eQTL_main(snps = snps, gene = gene, cvrt = cvrt, output_file_name = output_file_name,  :
  Warning: pvOutputThreshold may be too large.
Expected number of findings > 42282590.35
