Loading required package: carData
Parsed with column specification:
cols(
  .default = col_double(),
  Protein = col_character()
)
See spec(...) for full column specifications.
Warning message:
Setting row names on a tibble is deprecated. 
Rows read: 2,000
Rows read: 4,000
Rows read: 6,000
Rows read: 8,000
Rows read: 10,000
Rows read: 12,000
Rows read: 14,000
Rows read: 16,000
Rows read: 18,000
Rows read: 20,000
Rows read: 22,000
Rows read: 24,000
Rows read: 26,000
Rows read: 28,000
Rows read: 30,000
Rows read: 32,000
Rows read: 34,000
Rows read: 36,000
Rows read: 38,000
Rows read: 40,000
Rows read: 42,000
Rows read: 44,000
Rows read: 46,000
Rows read: 48,000
Rows read: 50,000
Rows read: 52,000
Rows read: 54,000
Rows read: 56,000
Rows read: 58,000
Rows read: 60,000
Rows read: 62,000
Rows read: 64,000
Rows read: 66,000
Rows read: 68,000
Rows read: 70,000
Rows read: 72,000
Rows read: 74,000
Rows read: 76,000
Rows read: 78,000
Rows read: 80,000
Rows read: 82,000
Rows read: 84,000
Rows read: 86,000
Rows read: 88,000
Rows read: 90,000
Rows read: 92,000
Rows read: 94,000
Rows read: 96,000
Rows read: 98,000
Rows read: 100,000
Rows read: 102,000
Rows read: 104,000
Rows read: 106,000
Rows read: 108,000
Rows read: 110,000
Rows read: 112,000
Rows read: 114,000
Rows read: 116,000
Rows read: 118,000
Rows read: 120,000
Rows read: 122,000
Rows read: 124,000
Rows read: 126,000
Rows read: 128,000
Rows read: 130,000
Rows read: 132,000
Rows read: 134,000
Rows read: 136,000
Rows read: 138,000
Rows read: 140,000
Rows read: 142,000
Rows read: 144,000
Rows read: 146,000
Rows read: 148,000
Rows read: 150,000
Rows read: 152,000
Rows read: 154,000
Rows read: 156,000
Rows read: 158,000
Rows read: 160,000
Rows read: 162,000
Rows read: 164,000
Rows read: 166,000
Rows read: 168,000
Rows read: 170,000
Rows read: 172,000
Rows read: 174,000
Rows read: 176,000
Rows read: 178,000
Rows read: 180,000
Rows read: 182,000
Rows read: 184,000
Rows read: 186,000
Rows read: 188,000
Rows read: 190,000
Rows read: 192,000
Rows read: 194,000
Rows read: 196,000
Rows read: 198,000
Rows read: 200,000
Rows read: 202,000
Rows read: 204,000
Rows read: 206,000
Rows read: 208,000
Rows read: 210,000
Rows read: 212,000
Rows read: 214,000
Rows read: 216,000
Rows read: 218,000
Rows read: 220,000
Rows read: 222,000
Rows read: 224,000
Rows read: 226,000
Rows read: 228,000
Rows read: 230,000
Rows read: 232,000
Rows read: 234,000
Rows read: 236,000
Rows read: 238,000
Rows read: 240,000
Rows read: 242,000
Rows read: 244,000
Rows read: 246,000
Rows read: 248,000
Rows read: 250,000
Rows read: 252,000
Rows read: 254,000
Rows read: 256,000
Rows read: 258,000
Rows read: 260,000
Rows read: 262,000
Rows read: 264,000
Rows read: 266,000
Rows read: 268,000
Rows read: 270,000
Rows read: 272,000
Rows read: 274,000
Rows read: 276,000
Rows read: 278,000
Rows read: 280,000
Rows read: 282,000
Rows read: 284,000
Rows read: 286,000
Rows read: 288,000
Rows read: 290,000
Rows read: 292,000
Rows read: 294,000
Rows read: 296,000
Rows read: 298,000
Rows read: 300,000
Rows read: 302,000
Rows read: 304,000
Rows read: 306,000
Rows read: 308,000
Rows read: 310,000
Rows read: 312,000
Rows read: 314,000
Rows read: 316,000
Rows read: 318,000
Rows read: 320,000
Rows read: 322,000
Rows read: 324,000
Rows read: 326,000
Rows read: 328,000
Rows read: 330,000
Rows read: 332,000
Rows read: 334,000
Rows read: 336,000
Rows read: 338,000
Rows read: 340,000
Rows read: 342,000
Rows read: 344,000
Rows read: 346,000
Rows read: 348,000
Rows read: 350,000
Rows read: 352,000
Rows read: 354,000
Rows read: 356,000
Rows read: 358,000
Rows read: 360,000
Rows read: 362,000
Rows read: 364,000
Rows read: 366,000
Rows read: 368,000
Rows read: 370,000
Rows read: 372,000
Rows read: 374,000
Rows read: 376,000
Rows read: 378,000
Rows read: 380,000
Rows read: 382,000
Rows read: 384,000
Rows read: 386,000
Rows read: 388,000
Rows read: 390,000
Rows read: 392,000
Rows read: 394,000
Rows read: 396,000
Rows read: 398,000
Rows read: 400,000
Rows read: 402,000
Rows read: 404,000
Rows read: 406,000
Rows read: 408,000
Rows read: 410,000
Rows read: 412,000
Rows read: 414,000
Rows read: 416,000
Rows read: 418,000
Rows read: 420,000
Rows read: 422,000
Rows read: 424,000
Rows read: 426,000
Rows read: 428,000
Rows read: 430,000
Rows read: 432,000
Rows read: 434,000
Rows read: 436,000
Rows read: 438,000
Rows read: 440,000
Rows read: 442,000
Rows read: 444,000
Rows read: 446,000
Rows read: 448,000
Rows read: 450,000
Rows read: 452,000
Rows read: 454,000
Rows read: 456,000
Rows read: 458,000
Rows read: 460,000
Rows read: 462,000
Rows read: 464,000
Rows read: 466,000
Rows read: 468,000
Rows read: 470,000
Rows read: 472,000
Rows read: 474,000
Rows read: 476,000
Rows read: 478,000
Rows read: 480,000
Rows read: 482,000
Rows read: 484,000
Rows read: 486,000
Rows read: 488,000
Rows read: 490,000
Rows read: 492,000
Rows read: 494,000
Rows read: 496,000
Rows read: 498,000
Rows read: 500,000
Rows read: 502,000
Rows read: 504,000
Rows read: 506,000
Rows read: 508,000
Rows read: 510,000
Rows read: 512,000
Rows read: 514,000
Rows read: 516,000
Rows read: 518,000
Rows read: 520,000
Rows read: 522,000
Rows read: 524,000
Rows read: 526,000
Rows read: 528,000
Rows read: 530,000
Rows read: 532,000
Rows read: 534,000
Rows read: 536,000
Rows read: 538,000
Rows read: 540,000
Rows read: 542,000
Rows read: 544,000
Rows read: 546,000
Rows read: 548,000
Rows read: 550,000
Rows read: 552,000
Rows read: 554,000
Rows read: 556,000
Rows read: 558,000
Rows read: 560,000
Rows read: 562,000
Rows read: 564,000
Rows read: 566,000
Rows read: 568,000
Rows read: 570,000
Rows read: 572,000
Rows read: 574,000
Rows read: 576,000
Rows read: 578,000
Rows read: 580,000
Rows read: 582,000
Rows read: 584,000
Rows read: 586,000
Rows read: 588,000
Rows read: 590,000
Rows read: 592,000
Rows read: 594,000
Rows read: 596,000
Rows read: 598,000
Rows read: 600,000
Rows read: 602,000
Rows read: 604,000
Rows read: 606,000
Rows read: 608,000
Rows read: 610,000
Rows read: 612,000
Rows read: 614,000
Rows read: 616,000
Rows read: 618,000
Rows read: 620,000
Rows read: 622,000
Rows read: 624,000
Rows read: 626,000
Rows read: 628,000
Rows read: 630,000
Rows read: 632,000
Rows read: 634,000
Rows read: 636,000
Rows read: 638,000
Rows read: 640,000
Rows read: 642,000
Rows read: 644,000
Rows read: 646,000
Rows read: 648,000
Rows read: 650,000
Rows read: 652,000
Rows read: 654,000
Rows read: 656,000
Rows read: 658,000
Rows read: 660,000
Rows read: 662,000
Rows read: 664,000
Rows read: 666,000
Rows read: 668,000
Rows read: 670,000
Rows read: 672,000
Rows read: 674,000
Rows read: 676,000
Rows read: 678,000
Rows read: 680,000
Rows read: 682,000
Rows read: 684,000
Rows read: 686,000
Rows read: 688,000
Rows read: 690,000
Rows read: 692,000
Rows read: 694,000
Rows read: 696,000
Rows read: 698,000
Rows read: 700,000
Rows read: 702,000
Rows read: 704,000
Rows read: 706,000
Rows read: 708,000
Rows read: 710,000
Rows read: 712,000
Rows read: 714,000
Rows read: 716,000
Rows read: 718,000
Rows read: 720,000
Rows read: 722,000
Rows read: 724,000
Rows read: 726,000
Rows read: 728,000
Rows read: 730,000
Rows read: 732,000
Rows read: 734,000
Rows read: 736,000
Rows read: 738,000
Rows read: 740,000
Rows read: 742,000
Rows read: 744,000
Rows read: 746,000
Rows read: 748,000
Rows read: 750,000
Rows read: 752,000
Rows read: 754,000
Rows read: 756,000
Rows read: 758,000
Rows read: 760,000
Rows read: 762,000
Rows read: 764,000
Rows read: 766,000
Rows read: 768,000
Rows read: 770,000
Rows read: 772,000
Rows read: 774,000
Rows read: 776,000
Rows read: 778,000
Rows read: 780,000
Rows read: 782,000
Rows read: 784,000
Rows read: 786,000
Rows read: 788,000
Rows read: 790,000
Rows read: 792,000
Rows read: 794,000
Rows read: 796,000
Rows read: 798,000
Rows read: 800,000
Rows read: 802,000
Rows read: 804,000
Rows read: 806,000
Rows read: 808,000
Rows read: 810,000
Rows read: 812,000
Rows read: 814,000
Rows read: 816,000
Rows read: 818,000
Rows read: 820,000
Rows read: 822,000
Rows read: 824,000
Rows read: 826,000
Rows read: 828,000
Rows read: 830,000
Rows read: 832,000
Rows read: 834,000
Rows read: 836,000
Rows read: 838,000
Rows read: 840,000
Rows read: 842,000
Rows read: 844,000
Rows read: 846,000
Rows read: 848,000
Rows read: 850,000
Rows read: 852,000
Rows read: 854,000
Rows read: 856,000
Rows read: 858,000
Rows read: 860,000
Rows read: 862,000
Rows read: 864,000
Rows read: 866,000
Rows read: 868,000
Rows read: 870,000
Rows read: 872,000
Rows read: 874,000
Rows read: 876,000
Rows read: 878,000
Rows read: 880,000
Rows read: 882,000
Rows read: 884,000
Rows read: 886,000
Rows read: 888,000
Rows read: 890,000
Rows read: 892,000
Rows read: 894,000
Rows read: 896,000
Rows read: 898,000
Rows read: 900,000
Rows read: 902,000
Rows read: 904,000
Rows read: 906,000
Rows read: 908,000
Rows read: 910,000
Rows read: 912,000
Rows read: 914,000
Rows read: 916,000
Rows read: 918,000
Rows read: 920,000
Rows read: 922,000
Rows read: 924,000
Rows read: 926,000
Rows read: 928,000
Rows read: 930,000
Rows read: 932,000
Rows read: 934,000
Rows read: 936,000
Rows read: 938,000
Rows read: 940,000
Rows read: 942,000
Rows read: 944,000
Rows read: 946,000
Rows read: 948,000
Rows read: 950,000
Rows read: 952,000
Rows read: 954,000
Rows read: 956,000
Rows read: 958,000
Rows read: 960,000
Rows read: 962,000
Rows read: 964,000
Rows read: 966,000
Rows read: 968,000
Rows read: 970,000
Rows read: 972,000
Rows read: 974,000
Rows read: 976,000
Rows read: 978,000
Rows read: 980,000
Rows read: 982,000
Rows read: 984,000
Rows read: 986,000
Rows read: 988,000
Rows read: 990,000
Rows read: 992,000
Rows read: 994,000
Rows read: 996,000
Rows read: 998,000
Rows read: 1,000,000
Rows read: 1,002,000
Rows read: 1,004,000
Rows read: 1,006,000
Rows read: 1,008,000
Rows read: 1,010,000
Rows read: 1,012,000
Rows read: 1,014,000
Rows read: 1,016,000
Rows read: 1,018,000
Rows read: 1,020,000
Rows read: 1,022,000
Rows read: 1,024,000
Rows read: 1,026,000
Rows read: 1,028,000
Rows read: 1,030,000
Rows read: 1,032,000
Rows read: 1,034,000
Rows read: 1,036,000
Rows read: 1,038,000
Rows read: 1,040,000
Rows read: 1,042,000
Rows read: 1,044,000
Rows read: 1,046,000
Rows read: 1,048,000
Rows read: 1,050,000
Rows read: 1,052,000
Rows read: 1,054,000
Rows read: 1,056,000
Rows read: 1,058,000
Rows read: 1,060,000
Rows read: 1,062,000
Rows read: 1,064,000
Rows read: 1,066,000
Rows read: 1,068,000
Rows read: 1,070,000
Rows read: 1,072,000
Rows read: 1,074,000
Rows read: 1,076,000
Rows read: 1,078,000
Rows read: 1,080,000
Rows read: 1,082,000
Rows read: 1,084,000
Rows read: 1,086,000
Rows read: 1,088,000
Rows read: 1,090,000
Rows read: 1,092,000
Rows read: 1,094,000
Rows read: 1,096,000
Rows read: 1,098,000
Rows read: 1,100,000
Rows read: 1,102,000
Rows read: 1,104,000
Rows read: 1,106,000
Rows read: 1,108,000
Rows read: 1,110,000
Rows read: 1,112,000
Rows read: 1,114,000
Rows read: 1,116,000
Rows read: 1,118,000
Rows read: 1,120,000
Rows read: 1,122,000
Rows read: 1,124,000
Rows read: 1,126,000
Rows read: 1,128,000
Rows read: 1,130,000
Rows read: 1,132,000
Rows read: 1,134,000
Rows read: 1,136,000
Rows read: 1,138,000
Rows read: 1,140,000
Rows read: 1,142,000
Rows read: 1,144,000
Rows read: 1,146,000
Rows read: 1,148,000
Rows read: 1,150,000
Rows read: 1,152,000
Rows read: 1,154,000
Rows read: 1,156,000
Rows read: 1,158,000
Rows read: 1,160,000
Rows read: 1,162,000
Rows read: 1,164,000
Rows read: 1,166,000
Rows read: 1,168,000
Rows read: 1,170,000
Rows read: 1,172,000
Rows read: 1,174,000
Rows read: 1,176,000
Rows read: 1,178,000
Rows read: 1,180,000
Rows read: 1,182,000
Rows read: 1,184,000
Rows read: 1,186,000
Rows read: 1,188,000
Rows read: 1,190,000
Rows read: 1,192,000
Rows read: 1,194,000
Rows read: 1,196,000
Rows read: 1,198,000
Rows read: 1,200,000
Rows read: 1,202,000
Rows read: 1,204,000
Rows read: 1,206,000
Rows read: 1,208,000
Rows read: 1,210,000
Rows read: 1,212,000
Rows read: 1,214,000
Rows read: 1,216,000
Rows read: 1,218,000
Rows read: 1,220,000
Rows read: 1,222,000
Rows read: 1,224,000
Rows read: 1,226,000
Rows read: 1,228,000
Rows read: 1,230,000
Rows read: 1,232,000
Rows read: 1,234,000
Rows read: 1,236,000
Rows read: 1,238,000
Rows read: 1,240,000
Rows read: 1,242,000
Rows read: 1,244,000
Rows read: 1,246,000
Rows read: 1,248,000
Rows read: 1,250,000
Rows read: 1,252,000
Rows read: 1,254,000
Rows read: 1,256,000
Rows read: 1,258,000
Rows read: 1,260,000
Rows read: 1,262,000
Rows read: 1,264,000
Rows read: 1,266,000
Rows read: 1,268,000
Rows read: 1,270,000
Rows read: 1,272,000
Rows read: 1,274,000
Rows read: 1,276,000
Rows read: 1,278,000
Rows read: 1,280,000
Rows read: 1,282,000
Rows read: 1,284,000
Rows read: 1,286,000
Rows read: 1,288,000
Rows read: 1,290,000
Rows read: 1,292,000
Rows read: 1,294,000
Rows read: 1,296,000
Rows read: 1,298,000
Rows read: 1,300,000
Rows read: 1,302,000
Rows read: 1,304,000
Rows read: 1,306,000
Rows read: 1,308,000
Rows read: 1,310,000
Rows read: 1,312,000
Rows read: 1,314,000
Rows read: 1,316,000
Rows read: 1,318,000
Rows read: 1,320,000
Rows read: 1,322,000
Rows read: 1,324,000
Rows read: 1,326,000
Rows read: 1,328,000
Rows read: 1,330,000
Rows read: 1,332,000
Rows read: 1,334,000
Rows read: 1,336,000
Rows read: 1,338,000
Rows read: 1,340,000
Rows read: 1,342,000
Rows read: 1,344,000
Rows read: 1,346,000
Rows read: 1,348,000
Rows read: 1,350,000
Rows read: 1,352,000
Rows read: 1,354,000
Rows read: 1,356,000
Rows read: 1,358,000
Rows read: 1,360,000
Rows read: 1,362,000
Rows read: 1,364,000
Rows read: 1,366,000
Rows read: 1,368,000
Rows read: 1,370,000
Rows read: 1,372,000
Rows read: 1,374,000
Rows read: 1,376,000
Rows read: 1,378,000
Rows read: 1,380,000
Rows read: 1,382,000
Rows read: 1,384,000
Rows read: 1,386,000
Rows read: 1,388,000
Rows read: 1,390,000
Rows read: 1,392,000
Rows read: 1,394,000
Rows read: 1,396,000
Rows read: 1,398,000
Rows read: 1,400,000
Rows read: 1,402,000
Rows read: 1,404,000
Rows read: 1,406,000
Rows read: 1,408,000
Rows read: 1,410,000
Rows read: 1,412,000
Rows read: 1,414,000
Rows read: 1,416,000
Rows read: 1,418,000
Rows read: 1,420,000
Rows read: 1,422,000
Rows read: 1,424,000
Rows read: 1,426,000
Rows read: 1,428,000
Rows read: 1,430,000
Rows read: 1,432,000
Rows read: 1,434,000
Rows read: 1,436,000
Rows read: 1,438,000
Rows read: 1,440,000
Rows read: 1,442,000
Rows read: 1,444,000
Rows read: 1,446,000
Rows read: 1,448,000
Rows read: 1,450,000
Rows read: 1,452,000
Rows read: 1,454,000
Rows read: 1,456,000
Rows read: 1,458,000
Rows read: 1,460,000
Rows read: 1,462,000
Rows read: 1,464,000
Rows read: 1,466,000
Rows read: 1,468,000
Rows read: 1,470,000
Rows read: 1,472,000
Rows read: 1,474,000
Rows read: 1,476,000
Rows read: 1,478,000
Rows read: 1,480,000
Rows read: 1,482,000
Rows read: 1,484,000
Rows read: 1,486,000
Rows read: 1,488,000
Rows read: 1,490,000
Rows read: 1,492,000
Rows read: 1,494,000
Rows read: 1,496,000
Rows read: 1,498,000
Rows read: 1,500,000
Rows read: 1,502,000
Rows read: 1,504,000
Rows read: 1,506,000
Rows read: 1,508,000
Rows read: 1,510,000
Rows read: 1,512,000
Rows read: 1,514,000
Rows read: 1,516,000
Rows read: 1,518,000
Rows read: 1,520,000
Rows read: 1,522,000
Rows read: 1,524,000
Rows read: 1,526,000
Rows read: 1,528,000
Rows read: 1,530,000
Rows read: 1,532,000
Rows read: 1,534,000
Rows read: 1,536,000
Rows read: 1,538,000
Rows read: 1,540,000
Rows read: 1,542,000
Rows read: 1,544,000
Rows read: 1,546,000
Rows read: 1,548,000
Rows read: 1,550,000
Rows read: 1,552,000
Rows read: 1,554,000
Rows read: 1,556,000
Rows read: 1,558,000
Rows read: 1,560,000
Rows read: 1,562,000
Rows read: 1,564,000
Rows read: 1,566,000
Rows read: 1,568,000
Rows read: 1,570,000
Rows read: 1,572,000
Rows read: 1,574,000
Rows read: 1,576,000
Rows read: 1,578,000
Rows read: 1,580,000
Rows read: 1,582,000
Rows read: 1,584,000
Rows read: 1,586,000
Rows read: 1,588,000
Rows read: 1,590,000
Rows read: 1,592,000
Rows read: 1,594,000
Rows read: 1,596,000
Rows read: 1,598,000
Rows read: 1,600,000
Rows read: 1,602,000
Rows read: 1,604,000
Rows read: 1,606,000
Rows read: 1,608,000
Rows read: 1,610,000
Rows read: 1,612,000
Rows read: 1,614,000
Rows read: 1,616,000
Rows read: 1,618,000
Rows read: 1,620,000
Rows read: 1,622,000
Rows read: 1,624,000
Rows read: 1,626,000
Rows read: 1,628,000
Rows read: 1,630,000
Rows read: 1,632,000
Rows read: 1,634,000
Rows read: 1,636,000
Rows read: 1,638,000
Rows read: 1,640,000
Rows read: 1,642,000
Rows read: 1,644,000
Rows read: 1,646,000
Rows read: 1,648,000
Rows read: 1,650,000
Rows read: 1,652,000
Rows read: 1,654,000
Rows read: 1,656,000
Rows read: 1,658,000
Rows read: 1,660,000
Rows read: 1,662,000
Rows read: 1,664,000
Rows read: 1,666,000
Rows read: 1,668,000
Rows read: 1,670,000
Rows read: 1,672,000
Rows read: 1,674,000
Rows read: 1,676,000
Rows read: 1,678,000
Rows read: 1,680,000
Rows read: 1,682,000
Rows read: 1,684,000
Rows read: 1,686,000
Rows read: 1,688,000
Rows read: 1,690,000
Rows read: 1,692,000
Rows read: 1,694,000
Rows read: 1,696,000
Rows read: 1,698,000
Rows read: 1,700,000
Rows read: 1,702,000
Rows read: 1,704,000
Rows read: 1,706,000
Rows read: 1,708,000
Rows read: 1,710,000
Rows read: 1,712,000
Rows read: 1,714,000
Rows read: 1,716,000
Rows read: 1,718,000
Rows read: 1,720,000
Rows read: 1,722,000
Rows read: 1,724,000
Rows read: 1,726,000
Rows read: 1,728,000
Rows read: 1,730,000
Rows read: 1,732,000
Rows read: 1,734,000
Rows read: 1,736,000
Rows read: 1,738,000
Rows read: 1,740,000
Rows read: 1,742,000
Rows read: 1,744,000
Rows read: 1,746,000
Rows read: 1,748,000
Rows read: 1,750,000
Rows read: 1,752,000
Rows read: 1,754,000
Rows read: 1,756,000
Rows read: 1,758,000
Rows read: 1,760,000
Rows read: 1,762,000
Rows read: 1,764,000
Rows read: 1,766,000
Rows read: 1,768,000
Rows read: 1,770,000
Rows read: 1,772,000
Rows read: 1,774,000
Rows read: 1,776,000
Rows read: 1,778,000
Rows read: 1,780,000
Rows read: 1,782,000
Rows read: 1,784,000
Rows read: 1,786,000
Rows read: 1,788,000
Rows read: 1,790,000
Rows read: 1,792,000
Rows read: 1,794,000
Rows read: 1,796,000
Rows read: 1,798,000
Rows read: 1,800,000
Rows read: 1,802,000
Rows read: 1,804,000
Rows read: 1,806,000
Rows read: 1,808,000
Rows read: 1,810,000
Rows read: 1,812,000
Rows read: 1,814,000
Rows read: 1,816,000
Rows read: 1,818,000
Rows read: 1,820,000
Rows read: 1,822,000
Rows read: 1,824,000
Rows read: 1,826,000
Rows read: 1,828,000
Rows read: 1,830,000
Rows read: 1,832,000
Rows read: 1,834,000
Rows read: 1,836,000
Rows read: 1,838,000
Rows read: 1,840,000
Rows read: 1,842,000
Rows read: 1,844,000
Rows read: 1,846,000
Rows read: 1,848,000
Rows read: 1,850,000
Rows read: 1,852,000
Rows read: 1,854,000
Rows read: 1,856,000
Rows read: 1,858,000
Rows read: 1,860,000
Rows read: 1,862,000
Rows read: 1,864,000
Rows read: 1,866,000
Rows read: 1,868,000
Rows read: 1,870,000
Rows read: 1,872,000
Rows read: 1,874,000
Rows read: 1,876,000
Rows read: 1,878,000
Rows read: 1,880,000
Rows read: 1,882,000
Rows read: 1,884,000
Rows read: 1,886,000
Rows read: 1,888,000
Rows read: 1,890,000
Rows read: 1,892,000
Rows read: 1,894,000
Rows read: 1,896,000
Rows read: 1,898,000
Rows read: 1,900,000
Rows read: 1,902,000
Rows read: 1,904,000
Rows read: 1,906,000
Rows read: 1,908,000
Rows read: 1,910,000
Rows read: 1,912,000
Rows read: 1,914,000
Rows read: 1,916,000
Rows read: 1,918,000
Rows read: 1,920,000
Rows read: 1,922,000
Rows read: 1,924,000
Rows read: 1,926,000
Rows read: 1,928,000
Rows read: 1,930,000
Rows read: 1,932,000
Rows read: 1,934,000
Rows read: 1,936,000
Rows read: 1,938,000
Rows read: 1,940,000
Rows read: 1,942,000
Rows read: 1,944,000
Rows read: 1,946,000
Rows read: 1,948,000
Rows read: 1,950,000
Rows read: 1,952,000
Rows read: 1,954,000
Rows read: 1,956,000
Rows read: 1,958,000
Rows read: 1,960,000
Rows read: 1,962,000
Rows read: 1,964,000
Rows read: 1,966,000
Rows read: 1,968,000
Rows read: 1,970,000
Rows read: 1,972,000
Rows read: 1,974,000
Rows read: 1,976,000
Rows read: 1,978,000
Rows read: 1,980,000
Rows read: 1,982,000
Rows read: 1,984,000
Rows read: 1,986,000
Rows read: 1,988,000
Rows read: 1,990,000
Rows read: 1,992,000
Rows read: 1,994,000
Rows read: 1,996,000
Rows read: 1,998,000
Rows read: 2,000,000
Rows read: 2,002,000
Rows read: 2,004,000
Rows read: 2,006,000
Rows read: 2,008,000
Rows read: 2,010,000
Rows read: 2,012,000
Rows read: 2,014,000
Rows read: 2,016,000
Rows read: 2,018,000
Rows read: 2,020,000
Rows read: 2,022,000
Rows read: 2,024,000
Rows read: 2,026,000
Rows read: 2,028,000
Rows read: 2,030,000
Rows read: 2,032,000
Rows read: 2,034,000
Rows read: 2,036,000
Rows read: 2,038,000
Rows read: 2,040,000
Rows read: 2,042,000
Rows read: 2,044,000
Rows read: 2,046,000
Rows read: 2,048,000
Rows read: 2,050,000
Rows read: 2,052,000
Rows read: 2,054,000
Rows read: 2,056,000
Rows read: 2,058,000
Rows read: 2,060,000
Rows read: 2,062,000
Rows read: 2,064,000
Rows read: 2,066,000
Rows read: 2,068,000
Rows read: 2,070,000
Rows read: 2,072,000
Rows read: 2,074,000
Rows read: 2,076,000
Rows read: 2,078,000
Rows read: 2,080,000
Rows read: 2,082,000
Rows read: 2,084,000
Rows read: 2,086,000
Rows read: 2,088,000
Rows read: 2,090,000
Rows read: 2,092,000
Rows read: 2,094,000
Rows read: 2,096,000
Rows read: 2,098,000
Rows read: 2,100,000
Rows read: 2,102,000
Rows read: 2,104,000
Rows read: 2,106,000
Rows read: 2,108,000
Rows read: 2,110,000
Rows read: 2,112,000
Rows read: 2,114,000
Rows read: 2,116,000
Rows read: 2,118,000
Rows read: 2,120,000
Rows read: 2,122,000
Rows read: 2,124,000
Rows read: 2,126,000
Rows read: 2,128,000
Rows read: 2,130,000
Rows read: 2,132,000
Rows read: 2,134,000
Rows read: 2,136,000
Rows read: 2,138,000
Rows read: 2,140,000
Rows read: 2,142,000
Rows read: 2,144,000
Rows read: 2,146,000
Rows read: 2,148,000
Rows read: 2,150,000
Rows read: 2,152,000
Rows read: 2,154,000
Rows read: 2,156,000
Rows read: 2,158,000
Rows read: 2,160,000
Rows read: 2,162,000
Rows read: 2,164,000
Rows read: 2,166,000
Rows read: 2,168,000
Rows read: 2,170,000
Rows read: 2,172,000
Rows read: 2,174,000
Rows read: 2,176,000
Rows read: 2,178,000
Rows read: 2,180,000
Rows read: 2,182,000
Rows read: 2,184,000
Rows read: 2,186,000
Rows read: 2,188,000
Rows read: 2,190,000
Rows read: 2,192,000
Rows read: 2,194,000
Rows read: 2,196,000
Rows read: 2,198,000
Rows read: 2,200,000
Rows read: 2,202,000
Rows read: 2,204,000
Rows read: 2,206,000
Rows read: 2,208,000
Rows read: 2,210,000
Rows read: 2,212,000
Rows read: 2,214,000
Rows read: 2,216,000
Rows read: 2,218,000
Rows read: 2,220,000
Rows read: 2,222,000
Rows read: 2,224,000
Rows read: 2,226,000
Rows read: 2,228,000
Rows read: 2,230,000
Rows read: 2,232,000
Rows read: 2,234,000
Rows read: 2,236,000
Rows read: 2,238,000
Rows read: 2,240,000
Rows read: 2,242,000
Rows read: 2,244,000
Rows read: 2,246,000
Rows read: 2,248,000
Rows read: 2,250,000
Rows read: 2,252,000
Rows read: 2,254,000
Rows read: 2,256,000
Rows read: 2,258,000
Rows read: 2,260,000
Rows read: 2,262,000
Rows read: 2,264,000
Rows read: 2,266,000
Rows read: 2,268,000
Rows read: 2,270,000
Rows read: 2,272,000
Rows read: 2,274,000
Rows read: 2,276,000
Rows read: 2,278,000
Rows read: 2279968 done.
Rows read: 2,000
Rows read: 3493 done.
Rows read: 9 done.
Processing covariates
Task finished in 0.00199999999998113 seconds
Processing gene expression data (imputation, residualization)
Task finished in 0.0430000000000064 seconds
Creating output file(s)
Task finished in 0.0120000000000005 seconds
Performing eQTL analysis
 0.34% done, 184,218 eQTLs
 0.68% done, 318,850 eQTLs
 1.03% done, 506,647 eQTLs
 1.37% done, 648,992 eQTLs
 1.72% done, 856,069 eQTLs
 2.06% done, 1,011,212 eQTLs
 2.41% done, 1,200,594 eQTLs
 2.75% done, 1,337,099 eQTLs
 3.10% done, 1,494,811 eQTLs
 3.44% done, 1,610,954 eQTLs
 3.79% done, 1,795,415 eQTLs
 4.13% done, 1,930,504 eQTLs
 4.48% done, 2,143,321 eQTLs
 4.82% done, 2,301,531 eQTLs
 5.17% done, 2,483,394 eQTLs
 5.51% done, 2,624,601 eQTLs
 5.86% done, 2,825,692 eQTLs
 6.20% done, 2,979,117 eQTLs
 6.55% done, 3,172,197 eQTLs
 6.89% done, 3,316,497 eQTLs
 7.24% done, 3,501,478 eQTLs
 7.58% done, 3,638,766 eQTLs
 7.93% done, 3,879,131 eQTLs
 8.27% done, 4,061,513 eQTLs
 8.62% done, 4,280,071 eQTLs
 8.96% done, 4,441,179 eQTLs
 9.31% done, 4,620,660 eQTLs
 9.65% done, 4,745,591 eQTLs
10.00% done, 4,979,409 eQTLs
10.34% done, 5,151,277 eQTLs
10.68% done, 5,372,767 eQTLs
11.03% done, 5,541,756 eQTLs
11.37% done, 5,757,584 eQTLs
11.72% done, 5,914,940 eQTLs
12.06% done, 6,097,714 eQTLs
12.41% done, 6,230,335 eQTLs
12.75% done, 6,413,597 eQTLs
13.10% done, 6,552,547 eQTLs
13.44% done, 6,757,189 eQTLs
13.79% done, 6,908,653 eQTLs
14.13% done, 7,112,190 eQTLs
14.48% done, 7,265,003 eQTLs
14.82% done, 7,565,711 eQTLs
15.17% done, 7,792,305 eQTLs
15.51% done, 8,033,027 eQTLs
15.86% done, 8,218,653 eQTLs
16.20% done, 8,527,238 eQTLs
16.55% done, 8,758,502 eQTLs
16.89% done, 8,931,814 eQTLs
17.24% done, 9,064,271 eQTLs
17.58% done, 9,271,673 eQTLs
17.93% done, 9,424,422 eQTLs
18.27% done, 9,649,318 eQTLs
18.62% done, 9,815,733 eQTLs
18.96% done, 9,985,171 eQTLs
19.31% done, 10,110,180 eQTLs
19.65% done, 10,340,459 eQTLs
20.00% done, 10,507,689 eQTLs
20.34% done, 10,665,301 eQTLs
20.68% done, 10,781,471 eQTLs
21.03% done, 11,006,548 eQTLs
21.37% done, 11,182,232 eQTLs
21.72% done, 11,357,512 eQTLs
22.06% done, 11,488,472 eQTLs
22.41% done, 11,708,693 eQTLs
22.75% done, 11,871,599 eQTLs
23.10% done, 12,082,480 eQTLs
23.44% done, 12,232,402 eQTLs
23.79% done, 12,448,700 eQTLs
24.13% done, 12,604,899 eQTLs
24.48% done, 12,840,050 eQTLs
24.82% done, 13,011,778 eQTLs
25.17% done, 13,216,450 eQTLs
25.51% done, 13,371,477 eQTLs
25.86% done, 13,579,923 eQTLs
26.20% done, 13,734,866 eQTLs
26.55% done, 13,926,491 eQTLs
26.89% done, 14,068,241 eQTLs
27.24% done, 14,276,228 eQTLs
27.58% done, 14,436,851 eQTLs
27.93% done, 14,618,367 eQTLs
28.27% done, 14,755,931 eQTLs
28.62% done, 14,971,807 eQTLs
28.96% done, 15,131,852 eQTLs
29.31% done, 15,308,430 eQTLs
29.65% done, 15,440,919 eQTLs
30.00% done, 15,644,546 eQTLs
30.34% done, 15,794,185 eQTLs
30.68% done, 16,006,254 eQTLs
31.03% done, 16,159,044 eQTLs
31.37% done, 16,376,906 eQTLs
31.72% done, 16,538,673 eQTLs
32.06% done, 16,733,623 eQTLs
32.41% done, 16,877,316 eQTLs
32.75% done, 17,107,383 eQTLs
33.10% done, 17,274,638 eQTLs
33.44% done, 17,476,457 eQTLs
33.79% done, 17,619,795 eQTLs
34.13% done, 17,800,129 eQTLs
34.48% done, 17,942,002 eQTLs
34.82% done, 18,140,011 eQTLs
35.17% done, 18,283,032 eQTLs
35.51% done, 18,460,263 eQTLs
35.86% done, 18,590,416 eQTLs
36.20% done, 18,785,178 eQTLs
36.55% done, 18,927,827 eQTLs
36.89% done, 19,131,754 eQTLs
37.24% done, 19,285,836 eQTLs
37.58% done, 19,472,706 eQTLs
37.93% done, 19,613,708 eQTLs
38.27% done, 19,817,379 eQTLs
38.62% done, 19,963,502 eQTLs
38.96% done, 20,144,107 eQTLs
39.31% done, 20,277,586 eQTLs
39.65% done, 20,457,717 eQTLs
40.00% done, 20,584,410 eQTLs
40.34% done, 20,783,580 eQTLs
40.68% done, 20,928,812 eQTLs
41.03% done, 21,156,682 eQTLs
41.37% done, 21,330,668 eQTLs
41.72% done, 21,527,056 eQTLs
42.06% done, 21,675,632 eQTLs
42.41% done, 21,861,920 eQTLs
42.75% done, 21,997,795 eQTLs
43.10% done, 22,187,172 eQTLs
43.44% done, 22,326,406 eQTLs
43.79% done, 22,545,733 eQTLs
44.13% done, 22,714,897 eQTLs
44.48% done, 22,910,766 eQTLs
44.82% done, 23,047,347 eQTLs
45.17% done, 23,243,497 eQTLs
45.51% done, 23,391,460 eQTLs
45.86% done, 23,586,156 eQTLs
46.20% done, 23,733,376 eQTLs
46.55% done, 23,955,100 eQTLs
46.89% done, 24,125,959 eQTLs
47.24% done, 24,347,251 eQTLs
47.58% done, 24,508,027 eQTLs
47.93% done, 24,730,490 eQTLs
48.27% done, 24,897,793 eQTLs
48.62% done, 25,105,724 eQTLs
48.96% done, 25,257,807 eQTLs
49.31% done, 25,481,347 eQTLs
49.65% done, 25,643,564 eQTLs
50.00% done, 25,885,319 eQTLs
50.34% done, 26,071,842 eQTLs
50.68% done, 26,276,173 eQTLs
51.03% done, 26,425,880 eQTLs
51.37% done, 26,625,256 eQTLs
51.72% done, 26,771,665 eQTLs
52.06% done, 26,944,707 eQTLs
52.41% done, 27,066,841 eQTLs
52.75% done, 27,278,541 eQTLs
53.10% done, 27,429,850 eQTLs
53.44% done, 27,629,852 eQTLs
53.79% done, 27,779,479 eQTLs
54.13% done, 27,981,747 eQTLs
54.48% done, 28,135,124 eQTLs
54.82% done, 28,322,327 eQTLs
55.17% done, 28,455,756 eQTLs
55.51% done, 28,630,169 eQTLs
55.86% done, 28,759,324 eQTLs
56.20% done, 28,956,911 eQTLs
56.55% done, 29,100,512 eQTLs
56.89% done, 29,305,207 eQTLs
57.24% done, 29,453,722 eQTLs
57.58% done, 29,656,630 eQTLs
57.93% done, 29,805,723 eQTLs
58.27% done, 30,083,376 eQTLs
58.62% done, 30,290,473 eQTLs
58.96% done, 30,456,843 eQTLs
59.31% done, 30,580,114 eQTLs
59.65% done, 30,751,197 eQTLs
60.00% done, 30,876,238 eQTLs
60.34% done, 31,074,038 eQTLs
60.68% done, 31,218,872 eQTLs
61.03% done, 31,455,663 eQTLs
61.37% done, 31,635,486 eQTLs
61.72% done, 31,867,351 eQTLs
62.06% done, 32,039,310 eQTLs
62.41% done, 32,273,129 eQTLs
62.75% done, 32,447,074 eQTLs
63.10% done, 32,680,986 eQTLs
63.44% done, 32,857,779 eQTLs
63.79% done, 33,048,238 eQTLs
64.13% done, 33,189,646 eQTLs
64.48% done, 33,354,549 eQTLs
64.82% done, 33,477,241 eQTLs
65.17% done, 33,672,986 eQTLs
65.51% done, 33,818,949 eQTLs
65.86% done, 34,072,510 eQTLs
66.20% done, 34,263,309 eQTLs
66.55% done, 34,439,435 eQTLs
66.89% done, 34,575,400 eQTLs
67.24% done, 34,772,147 eQTLs
67.58% done, 34,917,679 eQTLs
67.93% done, 35,099,979 eQTLs
68.27% done, 35,238,654 eQTLs
68.62% done, 35,432,526 eQTLs
68.96% done, 35,572,545 eQTLs
69.31% done, 35,760,787 eQTLs
69.65% done, 35,898,387 eQTLs
70.00% done, 36,083,704 eQTLs
70.34% done, 36,225,829 eQTLs
70.68% done, 36,452,069 eQTLs
71.03% done, 36,617,334 eQTLs
71.37% done, 36,798,143 eQTLs
71.72% done, 36,937,790 eQTLs
72.06% done, 37,112,031 eQTLs
72.41% done, 37,247,892 eQTLs
72.75% done, 37,442,516 eQTLs
73.10% done, 37,588,764 eQTLs
73.44% done, 37,766,046 eQTLs
73.79% done, 37,896,348 eQTLs
74.13% done, 38,135,150 eQTLs
74.48% done, 38,309,174 eQTLs
74.82% done, 38,503,165 eQTLs
75.17% done, 38,645,303 eQTLs
75.51% done, 38,879,843 eQTLs
75.86% done, 39,059,974 eQTLs
76.20% done, 39,269,974 eQTLs
76.55% done, 39,434,754 eQTLs
76.89% done, 39,614,465 eQTLs
77.24% done, 39,742,069 eQTLs
77.58% done, 39,952,636 eQTLs
77.93% done, 40,106,158 eQTLs
78.27% done, 40,291,114 eQTLs
78.62% done, 40,427,652 eQTLs
78.96% done, 40,614,035 eQTLs
79.31% done, 40,752,893 eQTLs
79.65% done, 40,948,415 eQTLs
80.00% done, 41,089,721 eQTLs
80.34% done, 41,273,566 eQTLs
80.68% done, 41,410,494 eQTLs
81.03% done, 41,612,184 eQTLs
81.37% done, 41,759,053 eQTLs
81.72% done, 41,989,335 eQTLs
82.06% done, 42,161,855 eQTLs
82.41% done, 42,341,945 eQTLs
82.75% done, 42,471,650 eQTLs
83.10% done, 42,677,633 eQTLs
83.44% done, 42,830,904 eQTLs
83.79% done, 43,048,691 eQTLs
84.13% done, 43,209,793 eQTLs
84.48% done, 43,383,294 eQTLs
84.82% done, 43,509,713 eQTLs
85.17% done, 43,713,137 eQTLs
85.51% done, 43,863,530 eQTLs
85.86% done, 44,047,648 eQTLs
86.20% done, 44,187,529 eQTLs
86.55% done, 44,387,302 eQTLs
86.89% done, 44,529,489 eQTLs
87.24% done, 44,741,737 eQTLs
87.58% done, 44,901,069 eQTLs
87.93% done, 45,118,947 eQTLs
88.27% done, 45,283,249 eQTLs
88.62% done, 45,458,300 eQTLs
88.96% done, 45,590,445 eQTLs
89.31% done, 45,781,104 eQTLs
89.65% done, 45,925,719 eQTLs
90.00% done, 46,111,705 eQTLs
90.34% done, 46,246,095 eQTLs
90.68% done, 46,454,290 eQTLs
91.03% done, 46,606,103 eQTLs
91.37% done, 46,795,283 eQTLs
91.72% done, 46,937,239 eQTLs
92.06% done, 47,120,226 eQTLs
92.41% done, 47,258,991 eQTLs
92.75% done, 47,454,280 eQTLs
93.10% done, 47,603,567 eQTLs
93.44% done, 47,805,194 eQTLs
93.79% done, 47,956,519 eQTLs
94.13% done, 48,154,464 eQTLs
94.48% done, 48,298,123 eQTLs
94.82% done, 48,489,444 eQTLs
95.17% done, 48,634,371 eQTLs
95.51% done, 48,850,518 eQTLs
95.86% done, 49,004,330 eQTLs
96.20% done, 49,211,147 eQTLs
96.55% done, 49,364,782 eQTLs
96.89% done, 49,560,524 eQTLs
97.24% done, 49,706,460 eQTLs
97.58% done, 49,891,629 eQTLs
97.93% done, 50,032,675 eQTLs
98.27% done, 50,212,123 eQTLs
98.62% done, 50,346,834 eQTLs
98.96% done, 50,552,880 eQTLs
99.31% done, 50,704,273 eQTLs
99.65% done, 50,798,504 eQTLs
100.00% done, 50,868,199 eQTLs
Task finished in 432.353 seconds

Warning message:
In Matrix_eQTL_main(snps = snps, gene = gene, cvrt = cvrt, output_file_name = output_file_name,  :
  Warning: pvOutputThreshold may be too large.
Expected number of findings > 50471230.25
