Loading required package: carData
Parsed with column specification:
cols(
  .default = col_double(),
  Protein = col_character()
)
See spec(...) for full column specifications.
Warning message:
Setting row names on a tibble is deprecated. 
Rows read: 2,000
Rows read: 4,000
Rows read: 6,000
Rows read: 8,000
Rows read: 10,000
Rows read: 12,000
Rows read: 14,000
Rows read: 16,000
Rows read: 18,000
Rows read: 20,000
Rows read: 22,000
Rows read: 24,000
Rows read: 26,000
Rows read: 28,000
Rows read: 30,000
Rows read: 32,000
Rows read: 34,000
Rows read: 36,000
Rows read: 38,000
Rows read: 40,000
Rows read: 42,000
Rows read: 44,000
Rows read: 46,000
Rows read: 48,000
Rows read: 50,000
Rows read: 52,000
Rows read: 54,000
Rows read: 56,000
Rows read: 58,000
Rows read: 60,000
Rows read: 62,000
Rows read: 64,000
Rows read: 66,000
Rows read: 68,000
Rows read: 70,000
Rows read: 72,000
Rows read: 74,000
Rows read: 76,000
Rows read: 78,000
Rows read: 80,000
Rows read: 82,000
Rows read: 84,000
Rows read: 86,000
Rows read: 88,000
Rows read: 90,000
Rows read: 92,000
Rows read: 94,000
Rows read: 96,000
Rows read: 98,000
Rows read: 100,000
Rows read: 102,000
Rows read: 104,000
Rows read: 106,000
Rows read: 108,000
Rows read: 110,000
Rows read: 112,000
Rows read: 114,000
Rows read: 116,000
Rows read: 118,000
Rows read: 120,000
Rows read: 122,000
Rows read: 124,000
Rows read: 126,000
Rows read: 128,000
Rows read: 130,000
Rows read: 132,000
Rows read: 134,000
Rows read: 136,000
Rows read: 138,000
Rows read: 140,000
Rows read: 142,000
Rows read: 144,000
Rows read: 146,000
Rows read: 148,000
Rows read: 150,000
Rows read: 152,000
Rows read: 154,000
Rows read: 156,000
Rows read: 158,000
Rows read: 160,000
Rows read: 162,000
Rows read: 164,000
Rows read: 166,000
Rows read: 168,000
Rows read: 170,000
Rows read: 172,000
Rows read: 174,000
Rows read: 176,000
Rows read: 178,000
Rows read: 180,000
Rows read: 182,000
Rows read: 184,000
Rows read: 186,000
Rows read: 188,000
Rows read: 190,000
Rows read: 192,000
Rows read: 194,000
Rows read: 196,000
Rows read: 198,000
Rows read: 200,000
Rows read: 202,000
Rows read: 204,000
Rows read: 206,000
Rows read: 208,000
Rows read: 210,000
Rows read: 212,000
Rows read: 214,000
Rows read: 216,000
Rows read: 218,000
Rows read: 220,000
Rows read: 222,000
Rows read: 224,000
Rows read: 226,000
Rows read: 228,000
Rows read: 230,000
Rows read: 232,000
Rows read: 234,000
Rows read: 236,000
Rows read: 238,000
Rows read: 240,000
Rows read: 242,000
Rows read: 244,000
Rows read: 246,000
Rows read: 248,000
Rows read: 250,000
Rows read: 252,000
Rows read: 254,000
Rows read: 256,000
Rows read: 258,000
Rows read: 260,000
Rows read: 262,000
Rows read: 264,000
Rows read: 266,000
Rows read: 268,000
Rows read: 270,000
Rows read: 272,000
Rows read: 274,000
Rows read: 276,000
Rows read: 278,000
Rows read: 280,000
Rows read: 282,000
Rows read: 284,000
Rows read: 286,000
Rows read: 288,000
Rows read: 290,000
Rows read: 292,000
Rows read: 294,000
Rows read: 296,000
Rows read: 298,000
Rows read: 300,000
Rows read: 302,000
Rows read: 304,000
Rows read: 306,000
Rows read: 308,000
Rows read: 310,000
Rows read: 312,000
Rows read: 314,000
Rows read: 316,000
Rows read: 318,000
Rows read: 320,000
Rows read: 322,000
Rows read: 324,000
Rows read: 326,000
Rows read: 328,000
Rows read: 330,000
Rows read: 332,000
Rows read: 334,000
Rows read: 336,000
Rows read: 338,000
Rows read: 340,000
Rows read: 342,000
Rows read: 344,000
Rows read: 346,000
Rows read: 348,000
Rows read: 350,000
Rows read: 352,000
Rows read: 354,000
Rows read: 356,000
Rows read: 358,000
Rows read: 360,000
Rows read: 362,000
Rows read: 364,000
Rows read: 366,000
Rows read: 368,000
Rows read: 370,000
Rows read: 372,000
Rows read: 374,000
Rows read: 376,000
Rows read: 378,000
Rows read: 380,000
Rows read: 382,000
Rows read: 384,000
Rows read: 386,000
Rows read: 388,000
Rows read: 390,000
Rows read: 392,000
Rows read: 394,000
Rows read: 396,000
Rows read: 398,000
Rows read: 400,000
Rows read: 402,000
Rows read: 404,000
Rows read: 406,000
Rows read: 408,000
Rows read: 410,000
Rows read: 412,000
Rows read: 414,000
Rows read: 416,000
Rows read: 418,000
Rows read: 420,000
Rows read: 422,000
Rows read: 424,000
Rows read: 426,000
Rows read: 428,000
Rows read: 430,000
Rows read: 432,000
Rows read: 434,000
Rows read: 436,000
Rows read: 438,000
Rows read: 440,000
Rows read: 442,000
Rows read: 444,000
Rows read: 446,000
Rows read: 448,000
Rows read: 450,000
Rows read: 452,000
Rows read: 454,000
Rows read: 456,000
Rows read: 458,000
Rows read: 460,000
Rows read: 462,000
Rows read: 464,000
Rows read: 466,000
Rows read: 468,000
Rows read: 470,000
Rows read: 472,000
Rows read: 474,000
Rows read: 476,000
Rows read: 478,000
Rows read: 480,000
Rows read: 482,000
Rows read: 484,000
Rows read: 486,000
Rows read: 488,000
Rows read: 490,000
Rows read: 492,000
Rows read: 494,000
Rows read: 496,000
Rows read: 498,000
Rows read: 500,000
Rows read: 502,000
Rows read: 504,000
Rows read: 506,000
Rows read: 508,000
Rows read: 510,000
Rows read: 512,000
Rows read: 514,000
Rows read: 516,000
Rows read: 518,000
Rows read: 520,000
Rows read: 522,000
Rows read: 524,000
Rows read: 526,000
Rows read: 528,000
Rows read: 530,000
Rows read: 532,000
Rows read: 534,000
Rows read: 536,000
Rows read: 538,000
Rows read: 540,000
Rows read: 542,000
Rows read: 544,000
Rows read: 546,000
Rows read: 548,000
Rows read: 550,000
Rows read: 552,000
Rows read: 554,000
Rows read: 556,000
Rows read: 558,000
Rows read: 560,000
Rows read: 562,000
Rows read: 564,000
Rows read: 566,000
Rows read: 568,000
Rows read: 570,000
Rows read: 572,000
Rows read: 574,000
Rows read: 576,000
Rows read: 578,000
Rows read: 580,000
Rows read: 582,000
Rows read: 584,000
Rows read: 586,000
Rows read: 588,000
Rows read: 590,000
Rows read: 592,000
Rows read: 594,000
Rows read: 596,000
Rows read: 598,000
Rows read: 600,000
Rows read: 602,000
Rows read: 604,000
Rows read: 606,000
Rows read: 608,000
Rows read: 610,000
Rows read: 612,000
Rows read: 614,000
Rows read: 616,000
Rows read: 618,000
Rows read: 620,000
Rows read: 622,000
Rows read: 624,000
Rows read: 626,000
Rows read: 628,000
Rows read: 630,000
Rows read: 632,000
Rows read: 634,000
Rows read: 636,000
Rows read: 638,000
Rows read: 640,000
Rows read: 642,000
Rows read: 644,000
Rows read: 646,000
Rows read: 648,000
Rows read: 650,000
Rows read: 652,000
Rows read: 654,000
Rows read: 656,000
Rows read: 658,000
Rows read: 660,000
Rows read: 662,000
Rows read: 664,000
Rows read: 666,000
Rows read: 668,000
Rows read: 670,000
Rows read: 672,000
Rows read: 674,000
Rows read: 676,000
Rows read: 678,000
Rows read: 680,000
Rows read: 682,000
Rows read: 684,000
Rows read: 686,000
Rows read: 688,000
Rows read: 690,000
Rows read: 692,000
Rows read: 694,000
Rows read: 696,000
Rows read: 698,000
Rows read: 700,000
Rows read: 702,000
Rows read: 704,000
Rows read: 706,000
Rows read: 708,000
Rows read: 710,000
Rows read: 712,000
Rows read: 714,000
Rows read: 716,000
Rows read: 718,000
Rows read: 720,000
Rows read: 722,000
Rows read: 724,000
Rows read: 726,000
Rows read: 728,000
Rows read: 730,000
Rows read: 732,000
Rows read: 734,000
Rows read: 736,000
Rows read: 738,000
Rows read: 740,000
Rows read: 742,000
Rows read: 744,000
Rows read: 746,000
Rows read: 748,000
Rows read: 750,000
Rows read: 752,000
Rows read: 754,000
Rows read: 756,000
Rows read: 758,000
Rows read: 760,000
Rows read: 762,000
Rows read: 764,000
Rows read: 766,000
Rows read: 768,000
Rows read: 770,000
Rows read: 772,000
Rows read: 774,000
Rows read: 776,000
Rows read: 778,000
Rows read: 780,000
Rows read: 782,000
Rows read: 784,000
Rows read: 786,000
Rows read: 788,000
Rows read: 790,000
Rows read: 792,000
Rows read: 794,000
Rows read: 796,000
Rows read: 798,000
Rows read: 800,000
Rows read: 802,000
Rows read: 804,000
Rows read: 806,000
Rows read: 808,000
Rows read: 810,000
Rows read: 812,000
Rows read: 814,000
Rows read: 816,000
Rows read: 818,000
Rows read: 820,000
Rows read: 822,000
Rows read: 824,000
Rows read: 826,000
Rows read: 828,000
Rows read: 830,000
Rows read: 832,000
Rows read: 834,000
Rows read: 836,000
Rows read: 838,000
Rows read: 840,000
Rows read: 842,000
Rows read: 844,000
Rows read: 846,000
Rows read: 848,000
Rows read: 850,000
Rows read: 852,000
Rows read: 854,000
Rows read: 856,000
Rows read: 858,000
Rows read: 860,000
Rows read: 862,000
Rows read: 864,000
Rows read: 866,000
Rows read: 868,000
Rows read: 870,000
Rows read: 872,000
Rows read: 874,000
Rows read: 876,000
Rows read: 878,000
Rows read: 880,000
Rows read: 882,000
Rows read: 884,000
Rows read: 886,000
Rows read: 888,000
Rows read: 890,000
Rows read: 892,000
Rows read: 894,000
Rows read: 896,000
Rows read: 898,000
Rows read: 900,000
Rows read: 902,000
Rows read: 904,000
Rows read: 906,000
Rows read: 908,000
Rows read: 910,000
Rows read: 912,000
Rows read: 914,000
Rows read: 916,000
Rows read: 918,000
Rows read: 920,000
Rows read: 922,000
Rows read: 924,000
Rows read: 926,000
Rows read: 928,000
Rows read: 930,000
Rows read: 932,000
Rows read: 934,000
Rows read: 936,000
Rows read: 938,000
Rows read: 940,000
Rows read: 942,000
Rows read: 944,000
Rows read: 946,000
Rows read: 948,000
Rows read: 950,000
Rows read: 952,000
Rows read: 954,000
Rows read: 956,000
Rows read: 958,000
Rows read: 960,000
Rows read: 962,000
Rows read: 964,000
Rows read: 966,000
Rows read: 968,000
Rows read: 970,000
Rows read: 972,000
Rows read: 974,000
Rows read: 976,000
Rows read: 978,000
Rows read: 980,000
Rows read: 982,000
Rows read: 984,000
Rows read: 986,000
Rows read: 988,000
Rows read: 990,000
Rows read: 992,000
Rows read: 994,000
Rows read: 996,000
Rows read: 998,000
Rows read: 1,000,000
Rows read: 1,002,000
Rows read: 1,004,000
Rows read: 1,006,000
Rows read: 1,008,000
Rows read: 1,010,000
Rows read: 1,012,000
Rows read: 1,014,000
Rows read: 1,016,000
Rows read: 1,018,000
Rows read: 1,020,000
Rows read: 1,022,000
Rows read: 1,024,000
Rows read: 1,026,000
Rows read: 1,028,000
Rows read: 1,030,000
Rows read: 1,032,000
Rows read: 1,034,000
Rows read: 1,036,000
Rows read: 1,038,000
Rows read: 1,040,000
Rows read: 1,042,000
Rows read: 1,044,000
Rows read: 1,046,000
Rows read: 1,048,000
Rows read: 1,050,000
Rows read: 1,052,000
Rows read: 1,054,000
Rows read: 1,056,000
Rows read: 1,058,000
Rows read: 1,060,000
Rows read: 1,062,000
Rows read: 1,064,000
Rows read: 1,066,000
Rows read: 1,068,000
Rows read: 1,070,000
Rows read: 1,072,000
Rows read: 1,074,000
Rows read: 1,076,000
Rows read: 1,078,000
Rows read: 1,080,000
Rows read: 1,082,000
Rows read: 1,084,000
Rows read: 1,086,000
Rows read: 1,088,000
Rows read: 1,090,000
Rows read: 1,092,000
Rows read: 1,094,000
Rows read: 1,096,000
Rows read: 1,098,000
Rows read: 1,100,000
Rows read: 1,102,000
Rows read: 1,104,000
Rows read: 1,106,000
Rows read: 1,108,000
Rows read: 1,110,000
Rows read: 1,112,000
Rows read: 1,114,000
Rows read: 1,116,000
Rows read: 1,118,000
Rows read: 1,120,000
Rows read: 1,122,000
Rows read: 1,124,000
Rows read: 1,126,000
Rows read: 1,128,000
Rows read: 1,130,000
Rows read: 1,132,000
Rows read: 1,134,000
Rows read: 1,136,000
Rows read: 1,138,000
Rows read: 1,140,000
Rows read: 1,142,000
Rows read: 1,144,000
Rows read: 1,146,000
Rows read: 1,148,000
Rows read: 1,150,000
Rows read: 1,152,000
Rows read: 1,154,000
Rows read: 1,156,000
Rows read: 1,158,000
Rows read: 1,160,000
Rows read: 1,162,000
Rows read: 1,164,000
Rows read: 1,166,000
Rows read: 1,168,000
Rows read: 1,170,000
Rows read: 1,172,000
Rows read: 1,174,000
Rows read: 1,176,000
Rows read: 1,178,000
Rows read: 1,180,000
Rows read: 1,182,000
Rows read: 1,184,000
Rows read: 1,186,000
Rows read: 1,188,000
Rows read: 1,190,000
Rows read: 1,192,000
Rows read: 1,194,000
Rows read: 1,196,000
Rows read: 1,198,000
Rows read: 1,200,000
Rows read: 1,202,000
Rows read: 1,204,000
Rows read: 1,206,000
Rows read: 1,208,000
Rows read: 1,210,000
Rows read: 1,212,000
Rows read: 1,214,000
Rows read: 1,216,000
Rows read: 1,218,000
Rows read: 1,220,000
Rows read: 1,222,000
Rows read: 1,224,000
Rows read: 1,226,000
Rows read: 1,228,000
Rows read: 1,230,000
Rows read: 1,232,000
Rows read: 1,234,000
Rows read: 1,236,000
Rows read: 1,238,000
Rows read: 1,240,000
Rows read: 1,242,000
Rows read: 1,244,000
Rows read: 1,246,000
Rows read: 1,248,000
Rows read: 1,250,000
Rows read: 1,252,000
Rows read: 1,254,000
Rows read: 1,256,000
Rows read: 1,258,000
Rows read: 1,260,000
Rows read: 1,262,000
Rows read: 1,264,000
Rows read: 1,266,000
Rows read: 1,268,000
Rows read: 1,270,000
Rows read: 1,272,000
Rows read: 1,274,000
Rows read: 1,276,000
Rows read: 1,278,000
Rows read: 1,280,000
Rows read: 1,282,000
Rows read: 1,284,000
Rows read: 1,286,000
Rows read: 1,288,000
Rows read: 1,290,000
Rows read: 1,292,000
Rows read: 1,294,000
Rows read: 1,296,000
Rows read: 1,298,000
Rows read: 1,300,000
Rows read: 1,302,000
Rows read: 1,304,000
Rows read: 1,306,000
Rows read: 1,308,000
Rows read: 1,310,000
Rows read: 1,312,000
Rows read: 1,314,000
Rows read: 1,316,000
Rows read: 1,318,000
Rows read: 1,320,000
Rows read: 1,322,000
Rows read: 1,324,000
Rows read: 1,326,000
Rows read: 1,328,000
Rows read: 1,330,000
Rows read: 1,332,000
Rows read: 1,334,000
Rows read: 1,336,000
Rows read: 1,338,000
Rows read: 1,340,000
Rows read: 1,342,000
Rows read: 1,344,000
Rows read: 1,346,000
Rows read: 1,348,000
Rows read: 1,350,000
Rows read: 1,352,000
Rows read: 1,354,000
Rows read: 1,356,000
Rows read: 1,358,000
Rows read: 1,360,000
Rows read: 1,362,000
Rows read: 1,364,000
Rows read: 1,366,000
Rows read: 1,368,000
Rows read: 1,370,000
Rows read: 1,372,000
Rows read: 1,374,000
Rows read: 1,376,000
Rows read: 1,378,000
Rows read: 1,380,000
Rows read: 1,382,000
Rows read: 1,384,000
Rows read: 1,386,000
Rows read: 1,388,000
Rows read: 1,390,000
Rows read: 1,392,000
Rows read: 1,394,000
Rows read: 1,396,000
Rows read: 1,398,000
Rows read: 1,400,000
Rows read: 1,402,000
Rows read: 1,404,000
Rows read: 1,406,000
Rows read: 1,408,000
Rows read: 1,410,000
Rows read: 1,412,000
Rows read: 1,414,000
Rows read: 1,416,000
Rows read: 1,418,000
Rows read: 1,420,000
Rows read: 1,422,000
Rows read: 1,424,000
Rows read: 1,426,000
Rows read: 1,428,000
Rows read: 1,430,000
Rows read: 1,432,000
Rows read: 1,434,000
Rows read: 1,436,000
Rows read: 1,438,000
Rows read: 1,440,000
Rows read: 1,442,000
Rows read: 1,444,000
Rows read: 1,446,000
Rows read: 1,448,000
Rows read: 1,450,000
Rows read: 1,452,000
Rows read: 1,454,000
Rows read: 1,456,000
Rows read: 1,458,000
Rows read: 1,460,000
Rows read: 1,462,000
Rows read: 1,464,000
Rows read: 1,466,000
Rows read: 1,468,000
Rows read: 1,470,000
Rows read: 1,472,000
Rows read: 1,474,000
Rows read: 1,476,000
Rows read: 1,478,000
Rows read: 1,480,000
Rows read: 1,482,000
Rows read: 1,484,000
Rows read: 1,486,000
Rows read: 1,488,000
Rows read: 1,490,000
Rows read: 1,492,000
Rows read: 1,494,000
Rows read: 1,496,000
Rows read: 1,498,000
Rows read: 1,500,000
Rows read: 1,502,000
Rows read: 1,504,000
Rows read: 1,506,000
Rows read: 1,508,000
Rows read: 1,510,000
Rows read: 1,512,000
Rows read: 1,514,000
Rows read: 1,516,000
Rows read: 1,518,000
Rows read: 1,520,000
Rows read: 1,522,000
Rows read: 1,524,000
Rows read: 1,526,000
Rows read: 1,528,000
Rows read: 1,530,000
Rows read: 1,532,000
Rows read: 1,534,000
Rows read: 1,536,000
Rows read: 1,538,000
Rows read: 1,540,000
Rows read: 1,542,000
Rows read: 1,544,000
Rows read: 1,546,000
Rows read: 1,548,000
Rows read: 1,550,000
Rows read: 1,552,000
Rows read: 1,554,000
Rows read: 1,556,000
Rows read: 1,558,000
Rows read: 1,560,000
Rows read: 1,562,000
Rows read: 1,564,000
Rows read: 1,566,000
Rows read: 1,568,000
Rows read: 1,570,000
Rows read: 1,572,000
Rows read: 1,574,000
Rows read: 1,576,000
Rows read: 1,578,000
Rows read: 1,580,000
Rows read: 1,582,000
Rows read: 1,584,000
Rows read: 1,586,000
Rows read: 1,588,000
Rows read: 1,590,000
Rows read: 1,592,000
Rows read: 1,594,000
Rows read: 1,596,000
Rows read: 1,598,000
Rows read: 1,600,000
Rows read: 1,602,000
Rows read: 1,604,000
Rows read: 1,606,000
Rows read: 1,608,000
Rows read: 1,610,000
Rows read: 1,612,000
Rows read: 1,614,000
Rows read: 1,616,000
Rows read: 1,618,000
Rows read: 1,620,000
Rows read: 1,622,000
Rows read: 1,624,000
Rows read: 1,626,000
Rows read: 1,628,000
Rows read: 1,630,000
Rows read: 1,632,000
Rows read: 1,634,000
Rows read: 1,636,000
Rows read: 1,638,000
Rows read: 1,640,000
Rows read: 1,642,000
Rows read: 1,644,000
Rows read: 1,646,000
Rows read: 1,648,000
Rows read: 1,650,000
Rows read: 1,652,000
Rows read: 1,654,000
Rows read: 1,656,000
Rows read: 1,658,000
Rows read: 1,660,000
Rows read: 1,662,000
Rows read: 1,664,000
Rows read: 1,666,000
Rows read: 1,668,000
Rows read: 1,670,000
Rows read: 1,672,000
Rows read: 1,674,000
Rows read: 1,676,000
Rows read: 1,678,000
Rows read: 1,680,000
Rows read: 1,682,000
Rows read: 1,684,000
Rows read: 1,686,000
Rows read: 1,688,000
Rows read: 1,690,000
Rows read: 1,692,000
Rows read: 1,694,000
Rows read: 1,696,000
Rows read: 1,698,000
Rows read: 1,700,000
Rows read: 1,702,000
Rows read: 1,704,000
Rows read: 1,706,000
Rows read: 1,708,000
Rows read: 1,710,000
Rows read: 1,712,000
Rows read: 1,714,000
Rows read: 1,716,000
Rows read: 1,718,000
Rows read: 1,720,000
Rows read: 1,722,000
Rows read: 1,724,000
Rows read: 1,726,000
Rows read: 1,728,000
Rows read: 1,730,000
Rows read: 1,732,000
Rows read: 1,734,000
Rows read: 1,736,000
Rows read: 1,738,000
Rows read: 1,740,000
Rows read: 1,742,000
Rows read: 1,744,000
Rows read: 1,746,000
Rows read: 1,748,000
Rows read: 1,750,000
Rows read: 1,752,000
Rows read: 1,754,000
Rows read: 1,756,000
Rows read: 1,758,000
Rows read: 1,760,000
Rows read: 1,762,000
Rows read: 1,764,000
Rows read: 1,766,000
Rows read: 1,768,000
Rows read: 1,770,000
Rows read: 1,772,000
Rows read: 1,774,000
Rows read: 1,776,000
Rows read: 1,778,000
Rows read: 1,780,000
Rows read: 1,782,000
Rows read: 1,784,000
Rows read: 1,786,000
Rows read: 1,788,000
Rows read: 1,790,000
Rows read: 1,792,000
Rows read: 1,794,000
Rows read: 1,796,000
Rows read: 1,798,000
Rows read: 1,800,000
Rows read: 1,802,000
Rows read: 1,804,000
Rows read: 1,806,000
Rows read: 1,808,000
Rows read: 1,810,000
Rows read: 1,812,000
Rows read: 1,814,000
Rows read: 1,816,000
Rows read: 1,818,000
Rows read: 1,820,000
Rows read: 1,822,000
Rows read: 1,824,000
Rows read: 1,826,000
Rows read: 1,828,000
Rows read: 1,830,000
Rows read: 1,832,000
Rows read: 1,834,000
Rows read: 1,836,000
Rows read: 1,838,000
Rows read: 1,840,000
Rows read: 1,842,000
Rows read: 1,844,000
Rows read: 1,846,000
Rows read: 1,848,000
Rows read: 1,850,000
Rows read: 1,852,000
Rows read: 1,854,000
Rows read: 1,856,000
Rows read: 1,858,000
Rows read: 1,860,000
Rows read: 1,862,000
Rows read: 1,864,000
Rows read: 1,866,000
Rows read: 1,868,000
Rows read: 1,870,000
Rows read: 1,872,000
Rows read: 1,874,000
Rows read: 1,876,000
Rows read: 1,878,000
Rows read: 1,880,000
Rows read: 1,882,000
Rows read: 1,884,000
Rows read: 1,886,000
Rows read: 1,888,000
Rows read: 1,890,000
Rows read: 1,892,000
Rows read: 1,894,000
Rows read: 1,896,000
Rows read: 1,898,000
Rows read: 1,900,000
Rows read: 1,902,000
Rows read: 1,904,000
Rows read: 1,906,000
Rows read: 1,908,000
Rows read: 1,910,000
Rows read: 1,912,000
Rows read: 1,914,000
Rows read: 1,916,000
Rows read: 1,918,000
Rows read: 1,920,000
Rows read: 1,922,000
Rows read: 1,924,000
Rows read: 1,926,000
Rows read: 1,928,000
Rows read: 1,930,000
Rows read: 1,932,000
Rows read: 1,934,000
Rows read: 1,936,000
Rows read: 1,938,000
Rows read: 1,940,000
Rows read: 1,942,000
Rows read: 1,944,000
Rows read: 1,946,000
Rows read: 1,948,000
Rows read: 1,950,000
Rows read: 1,952,000
Rows read: 1,954,000
Rows read: 1,956,000
Rows read: 1,958,000
Rows read: 1,960,000
Rows read: 1,962,000
Rows read: 1,964,000
Rows read: 1,966,000
Rows read: 1,968,000
Rows read: 1,970,000
Rows read: 1,972,000
Rows read: 1,974,000
Rows read: 1,976,000
Rows read: 1,978,000
Rows read: 1,980,000
Rows read: 1,982,000
Rows read: 1,984,000
Rows read: 1,986,000
Rows read: 1,988,000
Rows read: 1,990,000
Rows read: 1,992,000
Rows read: 1,994,000
Rows read: 1,996,000
Rows read: 1,998,000
Rows read: 2,000,000
Rows read: 2,002,000
Rows read: 2,004,000
Rows read: 2,006,000
Rows read: 2,008,000
Rows read: 2,010,000
Rows read: 2,012,000
Rows read: 2,014,000
Rows read: 2,016,000
Rows read: 2,018,000
Rows read: 2,020,000
Rows read: 2,022,000
Rows read: 2,024,000
Rows read: 2,026,000
Rows read: 2,028,000
Rows read: 2,030,000
Rows read: 2,032,000
Rows read: 2,034,000
Rows read: 2,036,000
Rows read: 2,038,000
Rows read: 2,040,000
Rows read: 2,042,000
Rows read: 2,044,000
Rows read: 2,046,000
Rows read: 2,048,000
Rows read: 2,050,000
Rows read: 2,052,000
Rows read: 2,054,000
Rows read: 2,056,000
Rows read: 2,058,000
Rows read: 2,060,000
Rows read: 2,062,000
Rows read: 2,064,000
Rows read: 2,066,000
Rows read: 2,068,000
Rows read: 2,070,000
Rows read: 2,072,000
Rows read: 2,074,000
Rows read: 2,076,000
Rows read: 2,078,000
Rows read: 2,080,000
Rows read: 2,082,000
Rows read: 2,084,000
Rows read: 2,086,000
Rows read: 2,088,000
Rows read: 2,090,000
Rows read: 2,092,000
Rows read: 2,094,000
Rows read: 2,096,000
Rows read: 2,098,000
Rows read: 2,100,000
Rows read: 2,102,000
Rows read: 2,104,000
Rows read: 2,106,000
Rows read: 2,108,000
Rows read: 2,110,000
Rows read: 2,112,000
Rows read: 2,114,000
Rows read: 2,116,000
Rows read: 2,118,000
Rows read: 2,120,000
Rows read: 2,122,000
Rows read: 2,124,000
Rows read: 2,126,000
Rows read: 2,128,000
Rows read: 2,130,000
Rows read: 2,132,000
Rows read: 2,134,000
Rows read: 2,136,000
Rows read: 2,138,000
Rows read: 2,140,000
Rows read: 2,142,000
Rows read: 2,144,000
Rows read: 2,146,000
Rows read: 2,148,000
Rows read: 2,150,000
Rows read: 2,152,000
Rows read: 2,154,000
Rows read: 2,156,000
Rows read: 2,158,000
Rows read: 2,160,000
Rows read: 2,162,000
Rows read: 2,164,000
Rows read: 2,166,000
Rows read: 2,168,000
Rows read: 2,170,000
Rows read: 2,172,000
Rows read: 2,174,000
Rows read: 2,176,000
Rows read: 2,178,000
Rows read: 2,180,000
Rows read: 2,182,000
Rows read: 2,184,000
Rows read: 2,186,000
Rows read: 2,188,000
Rows read: 2,190,000
Rows read: 2,192,000
Rows read: 2,194,000
Rows read: 2,196,000
Rows read: 2,198,000
Rows read: 2,200,000
Rows read: 2,202,000
Rows read: 2,204,000
Rows read: 2,206,000
Rows read: 2,208,000
Rows read: 2,210,000
Rows read: 2,212,000
Rows read: 2,214,000
Rows read: 2,216,000
Rows read: 2,218,000
Rows read: 2,220,000
Rows read: 2,222,000
Rows read: 2,224,000
Rows read: 2,226,000
Rows read: 2,228,000
Rows read: 2,230,000
Rows read: 2,232,000
Rows read: 2,234,000
Rows read: 2,236,000
Rows read: 2,238,000
Rows read: 2,240,000
Rows read: 2,242,000
Rows read: 2,244,000
Rows read: 2,246,000
Rows read: 2,248,000
Rows read: 2,250,000
Rows read: 2,252,000
Rows read: 2,254,000
Rows read: 2,256,000
Rows read: 2,258,000
Rows read: 2,260,000
Rows read: 2,262,000
Rows read: 2,264,000
Rows read: 2,266,000
Rows read: 2,268,000
Rows read: 2,270,000
Rows read: 2,272,000
Rows read: 2,274,000
Rows read: 2,276,000
Rows read: 2,278,000
Rows read: 2,280,000
Rows read: 2,282,000
Rows read: 2,284,000
Rows read: 2,286,000
Rows read: 2,288,000
Rows read: 2,290,000
Rows read: 2,292,000
Rows read: 2,294,000
Rows read: 2,296,000
Rows read: 2,298,000
Rows read: 2,300,000
Rows read: 2,302,000
Rows read: 2,304,000
Rows read: 2,306,000
Rows read: 2,308,000
Rows read: 2,310,000
Rows read: 2,312,000
Rows read: 2,314,000
Rows read: 2,316,000
Rows read: 2,318,000
Rows read: 2,320,000
Rows read: 2,322,000
Rows read: 2,324,000
Rows read: 2,326,000
Rows read: 2,328,000
Rows read: 2,330,000
Rows read: 2,332,000
Rows read: 2,334,000
Rows read: 2,336,000
Rows read: 2,338,000
Rows read: 2,340,000
Rows read: 2,342,000
Rows read: 2,344,000
Rows read: 2,346,000
Rows read: 2,348,000
Rows read: 2,350,000
Rows read: 2,352,000
Rows read: 2,354,000
Rows read: 2,356,000
Rows read: 2,358,000
Rows read: 2,360,000
Rows read: 2,362,000
Rows read: 2,364,000
Rows read: 2,366,000
Rows read: 2,368,000
Rows read: 2,370,000
Rows read: 2,372,000
Rows read: 2,374,000
Rows read: 2,376,000
Rows read: 2,378,000
Rows read: 2,380,000
Rows read: 2,382,000
Rows read: 2,384,000
Rows read: 2,386,000
Rows read: 2,388,000
Rows read: 2,390,000
Rows read: 2,392,000
Rows read: 2,394,000
Rows read: 2,396,000
Rows read: 2,398,000
Rows read: 2,400,000
Rows read: 2,402,000
Rows read: 2,404,000
Rows read: 2,406,000
Rows read: 2,408,000
Rows read: 2,410,000
Rows read: 2,412,000
Rows read: 2,414,000
Rows read: 2,416,000
Rows read: 2,418,000
Rows read: 2,420,000
Rows read: 2,422,000
Rows read: 2,424,000
Rows read: 2,426,000
Rows read: 2,428,000
Rows read: 2,430,000
Rows read: 2,432,000
Rows read: 2,434,000
Rows read: 2,436,000
Rows read: 2,438,000
Rows read: 2,440,000
Rows read: 2,442,000
Rows read: 2,444,000
Rows read: 2,446,000
Rows read: 2,448,000
Rows read: 2,450,000
Rows read: 2,452,000
Rows read: 2,454,000
Rows read: 2,456,000
Rows read: 2,458,000
Rows read: 2,460,000
Rows read: 2,462,000
Rows read: 2,464,000
Rows read: 2,466,000
Rows read: 2,468,000
Rows read: 2,470,000
Rows read: 2,472,000
Rows read: 2,474,000
Rows read: 2,476,000
Rows read: 2,478,000
Rows read: 2,480,000
Rows read: 2,482,000
Rows read: 2,484,000
Rows read: 2,486,000
Rows read: 2,488,000
Rows read: 2,490,000
Rows read: 2,492,000
Rows read: 2,494,000
Rows read: 2,496,000
Rows read: 2,498,000
Rows read: 2,500,000
Rows read: 2,502,000
Rows read: 2,504,000
Rows read: 2,506,000
Rows read: 2,508,000
Rows read: 2,510,000
Rows read: 2,512,000
Rows read: 2,514,000
Rows read: 2,516,000
Rows read: 2,518,000
Rows read: 2,520,000
Rows read: 2,522,000
Rows read: 2,524,000
Rows read: 2,526,000
Rows read: 2,528,000
Rows read: 2,530,000
Rows read: 2,532,000
Rows read: 2,534,000
Rows read: 2,536,000
Rows read: 2,538,000
Rows read: 2,540,000
Rows read: 2,542,000
Rows read: 2,544,000
Rows read: 2,546,000
Rows read: 2,548,000
Rows read: 2,550,000
Rows read: 2,552,000
Rows read: 2,554,000
Rows read: 2,556,000
Rows read: 2,558,000
Rows read: 2,560,000
Rows read: 2,562,000
Rows read: 2,564,000
Rows read: 2,566,000
Rows read: 2,568,000
Rows read: 2,570,000
Rows read: 2,572,000
Rows read: 2,574,000
Rows read: 2,576,000
Rows read: 2,578,000
Rows read: 2,580,000
Rows read: 2,582,000
Rows read: 2,584,000
Rows read: 2,586,000
Rows read: 2,588,000
Rows read: 2,590,000
Rows read: 2,592,000
Rows read: 2,594,000
Rows read: 2,596,000
Rows read: 2,598,000
Rows read: 2,600,000
Rows read: 2,602,000
Rows read: 2,604,000
Rows read: 2,606,000
Rows read: 2,608,000
Rows read: 2,610,000
Rows read: 2,612,000
Rows read: 2,614,000
Rows read: 2,616,000
Rows read: 2,618,000
Rows read: 2,620,000
Rows read: 2,622,000
Rows read: 2,624,000
Rows read: 2,626,000
Rows read: 2,628,000
Rows read: 2,630,000
Rows read: 2,632,000
Rows read: 2,634,000
Rows read: 2,636,000
Rows read: 2,638,000
Rows read: 2,640,000
Rows read: 2,642,000
Rows read: 2,644,000
Rows read: 2,646,000
Rows read: 2,648,000
Rows read: 2,650,000
Rows read: 2,652,000
Rows read: 2,654,000
Rows read: 2,656,000
Rows read: 2,658,000
Rows read: 2,660,000
Rows read: 2,662,000
Rows read: 2,664,000
Rows read: 2,666,000
Rows read: 2,668,000
Rows read: 2,670,000
Rows read: 2670086 done.
Rows read: 2,000
Rows read: 3493 done.
Rows read: 9 done.
Processing covariates
Task finished in 0.00199999999998113 seconds
Processing gene expression data (imputation, residualization)
Task finished in 0.0430000000000064 seconds
Creating output file(s)
Task finished in 0.0100000000000193 seconds
Performing eQTL analysis
 0.29% done, 227,000 eQTLs
 0.59% done, 389,902 eQTLs
 0.88% done, 602,027 eQTLs
 1.18% done, 758,199 eQTLs
 1.47% done, 963,913 eQTLs
 1.77% done, 1,120,338 eQTLs
 2.07% done, 1,308,064 eQTLs
 2.36% done, 1,452,542 eQTLs
 2.66% done, 1,606,811 eQTLs
 2.95% done, 1,733,960 eQTLs
 3.25% done, 1,954,867 eQTLs
 3.55% done, 2,118,552 eQTLs
 3.84% done, 2,304,164 eQTLs
 4.14% done, 2,434,018 eQTLs
 4.43% done, 2,648,569 eQTLs
 4.73% done, 2,804,619 eQTLs
 5.02% done, 3,057,033 eQTLs
 5.32% done, 3,244,931 eQTLs
 5.62% done, 3,538,473 eQTLs
 5.91% done, 3,752,354 eQTLs
 6.21% done, 3,935,458 eQTLs
 6.50% done, 4,072,055 eQTLs
 6.80% done, 4,273,025 eQTLs
 7.10% done, 4,422,870 eQTLs
 7.39% done, 4,614,674 eQTLs
 7.69% done, 4,754,561 eQTLs
 7.98% done, 4,946,312 eQTLs
 8.28% done, 5,091,687 eQTLs
 8.57% done, 5,316,001 eQTLs
 8.87% done, 5,483,740 eQTLs
 9.17% done, 5,719,650 eQTLs
 9.46% done, 5,891,039 eQTLs
 9.76% done, 6,102,648 eQTLs
10.05% done, 6,264,142 eQTLs
10.35% done, 6,499,495 eQTLs
10.65% done, 6,679,734 eQTLs
10.94% done, 6,885,003 eQTLs
11.24% done, 7,035,211 eQTLs
11.53% done, 7,252,291 eQTLs
11.83% done, 7,416,010 eQTLs
12.13% done, 7,647,244 eQTLs
12.42% done, 7,817,484 eQTLs
12.72% done, 8,047,484 eQTLs
13.01% done, 8,213,560 eQTLs
13.31% done, 8,421,290 eQTLs
13.60% done, 8,568,586 eQTLs
13.90% done, 8,784,444 eQTLs
14.20% done, 8,941,959 eQTLs
14.49% done, 9,177,223 eQTLs
14.79% done, 9,353,812 eQTLs
15.08% done, 9,548,949 eQTLs
15.38% done, 9,696,433 eQTLs
15.68% done, 9,916,078 eQTLs
15.97% done, 10,071,523 eQTLs
16.27% done, 10,278,636 eQTLs
16.56% done, 10,438,620 eQTLs
16.86% done, 10,680,789 eQTLs
17.15% done, 10,863,134 eQTLs
17.45% done, 11,049,214 eQTLs
17.75% done, 11,187,402 eQTLs
18.04% done, 11,424,488 eQTLs
18.34% done, 11,598,981 eQTLs
18.63% done, 11,796,026 eQTLs
18.93% done, 11,933,894 eQTLs
19.23% done, 12,120,185 eQTLs
19.52% done, 12,255,584 eQTLs
19.82% done, 12,455,499 eQTLs
20.11% done, 12,601,748 eQTLs
20.41% done, 12,782,191 eQTLs
20.71% done, 12,912,374 eQTLs
21.00% done, 13,142,910 eQTLs
21.30% done, 13,314,626 eQTLs
21.59% done, 13,523,721 eQTLs
21.89% done, 13,675,550 eQTLs
22.18% done, 13,910,718 eQTLs
22.48% done, 14,089,805 eQTLs
22.78% done, 14,266,297 eQTLs
23.07% done, 14,394,120 eQTLs
23.37% done, 14,561,131 eQTLs
23.66% done, 14,679,290 eQTLs
23.96% done, 14,893,207 eQTLs
24.26% done, 15,048,907 eQTLs
24.55% done, 15,229,210 eQTLs
24.85% done, 15,366,757 eQTLs
25.14% done, 15,596,661 eQTLs
25.44% done, 15,767,071 eQTLs
25.73% done, 15,968,894 eQTLs
26.03% done, 16,120,445 eQTLs
26.33% done, 16,350,941 eQTLs
26.62% done, 16,525,753 eQTLs
26.92% done, 16,720,420 eQTLs
27.21% done, 16,866,675 eQTLs
27.51% done, 17,057,812 eQTLs
27.81% done, 17,200,892 eQTLs
28.10% done, 17,454,182 eQTLs
28.40% done, 17,635,557 eQTLs
28.69% done, 17,839,881 eQTLs
28.99% done, 17,983,110 eQTLs
29.28% done, 18,181,425 eQTLs
29.58% done, 18,326,604 eQTLs
29.88% done, 18,531,970 eQTLs
30.17% done, 18,677,084 eQTLs
30.47% done, 18,887,337 eQTLs
30.76% done, 19,039,803 eQTLs
31.06% done, 19,260,797 eQTLs
31.36% done, 19,424,843 eQTLs
31.65% done, 19,615,226 eQTLs
31.95% done, 19,758,088 eQTLs
32.24% done, 19,941,686 eQTLs
32.54% done, 20,074,107 eQTLs
32.84% done, 20,246,172 eQTLs
33.13% done, 20,368,738 eQTLs
33.43% done, 20,600,654 eQTLs
33.72% done, 20,772,312 eQTLs
34.02% done, 20,975,751 eQTLs
34.31% done, 21,133,929 eQTLs
34.61% done, 21,385,674 eQTLs
34.91% done, 21,573,498 eQTLs
35.20% done, 21,779,941 eQTLs
35.50% done, 21,932,258 eQTLs
35.79% done, 22,164,894 eQTLs
36.09% done, 22,336,191 eQTLs
36.39% done, 22,602,568 eQTLs
36.68% done, 22,798,042 eQTLs
36.98% done, 22,986,339 eQTLs
37.27% done, 23,123,078 eQTLs
37.57% done, 23,355,844 eQTLs
37.86% done, 23,528,761 eQTLs
38.16% done, 23,756,636 eQTLs
38.46% done, 23,928,596 eQTLs
38.75% done, 24,126,972 eQTLs
39.05% done, 24,273,272 eQTLs
39.34% done, 24,455,134 eQTLs
39.64% done, 24,586,365 eQTLs
39.94% done, 24,788,702 eQTLs
40.23% done, 24,943,749 eQTLs
40.53% done, 25,157,306 eQTLs
40.82% done, 25,313,281 eQTLs
41.12% done, 25,581,683 eQTLs
41.42% done, 25,783,414 eQTLs
41.71% done, 26,005,630 eQTLs
42.01% done, 26,170,169 eQTLs
42.30% done, 26,368,143 eQTLs
42.60% done, 26,515,790 eQTLs
42.89% done, 26,690,571 eQTLs
43.19% done, 26,820,144 eQTLs
43.49% done, 27,007,819 eQTLs
43.78% done, 27,143,403 eQTLs
44.08% done, 27,342,409 eQTLs
44.37% done, 27,487,104 eQTLs
44.67% done, 27,717,173 eQTLs
44.97% done, 27,881,893 eQTLs
45.26% done, 28,086,144 eQTLs
45.56% done, 28,239,588 eQTLs
45.85% done, 28,428,575 eQTLs
46.15% done, 28,565,619 eQTLs
46.44% done, 28,835,764 eQTLs
46.74% done, 29,036,860 eQTLs
47.04% done, 29,254,306 eQTLs
47.33% done, 29,417,769 eQTLs
47.63% done, 29,607,001 eQTLs
47.92% done, 29,748,342 eQTLs
48.22% done, 29,973,073 eQTLs
48.52% done, 30,141,608 eQTLs
48.81% done, 30,336,763 eQTLs
49.11% done, 30,478,152 eQTLs
49.40% done, 30,673,162 eQTLs
49.70% done, 30,818,127 eQTLs
50.00% done, 31,025,452 eQTLs
50.29% done, 31,178,848 eQTLs
50.59% done, 31,370,840 eQTLs
50.88% done, 31,513,935 eQTLs
51.18% done, 31,711,949 eQTLs
51.47% done, 31,858,677 eQTLs
51.77% done, 32,050,725 eQTLs
52.07% done, 32,188,597 eQTLs
52.36% done, 32,391,963 eQTLs
52.66% done, 32,544,386 eQTLs
52.95% done, 32,756,898 eQTLs
53.25% done, 32,918,801 eQTLs
53.55% done, 33,111,061 eQTLs
53.84% done, 33,250,740 eQTLs
54.14% done, 33,447,224 eQTLs
54.43% done, 33,595,553 eQTLs
54.73% done, 33,776,980 eQTLs
55.02% done, 33,908,132 eQTLs
55.32% done, 34,108,575 eQTLs
55.62% done, 34,257,104 eQTLs
55.91% done, 34,485,661 eQTLs
56.21% done, 34,646,960 eQTLs
56.50% done, 34,840,744 eQTLs
56.80% done, 34,985,658 eQTLs
57.10% done, 35,242,146 eQTLs
57.39% done, 35,429,315 eQTLs
57.69% done, 35,638,035 eQTLs
57.98% done, 35,796,837 eQTLs
58.28% done, 35,993,849 eQTLs
58.57% done, 36,138,356 eQTLs
58.87% done, 36,399,647 eQTLs
59.17% done, 36,590,734 eQTLs
59.46% done, 36,795,201 eQTLs
59.76% done, 36,943,740 eQTLs
60.05% done, 37,136,931 eQTLs
60.35% done, 37,278,671 eQTLs
60.65% done, 37,517,980 eQTLs
60.94% done, 37,694,578 eQTLs
61.24% done, 37,889,716 eQTLs
61.53% done, 38,035,671 eQTLs
61.83% done, 38,262,966 eQTLs
62.13% done, 38,432,088 eQTLs
62.42% done, 38,677,976 eQTLs
62.72% done, 38,858,293 eQTLs
63.01% done, 39,037,311 eQTLs
63.31% done, 39,171,004 eQTLs
63.60% done, 39,418,360 eQTLs
63.90% done, 39,608,396 eQTLs
64.20% done, 39,912,992 eQTLs
64.49% done, 40,141,027 eQTLs
64.79% done, 40,360,625 eQTLs
65.08% done, 40,526,600 eQTLs
65.38% done, 40,721,700 eQTLs
65.68% done, 40,872,440 eQTLs
65.97% done, 41,046,358 eQTLs
66.27% done, 41,175,170 eQTLs
66.56% done, 41,341,023 eQTLs
66.86% done, 41,461,189 eQTLs
67.15% done, 41,638,994 eQTLs
67.45% done, 41,768,256 eQTLs
67.75% done, 41,941,193 eQTLs
68.04% done, 42,071,744 eQTLs
68.34% done, 42,273,793 eQTLs
68.63% done, 42,422,189 eQTLs
68.93% done, 42,611,314 eQTLs
69.23% done, 42,751,444 eQTLs
69.52% done, 42,982,679 eQTLs
69.82% done, 43,149,130 eQTLs
70.11% done, 43,351,044 eQTLs
70.41% done, 43,498,418 eQTLs
70.71% done, 43,705,386 eQTLs
71.00% done, 43,854,004 eQTLs
71.30% done, 44,098,562 eQTLs
71.59% done, 44,281,808 eQTLs
71.89% done, 44,509,416 eQTLs
72.18% done, 44,679,626 eQTLs
72.48% done, 44,848,163 eQTLs
72.78% done, 44,967,557 eQTLs
73.07% done, 45,183,147 eQTLs
73.37% done, 45,339,401 eQTLs
73.66% done, 45,504,530 eQTLs
73.96% done, 45,633,624 eQTLs
74.26% done, 45,807,117 eQTLs
74.55% done, 45,940,304 eQTLs
74.85% done, 46,130,414 eQTLs
75.14% done, 46,273,457 eQTLs
75.44% done, 46,495,706 eQTLs
75.73% done, 46,667,713 eQTLs
76.03% done, 46,873,746 eQTLs
76.33% done, 47,023,850 eQTLs
76.62% done, 47,263,112 eQTLs
76.92% done, 47,446,538 eQTLs
77.21% done, 47,641,706 eQTLs
77.51% done, 47,785,927 eQTLs
77.81% done, 47,939,764 eQTLs
78.10% done, 48,055,652 eQTLs
78.40% done, 48,266,010 eQTLs
78.69% done, 48,415,112 eQTLs
78.99% done, 48,606,870 eQTLs
79.28% done, 48,749,060 eQTLs
79.58% done, 48,936,096 eQTLs
79.88% done, 49,067,024 eQTLs
80.17% done, 49,255,269 eQTLs
80.47% done, 49,393,864 eQTLs
80.76% done, 49,569,601 eQTLs
81.06% done, 49,696,758 eQTLs
81.36% done, 49,919,172 eQTLs
81.65% done, 50,079,276 eQTLs
81.95% done, 50,291,073 eQTLs
82.24% done, 50,445,772 eQTLs
82.54% done, 50,632,605 eQTLs
82.84% done, 50,770,564 eQTLs
83.13% done, 50,976,737 eQTLs
83.43% done, 51,126,339 eQTLs
83.72% done, 51,324,210 eQTLs
84.02% done, 51,469,329 eQTLs
84.31% done, 51,677,518 eQTLs
84.61% done, 51,829,999 eQTLs
84.91% done, 52,043,034 eQTLs
85.20% done, 52,208,011 eQTLs
85.50% done, 52,412,826 eQTLs
85.79% done, 52,569,764 eQTLs
86.09% done, 52,764,589 eQTLs
86.39% done, 52,907,757 eQTLs
86.68% done, 53,128,312 eQTLs
86.98% done, 53,294,007 eQTLs
87.27% done, 53,545,406 eQTLs
87.57% done, 53,732,933 eQTLs
87.86% done, 53,911,314 eQTLs
88.16% done, 54,044,157 eQTLs
88.46% done, 54,235,264 eQTLs
88.75% done, 54,378,418 eQTLs
89.05% done, 54,585,251 eQTLs
89.34% done, 54,735,833 eQTLs
89.64% done, 54,952,209 eQTLs
89.94% done, 55,115,021 eQTLs
90.23% done, 55,355,471 eQTLs
90.53% done, 55,524,670 eQTLs
90.82% done, 55,768,563 eQTLs
91.12% done, 55,930,434 eQTLs
91.42% done, 56,098,754 eQTLs
91.71% done, 56,222,733 eQTLs
92.01% done, 56,416,947 eQTLs
92.30% done, 56,564,341 eQTLs
92.60% done, 56,746,015 eQTLs
92.89% done, 56,882,478 eQTLs
93.19% done, 57,065,930 eQTLs
93.49% done, 57,204,393 eQTLs
93.78% done, 57,451,196 eQTLs
94.08% done, 57,639,532 eQTLs
94.37% done, 57,827,539 eQTLs
94.67% done, 57,968,042 eQTLs
94.97% done, 58,185,585 eQTLs
95.26% done, 58,344,016 eQTLs
95.56% done, 58,566,994 eQTLs
95.85% done, 58,734,861 eQTLs
96.15% done, 58,936,176 eQTLs
96.44% done, 59,091,303 eQTLs
96.74% done, 59,275,431 eQTLs
97.04% done, 59,410,130 eQTLs
97.33% done, 59,602,060 eQTLs
97.63% done, 59,743,611 eQTLs
97.92% done, 59,968,440 eQTLs
98.22% done, 60,138,373 eQTLs
98.52% done, 60,361,904 eQTLs
98.81% done, 60,525,296 eQTLs
99.11% done, 60,751,772 eQTLs
99.40% done, 60,920,394 eQTLs
99.70% done, 61,038,935 eQTLs
100.00% done, 61,125,216 eQTLs
Task finished in 453.585 seconds

Warning message:
In Matrix_eQTL_main(snps = snps, gene = gene, cvrt = cvrt, output_file_name = output_file_name,  :
  Warning: pvOutputThreshold may be too large.
Expected number of findings > 58907698.5
