Loading required package: carData
Parsed with column specification:
cols(
  .default = col_double(),
  Protein = col_character()
)
See spec(...) for full column specifications.
Warning message:
Setting row names on a tibble is deprecated. 
Rows read: 2,000
Rows read: 4,000
Rows read: 6,000
Rows read: 8,000
Rows read: 10,000
Rows read: 12,000
Rows read: 14,000
Rows read: 16,000
Rows read: 18,000
Rows read: 20,000
Rows read: 22,000
Rows read: 24,000
Rows read: 26,000
Rows read: 28,000
Rows read: 30,000
Rows read: 32,000
Rows read: 34,000
Rows read: 36,000
Rows read: 38,000
Rows read: 40,000
Rows read: 42,000
Rows read: 44,000
Rows read: 46,000
Rows read: 48,000
Rows read: 50,000
Rows read: 52,000
Rows read: 54,000
Rows read: 56,000
Rows read: 58,000
Rows read: 60,000
Rows read: 62,000
Rows read: 64,000
Rows read: 66,000
Rows read: 68,000
Rows read: 70,000
Rows read: 72,000
Rows read: 74,000
Rows read: 76,000
Rows read: 78,000
Rows read: 80,000
Rows read: 82,000
Rows read: 84,000
Rows read: 86,000
Rows read: 88,000
Rows read: 90,000
Rows read: 92,000
Rows read: 94,000
Rows read: 96,000
Rows read: 98,000
Rows read: 100,000
Rows read: 102,000
Rows read: 104,000
Rows read: 106,000
Rows read: 108,000
Rows read: 110,000
Rows read: 112,000
Rows read: 114,000
Rows read: 116,000
Rows read: 118,000
Rows read: 120,000
Rows read: 122,000
Rows read: 124,000
Rows read: 126,000
Rows read: 128,000
Rows read: 130,000
Rows read: 132,000
Rows read: 134,000
Rows read: 136,000
Rows read: 138,000
Rows read: 140,000
Rows read: 142,000
Rows read: 144,000
Rows read: 146,000
Rows read: 148,000
Rows read: 150,000
Rows read: 152,000
Rows read: 154,000
Rows read: 156,000
Rows read: 158,000
Rows read: 160,000
Rows read: 162,000
Rows read: 164,000
Rows read: 166,000
Rows read: 168,000
Rows read: 170,000
Rows read: 172,000
Rows read: 174,000
Rows read: 176,000
Rows read: 178,000
Rows read: 180,000
Rows read: 182,000
Rows read: 184,000
Rows read: 186,000
Rows read: 188,000
Rows read: 190,000
Rows read: 192,000
Rows read: 194,000
Rows read: 196,000
Rows read: 198,000
Rows read: 200,000
Rows read: 202,000
Rows read: 204,000
Rows read: 206,000
Rows read: 208,000
Rows read: 210,000
Rows read: 212,000
Rows read: 214,000
Rows read: 216,000
Rows read: 218,000
Rows read: 220,000
Rows read: 222,000
Rows read: 224,000
Rows read: 226,000
Rows read: 228,000
Rows read: 230,000
Rows read: 232,000
Rows read: 234,000
Rows read: 236,000
Rows read: 238,000
Rows read: 240,000
Rows read: 242,000
Rows read: 244,000
Rows read: 246,000
Rows read: 248,000
Rows read: 250,000
Rows read: 252,000
Rows read: 254,000
Rows read: 256,000
Rows read: 258,000
Rows read: 260,000
Rows read: 262,000
Rows read: 264,000
Rows read: 266,000
Rows read: 268,000
Rows read: 270,000
Rows read: 272,000
Rows read: 274,000
Rows read: 276,000
Rows read: 278,000
Rows read: 280,000
Rows read: 282,000
Rows read: 284,000
Rows read: 286,000
Rows read: 288,000
Rows read: 290,000
Rows read: 292,000
Rows read: 294,000
Rows read: 296,000
Rows read: 298,000
Rows read: 300,000
Rows read: 302,000
Rows read: 304,000
Rows read: 306,000
Rows read: 308,000
Rows read: 310,000
Rows read: 312,000
Rows read: 314,000
Rows read: 316,000
Rows read: 318,000
Rows read: 320,000
Rows read: 322,000
Rows read: 324,000
Rows read: 326,000
Rows read: 328,000
Rows read: 330,000
Rows read: 332,000
Rows read: 334,000
Rows read: 336,000
Rows read: 338,000
Rows read: 340,000
Rows read: 342,000
Rows read: 344,000
Rows read: 346,000
Rows read: 348,000
Rows read: 350,000
Rows read: 352,000
Rows read: 354,000
Rows read: 356,000
Rows read: 358,000
Rows read: 360,000
Rows read: 362,000
Rows read: 364,000
Rows read: 366,000
Rows read: 368,000
Rows read: 370,000
Rows read: 372,000
Rows read: 374,000
Rows read: 376,000
Rows read: 378,000
Rows read: 380,000
Rows read: 382,000
Rows read: 384,000
Rows read: 386,000
Rows read: 388,000
Rows read: 390,000
Rows read: 392,000
Rows read: 394,000
Rows read: 396,000
Rows read: 398,000
Rows read: 400,000
Rows read: 402,000
Rows read: 404,000
Rows read: 406,000
Rows read: 408,000
Rows read: 410,000
Rows read: 412,000
Rows read: 414,000
Rows read: 416,000
Rows read: 418,000
Rows read: 420,000
Rows read: 422,000
Rows read: 424,000
Rows read: 426,000
Rows read: 428,000
Rows read: 430,000
Rows read: 432,000
Rows read: 434,000
Rows read: 436,000
Rows read: 438,000
Rows read: 440,000
Rows read: 442,000
Rows read: 444,000
Rows read: 446,000
Rows read: 448,000
Rows read: 450,000
Rows read: 452,000
Rows read: 454,000
Rows read: 456,000
Rows read: 458,000
Rows read: 460,000
Rows read: 462,000
Rows read: 464,000
Rows read: 466,000
Rows read: 468,000
Rows read: 470,000
Rows read: 472,000
Rows read: 474,000
Rows read: 476,000
Rows read: 478,000
Rows read: 480,000
Rows read: 482,000
Rows read: 484,000
Rows read: 486,000
Rows read: 488,000
Rows read: 490,000
Rows read: 492,000
Rows read: 494,000
Rows read: 496,000
Rows read: 498,000
Rows read: 500,000
Rows read: 502,000
Rows read: 504,000
Rows read: 506,000
Rows read: 508,000
Rows read: 510,000
Rows read: 512,000
Rows read: 514,000
Rows read: 516,000
Rows read: 518,000
Rows read: 520,000
Rows read: 522,000
Rows read: 524,000
Rows read: 526,000
Rows read: 528,000
Rows read: 530,000
Rows read: 532,000
Rows read: 534,000
Rows read: 536,000
Rows read: 538,000
Rows read: 540,000
Rows read: 542,000
Rows read: 544,000
Rows read: 546,000
Rows read: 548,000
Rows read: 550,000
Rows read: 552,000
Rows read: 554,000
Rows read: 556,000
Rows read: 558,000
Rows read: 560,000
Rows read: 562,000
Rows read: 564,000
Rows read: 566,000
Rows read: 568,000
Rows read: 570,000
Rows read: 572,000
Rows read: 574,000
Rows read: 576,000
Rows read: 578,000
Rows read: 580,000
Rows read: 582,000
Rows read: 584,000
Rows read: 586,000
Rows read: 588,000
Rows read: 590,000
Rows read: 592,000
Rows read: 594,000
Rows read: 596,000
Rows read: 598,000
Rows read: 600,000
Rows read: 602,000
Rows read: 604,000
Rows read: 606,000
Rows read: 608,000
Rows read: 610,000
Rows read: 612,000
Rows read: 614,000
Rows read: 616,000
Rows read: 618,000
Rows read: 620,000
Rows read: 622,000
Rows read: 624,000
Rows read: 626,000
Rows read: 628,000
Rows read: 630,000
Rows read: 632,000
Rows read: 634,000
Rows read: 636,000
Rows read: 638,000
Rows read: 640,000
Rows read: 642,000
Rows read: 644,000
Rows read: 646,000
Rows read: 648,000
Rows read: 650,000
Rows read: 652,000
Rows read: 654,000
Rows read: 656,000
Rows read: 658,000
Rows read: 660,000
Rows read: 662,000
Rows read: 664,000
Rows read: 666,000
Rows read: 668,000
Rows read: 670,000
Rows read: 672,000
Rows read: 674,000
Rows read: 676,000
Rows read: 678,000
Rows read: 680,000
Rows read: 682,000
Rows read: 684,000
Rows read: 686,000
Rows read: 688,000
Rows read: 690,000
Rows read: 692,000
Rows read: 694,000
Rows read: 696,000
Rows read: 698,000
Rows read: 700,000
Rows read: 702,000
Rows read: 704,000
Rows read: 706,000
Rows read: 708,000
Rows read: 710,000
Rows read: 712,000
Rows read: 714,000
Rows read: 716,000
Rows read: 718,000
Rows read: 720,000
Rows read: 722,000
Rows read: 724,000
Rows read: 726,000
Rows read: 728,000
Rows read: 730,000
Rows read: 732,000
Rows read: 734,000
Rows read: 736,000
Rows read: 738,000
Rows read: 740,000
Rows read: 742,000
Rows read: 744,000
Rows read: 746,000
Rows read: 748,000
Rows read: 750,000
Rows read: 752,000
Rows read: 754,000
Rows read: 756,000
Rows read: 758,000
Rows read: 760,000
Rows read: 762,000
Rows read: 764,000
Rows read: 766,000
Rows read: 768,000
Rows read: 770,000
Rows read: 772,000
Rows read: 774,000
Rows read: 776,000
Rows read: 778,000
Rows read: 780,000
Rows read: 782,000
Rows read: 784,000
Rows read: 786,000
Rows read: 788,000
Rows read: 790,000
Rows read: 792,000
Rows read: 794,000
Rows read: 796,000
Rows read: 798,000
Rows read: 800,000
Rows read: 802,000
Rows read: 804,000
Rows read: 806,000
Rows read: 808,000
Rows read: 810,000
Rows read: 812,000
Rows read: 814,000
Rows read: 816,000
Rows read: 818,000
Rows read: 820,000
Rows read: 822,000
Rows read: 824,000
Rows read: 826,000
Rows read: 828,000
Rows read: 830,000
Rows read: 832,000
Rows read: 834,000
Rows read: 836,000
Rows read: 838,000
Rows read: 840,000
Rows read: 842,000
Rows read: 844,000
Rows read: 846,000
Rows read: 848,000
Rows read: 850,000
Rows read: 852,000
Rows read: 854,000
Rows read: 856,000
Rows read: 858,000
Rows read: 860,000
Rows read: 862,000
Rows read: 864,000
Rows read: 866,000
Rows read: 868,000
Rows read: 870,000
Rows read: 872,000
Rows read: 874,000
Rows read: 876,000
Rows read: 878,000
Rows read: 880,000
Rows read: 882,000
Rows read: 884,000
Rows read: 886,000
Rows read: 888,000
Rows read: 890,000
Rows read: 892,000
Rows read: 894,000
Rows read: 896,000
Rows read: 898,000
Rows read: 900,000
Rows read: 902,000
Rows read: 904,000
Rows read: 906,000
Rows read: 908,000
Rows read: 910,000
Rows read: 912,000
Rows read: 914,000
Rows read: 916,000
Rows read: 918,000
Rows read: 920,000
Rows read: 922,000
Rows read: 924,000
Rows read: 926,000
Rows read: 928,000
Rows read: 930,000
Rows read: 932,000
Rows read: 934,000
Rows read: 936,000
Rows read: 938,000
Rows read: 940,000
Rows read: 942,000
Rows read: 944,000
Rows read: 946,000
Rows read: 948,000
Rows read: 950,000
Rows read: 952,000
Rows read: 954,000
Rows read: 956,000
Rows read: 958,000
Rows read: 960,000
Rows read: 962,000
Rows read: 964,000
Rows read: 966,000
Rows read: 968,000
Rows read: 970,000
Rows read: 972,000
Rows read: 974,000
Rows read: 976,000
Rows read: 978,000
Rows read: 980,000
Rows read: 982,000
Rows read: 984,000
Rows read: 986,000
Rows read: 988,000
Rows read: 990,000
Rows read: 992,000
Rows read: 994,000
Rows read: 996,000
Rows read: 998,000
Rows read: 1,000,000
Rows read: 1,002,000
Rows read: 1,004,000
Rows read: 1,006,000
Rows read: 1,008,000
Rows read: 1,010,000
Rows read: 1,012,000
Rows read: 1,014,000
Rows read: 1,016,000
Rows read: 1,018,000
Rows read: 1,020,000
Rows read: 1,022,000
Rows read: 1,024,000
Rows read: 1,026,000
Rows read: 1,028,000
Rows read: 1,030,000
Rows read: 1,032,000
Rows read: 1,034,000
Rows read: 1,036,000
Rows read: 1,038,000
Rows read: 1,040,000
Rows read: 1,042,000
Rows read: 1,044,000
Rows read: 1,046,000
Rows read: 1,048,000
Rows read: 1,050,000
Rows read: 1,052,000
Rows read: 1,054,000
Rows read: 1,056,000
Rows read: 1,058,000
Rows read: 1,060,000
Rows read: 1,062,000
Rows read: 1,064,000
Rows read: 1,066,000
Rows read: 1,068,000
Rows read: 1,070,000
Rows read: 1,072,000
Rows read: 1,074,000
Rows read: 1,076,000
Rows read: 1,078,000
Rows read: 1,080,000
Rows read: 1,082,000
Rows read: 1,084,000
Rows read: 1,086,000
Rows read: 1,088,000
Rows read: 1,090,000
Rows read: 1,092,000
Rows read: 1,094,000
Rows read: 1,096,000
Rows read: 1,098,000
Rows read: 1,100,000
Rows read: 1,102,000
Rows read: 1,104,000
Rows read: 1,106,000
Rows read: 1,108,000
Rows read: 1,110,000
Rows read: 1,112,000
Rows read: 1,114,000
Rows read: 1,116,000
Rows read: 1,118,000
Rows read: 1,120,000
Rows read: 1,122,000
Rows read: 1,124,000
Rows read: 1,126,000
Rows read: 1,128,000
Rows read: 1,130,000
Rows read: 1,132,000
Rows read: 1,134,000
Rows read: 1,136,000
Rows read: 1,138,000
Rows read: 1,140,000
Rows read: 1,142,000
Rows read: 1,144,000
Rows read: 1,146,000
Rows read: 1,148,000
Rows read: 1,150,000
Rows read: 1,152,000
Rows read: 1,154,000
Rows read: 1,156,000
Rows read: 1,158,000
Rows read: 1,160,000
Rows read: 1,162,000
Rows read: 1,164,000
Rows read: 1,166,000
Rows read: 1,168,000
Rows read: 1,170,000
Rows read: 1,172,000
Rows read: 1,174,000
Rows read: 1,176,000
Rows read: 1,178,000
Rows read: 1,180,000
Rows read: 1,182,000
Rows read: 1,184,000
Rows read: 1,186,000
Rows read: 1,188,000
Rows read: 1,190,000
Rows read: 1,192,000
Rows read: 1,194,000
Rows read: 1,196,000
Rows read: 1,198,000
Rows read: 1,200,000
Rows read: 1,202,000
Rows read: 1,204,000
Rows read: 1,206,000
Rows read: 1,208,000
Rows read: 1,210,000
Rows read: 1,212,000
Rows read: 1,214,000
Rows read: 1,216,000
Rows read: 1,218,000
Rows read: 1,220,000
Rows read: 1,222,000
Rows read: 1,224,000
Rows read: 1,226,000
Rows read: 1,228,000
Rows read: 1,230,000
Rows read: 1,232,000
Rows read: 1,234,000
Rows read: 1,236,000
Rows read: 1,238,000
Rows read: 1,240,000
Rows read: 1,242,000
Rows read: 1,244,000
Rows read: 1,246,000
Rows read: 1,248,000
Rows read: 1,250,000
Rows read: 1,252,000
Rows read: 1,254,000
Rows read: 1,256,000
Rows read: 1,258,000
Rows read: 1,260,000
Rows read: 1,262,000
Rows read: 1,264,000
Rows read: 1,266,000
Rows read: 1,268,000
Rows read: 1,270,000
Rows read: 1,272,000
Rows read: 1,274,000
Rows read: 1,276,000
Rows read: 1,278,000
Rows read: 1,280,000
Rows read: 1,282,000
Rows read: 1,284,000
Rows read: 1,286,000
Rows read: 1,288,000
Rows read: 1,290,000
Rows read: 1,292,000
Rows read: 1,294,000
Rows read: 1,296,000
Rows read: 1,298,000
Rows read: 1,300,000
Rows read: 1,302,000
Rows read: 1,304,000
Rows read: 1,306,000
Rows read: 1,308,000
Rows read: 1,310,000
Rows read: 1,312,000
Rows read: 1,314,000
Rows read: 1,316,000
Rows read: 1,318,000
Rows read: 1,320,000
Rows read: 1,322,000
Rows read: 1,324,000
Rows read: 1,326,000
Rows read: 1,328,000
Rows read: 1,330,000
Rows read: 1,332,000
Rows read: 1,334,000
Rows read: 1,336,000
Rows read: 1,338,000
Rows read: 1,340,000
Rows read: 1,342,000
Rows read: 1,344,000
Rows read: 1,346,000
Rows read: 1,348,000
Rows read: 1,350,000
Rows read: 1,352,000
Rows read: 1,354,000
Rows read: 1,356,000
Rows read: 1,358,000
Rows read: 1,360,000
Rows read: 1,362,000
Rows read: 1,364,000
Rows read: 1,366,000
Rows read: 1,368,000
Rows read: 1,370,000
Rows read: 1,372,000
Rows read: 1,374,000
Rows read: 1,376,000
Rows read: 1,378,000
Rows read: 1,380,000
Rows read: 1,382,000
Rows read: 1,384,000
Rows read: 1,386,000
Rows read: 1,388,000
Rows read: 1,390,000
Rows read: 1,392,000
Rows read: 1,394,000
Rows read: 1,396,000
Rows read: 1,398,000
Rows read: 1,400,000
Rows read: 1,402,000
Rows read: 1,404,000
Rows read: 1,406,000
Rows read: 1,408,000
Rows read: 1,410,000
Rows read: 1,412,000
Rows read: 1,414,000
Rows read: 1,416,000
Rows read: 1,418,000
Rows read: 1,420,000
Rows read: 1,422,000
Rows read: 1,424,000
Rows read: 1,426,000
Rows read: 1,428,000
Rows read: 1,430,000
Rows read: 1,432,000
Rows read: 1,434,000
Rows read: 1,436,000
Rows read: 1,438,000
Rows read: 1,440,000
Rows read: 1,442,000
Rows read: 1,444,000
Rows read: 1,446,000
Rows read: 1,448,000
Rows read: 1,450,000
Rows read: 1,452,000
Rows read: 1,454,000
Rows read: 1,456,000
Rows read: 1,458,000
Rows read: 1,460,000
Rows read: 1,462,000
Rows read: 1,464,000
Rows read: 1,466,000
Rows read: 1,468,000
Rows read: 1,470,000
Rows read: 1,472,000
Rows read: 1,474,000
Rows read: 1,476,000
Rows read: 1,478,000
Rows read: 1,480,000
Rows read: 1,482,000
Rows read: 1,484,000
Rows read: 1,486,000
Rows read: 1,488,000
Rows read: 1,490,000
Rows read: 1,492,000
Rows read: 1,494,000
Rows read: 1,496,000
Rows read: 1,498,000
Rows read: 1,500,000
Rows read: 1,502,000
Rows read: 1,504,000
Rows read: 1,506,000
Rows read: 1,508,000
Rows read: 1,510,000
Rows read: 1,512,000
Rows read: 1,514,000
Rows read: 1,516,000
Rows read: 1,518,000
Rows read: 1,520,000
Rows read: 1,522,000
Rows read: 1,524,000
Rows read: 1,526,000
Rows read: 1,528,000
Rows read: 1,530,000
Rows read: 1,532,000
Rows read: 1,534,000
Rows read: 1,536,000
Rows read: 1,538,000
Rows read: 1,540,000
Rows read: 1,542,000
Rows read: 1,544,000
Rows read: 1,546,000
Rows read: 1,548,000
Rows read: 1,550,000
Rows read: 1,552,000
Rows read: 1,554,000
Rows read: 1,556,000
Rows read: 1,558,000
Rows read: 1,560,000
Rows read: 1,562,000
Rows read: 1,564,000
Rows read: 1,566,000
Rows read: 1,568,000
Rows read: 1,570,000
Rows read: 1,572,000
Rows read: 1,574,000
Rows read: 1,576,000
Rows read: 1,578,000
Rows read: 1,580,000
Rows read: 1,582,000
Rows read: 1,584,000
Rows read: 1,586,000
Rows read: 1,588,000
Rows read: 1,590,000
Rows read: 1,592,000
Rows read: 1,594,000
Rows read: 1,596,000
Rows read: 1,598,000
Rows read: 1,600,000
Rows read: 1,602,000
Rows read: 1,604,000
Rows read: 1,606,000
Rows read: 1,608,000
Rows read: 1,610,000
Rows read: 1,612,000
Rows read: 1,614,000
Rows read: 1,616,000
Rows read: 1,618,000
Rows read: 1,620,000
Rows read: 1,622,000
Rows read: 1,624,000
Rows read: 1,626,000
Rows read: 1,628,000
Rows read: 1,630,000
Rows read: 1,632,000
Rows read: 1,634,000
Rows read: 1,636,000
Rows read: 1,638,000
Rows read: 1,640,000
Rows read: 1,642,000
Rows read: 1,644,000
Rows read: 1,646,000
Rows read: 1,648,000
Rows read: 1,650,000
Rows read: 1,652,000
Rows read: 1,654,000
Rows read: 1,656,000
Rows read: 1,658,000
Rows read: 1,660,000
Rows read: 1,662,000
Rows read: 1,664,000
Rows read: 1,666,000
Rows read: 1,668,000
Rows read: 1,670,000
Rows read: 1,672,000
Rows read: 1,674,000
Rows read: 1,676,000
Rows read: 1,678,000
Rows read: 1,680,000
Rows read: 1,682,000
Rows read: 1,684,000
Rows read: 1,686,000
Rows read: 1,688,000
Rows read: 1,690,000
Rows read: 1,692,000
Rows read: 1,694,000
Rows read: 1,696,000
Rows read: 1,698,000
Rows read: 1,700,000
Rows read: 1,702,000
Rows read: 1,704,000
Rows read: 1,706,000
Rows read: 1,708,000
Rows read: 1,710,000
Rows read: 1,712,000
Rows read: 1,714,000
Rows read: 1,716,000
Rows read: 1,718,000
Rows read: 1,720,000
Rows read: 1,722,000
Rows read: 1,724,000
Rows read: 1,726,000
Rows read: 1,728,000
Rows read: 1,730,000
Rows read: 1,732,000
Rows read: 1,734,000
Rows read: 1,736,000
Rows read: 1,738,000
Rows read: 1,740,000
Rows read: 1,742,000
Rows read: 1,744,000
Rows read: 1,746,000
Rows read: 1,748,000
Rows read: 1,750,000
Rows read: 1,752,000
Rows read: 1,754,000
Rows read: 1,756,000
Rows read: 1,758,000
Rows read: 1,760,000
Rows read: 1,762,000
Rows read: 1,764,000
Rows read: 1,766,000
Rows read: 1,768,000
Rows read: 1,770,000
Rows read: 1,772,000
Rows read: 1,774,000
Rows read: 1,776,000
Rows read: 1,778,000
Rows read: 1,780,000
Rows read: 1,782,000
Rows read: 1,784,000
Rows read: 1,786,000
Rows read: 1,788,000
Rows read: 1,790,000
Rows read: 1,792,000
Rows read: 1,794,000
Rows read: 1,796,000
Rows read: 1,798,000
Rows read: 1,800,000
Rows read: 1,802,000
Rows read: 1,804,000
Rows read: 1,806,000
Rows read: 1,808,000
Rows read: 1,810,000
Rows read: 1,812,000
Rows read: 1,814,000
Rows read: 1,816,000
Rows read: 1,818,000
Rows read: 1,820,000
Rows read: 1,822,000
Rows read: 1,824,000
Rows read: 1,826,000
Rows read: 1,828,000
Rows read: 1,830,000
Rows read: 1,832,000
Rows read: 1,834,000
Rows read: 1,836,000
Rows read: 1,838,000
Rows read: 1,840,000
Rows read: 1,842,000
Rows read: 1,844,000
Rows read: 1,846,000
Rows read: 1,848,000
Rows read: 1,850,000
Rows read: 1,852,000
Rows read: 1,854,000
Rows read: 1,856,000
Rows read: 1,858,000
Rows read: 1,860,000
Rows read: 1,862,000
Rows read: 1,864,000
Rows read: 1,866,000
Rows read: 1,868,000
Rows read: 1,870,000
Rows read: 1,872,000
Rows read: 1,874,000
Rows read: 1,876,000
Rows read: 1,878,000
Rows read: 1,880,000
Rows read: 1,882,000
Rows read: 1,884,000
Rows read: 1,886,000
Rows read: 1,888,000
Rows read: 1,890,000
Rows read: 1,892,000
Rows read: 1,894,000
Rows read: 1,896,000
Rows read: 1,898,000
Rows read: 1,900,000
Rows read: 1,902,000
Rows read: 1,904,000
Rows read: 1,906,000
Rows read: 1,908,000
Rows read: 1,910,000
Rows read: 1,912,000
Rows read: 1,914,000
Rows read: 1,916,000
Rows read: 1,918,000
Rows read: 1,920,000
Rows read: 1,922,000
Rows read: 1,924,000
Rows read: 1,926,000
Rows read: 1,928,000
Rows read: 1,930,000
Rows read: 1,932,000
Rows read: 1,934,000
Rows read: 1,936,000
Rows read: 1,938,000
Rows read: 1,940,000
Rows read: 1,942,000
Rows read: 1,944,000
Rows read: 1,946,000
Rows read: 1,948,000
Rows read: 1,950,000
Rows read: 1,952,000
Rows read: 1,954,000
Rows read: 1,956,000
Rows read: 1,958,000
Rows read: 1,960,000
Rows read: 1,962,000
Rows read: 1,964,000
Rows read: 1,966,000
Rows read: 1,968,000
Rows read: 1,970,000
Rows read: 1,972,000
Rows read: 1,974,000
Rows read: 1,976,000
Rows read: 1,978,000
Rows read: 1,980,000
Rows read: 1,982,000
Rows read: 1,984,000
Rows read: 1,986,000
Rows read: 1,988,000
Rows read: 1,990,000
Rows read: 1,992,000
Rows read: 1,994,000
Rows read: 1,996,000
Rows read: 1,998,000
Rows read: 2,000,000
Rows read: 2,002,000
Rows read: 2,004,000
Rows read: 2,006,000
Rows read: 2,008,000
Rows read: 2,010,000
Rows read: 2,012,000
Rows read: 2,014,000
Rows read: 2,016,000
Rows read: 2,018,000
Rows read: 2,020,000
Rows read: 2,022,000
Rows read: 2,024,000
Rows read: 2,026,000
Rows read: 2,028,000
Rows read: 2,030,000
Rows read: 2,032,000
Rows read: 2,034,000
Rows read: 2,036,000
Rows read: 2,038,000
Rows read: 2,040,000
Rows read: 2,042,000
Rows read: 2,044,000
Rows read: 2,046,000
Rows read: 2,048,000
Rows read: 2,050,000
Rows read: 2,052,000
Rows read: 2,054,000
Rows read: 2,056,000
Rows read: 2,058,000
Rows read: 2,060,000
Rows read: 2,062,000
Rows read: 2,064,000
Rows read: 2,066,000
Rows read: 2,068,000
Rows read: 2,070,000
Rows read: 2,072,000
Rows read: 2,074,000
Rows read: 2,076,000
Rows read: 2,078,000
Rows read: 2,080,000
Rows read: 2,082,000
Rows read: 2,084,000
Rows read: 2,086,000
Rows read: 2,088,000
Rows read: 2,090,000
Rows read: 2,092,000
Rows read: 2,094,000
Rows read: 2,096,000
Rows read: 2,098,000
Rows read: 2,100,000
Rows read: 2,102,000
Rows read: 2,104,000
Rows read: 2,106,000
Rows read: 2,108,000
Rows read: 2,110,000
Rows read: 2,112,000
Rows read: 2,114,000
Rows read: 2,116,000
Rows read: 2,118,000
Rows read: 2,120,000
Rows read: 2,122,000
Rows read: 2,124,000
Rows read: 2,126,000
Rows read: 2,128,000
Rows read: 2,130,000
Rows read: 2,132,000
Rows read: 2,134,000
Rows read: 2,136,000
Rows read: 2,138,000
Rows read: 2,140,000
Rows read: 2,142,000
Rows read: 2,144,000
Rows read: 2,146,000
Rows read: 2,148,000
Rows read: 2,150,000
Rows read: 2,152,000
Rows read: 2,154,000
Rows read: 2,156,000
Rows read: 2,158,000
Rows read: 2,160,000
Rows read: 2,162,000
Rows read: 2,164,000
Rows read: 2,166,000
Rows read: 2,168,000
Rows read: 2,170,000
Rows read: 2,172,000
Rows read: 2,174,000
Rows read: 2,176,000
Rows read: 2,178,000
Rows read: 2,180,000
Rows read: 2,182,000
Rows read: 2,184,000
Rows read: 2,186,000
Rows read: 2,188,000
Rows read: 2,190,000
Rows read: 2,192,000
Rows read: 2,194,000
Rows read: 2,196,000
Rows read: 2,198,000
Rows read: 2,200,000
Rows read: 2,202,000
Rows read: 2,204,000
Rows read: 2,206,000
Rows read: 2,208,000
Rows read: 2,210,000
Rows read: 2,212,000
Rows read: 2,214,000
Rows read: 2,216,000
Rows read: 2,218,000
Rows read: 2,220,000
Rows read: 2,222,000
Rows read: 2,224,000
Rows read: 2,226,000
Rows read: 2,228,000
Rows read: 2,230,000
Rows read: 2,232,000
Rows read: 2,234,000
Rows read: 2,236,000
Rows read: 2,238,000
Rows read: 2,240,000
Rows read: 2,242,000
Rows read: 2,244,000
Rows read: 2,246,000
Rows read: 2,248,000
Rows read: 2,250,000
Rows read: 2,252,000
Rows read: 2,254,000
Rows read: 2,256,000
Rows read: 2,258,000
Rows read: 2,260,000
Rows read: 2,262,000
Rows read: 2,264,000
Rows read: 2,266,000
Rows read: 2,268,000
Rows read: 2,270,000
Rows read: 2,272,000
Rows read: 2,274,000
Rows read: 2,276,000
Rows read: 2,278,000
Rows read: 2,280,000
Rows read: 2,282,000
Rows read: 2,284,000
Rows read: 2,286,000
Rows read: 2,288,000
Rows read: 2,290,000
Rows read: 2,292,000
Rows read: 2,294,000
Rows read: 2,296,000
Rows read: 2,298,000
Rows read: 2,300,000
Rows read: 2,302,000
Rows read: 2,304,000
Rows read: 2,306,000
Rows read: 2,308,000
Rows read: 2,310,000
Rows read: 2,312,000
Rows read: 2,314,000
Rows read: 2,316,000
Rows read: 2,318,000
Rows read: 2,320,000
Rows read: 2,322,000
Rows read: 2,324,000
Rows read: 2,326,000
Rows read: 2,328,000
Rows read: 2,330,000
Rows read: 2,332,000
Rows read: 2,334,000
Rows read: 2,336,000
Rows read: 2,338,000
Rows read: 2,340,000
Rows read: 2,342,000
Rows read: 2,344,000
Rows read: 2,346,000
Rows read: 2,348,000
Rows read: 2,350,000
Rows read: 2,352,000
Rows read: 2,354,000
Rows read: 2,356,000
Rows read: 2,358,000
Rows read: 2,360,000
Rows read: 2,362,000
Rows read: 2,364,000
Rows read: 2,366,000
Rows read: 2,368,000
Rows read: 2,370,000
Rows read: 2,372,000
Rows read: 2,374,000
Rows read: 2,376,000
Rows read: 2,378,000
Rows read: 2,380,000
Rows read: 2,382,000
Rows read: 2,384,000
Rows read: 2,386,000
Rows read: 2,388,000
Rows read: 2,390,000
Rows read: 2,392,000
Rows read: 2,394,000
Rows read: 2,396,000
Rows read: 2,398,000
Rows read: 2,400,000
Rows read: 2,402,000
Rows read: 2,404,000
Rows read: 2,406,000
Rows read: 2,408,000
Rows read: 2,410,000
Rows read: 2,412,000
Rows read: 2,414,000
Rows read: 2,416,000
Rows read: 2,418,000
Rows read: 2,420,000
Rows read: 2,422,000
Rows read: 2,424,000
Rows read: 2,426,000
Rows read: 2,428,000
Rows read: 2,430,000
Rows read: 2,432,000
Rows read: 2,434,000
Rows read: 2,436,000
Rows read: 2,438,000
Rows read: 2,440,000
Rows read: 2,442,000
Rows read: 2,444,000
Rows read: 2,446,000
Rows read: 2,448,000
Rows read: 2,450,000
Rows read: 2,452,000
Rows read: 2,454,000
Rows read: 2,456,000
Rows read: 2,458,000
Rows read: 2,460,000
Rows read: 2,462,000
Rows read: 2,464,000
Rows read: 2,466,000
Rows read: 2,468,000
Rows read: 2,470,000
Rows read: 2,472,000
Rows read: 2,474,000
Rows read: 2,476,000
Rows read: 2,478,000
Rows read: 2,480,000
Rows read: 2,482,000
Rows read: 2,484,000
Rows read: 2,486,000
Rows read: 2,488,000
Rows read: 2,490,000
Rows read: 2,492,000
Rows read: 2,494,000
Rows read: 2,496,000
Rows read: 2,498,000
Rows read: 2,500,000
Rows read: 2,502,000
Rows read: 2,504,000
Rows read: 2,506,000
Rows read: 2,508,000
Rows read: 2,510,000
Rows read: 2,512,000
Rows read: 2,514,000
Rows read: 2,516,000
Rows read: 2,518,000
Rows read: 2,520,000
Rows read: 2,522,000
Rows read: 2,524,000
Rows read: 2,526,000
Rows read: 2,528,000
Rows read: 2,530,000
Rows read: 2,532,000
Rows read: 2,534,000
Rows read: 2,536,000
Rows read: 2,538,000
Rows read: 2,540,000
Rows read: 2,542,000
Rows read: 2,544,000
Rows read: 2,546,000
Rows read: 2,548,000
Rows read: 2,550,000
Rows read: 2,552,000
Rows read: 2,554,000
Rows read: 2,556,000
Rows read: 2,558,000
Rows read: 2,560,000
Rows read: 2,562,000
Rows read: 2,564,000
Rows read: 2,566,000
Rows read: 2,568,000
Rows read: 2,570,000
Rows read: 2,572,000
Rows read: 2,574,000
Rows read: 2,576,000
Rows read: 2,578,000
Rows read: 2,580,000
Rows read: 2,582,000
Rows read: 2,584,000
Rows read: 2,586,000
Rows read: 2,588,000
Rows read: 2,590,000
Rows read: 2,592,000
Rows read: 2,594,000
Rows read: 2,596,000
Rows read: 2,598,000
Rows read: 2,600,000
Rows read: 2,602,000
Rows read: 2,604,000
Rows read: 2,606,000
Rows read: 2,608,000
Rows read: 2,610,000
Rows read: 2,612,000
Rows read: 2,614,000
Rows read: 2,616,000
Rows read: 2,618,000
Rows read: 2,620,000
Rows read: 2,622,000
Rows read: 2,624,000
Rows read: 2,626,000
Rows read: 2,628,000
Rows read: 2,630,000
Rows read: 2,632,000
Rows read: 2,634,000
Rows read: 2,636,000
Rows read: 2,638,000
Rows read: 2,640,000
Rows read: 2,642,000
Rows read: 2,644,000
Rows read: 2,646,000
Rows read: 2,648,000
Rows read: 2,650,000
Rows read: 2,652,000
Rows read: 2,654,000
Rows read: 2,656,000
Rows read: 2,658,000
Rows read: 2,660,000
Rows read: 2,662,000
Rows read: 2,664,000
Rows read: 2,666,000
Rows read: 2,668,000
Rows read: 2,670,000
Rows read: 2,672,000
Rows read: 2,674,000
Rows read: 2,676,000
Rows read: 2,678,000
Rows read: 2,680,000
Rows read: 2,682,000
Rows read: 2,684,000
Rows read: 2,686,000
Rows read: 2,688,000
Rows read: 2,690,000
Rows read: 2,692,000
Rows read: 2,694,000
Rows read: 2,696,000
Rows read: 2,698,000
Rows read: 2,700,000
Rows read: 2,702,000
Rows read: 2,704,000
Rows read: 2,706,000
Rows read: 2,708,000
Rows read: 2,710,000
Rows read: 2,712,000
Rows read: 2,714,000
Rows read: 2,716,000
Rows read: 2,718,000
Rows read: 2,720,000
Rows read: 2,722,000
Rows read: 2,724,000
Rows read: 2,726,000
Rows read: 2,728,000
Rows read: 2,730,000
Rows read: 2,732,000
Rows read: 2,734,000
Rows read: 2,736,000
Rows read: 2,738,000
Rows read: 2,740,000
Rows read: 2,742,000
Rows read: 2,744,000
Rows read: 2,746,000
Rows read: 2,748,000
Rows read: 2,750,000
Rows read: 2,752,000
Rows read: 2,754,000
Rows read: 2,756,000
Rows read: 2,758,000
Rows read: 2,760,000
Rows read: 2,762,000
Rows read: 2,764,000
Rows read: 2,766,000
Rows read: 2,768,000
Rows read: 2,770,000
Rows read: 2,772,000
Rows read: 2,774,000
Rows read: 2,776,000
Rows read: 2,778,000
Rows read: 2,780,000
Rows read: 2,782,000
Rows read: 2,784,000
Rows read: 2,786,000
Rows read: 2,788,000
Rows read: 2,790,000
Rows read: 2,792,000
Rows read: 2,794,000
Rows read: 2,796,000
Rows read: 2,798,000
Rows read: 2,800,000
Rows read: 2,802,000
Rows read: 2,804,000
Rows read: 2,806,000
Rows read: 2,808,000
Rows read: 2,810,000
Rows read: 2,812,000
Rows read: 2,814,000
Rows read: 2,816,000
Rows read: 2,818,000
Rows read: 2,820,000
Rows read: 2,822,000
Rows read: 2,824,000
Rows read: 2,826,000
Rows read: 2,828,000
Rows read: 2,830,000
Rows read: 2,832,000
Rows read: 2,834,000
Rows read: 2,836,000
Rows read: 2,838,000
Rows read: 2,840,000
Rows read: 2,842,000
Rows read: 2,844,000
Rows read: 2,846,000
Rows read: 2,848,000
Rows read: 2,850,000
Rows read: 2,852,000
Rows read: 2,854,000
Rows read: 2,856,000
Rows read: 2,858,000
Rows read: 2,860,000
Rows read: 2,862,000
Rows read: 2,864,000
Rows read: 2,866,000
Rows read: 2,868,000
Rows read: 2,870,000
Rows read: 2,872,000
Rows read: 2,874,000
Rows read: 2,876,000
Rows read: 2,878,000
Rows read: 2,880,000
Rows read: 2,882,000
Rows read: 2,884,000
Rows read: 2,886,000
Rows read: 2,888,000
Rows read: 2,890,000
Rows read: 2,892,000
Rows read: 2,894,000
Rows read: 2,896,000
Rows read: 2,898,000
Rows read: 2,900,000
Rows read: 2,902,000
Rows read: 2,904,000
Rows read: 2,906,000
Rows read: 2,908,000
Rows read: 2,910,000
Rows read: 2,912,000
Rows read: 2,914,000
Rows read: 2,916,000
Rows read: 2,918,000
Rows read: 2,920,000
Rows read: 2,922,000
Rows read: 2,924,000
Rows read: 2,926,000
Rows read: 2,928,000
Rows read: 2,930,000
Rows read: 2,932,000
Rows read: 2,934,000
Rows read: 2,936,000
Rows read: 2,938,000
Rows read: 2,940,000
Rows read: 2,942,000
Rows read: 2,944,000
Rows read: 2,946,000
Rows read: 2,948,000
Rows read: 2,950,000
Rows read: 2,952,000
Rows read: 2,954,000
Rows read: 2,956,000
Rows read: 2,958,000
Rows read: 2,960,000
Rows read: 2,962,000
Rows read: 2,964,000
Rows read: 2,966,000
Rows read: 2,968,000
Rows read: 2,970,000
Rows read: 2,972,000
Rows read: 2,974,000
Rows read: 2,976,000
Rows read: 2,978,000
Rows read: 2,980,000
Rows read: 2,982,000
Rows read: 2,984,000
Rows read: 2,986,000
Rows read: 2,988,000
Rows read: 2,990,000
Rows read: 2,992,000
Rows read: 2,994,000
Rows read: 2,996,000
Rows read: 2,998,000
Rows read: 3,000,000
Rows read: 3,002,000
Rows read: 3,004,000
Rows read: 3,006,000
Rows read: 3,008,000
Rows read: 3,010,000
Rows read: 3,012,000
Rows read: 3,014,000
Rows read: 3,016,000
Rows read: 3,018,000
Rows read: 3,020,000
Rows read: 3,022,000
Rows read: 3,024,000
Rows read: 3,026,000
Rows read: 3,028,000
Rows read: 3,030,000
Rows read: 3,032,000
Rows read: 3,034,000
Rows read: 3,036,000
Rows read: 3,038,000
Rows read: 3,040,000
Rows read: 3,042,000
Rows read: 3,044,000
Rows read: 3,046,000
Rows read: 3,048,000
Rows read: 3,050,000
Rows read: 3,052,000
Rows read: 3,054,000
Rows read: 3,056,000
Rows read: 3,058,000
Rows read: 3,060,000
Rows read: 3,062,000
Rows read: 3,064,000
Rows read: 3,066,000
Rows read: 3,068,000
Rows read: 3,070,000
Rows read: 3,072,000
Rows read: 3,074,000
Rows read: 3,076,000
Rows read: 3,078,000
Rows read: 3,080,000
Rows read: 3,082,000
Rows read: 3,084,000
Rows read: 3,086,000
Rows read: 3,088,000
Rows read: 3,090,000
Rows read: 3,092,000
Rows read: 3,094,000
Rows read: 3,096,000
Rows read: 3,098,000
Rows read: 3,100,000
Rows read: 3,102,000
Rows read: 3,104,000
Rows read: 3,106,000
Rows read: 3,108,000
Rows read: 3,110,000
Rows read: 3,112,000
Rows read: 3,114,000
Rows read: 3,116,000
Rows read: 3,118,000
Rows read: 3,120,000
Rows read: 3,122,000
Rows read: 3,124,000
Rows read: 3,126,000
Rows read: 3,128,000
Rows read: 3,130,000
Rows read: 3,132,000
Rows read: 3,134,000
Rows read: 3,136,000
Rows read: 3,138,000
Rows read: 3,140,000
Rows read: 3,142,000
Rows read: 3,144,000
Rows read: 3,146,000
Rows read: 3,148,000
Rows read: 3,150,000
Rows read: 3,152,000
Rows read: 3,154,000
Rows read: 3,156,000
Rows read: 3,158,000
Rows read: 3,160,000
Rows read: 3,162,000
Rows read: 3,164,000
Rows read: 3,166,000
Rows read: 3,168,000
Rows read: 3,170,000
Rows read: 3,172,000
Rows read: 3,174,000
Rows read: 3,176,000
Rows read: 3,178,000
Rows read: 3,180,000
Rows read: 3,182,000
Rows read: 3,184,000
Rows read: 3,186,000
Rows read: 3,188,000
Rows read: 3,190,000
Rows read: 3,192,000
Rows read: 3,194,000
Rows read: 3,196,000
Rows read: 3,198,000
Rows read: 3,200,000
Rows read: 3,202,000
Rows read: 3,204,000
Rows read: 3,206,000
Rows read: 3,208,000
Rows read: 3,210,000
Rows read: 3,212,000
Rows read: 3,214,000
Rows read: 3,216,000
Rows read: 3,218,000
Rows read: 3,220,000
Rows read: 3,222,000
Rows read: 3,224,000
Rows read: 3,226,000
Rows read: 3,228,000
Rows read: 3,230,000
Rows read: 3,232,000
Rows read: 3,234,000
Rows read: 3,236,000
Rows read: 3,238,000
Rows read: 3,240,000
Rows read: 3,242,000
Rows read: 3,244,000
Rows read: 3,246,000
Rows read: 3,248,000
Rows read: 3,250,000
Rows read: 3,252,000
Rows read: 3,254,000
Rows read: 3,256,000
Rows read: 3,258,000
Rows read: 3,260,000
Rows read: 3,262,000
Rows read: 3,264,000
Rows read: 3,266,000
Rows read: 3,268,000
Rows read: 3,270,000
Rows read: 3,272,000
Rows read: 3,274,000
Rows read: 3,276,000
Rows read: 3,278,000
Rows read: 3,280,000
Rows read: 3,282,000
Rows read: 3,284,000
Rows read: 3,286,000
Rows read: 3,288,000
Rows read: 3,290,000
Rows read: 3,292,000
Rows read: 3,294,000
Rows read: 3,296,000
Rows read: 3,298,000
Rows read: 3,300,000
Rows read: 3,302,000
Rows read: 3,304,000
Rows read: 3,306,000
Rows read: 3,308,000
Rows read: 3,310,000
Rows read: 3,312,000
Rows read: 3,314,000
Rows read: 3,316,000
Rows read: 3,318,000
Rows read: 3,320,000
Rows read: 3,322,000
Rows read: 3,324,000
Rows read: 3,326,000
Rows read: 3,328,000
Rows read: 3,330,000
Rows read: 3,332,000
Rows read: 3,334,000
Rows read: 3,336,000
Rows read: 3,338,000
Rows read: 3,340,000
Rows read: 3,342,000
Rows read: 3,344,000
Rows read: 3,346,000
Rows read: 3,348,000
Rows read: 3,350,000
Rows read: 3,352,000
Rows read: 3,354,000
Rows read: 3,356,000
Rows read: 3,358,000
Rows read: 3,360,000
Rows read: 3,362,000
Rows read: 3,364,000
Rows read: 3,366,000
Rows read: 3,368,000
Rows read: 3,370,000
Rows read: 3,372,000
Rows read: 3,374,000
Rows read: 3,376,000
Rows read: 3,378,000
Rows read: 3,380,000
Rows read: 3,382,000
Rows read: 3,384,000
Rows read: 3,386,000
Rows read: 3,388,000
Rows read: 3,390,000
Rows read: 3,392,000
Rows read: 3,394,000
Rows read: 3,396,000
Rows read: 3,398,000
Rows read: 3,400,000
Rows read: 3,402,000
Rows read: 3,404,000
Rows read: 3,406,000
Rows read: 3,408,000
Rows read: 3,410,000
Rows read: 3,412,000
Rows read: 3,414,000
Rows read: 3,416,000
Rows read: 3,418,000
Rows read: 3,420,000
Rows read: 3,422,000
Rows read: 3,424,000
Rows read: 3,426,000
Rows read: 3,428,000
Rows read: 3,430,000
Rows read: 3,432,000
Rows read: 3,434,000
Rows read: 3,436,000
Rows read: 3,438,000
Rows read: 3,440,000
Rows read: 3,442,000
Rows read: 3,444,000
Rows read: 3,446,000
Rows read: 3,448,000
Rows read: 3,450,000
Rows read: 3,452,000
Rows read: 3,454,000
Rows read: 3,456,000
Rows read: 3,458,000
Rows read: 3,460,000
Rows read: 3,462,000
Rows read: 3,464,000
Rows read: 3,466,000
Rows read: 3,468,000
Rows read: 3,470,000
Rows read: 3,472,000
Rows read: 3,474,000
Rows read: 3,476,000
Rows read: 3,478,000
Rows read: 3,480,000
Rows read: 3,482,000
Rows read: 3,484,000
Rows read: 3,486,000
Rows read: 3,488,000
Rows read: 3,490,000
Rows read: 3,492,000
Rows read: 3,494,000
Rows read: 3,496,000
Rows read: 3,498,000
Rows read: 3,500,000
Rows read: 3,502,000
Rows read: 3,504,000
Rows read: 3,506,000
Rows read: 3,508,000
Rows read: 3,510,000
Rows read: 3,512,000
Rows read: 3,514,000
Rows read: 3,516,000
Rows read: 3,518,000
Rows read: 3,520,000
Rows read: 3,522,000
Rows read: 3,524,000
Rows read: 3,526,000
Rows read: 3,528,000
Rows read: 3,530,000
Rows read: 3,532,000
Rows read: 3,534,000
Rows read: 3,536,000
Rows read: 3,538,000
Rows read: 3,540,000
Rows read: 3,542,000
Rows read: 3,544,000
Rows read: 3,546,000
Rows read: 3,548,000
Rows read: 3,550,000
Rows read: 3,552,000
Rows read: 3,554,000
Rows read: 3,556,000
Rows read: 3,558,000
Rows read: 3,560,000
Rows read: 3,562,000
Rows read: 3,564,000
Rows read: 3,566,000
Rows read: 3,568,000
Rows read: 3,570,000
Rows read: 3,572,000
Rows read: 3,574,000
Rows read: 3,576,000
Rows read: 3,578,000
Rows read: 3,580,000
Rows read: 3,582,000
Rows read: 3,584,000
Rows read: 3,586,000
Rows read: 3,588,000
Rows read: 3,590,000
Rows read: 3,592,000
Rows read: 3,594,000
Rows read: 3,596,000
Rows read: 3,598,000
Rows read: 3,600,000
Rows read: 3,602,000
Rows read: 3,604,000
Rows read: 3,606,000
Rows read: 3,608,000
Rows read: 3,610,000
Rows read: 3,612,000
Rows read: 3,614,000
Rows read: 3,616,000
Rows read: 3,618,000
Rows read: 3,620,000
Rows read: 3,622,000
Rows read: 3,624,000
Rows read: 3,626,000
Rows read: 3,628,000
Rows read: 3,630,000
Rows read: 3,632,000
Rows read: 3,634,000
Rows read: 3,636,000
Rows read: 3,638,000
Rows read: 3,640,000
Rows read: 3,642,000
Rows read: 3,644,000
Rows read: 3,646,000
Rows read: 3,648,000
Rows read: 3,650,000
Rows read: 3,652,000
Rows read: 3,654,000
Rows read: 3,656,000
Rows read: 3,658,000
Rows read: 3,660,000
Rows read: 3,662,000
Rows read: 3,664,000
Rows read: 3,666,000
Rows read: 3,668,000
Rows read: 3,670,000
Rows read: 3,672,000
Rows read: 3,674,000
Rows read: 3,676,000
Rows read: 3,678,000
Rows read: 3,680,000
Rows read: 3,682,000
Rows read: 3,684,000
Rows read: 3,686,000
Rows read: 3,688,000
Rows read: 3,690,000
Rows read: 3,692,000
Rows read: 3,694,000
Rows read: 3,696,000
Rows read: 3,698,000
Rows read: 3,700,000
Rows read: 3,702,000
Rows read: 3,704,000
Rows read: 3,706,000
Rows read: 3,708,000
Rows read: 3,710,000
Rows read: 3,712,000
Rows read: 3,714,000
Rows read: 3,716,000
Rows read: 3,718,000
Rows read: 3,720,000
Rows read: 3,722,000
Rows read: 3,724,000
Rows read: 3,726,000
Rows read: 3,728,000
Rows read: 3,730,000
Rows read: 3,732,000
Rows read: 3,734,000
Rows read: 3,736,000
Rows read: 3,738,000
Rows read: 3,740,000
Rows read: 3,742,000
Rows read: 3,744,000
Rows read: 3,746,000
Rows read: 3,748,000
Rows read: 3,750,000
Rows read: 3,752,000
Rows read: 3,754,000
Rows read: 3,756,000
Rows read: 3,758,000
Rows read: 3,760,000
Rows read: 3,762,000
Rows read: 3,764,000
Rows read: 3,766,000
Rows read: 3,768,000
Rows read: 3,770,000
Rows read: 3,772,000
Rows read: 3,774,000
Rows read: 3,776,000
Rows read: 3,778,000
Rows read: 3,780,000
Rows read: 3,782,000
Rows read: 3,784,000
Rows read: 3,786,000
Rows read: 3,788,000
Rows read: 3,790,000
Rows read: 3,792,000
Rows read: 3,794,000
Rows read: 3,796,000
Rows read: 3,798,000
Rows read: 3,800,000
Rows read: 3,802,000
Rows read: 3,804,000
Rows read: 3,806,000
Rows read: 3,808,000
Rows read: 3,810,000
Rows read: 3,812,000
Rows read: 3,814,000
Rows read: 3,816,000
Rows read: 3,818,000
Rows read: 3,820,000
Rows read: 3,822,000
Rows read: 3,824,000
Rows read: 3,826,000
Rows read: 3,828,000
Rows read: 3,830,000
Rows read: 3,832,000
Rows read: 3,834,000
Rows read: 3,836,000
Rows read: 3,838,000
Rows read: 3,840,000
Rows read: 3,842,000
Rows read: 3,844,000
Rows read: 3,846,000
Rows read: 3,848,000
Rows read: 3,850,000
Rows read: 3,852,000
Rows read: 3,854,000
Rows read: 3,856,000
Rows read: 3,858,000
Rows read: 3,860,000
Rows read: 3,862,000
Rows read: 3,864,000
Rows read: 3,866,000
Rows read: 3,868,000
Rows read: 3,870,000
Rows read: 3,872,000
Rows read: 3,874,000
Rows read: 3,876,000
Rows read: 3,878,000
Rows read: 3,880,000
Rows read: 3,882,000
Rows read: 3,884,000
Rows read: 3,886,000
Rows read: 3,888,000
Rows read: 3,890,000
Rows read: 3,892,000
Rows read: 3,894,000
Rows read: 3,896,000
Rows read: 3,898,000
Rows read: 3,900,000
Rows read: 3,902,000
Rows read: 3,904,000
Rows read: 3,906,000
Rows read: 3,908,000
Rows read: 3,910,000
Rows read: 3,912,000
Rows read: 3,914,000
Rows read: 3,916,000
Rows read: 3,918,000
Rows read: 3,920,000
Rows read: 3,922,000
Rows read: 3,924,000
Rows read: 3,926,000
Rows read: 3,928,000
Rows read: 3,930,000
Rows read: 3,932,000
Rows read: 3,934,000
Rows read: 3,936,000
Rows read: 3,938,000
Rows read: 3,940,000
Rows read: 3,942,000
Rows read: 3,944,000
Rows read: 3,946,000
Rows read: 3,948,000
Rows read: 3,950,000
Rows read: 3,952,000
Rows read: 3,954,000
Rows read: 3,956,000
Rows read: 3,958,000
Rows read: 3,960,000
Rows read: 3,962,000
Rows read: 3,964,000
Rows read: 3,966,000
Rows read: 3,968,000
Rows read: 3,970,000
Rows read: 3,972,000
Rows read: 3,974,000
Rows read: 3,976,000
Rows read: 3,978,000
Rows read: 3,980,000
Rows read: 3,982,000
Rows read: 3,984,000
Rows read: 3,986,000
Rows read: 3,988,000
Rows read: 3,990,000
Rows read: 3,992,000
Rows read: 3,994,000
Rows read: 3,996,000
Rows read: 3,998,000
Rows read: 4,000,000
Rows read: 4,002,000
Rows read: 4,004,000
Rows read: 4,006,000
Rows read: 4,008,000
Rows read: 4,010,000
Rows read: 4,012,000
Rows read: 4,014,000
Rows read: 4,016,000
Rows read: 4,018,000
Rows read: 4,020,000
Rows read: 4,022,000
Rows read: 4,024,000
Rows read: 4,026,000
Rows read: 4,028,000
Rows read: 4,030,000
Rows read: 4,032,000
Rows read: 4,034,000
Rows read: 4,036,000
Rows read: 4,038,000
Rows read: 4,040,000
Rows read: 4,042,000
Rows read: 4,044,000
Rows read: 4,046,000
Rows read: 4,048,000
Rows read: 4,050,000
Rows read: 4,052,000
Rows read: 4,054,000
Rows read: 4,056,000
Rows read: 4,058,000
Rows read: 4,060,000
Rows read: 4,062,000
Rows read: 4,064,000
Rows read: 4,066,000
Rows read: 4,068,000
Rows read: 4,070,000
Rows read: 4,072,000
Rows read: 4,074,000
Rows read: 4,076,000
Rows read: 4,078,000
Rows read: 4,080,000
Rows read: 4,082,000
Rows read: 4,084,000
Rows read: 4,086,000
Rows read: 4,088,000
Rows read: 4,090,000
Rows read: 4,092,000
Rows read: 4,094,000
Rows read: 4,096,000
Rows read: 4,098,000
Rows read: 4,100,000
Rows read: 4,102,000
Rows read: 4,104,000
Rows read: 4,106,000
Rows read: 4,108,000
Rows read: 4,110,000
Rows read: 4,112,000
Rows read: 4,114,000
Rows read: 4,116,000
Rows read: 4,118,000
Rows read: 4,120,000
Rows read: 4,122,000
Rows read: 4,124,000
Rows read: 4,126,000
Rows read: 4,128,000
Rows read: 4,130,000
Rows read: 4,132,000
Rows read: 4,134,000
Rows read: 4,136,000
Rows read: 4,138,000
Rows read: 4,140,000
Rows read: 4,142,000
Rows read: 4,144,000
Rows read: 4,146,000
Rows read: 4,148,000
Rows read: 4,150,000
Rows read: 4,152,000
Rows read: 4,154,000
Rows read: 4,156,000
Rows read: 4,158,000
Rows read: 4,160,000
Rows read: 4,162,000
Rows read: 4,164,000
Rows read: 4,166,000
Rows read: 4,168,000
Rows read: 4,170,000
Rows read: 4,172,000
Rows read: 4,174,000
Rows read: 4,176,000
Rows read: 4,178,000
Rows read: 4,180,000
Rows read: 4,182,000
Rows read: 4,184,000
Rows read: 4,186,000
Rows read: 4,188,000
Rows read: 4,190,000
Rows read: 4,192,000
Rows read: 4,194,000
Rows read: 4,196,000
Rows read: 4,198,000
Rows read: 4,200,000
Rows read: 4,202,000
Rows read: 4,204,000
Rows read: 4,206,000
Rows read: 4,208,000
Rows read: 4,210,000
Rows read: 4,212,000
Rows read: 4,214,000
Rows read: 4,216,000
Rows read: 4,218,000
Rows read: 4,220,000
Rows read: 4,222,000
Rows read: 4,224,000
Rows read: 4,226,000
Rows read: 4,228,000
Rows read: 4,230,000
Rows read: 4,232,000
Rows read: 4,234,000
Rows read: 4,236,000
Rows read: 4,238,000
Rows read: 4,240,000
Rows read: 4,242,000
Rows read: 4,244,000
Rows read: 4,246,000
Rows read: 4,248,000
Rows read: 4,250,000
Rows read: 4,252,000
Rows read: 4,254,000
Rows read: 4,256,000
Rows read: 4,258,000
Rows read: 4,260,000
Rows read: 4,262,000
Rows read: 4,264,000
Rows read: 4,266,000
Rows read: 4,268,000
Rows read: 4,270,000
Rows read: 4,272,000
Rows read: 4,274,000
Rows read: 4,276,000
Rows read: 4,278,000
Rows read: 4,280,000
Rows read: 4,282,000
Rows read: 4,284,000
Rows read: 4,286,000
Rows read: 4,288,000
Rows read: 4,290,000
Rows read: 4,292,000
Rows read: 4,294,000
Rows read: 4,296,000
Rows read: 4,298,000
Rows read: 4,300,000
Rows read: 4,302,000
Rows read: 4,304,000
Rows read: 4,306,000
Rows read: 4,308,000
Rows read: 4,310,000
Rows read: 4,312,000
Rows read: 4,314,000
Rows read: 4,316,000
Rows read: 4,318,000
Rows read: 4,320,000
Rows read: 4,322,000
Rows read: 4,324,000
Rows read: 4,326,000
Rows read: 4,328,000
Rows read: 4,330,000
Rows read: 4,332,000
Rows read: 4,334,000
Rows read: 4,336,000
Rows read: 4,338,000
Rows read: 4,340,000
Rows read: 4,342,000
Rows read: 4,344,000
Rows read: 4,346,000
Rows read: 4,348,000
Rows read: 4,350,000
Rows read: 4,352,000
Rows read: 4,354,000
Rows read: 4,356,000
Rows read: 4,358,000
Rows read: 4,360,000
Rows read: 4,362,000
Rows read: 4,364,000
Rows read: 4,366,000
Rows read: 4,368,000
Rows read: 4,370,000
Rows read: 4,372,000
Rows read: 4,374,000
Rows read: 4,376,000
Rows read: 4,378,000
Rows read: 4,380,000
Rows read: 4,382,000
Rows read: 4,384,000
Rows read: 4,386,000
Rows read: 4,388,000
Rows read: 4,390,000
Rows read: 4,392,000
Rows read: 4,394,000
Rows read: 4,396,000
Rows read: 4,398,000
Rows read: 4,400,000
Rows read: 4,402,000
Rows read: 4,404,000
Rows read: 4,406,000
Rows read: 4,408,000
Rows read: 4,410,000
Rows read: 4,412,000
Rows read: 4,414,000
Rows read: 4,416,000
Rows read: 4,418,000
Rows read: 4,420,000
Rows read: 4,422,000
Rows read: 4,424,000
Rows read: 4,426,000
Rows read: 4,428,000
Rows read: 4,430,000
Rows read: 4,432,000
Rows read: 4,434,000
Rows read: 4,436,000
Rows read: 4,438,000
Rows read: 4,440,000
Rows read: 4,442,000
Rows read: 4,444,000
Rows read: 4,446,000
Rows read: 4,448,000
Rows read: 4,450,000
Rows read: 4,452,000
Rows read: 4,454,000
Rows read: 4,456,000
Rows read: 4,458,000
Rows read: 4,460,000
Rows read: 4,462,000
Rows read: 4,464,000
Rows read: 4,466,000
Rows read: 4,468,000
Rows read: 4,470,000
Rows read: 4,472,000
Rows read: 4,474,000
Rows read: 4,476,000
Rows read: 4,478,000
Rows read: 4,480,000
Rows read: 4,482,000
Rows read: 4,484,000
Rows read: 4,486,000
Rows read: 4,488,000
Rows read: 4,490,000
Rows read: 4,492,000
Rows read: 4,494,000
Rows read: 4,496,000
Rows read: 4,498,000
Rows read: 4,500,000
Rows read: 4,502,000
Rows read: 4,504,000
Rows read: 4,506,000
Rows read: 4,508,000
Rows read: 4,510,000
Rows read: 4,512,000
Rows read: 4,514,000
Rows read: 4,516,000
Rows read: 4,518,000
Rows read: 4,520,000
Rows read: 4,522,000
Rows read: 4,524,000
Rows read: 4,526,000
Rows read: 4,528,000
Rows read: 4,530,000
Rows read: 4,532,000
Rows read: 4,534,000
Rows read: 4,536,000
Rows read: 4,538,000
Rows read: 4,540,000
Rows read: 4,542,000
Rows read: 4,544,000
Rows read: 4,546,000
Rows read: 4,548,000
Rows read: 4,550,000
Rows read: 4,552,000
Rows read: 4,554,000
Rows read: 4,556,000
Rows read: 4,558,000
Rows read: 4,560,000
Rows read: 4,562,000
Rows read: 4,564,000
Rows read: 4,566,000
Rows read: 4,568,000
Rows read: 4,570,000
Rows read: 4,572,000
Rows read: 4,574,000
Rows read: 4,576,000
Rows read: 4,578,000
Rows read: 4,580,000
Rows read: 4,582,000
Rows read: 4,584,000
Rows read: 4,586,000
Rows read: 4,588,000
Rows read: 4,590,000
Rows read: 4,592,000
Rows read: 4,594,000
Rows read: 4,596,000
Rows read: 4,598,000
Rows read: 4,600,000
Rows read: 4,602,000
Rows read: 4,604,000
Rows read: 4,606,000
Rows read: 4,608,000
Rows read: 4,610,000
Rows read: 4,612,000
Rows read: 4,614,000
Rows read: 4,616,000
Rows read: 4,618,000
Rows read: 4,620,000
Rows read: 4,622,000
Rows read: 4623798 done.
Rows read: 2,000
Rows read: 3493 done.
Rows read: 9 done.
Processing covariates
Task finished in 0.00200000000000955 seconds
Processing gene expression data (imputation, residualization)
Task finished in 0.0629999999999882 seconds
Creating output file(s)
Task finished in 0.01400000000001 seconds
Performing eQTL analysis
 0.18% done, 193,970 eQTLs
 0.36% done, 343,296 eQTLs
 0.54% done, 526,133 eQTLs
 0.72% done, 660,443 eQTLs
 0.90% done, 857,393 eQTLs
 1.08% done, 998,461 eQTLs
 1.26% done, 1,176,924 eQTLs
 1.44% done, 1,310,433 eQTLs
 1.62% done, 1,526,976 eQTLs
 1.80% done, 1,688,154 eQTLs
 1.98% done, 1,912,230 eQTLs
 2.16% done, 2,082,063 eQTLs
 2.34% done, 2,276,049 eQTLs
 2.52% done, 2,421,640 eQTLs
 2.70% done, 2,633,165 eQTLs
 2.88% done, 2,790,954 eQTLs
 3.06% done, 2,993,991 eQTLs
 3.24% done, 3,142,066 eQTLs
 3.42% done, 3,310,697 eQTLs
 3.61% done, 3,440,300 eQTLs
 3.79% done, 3,700,235 eQTLs
 3.97% done, 3,897,289 eQTLs
 4.15% done, 4,086,334 eQTLs
 4.33% done, 4,223,865 eQTLs
 4.51% done, 4,388,892 eQTLs
 4.69% done, 4,515,627 eQTLs
 4.87% done, 4,699,735 eQTLs
 5.05% done, 4,837,986 eQTLs
 5.23% done, 5,031,709 eQTLs
 5.41% done, 5,180,136 eQTLs
 5.59% done, 5,369,473 eQTLs
 5.77% done, 5,512,179 eQTLs
 5.95% done, 5,697,606 eQTLs
 6.13% done, 5,836,766 eQTLs
 6.31% done, 6,071,440 eQTLs
 6.49% done, 6,253,290 eQTLs
 6.67% done, 6,471,805 eQTLs
 6.85% done, 6,633,539 eQTLs
 7.03% done, 6,814,246 eQTLs
 7.22% done, 6,951,883 eQTLs
 7.40% done, 7,155,785 eQTLs
 7.58% done, 7,302,082 eQTLs
 7.76% done, 7,498,644 eQTLs
 7.94% done, 7,647,766 eQTLs
 8.12% done, 7,842,437 eQTLs
 8.30% done, 7,983,594 eQTLs
 8.48% done, 8,178,809 eQTLs
 8.66% done, 8,320,331 eQTLs
 8.84% done, 8,468,061 eQTLs
 9.02% done, 8,575,858 eQTLs
 9.20% done, 8,765,946 eQTLs
 9.38% done, 8,907,033 eQTLs
 9.56% done, 9,109,165 eQTLs
 9.74% done, 9,264,351 eQTLs
 9.92% done, 9,443,084 eQTLs
10.10% done, 9,575,530 eQTLs
10.28% done, 9,778,012 eQTLs
10.46% done, 9,927,336 eQTLs
10.64% done, 10,121,377 eQTLs
10.83% done, 10,269,350 eQTLs
11.01% done, 10,440,579 eQTLs
11.19% done, 10,566,083 eQTLs
11.37% done, 10,750,424 eQTLs
11.55% done, 10,892,732 eQTLs
11.73% done, 11,109,889 eQTLs
11.91% done, 11,266,335 eQTLs
12.09% done, 11,506,110 eQTLs
12.27% done, 11,684,291 eQTLs
12.45% done, 11,897,934 eQTLs
12.63% done, 12,060,308 eQTLs
12.81% done, 12,303,677 eQTLs
12.99% done, 12,481,998 eQTLs
13.17% done, 12,682,370 eQTLs
13.35% done, 12,825,287 eQTLs
13.53% done, 13,054,921 eQTLs
13.71% done, 13,222,317 eQTLs
13.89% done, 13,451,060 eQTLs
14.07% done, 13,617,618 eQTLs
14.25% done, 13,788,214 eQTLs
14.44% done, 13,911,352 eQTLs
14.62% done, 14,107,190 eQTLs
14.80% done, 14,253,460 eQTLs
14.98% done, 14,457,481 eQTLs
15.16% done, 14,608,030 eQTLs
15.34% done, 14,782,232 eQTLs
15.52% done, 14,910,247 eQTLs
15.70% done, 15,088,815 eQTLs
15.88% done, 15,219,255 eQTLs
16.06% done, 15,417,853 eQTLs
16.24% done, 15,565,758 eQTLs
16.42% done, 15,768,964 eQTLs
16.60% done, 15,922,560 eQTLs
16.78% done, 16,102,888 eQTLs
16.96% done, 16,237,998 eQTLs
17.14% done, 16,457,618 eQTLs
17.32% done, 16,612,141 eQTLs
17.50% done, 16,880,096 eQTLs
17.68% done, 17,084,205 eQTLs
17.87% done, 17,275,252 eQTLs
18.05% done, 17,416,508 eQTLs
18.23% done, 17,611,721 eQTLs
18.41% done, 17,763,079 eQTLs
18.59% done, 17,967,391 eQTLs
18.77% done, 18,120,427 eQTLs
18.95% done, 18,309,395 eQTLs
19.13% done, 18,458,396 eQTLs
19.31% done, 18,663,296 eQTLs
19.49% done, 18,811,422 eQTLs
19.67% done, 18,976,793 eQTLs
19.85% done, 19,100,927 eQTLs
20.03% done, 19,314,866 eQTLs
20.21% done, 19,484,449 eQTLs
20.39% done, 19,752,453 eQTLs
20.57% done, 19,947,931 eQTLs
20.75% done, 20,149,824 eQTLs
20.93% done, 20,297,952 eQTLs
21.11% done, 20,471,106 eQTLs
21.29% done, 20,601,881 eQTLs
21.48% done, 20,773,466 eQTLs
21.66% done, 20,899,766 eQTLs
21.84% done, 21,106,926 eQTLs
22.02% done, 21,256,381 eQTLs
22.20% done, 21,439,146 eQTLs
22.38% done, 21,578,619 eQTLs
22.56% done, 21,832,965 eQTLs
22.74% done, 22,022,971 eQTLs
22.92% done, 22,239,099 eQTLs
23.10% done, 22,399,159 eQTLs
23.28% done, 22,682,235 eQTLs
23.46% done, 22,892,847 eQTLs
23.64% done, 23,138,839 eQTLs
23.82% done, 23,319,417 eQTLs
24.00% done, 23,563,559 eQTLs
24.18% done, 23,754,600 eQTLs
24.36% done, 23,984,405 eQTLs
24.54% done, 24,154,009 eQTLs
24.72% done, 24,384,175 eQTLs
24.90% done, 24,552,163 eQTLs
25.09% done, 24,752,062 eQTLs
25.27% done, 24,898,744 eQTLs
25.45% done, 25,072,668 eQTLs
25.63% done, 25,199,795 eQTLs
25.81% done, 25,528,927 eQTLs
25.99% done, 25,768,812 eQTLs
26.17% done, 25,978,586 eQTLs
26.35% done, 26,133,700 eQTLs
26.53% done, 26,321,580 eQTLs
26.71% done, 26,458,256 eQTLs
26.89% done, 26,662,667 eQTLs
27.07% done, 26,814,073 eQTLs
27.25% done, 27,031,829 eQTLs
27.43% done, 27,190,628 eQTLs
27.61% done, 27,369,829 eQTLs
27.79% done, 27,503,211 eQTLs
27.97% done, 27,692,008 eQTLs
28.15% done, 27,839,548 eQTLs
28.33% done, 28,050,037 eQTLs
28.51% done, 28,208,267 eQTLs
28.70% done, 28,392,747 eQTLs
28.88% done, 28,529,960 eQTLs
29.06% done, 28,732,663 eQTLs
29.24% done, 28,883,768 eQTLs
29.42% done, 29,099,530 eQTLs
29.60% done, 29,253,178 eQTLs
29.78% done, 29,438,514 eQTLs
29.96% done, 29,577,442 eQTLs
30.14% done, 29,830,287 eQTLs
30.32% done, 30,027,298 eQTLs
30.50% done, 30,276,718 eQTLs
30.68% done, 30,466,811 eQTLs
30.86% done, 30,658,163 eQTLs
31.04% done, 30,806,587 eQTLs
31.22% done, 31,012,433 eQTLs
31.40% done, 31,163,926 eQTLs
31.58% done, 31,365,387 eQTLs
31.76% done, 31,512,655 eQTLs
31.94% done, 31,717,285 eQTLs
32.12% done, 31,873,982 eQTLs
32.31% done, 32,065,691 eQTLs
32.49% done, 32,209,423 eQTLs
32.67% done, 32,410,916 eQTLs
32.85% done, 32,563,811 eQTLs
33.03% done, 32,749,400 eQTLs
33.21% done, 32,892,610 eQTLs
33.39% done, 33,120,278 eQTLs
33.57% done, 33,288,212 eQTLs
33.75% done, 33,508,267 eQTLs
33.93% done, 33,667,748 eQTLs
34.11% done, 33,859,696 eQTLs
34.29% done, 34,006,415 eQTLs
34.47% done, 34,245,886 eQTLs
34.65% done, 34,407,935 eQTLs
34.83% done, 34,613,965 eQTLs
35.01% done, 34,774,165 eQTLs
35.19% done, 34,984,413 eQTLs
35.37% done, 35,146,180 eQTLs
35.55% done, 35,401,879 eQTLs
35.74% done, 35,590,825 eQTLs
35.92% done, 35,861,109 eQTLs
36.10% done, 36,061,642 eQTLs
36.28% done, 36,269,013 eQTLs
36.46% done, 36,427,442 eQTLs
36.64% done, 36,663,025 eQTLs
36.82% done, 36,839,659 eQTLs
37.00% done, 37,052,150 eQTLs
37.18% done, 37,207,259 eQTLs
37.36% done, 37,449,837 eQTLs
37.54% done, 37,619,969 eQTLs
37.72% done, 37,823,806 eQTLs
37.90% done, 37,978,901 eQTLs
38.08% done, 38,198,625 eQTLs
38.26% done, 38,359,476 eQTLs
38.44% done, 38,566,716 eQTLs
38.62% done, 38,715,496 eQTLs
38.80% done, 38,882,418 eQTLs
38.98% done, 39,007,438 eQTLs
39.16% done, 39,177,373 eQTLs
39.35% done, 39,298,190 eQTLs
39.53% done, 39,477,887 eQTLs
39.71% done, 39,613,939 eQTLs
39.89% done, 39,781,922 eQTLs
40.07% done, 39,899,867 eQTLs
40.25% done, 40,113,424 eQTLs
40.43% done, 40,262,692 eQTLs
40.61% done, 40,467,473 eQTLs
40.79% done, 40,623,629 eQTLs
40.97% done, 40,803,713 eQTLs
41.15% done, 40,940,902 eQTLs
41.33% done, 41,122,128 eQTLs
41.51% done, 41,263,287 eQTLs
41.69% done, 41,492,093 eQTLs
41.87% done, 41,660,114 eQTLs
42.05% done, 41,833,362 eQTLs
42.23% done, 41,960,799 eQTLs
42.41% done, 42,170,697 eQTLs
42.59% done, 42,327,392 eQTLs
42.77% done, 42,540,121 eQTLs
42.96% done, 42,691,569 eQTLs
43.14% done, 42,873,551 eQTLs
43.32% done, 43,015,379 eQTLs
43.50% done, 43,240,978 eQTLs
43.68% done, 43,409,143 eQTLs
43.86% done, 43,651,933 eQTLs
44.04% done, 43,839,222 eQTLs
44.22% done, 44,044,147 eQTLs
44.40% done, 44,192,495 eQTLs
44.58% done, 44,375,882 eQTLs
44.76% done, 44,515,306 eQTLs
44.94% done, 44,689,040 eQTLs
45.12% done, 44,822,660 eQTLs
45.30% done, 45,026,717 eQTLs
45.48% done, 45,182,401 eQTLs
45.66% done, 45,368,689 eQTLs
45.84% done, 45,506,644 eQTLs
46.02% done, 45,713,566 eQTLs
46.20% done, 45,862,558 eQTLs
46.38% done, 46,028,847 eQTLs
46.57% done, 46,153,979 eQTLs
46.75% done, 46,354,290 eQTLs
46.93% done, 46,504,301 eQTLs
47.11% done, 46,744,611 eQTLs
47.29% done, 46,923,823 eQTLs
47.47% done, 47,151,721 eQTLs
47.65% done, 47,315,949 eQTLs
47.83% done, 47,496,434 eQTLs
48.01% done, 47,630,555 eQTLs
48.19% done, 47,822,904 eQTLs
48.37% done, 47,964,487 eQTLs
48.55% done, 48,140,552 eQTLs
48.73% done, 48,274,084 eQTLs
48.91% done, 48,461,348 eQTLs
49.09% done, 48,600,691 eQTLs
49.27% done, 48,775,182 eQTLs
49.45% done, 48,903,627 eQTLs
49.63% done, 49,131,579 eQTLs
49.81% done, 49,305,252 eQTLs
50.00% done, 49,479,531 eQTLs
50.18% done, 49,608,806 eQTLs
50.36% done, 49,841,931 eQTLs
50.54% done, 50,015,400 eQTLs
50.72% done, 50,261,786 eQTLs
50.90% done, 50,438,984 eQTLs
51.08% done, 50,597,224 eQTLs
51.26% done, 50,716,667 eQTLs
51.44% done, 50,867,781 eQTLs
51.62% done, 50,979,253 eQTLs
51.80% done, 51,161,332 eQTLs
51.98% done, 51,290,042 eQTLs
52.16% done, 51,507,681 eQTLs
52.34% done, 51,666,019 eQTLs
52.52% done, 51,858,240 eQTLs
52.70% done, 51,994,013 eQTLs
52.88% done, 52,199,419 eQTLs
53.06% done, 52,347,022 eQTLs
53.24% done, 52,551,463 eQTLs
53.42% done, 52,704,452 eQTLs
53.61% done, 52,886,192 eQTLs
53.79% done, 53,020,966 eQTLs
53.97% done, 53,222,608 eQTLs
54.15% done, 53,377,279 eQTLs
54.33% done, 53,598,882 eQTLs
54.51% done, 53,763,989 eQTLs
54.69% done, 53,920,617 eQTLs
54.87% done, 54,033,063 eQTLs
55.05% done, 54,221,700 eQTLs
55.23% done, 54,360,218 eQTLs
55.41% done, 54,561,124 eQTLs
55.59% done, 54,709,021 eQTLs
55.77% done, 54,903,578 eQTLs
55.95% done, 55,042,745 eQTLs
56.13% done, 55,259,416 eQTLs
56.31% done, 55,411,116 eQTLs
56.49% done, 55,703,828 eQTLs
56.67% done, 55,920,379 eQTLs
56.85% done, 56,129,252 eQTLs
57.03% done, 56,283,820 eQTLs
57.22% done, 56,467,219 eQTLs
57.40% done, 56,601,816 eQTLs
57.58% done, 56,812,861 eQTLs
57.76% done, 56,966,258 eQTLs
57.94% done, 57,200,318 eQTLs
58.12% done, 57,377,844 eQTLs
58.30% done, 57,544,498 eQTLs
58.48% done, 57,672,652 eQTLs
58.66% done, 57,906,409 eQTLs
58.84% done, 58,081,071 eQTLs
59.02% done, 58,275,309 eQTLs
59.20% done, 58,421,160 eQTLs
59.38% done, 58,657,707 eQTLs
59.56% done, 58,833,770 eQTLs
59.74% done, 59,034,342 eQTLs
59.92% done, 59,180,549 eQTLs
60.10% done, 59,389,854 eQTLs
60.28% done, 59,546,025 eQTLs
60.46% done, 59,734,643 eQTLs
60.64% done, 59,877,328 eQTLs
60.83% done, 60,116,880 eQTLs
61.01% done, 60,296,790 eQTLs
61.19% done, 60,497,407 eQTLs
61.37% done, 60,649,298 eQTLs
61.55% done, 60,868,789 eQTLs
61.73% done, 61,033,069 eQTLs
61.91% done, 61,226,101 eQTLs
62.09% done, 61,370,148 eQTLs
62.27% done, 61,597,847 eQTLs
62.45% done, 61,760,296 eQTLs
62.63% done, 61,983,740 eQTLs
62.81% done, 62,154,128 eQTLs
62.99% done, 62,356,662 eQTLs
63.17% done, 62,507,586 eQTLs
63.35% done, 62,718,849 eQTLs
63.53% done, 62,879,353 eQTLs
63.71% done, 63,094,896 eQTLs
63.89% done, 63,252,757 eQTLs
64.07% done, 63,472,635 eQTLs
64.25% done, 63,639,804 eQTLs
64.44% done, 63,895,772 eQTLs
64.62% done, 64,084,926 eQTLs
64.80% done, 64,307,499 eQTLs
64.98% done, 64,469,575 eQTLs
65.16% done, 64,740,265 eQTLs
65.34% done, 64,945,553 eQTLs
65.52% done, 65,149,211 eQTLs
65.70% done, 65,302,551 eQTLs
65.88% done, 65,503,752 eQTLs
66.06% done, 65,646,380 eQTLs
66.24% done, 65,832,672 eQTLs
66.42% done, 65,969,977 eQTLs
66.60% done, 66,179,482 eQTLs
66.78% done, 66,331,770 eQTLs
66.96% done, 66,531,702 eQTLs
67.14% done, 66,688,360 eQTLs
67.32% done, 66,894,387 eQTLs
67.50% done, 67,047,963 eQTLs
67.68% done, 67,248,529 eQTLs
67.87% done, 67,396,692 eQTLs
68.05% done, 67,633,430 eQTLs
68.23% done, 67,806,934 eQTLs
68.41% done, 67,984,875 eQTLs
68.59% done, 68,126,547 eQTLs
68.77% done, 68,340,601 eQTLs
68.95% done, 68,500,640 eQTLs
69.13% done, 68,715,735 eQTLs
69.31% done, 68,882,001 eQTLs
69.49% done, 69,071,911 eQTLs
69.67% done, 69,212,689 eQTLs
69.85% done, 69,404,301 eQTLs
70.03% done, 69,548,248 eQTLs
70.21% done, 69,730,612 eQTLs
70.39% done, 69,865,682 eQTLs
70.57% done, 70,059,735 eQTLs
70.75% done, 70,199,227 eQTLs
70.93% done, 70,357,402 eQTLs
71.11% done, 70,470,879 eQTLs
71.29% done, 70,641,146 eQTLs
71.48% done, 70,759,801 eQTLs
71.66% done, 70,978,626 eQTLs
71.84% done, 71,140,901 eQTLs
72.02% done, 71,305,557 eQTLs
72.20% done, 71,429,744 eQTLs
72.38% done, 71,577,496 eQTLs
72.56% done, 71,693,945 eQTLs
72.74% done, 71,865,274 eQTLs
72.92% done, 71,991,416 eQTLs
73.10% done, 72,198,268 eQTLs
73.28% done, 72,346,724 eQTLs
73.46% done, 72,553,159 eQTLs
73.64% done, 72,696,437 eQTLs
73.82% done, 72,898,649 eQTLs
74.00% done, 73,050,957 eQTLs
74.18% done, 73,295,680 eQTLs
74.36% done, 73,477,772 eQTLs
74.54% done, 73,675,417 eQTLs
74.72% done, 73,817,366 eQTLs
74.90% done, 74,001,248 eQTLs
75.09% done, 74,137,565 eQTLs
75.27% done, 74,388,042 eQTLs
75.45% done, 74,576,195 eQTLs
75.63% done, 74,807,184 eQTLs
75.81% done, 74,976,117 eQTLs
75.99% done, 75,178,877 eQTLs
76.17% done, 75,324,370 eQTLs
76.35% done, 75,516,692 eQTLs
76.53% done, 75,651,760 eQTLs
76.71% done, 75,841,254 eQTLs
76.89% done, 75,977,533 eQTLs
77.07% done, 76,199,509 eQTLs
77.25% done, 76,369,022 eQTLs
77.43% done, 76,585,208 eQTLs
77.61% done, 76,741,162 eQTLs
77.79% done, 76,945,345 eQTLs
77.97% done, 77,093,627 eQTLs
78.15% done, 77,338,151 eQTLs
78.33% done, 77,519,186 eQTLs
78.51% done, 77,719,795 eQTLs
78.70% done, 77,869,320 eQTLs
78.88% done, 78,047,498 eQTLs
79.06% done, 78,174,465 eQTLs
79.24% done, 78,358,257 eQTLs
79.42% done, 78,496,235 eQTLs
79.60% done, 78,667,351 eQTLs
79.78% done, 78,798,309 eQTLs
79.96% done, 79,014,011 eQTLs
80.14% done, 79,173,046 eQTLs
80.32% done, 79,386,571 eQTLs
80.50% done, 79,546,969 eQTLs
80.68% done, 79,727,699 eQTLs
80.86% done, 79,857,556 eQTLs
81.04% done, 80,069,058 eQTLs
81.22% done, 80,225,311 eQTLs
81.40% done, 80,397,145 eQTLs
81.58% done, 80,526,005 eQTLs
81.76% done, 80,735,066 eQTLs
81.94% done, 80,889,329 eQTLs
82.12% done, 81,120,736 eQTLs
82.31% done, 81,303,696 eQTLs
82.49% done, 81,535,362 eQTLs
82.67% done, 81,708,819 eQTLs
82.85% done, 81,914,063 eQTLs
83.03% done, 82,067,161 eQTLs
83.21% done, 82,237,837 eQTLs
83.39% done, 82,363,346 eQTLs
83.57% done, 82,584,610 eQTLs
83.75% done, 82,744,710 eQTLs
83.93% done, 83,022,298 eQTLs
84.11% done, 83,224,667 eQTLs
84.29% done, 83,378,580 eQTLs
84.47% done, 83,487,815 eQTLs
84.65% done, 83,698,055 eQTLs
84.83% done, 83,852,846 eQTLs
85.01% done, 84,051,144 eQTLs
85.19% done, 84,191,686 eQTLs
85.37% done, 84,382,376 eQTLs
85.55% done, 84,518,687 eQTLs
85.74% done, 84,732,116 eQTLs
85.92% done, 84,891,414 eQTLs
86.10% done, 85,094,789 eQTLs
86.28% done, 85,250,083 eQTLs
86.46% done, 85,436,698 eQTLs
86.64% done, 85,572,673 eQTLs
86.82% done, 85,761,140 eQTLs
87.00% done, 85,897,621 eQTLs
87.18% done, 86,112,255 eQTLs
87.36% done, 86,274,796 eQTLs
87.54% done, 86,461,978 eQTLs
87.72% done, 86,602,942 eQTLs
87.90% done, 86,808,771 eQTLs
88.08% done, 86,961,157 eQTLs
88.26% done, 87,190,818 eQTLs
88.44% done, 87,359,110 eQTLs
88.62% done, 87,552,981 eQTLs
88.80% done, 87,700,030 eQTLs
88.98% done, 87,874,445 eQTLs
89.16% done, 88,008,682 eQTLs
89.35% done, 88,186,256 eQTLs
89.53% done, 88,324,724 eQTLs
89.71% done, 88,496,282 eQTLs
89.89% done, 88,625,769 eQTLs
90.07% done, 88,842,289 eQTLs
90.25% done, 89,007,275 eQTLs
90.43% done, 89,266,269 eQTLs
90.61% done, 89,461,597 eQTLs
90.79% done, 89,657,292 eQTLs
90.97% done, 89,803,236 eQTLs
91.15% done, 90,065,292 eQTLs
91.33% done, 90,252,498 eQTLs
91.51% done, 90,449,409 eQTLs
91.69% done, 90,597,491 eQTLs
91.87% done, 90,790,225 eQTLs
92.05% done, 90,933,184 eQTLs
92.23% done, 91,077,443 eQTLs
92.41% done, 91,185,453 eQTLs
92.59% done, 91,371,926 eQTLs
92.77% done, 91,512,068 eQTLs
92.96% done, 91,717,942 eQTLs
93.14% done, 91,868,295 eQTLs
93.32% done, 92,037,010 eQTLs
93.50% done, 92,158,232 eQTLs
93.68% done, 92,368,398 eQTLs
93.86% done, 92,522,035 eQTLs
94.04% done, 92,717,415 eQTLs
94.22% done, 92,864,506 eQTLs
94.40% done, 93,064,219 eQTLs
94.58% done, 93,206,378 eQTLs
94.76% done, 93,371,409 eQTLs
94.94% done, 93,494,505 eQTLs
95.12% done, 93,657,531 eQTLs
95.30% done, 93,778,141 eQTLs
95.48% done, 94,017,995 eQTLs
95.66% done, 94,197,735 eQTLs
95.84% done, 94,383,413 eQTLs
96.02% done, 94,525,849 eQTLs
96.20% done, 94,720,129 eQTLs
96.38% done, 94,861,630 eQTLs
96.57% done, 95,058,754 eQTLs
96.75% done, 95,203,424 eQTLs
96.93% done, 95,418,504 eQTLs
97.11% done, 95,579,427 eQTLs
97.29% done, 95,813,176 eQTLs
97.47% done, 95,994,764 eQTLs
97.65% done, 96,213,985 eQTLs
97.83% done, 96,375,098 eQTLs
98.01% done, 96,542,289 eQTLs
98.19% done, 96,667,730 eQTLs
98.37% done, 96,876,293 eQTLs
98.55% done, 97,027,833 eQTLs
98.73% done, 97,188,049 eQTLs
98.91% done, 97,304,568 eQTLs
99.09% done, 97,481,924 eQTLs
99.27% done, 97,608,452 eQTLs
99.45% done, 97,780,556 eQTLs
99.63% done, 97,900,817 eQTLs
99.81% done, 97,975,632 eQTLs
100.00% done, 98,032,630 eQTLs
Task finished in 791.09 seconds

Warning message:
In Matrix_eQTL_main(snps = snps, gene = gene, cvrt = cvrt, output_file_name = output_file_name,  :
  Warning: pvOutputThreshold may be too large.
Expected number of findings > 96544424.2
