Loading required package: carData
Parsed with column specification:
cols(
  .default = col_double(),
  Protein = col_character()
)
See spec(...) for full column specifications.
Warning message:
Setting row names on a tibble is deprecated. 
Rows read: 2,000
Rows read: 4,000
Rows read: 6,000
Rows read: 8,000
Rows read: 10,000
Rows read: 12,000
Rows read: 14,000
Rows read: 16,000
Rows read: 18,000
Rows read: 20,000
Rows read: 22,000
Rows read: 24,000
Rows read: 26,000
Rows read: 28,000
Rows read: 30,000
Rows read: 32,000
Rows read: 34,000
Rows read: 36,000
Rows read: 38,000
Rows read: 40,000
Rows read: 42,000
Rows read: 44,000
Rows read: 46,000
Rows read: 48,000
Rows read: 50,000
Rows read: 52,000
Rows read: 54,000
Rows read: 56,000
Rows read: 58,000
Rows read: 60,000
Rows read: 62,000
Rows read: 64,000
Rows read: 66,000
Rows read: 68,000
Rows read: 70,000
Rows read: 72,000
Rows read: 74,000
Rows read: 76,000
Rows read: 78,000
Rows read: 80,000
Rows read: 82,000
Rows read: 84,000
Rows read: 86,000
Rows read: 88,000
Rows read: 90,000
Rows read: 92,000
Rows read: 94,000
Rows read: 96,000
Rows read: 98,000
Rows read: 100,000
Rows read: 102,000
Rows read: 104,000
Rows read: 106,000
Rows read: 108,000
Rows read: 110,000
Rows read: 112,000
Rows read: 114,000
Rows read: 116,000
Rows read: 118,000
Rows read: 120,000
Rows read: 122,000
Rows read: 124,000
Rows read: 126,000
Rows read: 128,000
Rows read: 130,000
Rows read: 132,000
Rows read: 134,000
Rows read: 136,000
Rows read: 138,000
Rows read: 140,000
Rows read: 142,000
Rows read: 144,000
Rows read: 146,000
Rows read: 148,000
Rows read: 150,000
Rows read: 152,000
Rows read: 154,000
Rows read: 156,000
Rows read: 158,000
Rows read: 160,000
Rows read: 162,000
Rows read: 164,000
Rows read: 166,000
Rows read: 168,000
Rows read: 170,000
Rows read: 172,000
Rows read: 174,000
Rows read: 176,000
Rows read: 178,000
Rows read: 180,000
Rows read: 182,000
Rows read: 184,000
Rows read: 186,000
Rows read: 188,000
Rows read: 190,000
Rows read: 192,000
Rows read: 194,000
Rows read: 196,000
Rows read: 198,000
Rows read: 200,000
Rows read: 202,000
Rows read: 204,000
Rows read: 206,000
Rows read: 208,000
Rows read: 210,000
Rows read: 212,000
Rows read: 214,000
Rows read: 216,000
Rows read: 218,000
Rows read: 220,000
Rows read: 222,000
Rows read: 224,000
Rows read: 226,000
Rows read: 228,000
Rows read: 230,000
Rows read: 232,000
Rows read: 234,000
Rows read: 236,000
Rows read: 238,000
Rows read: 240,000
Rows read: 242,000
Rows read: 244,000
Rows read: 246,000
Rows read: 248,000
Rows read: 250,000
Rows read: 252,000
Rows read: 254,000
Rows read: 256,000
Rows read: 258,000
Rows read: 260,000
Rows read: 262,000
Rows read: 264,000
Rows read: 266,000
Rows read: 268,000
Rows read: 270,000
Rows read: 272,000
Rows read: 274,000
Rows read: 276,000
Rows read: 278,000
Rows read: 280,000
Rows read: 282,000
Rows read: 284,000
Rows read: 286,000
Rows read: 288,000
Rows read: 290,000
Rows read: 292,000
Rows read: 294,000
Rows read: 296,000
Rows read: 298,000
Rows read: 300,000
Rows read: 302,000
Rows read: 304,000
Rows read: 306,000
Rows read: 308,000
Rows read: 310,000
Rows read: 312,000
Rows read: 314,000
Rows read: 316,000
Rows read: 318,000
Rows read: 320,000
Rows read: 322,000
Rows read: 324,000
Rows read: 326,000
Rows read: 328,000
Rows read: 330,000
Rows read: 332,000
Rows read: 334,000
Rows read: 336,000
Rows read: 338,000
Rows read: 340,000
Rows read: 342,000
Rows read: 344,000
Rows read: 346,000
Rows read: 348,000
Rows read: 350,000
Rows read: 352,000
Rows read: 354,000
Rows read: 356,000
Rows read: 358,000
Rows read: 360,000
Rows read: 362,000
Rows read: 364,000
Rows read: 366,000
Rows read: 368,000
Rows read: 370,000
Rows read: 372,000
Rows read: 374,000
Rows read: 376,000
Rows read: 378,000
Rows read: 380,000
Rows read: 382,000
Rows read: 384,000
Rows read: 386,000
Rows read: 388,000
Rows read: 390,000
Rows read: 392,000
Rows read: 394,000
Rows read: 396,000
Rows read: 398,000
Rows read: 400,000
Rows read: 402,000
Rows read: 404,000
Rows read: 406,000
Rows read: 408,000
Rows read: 410,000
Rows read: 412,000
Rows read: 414,000
Rows read: 416,000
Rows read: 418,000
Rows read: 420,000
Rows read: 422,000
Rows read: 424,000
Rows read: 426,000
Rows read: 428,000
Rows read: 430,000
Rows read: 432,000
Rows read: 434,000
Rows read: 436,000
Rows read: 438,000
Rows read: 440,000
Rows read: 442,000
Rows read: 444,000
Rows read: 446,000
Rows read: 448,000
Rows read: 450,000
Rows read: 452,000
Rows read: 454,000
Rows read: 456,000
Rows read: 458,000
Rows read: 460,000
Rows read: 462,000
Rows read: 464,000
Rows read: 466,000
Rows read: 468,000
Rows read: 470,000
Rows read: 472,000
Rows read: 474,000
Rows read: 476,000
Rows read: 478,000
Rows read: 480,000
Rows read: 482,000
Rows read: 484,000
Rows read: 486,000
Rows read: 488,000
Rows read: 490,000
Rows read: 492,000
Rows read: 494,000
Rows read: 496,000
Rows read: 498,000
Rows read: 500,000
Rows read: 502,000
Rows read: 504,000
Rows read: 506,000
Rows read: 508,000
Rows read: 510,000
Rows read: 512,000
Rows read: 514,000
Rows read: 516,000
Rows read: 518,000
Rows read: 520,000
Rows read: 522,000
Rows read: 524,000
Rows read: 526,000
Rows read: 528,000
Rows read: 530,000
Rows read: 532,000
Rows read: 534,000
Rows read: 536,000
Rows read: 538,000
Rows read: 540,000
Rows read: 542,000
Rows read: 544,000
Rows read: 546,000
Rows read: 548,000
Rows read: 550,000
Rows read: 552,000
Rows read: 554,000
Rows read: 556,000
Rows read: 558,000
Rows read: 560,000
Rows read: 562,000
Rows read: 564,000
Rows read: 566,000
Rows read: 568,000
Rows read: 570,000
Rows read: 572,000
Rows read: 574,000
Rows read: 576,000
Rows read: 578,000
Rows read: 580,000
Rows read: 582,000
Rows read: 584,000
Rows read: 586,000
Rows read: 588,000
Rows read: 590,000
Rows read: 592,000
Rows read: 594,000
Rows read: 596,000
Rows read: 598,000
Rows read: 600,000
Rows read: 602,000
Rows read: 604,000
Rows read: 606,000
Rows read: 608,000
Rows read: 610,000
Rows read: 612,000
Rows read: 614,000
Rows read: 616,000
Rows read: 618,000
Rows read: 620,000
Rows read: 622,000
Rows read: 624,000
Rows read: 626,000
Rows read: 628,000
Rows read: 630,000
Rows read: 632,000
Rows read: 634,000
Rows read: 636,000
Rows read: 638,000
Rows read: 640,000
Rows read: 642,000
Rows read: 644,000
Rows read: 646,000
Rows read: 648,000
Rows read: 650,000
Rows read: 652,000
Rows read: 654,000
Rows read: 656,000
Rows read: 658,000
Rows read: 660,000
Rows read: 662,000
Rows read: 664,000
Rows read: 666,000
Rows read: 668,000
Rows read: 670,000
Rows read: 672,000
Rows read: 674,000
Rows read: 676,000
Rows read: 678,000
Rows read: 680,000
Rows read: 682,000
Rows read: 684,000
Rows read: 686,000
Rows read: 688,000
Rows read: 690,000
Rows read: 692,000
Rows read: 694,000
Rows read: 696,000
Rows read: 698,000
Rows read: 700,000
Rows read: 702,000
Rows read: 704,000
Rows read: 706,000
Rows read: 708,000
Rows read: 710,000
Rows read: 712,000
Rows read: 714,000
Rows read: 716,000
Rows read: 718,000
Rows read: 720,000
Rows read: 722,000
Rows read: 724,000
Rows read: 726,000
Rows read: 728,000
Rows read: 730,000
Rows read: 732,000
Rows read: 734,000
Rows read: 736,000
Rows read: 738,000
Rows read: 740,000
Rows read: 742,000
Rows read: 744,000
Rows read: 746,000
Rows read: 748,000
Rows read: 750,000
Rows read: 752,000
Rows read: 754,000
Rows read: 756,000
Rows read: 758,000
Rows read: 760,000
Rows read: 762,000
Rows read: 764,000
Rows read: 766,000
Rows read: 768,000
Rows read: 770,000
Rows read: 772,000
Rows read: 774,000
Rows read: 776,000
Rows read: 778,000
Rows read: 780,000
Rows read: 782,000
Rows read: 784,000
Rows read: 786,000
Rows read: 788,000
Rows read: 790,000
Rows read: 792,000
Rows read: 794,000
Rows read: 796,000
Rows read: 798,000
Rows read: 800,000
Rows read: 802,000
Rows read: 804,000
Rows read: 806,000
Rows read: 808,000
Rows read: 810,000
Rows read: 812,000
Rows read: 814,000
Rows read: 816,000
Rows read: 818,000
Rows read: 820,000
Rows read: 822,000
Rows read: 824,000
Rows read: 826,000
Rows read: 828,000
Rows read: 830,000
Rows read: 832,000
Rows read: 834,000
Rows read: 836,000
Rows read: 838,000
Rows read: 840,000
Rows read: 842,000
Rows read: 844,000
Rows read: 846,000
Rows read: 848,000
Rows read: 850,000
Rows read: 852,000
Rows read: 854,000
Rows read: 856,000
Rows read: 858,000
Rows read: 860,000
Rows read: 862,000
Rows read: 864,000
Rows read: 866,000
Rows read: 868,000
Rows read: 870,000
Rows read: 872,000
Rows read: 874,000
Rows read: 876,000
Rows read: 878,000
Rows read: 880,000
Rows read: 882,000
Rows read: 884,000
Rows read: 886,000
Rows read: 888,000
Rows read: 890,000
Rows read: 892,000
Rows read: 894,000
Rows read: 896,000
Rows read: 898,000
Rows read: 900,000
Rows read: 902,000
Rows read: 904,000
Rows read: 906,000
Rows read: 908,000
Rows read: 910,000
Rows read: 912,000
Rows read: 914,000
Rows read: 916,000
Rows read: 918,000
Rows read: 920,000
Rows read: 922,000
Rows read: 924,000
Rows read: 926,000
Rows read: 928,000
Rows read: 930,000
Rows read: 932,000
Rows read: 934,000
Rows read: 936,000
Rows read: 938,000
Rows read: 940,000
Rows read: 942,000
Rows read: 944,000
Rows read: 946,000
Rows read: 948,000
Rows read: 950,000
Rows read: 952,000
Rows read: 954,000
Rows read: 956,000
Rows read: 958,000
Rows read: 960,000
Rows read: 962,000
Rows read: 964,000
Rows read: 966,000
Rows read: 968,000
Rows read: 970,000
Rows read: 972,000
Rows read: 974,000
Rows read: 976,000
Rows read: 978,000
Rows read: 980,000
Rows read: 982,000
Rows read: 984,000
Rows read: 986,000
Rows read: 988,000
Rows read: 990,000
Rows read: 992,000
Rows read: 994,000
Rows read: 996,000
Rows read: 998,000
Rows read: 1,000,000
Rows read: 1,002,000
Rows read: 1,004,000
Rows read: 1,006,000
Rows read: 1,008,000
Rows read: 1,010,000
Rows read: 1,012,000
Rows read: 1,014,000
Rows read: 1,016,000
Rows read: 1,018,000
Rows read: 1,020,000
Rows read: 1,022,000
Rows read: 1,024,000
Rows read: 1,026,000
Rows read: 1,028,000
Rows read: 1,030,000
Rows read: 1,032,000
Rows read: 1,034,000
Rows read: 1,036,000
Rows read: 1,038,000
Rows read: 1,040,000
Rows read: 1,042,000
Rows read: 1,044,000
Rows read: 1,046,000
Rows read: 1,048,000
Rows read: 1,050,000
Rows read: 1,052,000
Rows read: 1,054,000
Rows read: 1,056,000
Rows read: 1,058,000
Rows read: 1,060,000
Rows read: 1,062,000
Rows read: 1,064,000
Rows read: 1,066,000
Rows read: 1,068,000
Rows read: 1,070,000
Rows read: 1,072,000
Rows read: 1,074,000
Rows read: 1,076,000
Rows read: 1,078,000
Rows read: 1,080,000
Rows read: 1,082,000
Rows read: 1,084,000
Rows read: 1,086,000
Rows read: 1,088,000
Rows read: 1,090,000
Rows read: 1,092,000
Rows read: 1,094,000
Rows read: 1,096,000
Rows read: 1,098,000
Rows read: 1,100,000
Rows read: 1,102,000
Rows read: 1,104,000
Rows read: 1,106,000
Rows read: 1,108,000
Rows read: 1,110,000
Rows read: 1,112,000
Rows read: 1,114,000
Rows read: 1,116,000
Rows read: 1,118,000
Rows read: 1,120,000
Rows read: 1,122,000
Rows read: 1,124,000
Rows read: 1,126,000
Rows read: 1,128,000
Rows read: 1,130,000
Rows read: 1,132,000
Rows read: 1,134,000
Rows read: 1,136,000
Rows read: 1,138,000
Rows read: 1,140,000
Rows read: 1,142,000
Rows read: 1,144,000
Rows read: 1,146,000
Rows read: 1,148,000
Rows read: 1,150,000
Rows read: 1,152,000
Rows read: 1,154,000
Rows read: 1,156,000
Rows read: 1,158,000
Rows read: 1,160,000
Rows read: 1,162,000
Rows read: 1,164,000
Rows read: 1,166,000
Rows read: 1,168,000
Rows read: 1,170,000
Rows read: 1,172,000
Rows read: 1,174,000
Rows read: 1,176,000
Rows read: 1,178,000
Rows read: 1,180,000
Rows read: 1,182,000
Rows read: 1,184,000
Rows read: 1,186,000
Rows read: 1,188,000
Rows read: 1,190,000
Rows read: 1,192,000
Rows read: 1,194,000
Rows read: 1,196,000
Rows read: 1,198,000
Rows read: 1,200,000
Rows read: 1,202,000
Rows read: 1,204,000
Rows read: 1,206,000
Rows read: 1,208,000
Rows read: 1,210,000
Rows read: 1,212,000
Rows read: 1,214,000
Rows read: 1,216,000
Rows read: 1,218,000
Rows read: 1,220,000
Rows read: 1,222,000
Rows read: 1,224,000
Rows read: 1,226,000
Rows read: 1,228,000
Rows read: 1,230,000
Rows read: 1,232,000
Rows read: 1,234,000
Rows read: 1,236,000
Rows read: 1,238,000
Rows read: 1,240,000
Rows read: 1,242,000
Rows read: 1,244,000
Rows read: 1,246,000
Rows read: 1,248,000
Rows read: 1,250,000
Rows read: 1,252,000
Rows read: 1,254,000
Rows read: 1,256,000
Rows read: 1,258,000
Rows read: 1,260,000
Rows read: 1,262,000
Rows read: 1,264,000
Rows read: 1,266,000
Rows read: 1,268,000
Rows read: 1,270,000
Rows read: 1,272,000
Rows read: 1,274,000
Rows read: 1,276,000
Rows read: 1,278,000
Rows read: 1,280,000
Rows read: 1,282,000
Rows read: 1,284,000
Rows read: 1,286,000
Rows read: 1,288,000
Rows read: 1,290,000
Rows read: 1,292,000
Rows read: 1,294,000
Rows read: 1,296,000
Rows read: 1,298,000
Rows read: 1,300,000
Rows read: 1,302,000
Rows read: 1,304,000
Rows read: 1,306,000
Rows read: 1,308,000
Rows read: 1,310,000
Rows read: 1,312,000
Rows read: 1,314,000
Rows read: 1,316,000
Rows read: 1,318,000
Rows read: 1,320,000
Rows read: 1,322,000
Rows read: 1,324,000
Rows read: 1,326,000
Rows read: 1,328,000
Rows read: 1,330,000
Rows read: 1,332,000
Rows read: 1,334,000
Rows read: 1,336,000
Rows read: 1,338,000
Rows read: 1,340,000
Rows read: 1,342,000
Rows read: 1,344,000
Rows read: 1,346,000
Rows read: 1,348,000
Rows read: 1,350,000
Rows read: 1,352,000
Rows read: 1,354,000
Rows read: 1,356,000
Rows read: 1,358,000
Rows read: 1,360,000
Rows read: 1,362,000
Rows read: 1,364,000
Rows read: 1,366,000
Rows read: 1,368,000
Rows read: 1,370,000
Rows read: 1,372,000
Rows read: 1,374,000
Rows read: 1,376,000
Rows read: 1,378,000
Rows read: 1,380,000
Rows read: 1,382,000
Rows read: 1,384,000
Rows read: 1,386,000
Rows read: 1,388,000
Rows read: 1,390,000
Rows read: 1,392,000
Rows read: 1,394,000
Rows read: 1,396,000
Rows read: 1,398,000
Rows read: 1,400,000
Rows read: 1,402,000
Rows read: 1,404,000
Rows read: 1,406,000
Rows read: 1,408,000
Rows read: 1,410,000
Rows read: 1,412,000
Rows read: 1,414,000
Rows read: 1,416,000
Rows read: 1,418,000
Rows read: 1,420,000
Rows read: 1,422,000
Rows read: 1,424,000
Rows read: 1,426,000
Rows read: 1,428,000
Rows read: 1,430,000
Rows read: 1,432,000
Rows read: 1,434,000
Rows read: 1,436,000
Rows read: 1,438,000
Rows read: 1,440,000
Rows read: 1,442,000
Rows read: 1,444,000
Rows read: 1,446,000
Rows read: 1,448,000
Rows read: 1,450,000
Rows read: 1,452,000
Rows read: 1,454,000
Rows read: 1,456,000
Rows read: 1,458,000
Rows read: 1,460,000
Rows read: 1,462,000
Rows read: 1,464,000
Rows read: 1,466,000
Rows read: 1,468,000
Rows read: 1,470,000
Rows read: 1,472,000
Rows read: 1,474,000
Rows read: 1,476,000
Rows read: 1,478,000
Rows read: 1,480,000
Rows read: 1,482,000
Rows read: 1,484,000
Rows read: 1,486,000
Rows read: 1,488,000
Rows read: 1,490,000
Rows read: 1,492,000
Rows read: 1,494,000
Rows read: 1,496,000
Rows read: 1,498,000
Rows read: 1,500,000
Rows read: 1,502,000
Rows read: 1,504,000
Rows read: 1,506,000
Rows read: 1,508,000
Rows read: 1,510,000
Rows read: 1,512,000
Rows read: 1,514,000
Rows read: 1,516,000
Rows read: 1,518,000
Rows read: 1,520,000
Rows read: 1,522,000
Rows read: 1,524,000
Rows read: 1,526,000
Rows read: 1,528,000
Rows read: 1,530,000
Rows read: 1,532,000
Rows read: 1,534,000
Rows read: 1,536,000
Rows read: 1,538,000
Rows read: 1,540,000
Rows read: 1,542,000
Rows read: 1,544,000
Rows read: 1,546,000
Rows read: 1,548,000
Rows read: 1,550,000
Rows read: 1,552,000
Rows read: 1,554,000
Rows read: 1,556,000
Rows read: 1,558,000
Rows read: 1,560,000
Rows read: 1,562,000
Rows read: 1,564,000
Rows read: 1,566,000
Rows read: 1,568,000
Rows read: 1,570,000
Rows read: 1,572,000
Rows read: 1,574,000
Rows read: 1,576,000
Rows read: 1,578,000
Rows read: 1,580,000
Rows read: 1,582,000
Rows read: 1,584,000
Rows read: 1,586,000
Rows read: 1,588,000
Rows read: 1,590,000
Rows read: 1,592,000
Rows read: 1,594,000
Rows read: 1,596,000
Rows read: 1,598,000
Rows read: 1,600,000
Rows read: 1,602,000
Rows read: 1,604,000
Rows read: 1,606,000
Rows read: 1,608,000
Rows read: 1,610,000
Rows read: 1,612,000
Rows read: 1,614,000
Rows read: 1,616,000
Rows read: 1,618,000
Rows read: 1,620,000
Rows read: 1,622,000
Rows read: 1,624,000
Rows read: 1,626,000
Rows read: 1,628,000
Rows read: 1,630,000
Rows read: 1,632,000
Rows read: 1,634,000
Rows read: 1,636,000
Rows read: 1,638,000
Rows read: 1,640,000
Rows read: 1,642,000
Rows read: 1,644,000
Rows read: 1,646,000
Rows read: 1,648,000
Rows read: 1,650,000
Rows read: 1,652,000
Rows read: 1,654,000
Rows read: 1,656,000
Rows read: 1,658,000
Rows read: 1,660,000
Rows read: 1,662,000
Rows read: 1,664,000
Rows read: 1,666,000
Rows read: 1,668,000
Rows read: 1,670,000
Rows read: 1,672,000
Rows read: 1,674,000
Rows read: 1,676,000
Rows read: 1,678,000
Rows read: 1,680,000
Rows read: 1,682,000
Rows read: 1,684,000
Rows read: 1,686,000
Rows read: 1,688,000
Rows read: 1,690,000
Rows read: 1,692,000
Rows read: 1,694,000
Rows read: 1,696,000
Rows read: 1,698,000
Rows read: 1,700,000
Rows read: 1,702,000
Rows read: 1,704,000
Rows read: 1,706,000
Rows read: 1,708,000
Rows read: 1,710,000
Rows read: 1,712,000
Rows read: 1,714,000
Rows read: 1,716,000
Rows read: 1,718,000
Rows read: 1,720,000
Rows read: 1,722,000
Rows read: 1,724,000
Rows read: 1,726,000
Rows read: 1,728,000
Rows read: 1,730,000
Rows read: 1,732,000
Rows read: 1,734,000
Rows read: 1,736,000
Rows read: 1,738,000
Rows read: 1,740,000
Rows read: 1,742,000
Rows read: 1,744,000
Rows read: 1,746,000
Rows read: 1,748,000
Rows read: 1,750,000
Rows read: 1,752,000
Rows read: 1,754,000
Rows read: 1,756,000
Rows read: 1,758,000
Rows read: 1,760,000
Rows read: 1,762,000
Rows read: 1,764,000
Rows read: 1,766,000
Rows read: 1,768,000
Rows read: 1,770,000
Rows read: 1,772,000
Rows read: 1,774,000
Rows read: 1,776,000
Rows read: 1,778,000
Rows read: 1,780,000
Rows read: 1,782,000
Rows read: 1,784,000
Rows read: 1,786,000
Rows read: 1,788,000
Rows read: 1,790,000
Rows read: 1,792,000
Rows read: 1,794,000
Rows read: 1,796,000
Rows read: 1,798,000
Rows read: 1,800,000
Rows read: 1,802,000
Rows read: 1,804,000
Rows read: 1,806,000
Rows read: 1,808,000
Rows read: 1,810,000
Rows read: 1,812,000
Rows read: 1,814,000
Rows read: 1,816,000
Rows read: 1,818,000
Rows read: 1,820,000
Rows read: 1,822,000
Rows read: 1,824,000
Rows read: 1,826,000
Rows read: 1,828,000
Rows read: 1,830,000
Rows read: 1,832,000
Rows read: 1,834,000
Rows read: 1,836,000
Rows read: 1,838,000
Rows read: 1,840,000
Rows read: 1,842,000
Rows read: 1,844,000
Rows read: 1,846,000
Rows read: 1,848,000
Rows read: 1,850,000
Rows read: 1,852,000
Rows read: 1,854,000
Rows read: 1,856,000
Rows read: 1,858,000
Rows read: 1,860,000
Rows read: 1,862,000
Rows read: 1,864,000
Rows read: 1,866,000
Rows read: 1,868,000
Rows read: 1,870,000
Rows read: 1,872,000
Rows read: 1,874,000
Rows read: 1,876,000
Rows read: 1,878,000
Rows read: 1,880,000
Rows read: 1,882,000
Rows read: 1,884,000
Rows read: 1,886,000
Rows read: 1,888,000
Rows read: 1,890,000
Rows read: 1,892,000
Rows read: 1,894,000
Rows read: 1,896,000
Rows read: 1,898,000
Rows read: 1,900,000
Rows read: 1,902,000
Rows read: 1,904,000
Rows read: 1,906,000
Rows read: 1,908,000
Rows read: 1,910,000
Rows read: 1,912,000
Rows read: 1,914,000
Rows read: 1,916,000
Rows read: 1,918,000
Rows read: 1,920,000
Rows read: 1,922,000
Rows read: 1,924,000
Rows read: 1,926,000
Rows read: 1,928,000
Rows read: 1,930,000
Rows read: 1,932,000
Rows read: 1,934,000
Rows read: 1,936,000
Rows read: 1,938,000
Rows read: 1,940,000
Rows read: 1,942,000
Rows read: 1,944,000
Rows read: 1,946,000
Rows read: 1,948,000
Rows read: 1,950,000
Rows read: 1,952,000
Rows read: 1,954,000
Rows read: 1,956,000
Rows read: 1,958,000
Rows read: 1,960,000
Rows read: 1,962,000
Rows read: 1,964,000
Rows read: 1,966,000
Rows read: 1,968,000
Rows read: 1,970,000
Rows read: 1,972,000
Rows read: 1,974,000
Rows read: 1,976,000
Rows read: 1,978,000
Rows read: 1,980,000
Rows read: 1,982,000
Rows read: 1,984,000
Rows read: 1,986,000
Rows read: 1,988,000
Rows read: 1,990,000
Rows read: 1,992,000
Rows read: 1,994,000
Rows read: 1,996,000
Rows read: 1,998,000
Rows read: 2,000,000
Rows read: 2,002,000
Rows read: 2,004,000
Rows read: 2,006,000
Rows read: 2,008,000
Rows read: 2,010,000
Rows read: 2,012,000
Rows read: 2,014,000
Rows read: 2,016,000
Rows read: 2,018,000
Rows read: 2,020,000
Rows read: 2,022,000
Rows read: 2,024,000
Rows read: 2,026,000
Rows read: 2,028,000
Rows read: 2,030,000
Rows read: 2,032,000
Rows read: 2,034,000
Rows read: 2,036,000
Rows read: 2,038,000
Rows read: 2,040,000
Rows read: 2,042,000
Rows read: 2,044,000
Rows read: 2,046,000
Rows read: 2,048,000
Rows read: 2,050,000
Rows read: 2,052,000
Rows read: 2,054,000
Rows read: 2,056,000
Rows read: 2,058,000
Rows read: 2,060,000
Rows read: 2,062,000
Rows read: 2,064,000
Rows read: 2,066,000
Rows read: 2,068,000
Rows read: 2,070,000
Rows read: 2,072,000
Rows read: 2,074,000
Rows read: 2,076,000
Rows read: 2,078,000
Rows read: 2,080,000
Rows read: 2,082,000
Rows read: 2,084,000
Rows read: 2,086,000
Rows read: 2,088,000
Rows read: 2,090,000
Rows read: 2,092,000
Rows read: 2,094,000
Rows read: 2,096,000
Rows read: 2,098,000
Rows read: 2,100,000
Rows read: 2,102,000
Rows read: 2,104,000
Rows read: 2,106,000
Rows read: 2,108,000
Rows read: 2,110,000
Rows read: 2,112,000
Rows read: 2,114,000
Rows read: 2,116,000
Rows read: 2,118,000
Rows read: 2,120,000
Rows read: 2,122,000
Rows read: 2,124,000
Rows read: 2,126,000
Rows read: 2,128,000
Rows read: 2,130,000
Rows read: 2,132,000
Rows read: 2,134,000
Rows read: 2,136,000
Rows read: 2,138,000
Rows read: 2,140,000
Rows read: 2,142,000
Rows read: 2,144,000
Rows read: 2,146,000
Rows read: 2,148,000
Rows read: 2,150,000
Rows read: 2,152,000
Rows read: 2,154,000
Rows read: 2,156,000
Rows read: 2,158,000
Rows read: 2,160,000
Rows read: 2,162,000
Rows read: 2,164,000
Rows read: 2,166,000
Rows read: 2,168,000
Rows read: 2,170,000
Rows read: 2,172,000
Rows read: 2,174,000
Rows read: 2,176,000
Rows read: 2,178,000
Rows read: 2,180,000
Rows read: 2,182,000
Rows read: 2,184,000
Rows read: 2,186,000
Rows read: 2,188,000
Rows read: 2,190,000
Rows read: 2,192,000
Rows read: 2,194,000
Rows read: 2,196,000
Rows read: 2,198,000
Rows read: 2,200,000
Rows read: 2,202,000
Rows read: 2,204,000
Rows read: 2,206,000
Rows read: 2,208,000
Rows read: 2,210,000
Rows read: 2,212,000
Rows read: 2,214,000
Rows read: 2,216,000
Rows read: 2,218,000
Rows read: 2,220,000
Rows read: 2,222,000
Rows read: 2,224,000
Rows read: 2,226,000
Rows read: 2,228,000
Rows read: 2,230,000
Rows read: 2,232,000
Rows read: 2,234,000
Rows read: 2,236,000
Rows read: 2,238,000
Rows read: 2,240,000
Rows read: 2,242,000
Rows read: 2,244,000
Rows read: 2,246,000
Rows read: 2,248,000
Rows read: 2,250,000
Rows read: 2,252,000
Rows read: 2,254,000
Rows read: 2,256,000
Rows read: 2,258,000
Rows read: 2,260,000
Rows read: 2,262,000
Rows read: 2,264,000
Rows read: 2,266,000
Rows read: 2,268,000
Rows read: 2,270,000
Rows read: 2,272,000
Rows read: 2,274,000
Rows read: 2,276,000
Rows read: 2,278,000
Rows read: 2,280,000
Rows read: 2,282,000
Rows read: 2,284,000
Rows read: 2,286,000
Rows read: 2,288,000
Rows read: 2,290,000
Rows read: 2,292,000
Rows read: 2,294,000
Rows read: 2,296,000
Rows read: 2,298,000
Rows read: 2,300,000
Rows read: 2,302,000
Rows read: 2,304,000
Rows read: 2,306,000
Rows read: 2,308,000
Rows read: 2,310,000
Rows read: 2,312,000
Rows read: 2,314,000
Rows read: 2,316,000
Rows read: 2,318,000
Rows read: 2,320,000
Rows read: 2,322,000
Rows read: 2,324,000
Rows read: 2,326,000
Rows read: 2,328,000
Rows read: 2,330,000
Rows read: 2,332,000
Rows read: 2,334,000
Rows read: 2,336,000
Rows read: 2,338,000
Rows read: 2,340,000
Rows read: 2,342,000
Rows read: 2,344,000
Rows read: 2,346,000
Rows read: 2,348,000
Rows read: 2,350,000
Rows read: 2,352,000
Rows read: 2,354,000
Rows read: 2,356,000
Rows read: 2,358,000
Rows read: 2,360,000
Rows read: 2,362,000
Rows read: 2,364,000
Rows read: 2,366,000
Rows read: 2,368,000
Rows read: 2,370,000
Rows read: 2,372,000
Rows read: 2,374,000
Rows read: 2,376,000
Rows read: 2,378,000
Rows read: 2,380,000
Rows read: 2,382,000
Rows read: 2,384,000
Rows read: 2,386,000
Rows read: 2,388,000
Rows read: 2,390,000
Rows read: 2,392,000
Rows read: 2,394,000
Rows read: 2,396,000
Rows read: 2,398,000
Rows read: 2,400,000
Rows read: 2,402,000
Rows read: 2,404,000
Rows read: 2,406,000
Rows read: 2,408,000
Rows read: 2,410,000
Rows read: 2,412,000
Rows read: 2,414,000
Rows read: 2,416,000
Rows read: 2,418,000
Rows read: 2,420,000
Rows read: 2,422,000
Rows read: 2,424,000
Rows read: 2,426,000
Rows read: 2,428,000
Rows read: 2,430,000
Rows read: 2,432,000
Rows read: 2,434,000
Rows read: 2,436,000
Rows read: 2,438,000
Rows read: 2,440,000
Rows read: 2,442,000
Rows read: 2,444,000
Rows read: 2,446,000
Rows read: 2,448,000
Rows read: 2,450,000
Rows read: 2,452,000
Rows read: 2,454,000
Rows read: 2,456,000
Rows read: 2,458,000
Rows read: 2,460,000
Rows read: 2,462,000
Rows read: 2,464,000
Rows read: 2,466,000
Rows read: 2,468,000
Rows read: 2,470,000
Rows read: 2,472,000
Rows read: 2,474,000
Rows read: 2,476,000
Rows read: 2,478,000
Rows read: 2,480,000
Rows read: 2,482,000
Rows read: 2,484,000
Rows read: 2,486,000
Rows read: 2,488,000
Rows read: 2,490,000
Rows read: 2,492,000
Rows read: 2,494,000
Rows read: 2,496,000
Rows read: 2,498,000
Rows read: 2,500,000
Rows read: 2,502,000
Rows read: 2,504,000
Rows read: 2,506,000
Rows read: 2,508,000
Rows read: 2,510,000
Rows read: 2,512,000
Rows read: 2,514,000
Rows read: 2,516,000
Rows read: 2,518,000
Rows read: 2,520,000
Rows read: 2,522,000
Rows read: 2,524,000
Rows read: 2,526,000
Rows read: 2,528,000
Rows read: 2,530,000
Rows read: 2,532,000
Rows read: 2,534,000
Rows read: 2,536,000
Rows read: 2,538,000
Rows read: 2,540,000
Rows read: 2,542,000
Rows read: 2,544,000
Rows read: 2,546,000
Rows read: 2,548,000
Rows read: 2,550,000
Rows read: 2,552,000
Rows read: 2,554,000
Rows read: 2,556,000
Rows read: 2,558,000
Rows read: 2,560,000
Rows read: 2,562,000
Rows read: 2,564,000
Rows read: 2,566,000
Rows read: 2,568,000
Rows read: 2,570,000
Rows read: 2,572,000
Rows read: 2,574,000
Rows read: 2,576,000
Rows read: 2,578,000
Rows read: 2,580,000
Rows read: 2,582,000
Rows read: 2,584,000
Rows read: 2,586,000
Rows read: 2,588,000
Rows read: 2,590,000
Rows read: 2,592,000
Rows read: 2,594,000
Rows read: 2,596,000
Rows read: 2,598,000
Rows read: 2,600,000
Rows read: 2,602,000
Rows read: 2,604,000
Rows read: 2,606,000
Rows read: 2,608,000
Rows read: 2,610,000
Rows read: 2,612,000
Rows read: 2,614,000
Rows read: 2,616,000
Rows read: 2,618,000
Rows read: 2,620,000
Rows read: 2,622,000
Rows read: 2,624,000
Rows read: 2,626,000
Rows read: 2,628,000
Rows read: 2,630,000
Rows read: 2,632,000
Rows read: 2,634,000
Rows read: 2,636,000
Rows read: 2,638,000
Rows read: 2,640,000
Rows read: 2,642,000
Rows read: 2,644,000
Rows read: 2,646,000
Rows read: 2,648,000
Rows read: 2,650,000
Rows read: 2,652,000
Rows read: 2,654,000
Rows read: 2,656,000
Rows read: 2,658,000
Rows read: 2,660,000
Rows read: 2,662,000
Rows read: 2,664,000
Rows read: 2,666,000
Rows read: 2,668,000
Rows read: 2,670,000
Rows read: 2,672,000
Rows read: 2,674,000
Rows read: 2,676,000
Rows read: 2,678,000
Rows read: 2,680,000
Rows read: 2,682,000
Rows read: 2,684,000
Rows read: 2,686,000
Rows read: 2,688,000
Rows read: 2,690,000
Rows read: 2,692,000
Rows read: 2,694,000
Rows read: 2,696,000
Rows read: 2,698,000
Rows read: 2,700,000
Rows read: 2,702,000
Rows read: 2,704,000
Rows read: 2,706,000
Rows read: 2,708,000
Rows read: 2,710,000
Rows read: 2,712,000
Rows read: 2,714,000
Rows read: 2,716,000
Rows read: 2,718,000
Rows read: 2,720,000
Rows read: 2,722,000
Rows read: 2,724,000
Rows read: 2,726,000
Rows read: 2,728,000
Rows read: 2,730,000
Rows read: 2,732,000
Rows read: 2,734,000
Rows read: 2,736,000
Rows read: 2,738,000
Rows read: 2,740,000
Rows read: 2,742,000
Rows read: 2,744,000
Rows read: 2,746,000
Rows read: 2,748,000
Rows read: 2,750,000
Rows read: 2,752,000
Rows read: 2,754,000
Rows read: 2,756,000
Rows read: 2,758,000
Rows read: 2,760,000
Rows read: 2,762,000
Rows read: 2,764,000
Rows read: 2,766,000
Rows read: 2,768,000
Rows read: 2,770,000
Rows read: 2,772,000
Rows read: 2,774,000
Rows read: 2,776,000
Rows read: 2,778,000
Rows read: 2,780,000
Rows read: 2,782,000
Rows read: 2,784,000
Rows read: 2,786,000
Rows read: 2,788,000
Rows read: 2,790,000
Rows read: 2,792,000
Rows read: 2,794,000
Rows read: 2,796,000
Rows read: 2,798,000
Rows read: 2,800,000
Rows read: 2,802,000
Rows read: 2,804,000
Rows read: 2,806,000
Rows read: 2,808,000
Rows read: 2,810,000
Rows read: 2,812,000
Rows read: 2,814,000
Rows read: 2,816,000
Rows read: 2,818,000
Rows read: 2,820,000
Rows read: 2,822,000
Rows read: 2,824,000
Rows read: 2,826,000
Rows read: 2,828,000
Rows read: 2,830,000
Rows read: 2,832,000
Rows read: 2,834,000
Rows read: 2,836,000
Rows read: 2,838,000
Rows read: 2,840,000
Rows read: 2,842,000
Rows read: 2,844,000
Rows read: 2,846,000
Rows read: 2,848,000
Rows read: 2,850,000
Rows read: 2,852,000
Rows read: 2,854,000
Rows read: 2,856,000
Rows read: 2,858,000
Rows read: 2,860,000
Rows read: 2,862,000
Rows read: 2,864,000
Rows read: 2,866,000
Rows read: 2,868,000
Rows read: 2,870,000
Rows read: 2,872,000
Rows read: 2,874,000
Rows read: 2,876,000
Rows read: 2,878,000
Rows read: 2,880,000
Rows read: 2,882,000
Rows read: 2,884,000
Rows read: 2,886,000
Rows read: 2,888,000
Rows read: 2,890,000
Rows read: 2,892,000
Rows read: 2,894,000
Rows read: 2,896,000
Rows read: 2,898,000
Rows read: 2,900,000
Rows read: 2,902,000
Rows read: 2,904,000
Rows read: 2,906,000
Rows read: 2,908,000
Rows read: 2,910,000
Rows read: 2,912,000
Rows read: 2,914,000
Rows read: 2,916,000
Rows read: 2,918,000
Rows read: 2,920,000
Rows read: 2,922,000
Rows read: 2,924,000
Rows read: 2,926,000
Rows read: 2,928,000
Rows read: 2,930,000
Rows read: 2,932,000
Rows read: 2,934,000
Rows read: 2,936,000
Rows read: 2,938,000
Rows read: 2,940,000
Rows read: 2,942,000
Rows read: 2,944,000
Rows read: 2,946,000
Rows read: 2,948,000
Rows read: 2,950,000
Rows read: 2,952,000
Rows read: 2,954,000
Rows read: 2,956,000
Rows read: 2,958,000
Rows read: 2,960,000
Rows read: 2,962,000
Rows read: 2,964,000
Rows read: 2,966,000
Rows read: 2,968,000
Rows read: 2,970,000
Rows read: 2,972,000
Rows read: 2,974,000
Rows read: 2,976,000
Rows read: 2,978,000
Rows read: 2,980,000
Rows read: 2,982,000
Rows read: 2,984,000
Rows read: 2,986,000
Rows read: 2,988,000
Rows read: 2,990,000
Rows read: 2,992,000
Rows read: 2,994,000
Rows read: 2,996,000
Rows read: 2,998,000
Rows read: 3,000,000
Rows read: 3,002,000
Rows read: 3,004,000
Rows read: 3,006,000
Rows read: 3,008,000
Rows read: 3,010,000
Rows read: 3,012,000
Rows read: 3,014,000
Rows read: 3,016,000
Rows read: 3,018,000
Rows read: 3,020,000
Rows read: 3,022,000
Rows read: 3,024,000
Rows read: 3,026,000
Rows read: 3,028,000
Rows read: 3,030,000
Rows read: 3,032,000
Rows read: 3,034,000
Rows read: 3,036,000
Rows read: 3,038,000
Rows read: 3,040,000
Rows read: 3,042,000
Rows read: 3,044,000
Rows read: 3,046,000
Rows read: 3,048,000
Rows read: 3,050,000
Rows read: 3,052,000
Rows read: 3,054,000
Rows read: 3,056,000
Rows read: 3,058,000
Rows read: 3,060,000
Rows read: 3,062,000
Rows read: 3,064,000
Rows read: 3,066,000
Rows read: 3,068,000
Rows read: 3,070,000
Rows read: 3,072,000
Rows read: 3,074,000
Rows read: 3,076,000
Rows read: 3,078,000
Rows read: 3,080,000
Rows read: 3,082,000
Rows read: 3,084,000
Rows read: 3,086,000
Rows read: 3,088,000
Rows read: 3,090,000
Rows read: 3,092,000
Rows read: 3,094,000
Rows read: 3,096,000
Rows read: 3,098,000
Rows read: 3,100,000
Rows read: 3,102,000
Rows read: 3,104,000
Rows read: 3,106,000
Rows read: 3,108,000
Rows read: 3,110,000
Rows read: 3,112,000
Rows read: 3,114,000
Rows read: 3,116,000
Rows read: 3,118,000
Rows read: 3,120,000
Rows read: 3,122,000
Rows read: 3,124,000
Rows read: 3,126,000
Rows read: 3,128,000
Rows read: 3,130,000
Rows read: 3,132,000
Rows read: 3,134,000
Rows read: 3,136,000
Rows read: 3,138,000
Rows read: 3,140,000
Rows read: 3,142,000
Rows read: 3,144,000
Rows read: 3,146,000
Rows read: 3,148,000
Rows read: 3,150,000
Rows read: 3,152,000
Rows read: 3,154,000
Rows read: 3,156,000
Rows read: 3,158,000
Rows read: 3,160,000
Rows read: 3,162,000
Rows read: 3,164,000
Rows read: 3,166,000
Rows read: 3,168,000
Rows read: 3,170,000
Rows read: 3,172,000
Rows read: 3,174,000
Rows read: 3,176,000
Rows read: 3,178,000
Rows read: 3,180,000
Rows read: 3,182,000
Rows read: 3,184,000
Rows read: 3,186,000
Rows read: 3,188,000
Rows read: 3,190,000
Rows read: 3,192,000
Rows read: 3,194,000
Rows read: 3,196,000
Rows read: 3,198,000
Rows read: 3,200,000
Rows read: 3,202,000
Rows read: 3,204,000
Rows read: 3,206,000
Rows read: 3,208,000
Rows read: 3,210,000
Rows read: 3,212,000
Rows read: 3,214,000
Rows read: 3,216,000
Rows read: 3,218,000
Rows read: 3,220,000
Rows read: 3,222,000
Rows read: 3,224,000
Rows read: 3,226,000
Rows read: 3,228,000
Rows read: 3,230,000
Rows read: 3,232,000
Rows read: 3,234,000
Rows read: 3,236,000
Rows read: 3,238,000
Rows read: 3,240,000
Rows read: 3,242,000
Rows read: 3,244,000
Rows read: 3,246,000
Rows read: 3,248,000
Rows read: 3,250,000
Rows read: 3,252,000
Rows read: 3,254,000
Rows read: 3,256,000
Rows read: 3,258,000
Rows read: 3,260,000
Rows read: 3,262,000
Rows read: 3,264,000
Rows read: 3,266,000
Rows read: 3,268,000
Rows read: 3,270,000
Rows read: 3,272,000
Rows read: 3,274,000
Rows read: 3,276,000
Rows read: 3,278,000
Rows read: 3,280,000
Rows read: 3,282,000
Rows read: 3,284,000
Rows read: 3,286,000
Rows read: 3,288,000
Rows read: 3,290,000
Rows read: 3,292,000
Rows read: 3,294,000
Rows read: 3,296,000
Rows read: 3,298,000
Rows read: 3,300,000
Rows read: 3,302,000
Rows read: 3,304,000
Rows read: 3,306,000
Rows read: 3,308,000
Rows read: 3,310,000
Rows read: 3,312,000
Rows read: 3,314,000
Rows read: 3,316,000
Rows read: 3,318,000
Rows read: 3,320,000
Rows read: 3,322,000
Rows read: 3,324,000
Rows read: 3,326,000
Rows read: 3,328,000
Rows read: 3,330,000
Rows read: 3,332,000
Rows read: 3,334,000
Rows read: 3,336,000
Rows read: 3,338,000
Rows read: 3,340,000
Rows read: 3,342,000
Rows read: 3,344,000
Rows read: 3,346,000
Rows read: 3,348,000
Rows read: 3,350,000
Rows read: 3,352,000
Rows read: 3,354,000
Rows read: 3,356,000
Rows read: 3,358,000
Rows read: 3,360,000
Rows read: 3,362,000
Rows read: 3,364,000
Rows read: 3,366,000
Rows read: 3,368,000
Rows read: 3,370,000
Rows read: 3,372,000
Rows read: 3,374,000
Rows read: 3,376,000
Rows read: 3,378,000
Rows read: 3,380,000
Rows read: 3,382,000
Rows read: 3,384,000
Rows read: 3,386,000
Rows read: 3,388,000
Rows read: 3,390,000
Rows read: 3,392,000
Rows read: 3,394,000
Rows read: 3,396,000
Rows read: 3,398,000
Rows read: 3,400,000
Rows read: 3,402,000
Rows read: 3,404,000
Rows read: 3,406,000
Rows read: 3,408,000
Rows read: 3,410,000
Rows read: 3,412,000
Rows read: 3,414,000
Rows read: 3,416,000
Rows read: 3,418,000
Rows read: 3,420,000
Rows read: 3,422,000
Rows read: 3,424,000
Rows read: 3,426,000
Rows read: 3,428,000
Rows read: 3,430,000
Rows read: 3,432,000
Rows read: 3,434,000
Rows read: 3,436,000
Rows read: 3,438,000
Rows read: 3,440,000
Rows read: 3,442,000
Rows read: 3,444,000
Rows read: 3,446,000
Rows read: 3,448,000
Rows read: 3,450,000
Rows read: 3,452,000
Rows read: 3,454,000
Rows read: 3,456,000
Rows read: 3,458,000
Rows read: 3,460,000
Rows read: 3,462,000
Rows read: 3,464,000
Rows read: 3,466,000
Rows read: 3,468,000
Rows read: 3,470,000
Rows read: 3,472,000
Rows read: 3,474,000
Rows read: 3,476,000
Rows read: 3,478,000
Rows read: 3,480,000
Rows read: 3,482,000
Rows read: 3,484,000
Rows read: 3,486,000
Rows read: 3,488,000
Rows read: 3,490,000
Rows read: 3,492,000
Rows read: 3,494,000
Rows read: 3,496,000
Rows read: 3,498,000
Rows read: 3,500,000
Rows read: 3,502,000
Rows read: 3,504,000
Rows read: 3,506,000
Rows read: 3,508,000
Rows read: 3,510,000
Rows read: 3,512,000
Rows read: 3,514,000
Rows read: 3,516,000
Rows read: 3,518,000
Rows read: 3,520,000
Rows read: 3,522,000
Rows read: 3,524,000
Rows read: 3,526,000
Rows read: 3,528,000
Rows read: 3,530,000
Rows read: 3,532,000
Rows read: 3,534,000
Rows read: 3,536,000
Rows read: 3,538,000
Rows read: 3,540,000
Rows read: 3,542,000
Rows read: 3,544,000
Rows read: 3,546,000
Rows read: 3,548,000
Rows read: 3,550,000
Rows read: 3,552,000
Rows read: 3,554,000
Rows read: 3,556,000
Rows read: 3,558,000
Rows read: 3,560,000
Rows read: 3,562,000
Rows read: 3,564,000
Rows read: 3,566,000
Rows read: 3,568,000
Rows read: 3,570,000
Rows read: 3,572,000
Rows read: 3,574,000
Rows read: 3,576,000
Rows read: 3,578,000
Rows read: 3,580,000
Rows read: 3,582,000
Rows read: 3,584,000
Rows read: 3,586,000
Rows read: 3,588,000
Rows read: 3,590,000
Rows read: 3,592,000
Rows read: 3,594,000
Rows read: 3,596,000
Rows read: 3,598,000
Rows read: 3,600,000
Rows read: 3,602,000
Rows read: 3,604,000
Rows read: 3,606,000
Rows read: 3,608,000
Rows read: 3,610,000
Rows read: 3,612,000
Rows read: 3,614,000
Rows read: 3,616,000
Rows read: 3,618,000
Rows read: 3,620,000
Rows read: 3,622,000
Rows read: 3,624,000
Rows read: 3,626,000
Rows read: 3,628,000
Rows read: 3,630,000
Rows read: 3,632,000
Rows read: 3,634,000
Rows read: 3,636,000
Rows read: 3,638,000
Rows read: 3,640,000
Rows read: 3,642,000
Rows read: 3,644,000
Rows read: 3,646,000
Rows read: 3,648,000
Rows read: 3,650,000
Rows read: 3,652,000
Rows read: 3,654,000
Rows read: 3,656,000
Rows read: 3,658,000
Rows read: 3,660,000
Rows read: 3,662,000
Rows read: 3,664,000
Rows read: 3,666,000
Rows read: 3,668,000
Rows read: 3,670,000
Rows read: 3,672,000
Rows read: 3,674,000
Rows read: 3,676,000
Rows read: 3,678,000
Rows read: 3,680,000
Rows read: 3,682,000
Rows read: 3,684,000
Rows read: 3,686,000
Rows read: 3,688,000
Rows read: 3,690,000
Rows read: 3,692,000
Rows read: 3,694,000
Rows read: 3,696,000
Rows read: 3,698,000
Rows read: 3,700,000
Rows read: 3,702,000
Rows read: 3,704,000
Rows read: 3,706,000
Rows read: 3,708,000
Rows read: 3,710,000
Rows read: 3,712,000
Rows read: 3,714,000
Rows read: 3,716,000
Rows read: 3,718,000
Rows read: 3,720,000
Rows read: 3,722,000
Rows read: 3,724,000
Rows read: 3,726,000
Rows read: 3,728,000
Rows read: 3,730,000
Rows read: 3,732,000
Rows read: 3,734,000
Rows read: 3,736,000
Rows read: 3,738,000
Rows read: 3,740,000
Rows read: 3,742,000
Rows read: 3,744,000
Rows read: 3,746,000
Rows read: 3,748,000
Rows read: 3,750,000
Rows read: 3,752,000
Rows read: 3,754,000
Rows read: 3,756,000
Rows read: 3,758,000
Rows read: 3,760,000
Rows read: 3,762,000
Rows read: 3,764,000
Rows read: 3,766,000
Rows read: 3,768,000
Rows read: 3,770,000
Rows read: 3,772,000
Rows read: 3,774,000
Rows read: 3,776,000
Rows read: 3,778,000
Rows read: 3,780,000
Rows read: 3,782,000
Rows read: 3,784,000
Rows read: 3,786,000
Rows read: 3,788,000
Rows read: 3,790,000
Rows read: 3,792,000
Rows read: 3,794,000
Rows read: 3,796,000
Rows read: 3,798,000
Rows read: 3,800,000
Rows read: 3,802,000
Rows read: 3,804,000
Rows read: 3,806,000
Rows read: 3,808,000
Rows read: 3,810,000
Rows read: 3,812,000
Rows read: 3,814,000
Rows read: 3,816,000
Rows read: 3,818,000
Rows read: 3,820,000
Rows read: 3,822,000
Rows read: 3,824,000
Rows read: 3,826,000
Rows read: 3,828,000
Rows read: 3,830,000
Rows read: 3,832,000
Rows read: 3,834,000
Rows read: 3,836,000
Rows read: 3,838,000
Rows read: 3,840,000
Rows read: 3,842,000
Rows read: 3,844,000
Rows read: 3,846,000
Rows read: 3,848,000
Rows read: 3,850,000
Rows read: 3,852,000
Rows read: 3,854,000
Rows read: 3,856,000
Rows read: 3,858,000
Rows read: 3,860,000
Rows read: 3,862,000
Rows read: 3,864,000
Rows read: 3,866,000
Rows read: 3,868,000
Rows read: 3,870,000
Rows read: 3,872,000
Rows read: 3,874,000
Rows read: 3,876,000
Rows read: 3,878,000
Rows read: 3,880,000
Rows read: 3,882,000
Rows read: 3,884,000
Rows read: 3,886,000
Rows read: 3,888,000
Rows read: 3,890,000
Rows read: 3,892,000
Rows read: 3,894,000
Rows read: 3,896,000
Rows read: 3,898,000
Rows read: 3,900,000
Rows read: 3,902,000
Rows read: 3,904,000
Rows read: 3,906,000
Rows read: 3,908,000
Rows read: 3,910,000
Rows read: 3,912,000
Rows read: 3,914,000
Rows read: 3,916,000
Rows read: 3,918,000
Rows read: 3,920,000
Rows read: 3,922,000
Rows read: 3,924,000
Rows read: 3,926,000
Rows read: 3,928,000
Rows read: 3,930,000
Rows read: 3,932,000
Rows read: 3,934,000
Rows read: 3,936,000
Rows read: 3,938,000
Rows read: 3,940,000
Rows read: 3,942,000
Rows read: 3,944,000
Rows read: 3,946,000
Rows read: 3,948,000
Rows read: 3,950,000
Rows read: 3,952,000
Rows read: 3,954,000
Rows read: 3,956,000
Rows read: 3,958,000
Rows read: 3,960,000
Rows read: 3,962,000
Rows read: 3,964,000
Rows read: 3,966,000
Rows read: 3,968,000
Rows read: 3,970,000
Rows read: 3,972,000
Rows read: 3,974,000
Rows read: 3,976,000
Rows read: 3,978,000
Rows read: 3,980,000
Rows read: 3,982,000
Rows read: 3,984,000
Rows read: 3,986,000
Rows read: 3,988,000
Rows read: 3,990,000
Rows read: 3,992,000
Rows read: 3,994,000
Rows read: 3,996,000
Rows read: 3,998,000
Rows read: 4,000,000
Rows read: 4,002,000
Rows read: 4,004,000
Rows read: 4,006,000
Rows read: 4,008,000
Rows read: 4,010,000
Rows read: 4,012,000
Rows read: 4,014,000
Rows read: 4,016,000
Rows read: 4,018,000
Rows read: 4,020,000
Rows read: 4,022,000
Rows read: 4,024,000
Rows read: 4,026,000
Rows read: 4,028,000
Rows read: 4,030,000
Rows read: 4,032,000
Rows read: 4,034,000
Rows read: 4,036,000
Rows read: 4,038,000
Rows read: 4,040,000
Rows read: 4,042,000
Rows read: 4,044,000
Rows read: 4,046,000
Rows read: 4,048,000
Rows read: 4,050,000
Rows read: 4,052,000
Rows read: 4,054,000
Rows read: 4,056,000
Rows read: 4,058,000
Rows read: 4,060,000
Rows read: 4,062,000
Rows read: 4,064,000
Rows read: 4,066,000
Rows read: 4,068,000
Rows read: 4,070,000
Rows read: 4,072,000
Rows read: 4,074,000
Rows read: 4,076,000
Rows read: 4,078,000
Rows read: 4,080,000
Rows read: 4,082,000
Rows read: 4,084,000
Rows read: 4,086,000
Rows read: 4,088,000
Rows read: 4,090,000
Rows read: 4,092,000
Rows read: 4,094,000
Rows read: 4,096,000
Rows read: 4,098,000
Rows read: 4,100,000
Rows read: 4,102,000
Rows read: 4,104,000
Rows read: 4,106,000
Rows read: 4,108,000
Rows read: 4,110,000
Rows read: 4,112,000
Rows read: 4,114,000
Rows read: 4,116,000
Rows read: 4,118,000
Rows read: 4,120,000
Rows read: 4,122,000
Rows read: 4,124,000
Rows read: 4,126,000
Rows read: 4,128,000
Rows read: 4,130,000
Rows read: 4,132,000
Rows read: 4,134,000
Rows read: 4,136,000
Rows read: 4,138,000
Rows read: 4,140,000
Rows read: 4,142,000
Rows read: 4,144,000
Rows read: 4,146,000
Rows read: 4,148,000
Rows read: 4,150,000
Rows read: 4,152,000
Rows read: 4,154,000
Rows read: 4,156,000
Rows read: 4,158,000
Rows read: 4,160,000
Rows read: 4,162,000
Rows read: 4,164,000
Rows read: 4,166,000
Rows read: 4,168,000
Rows read: 4,170,000
Rows read: 4,172,000
Rows read: 4,174,000
Rows read: 4,176,000
Rows read: 4,178,000
Rows read: 4,180,000
Rows read: 4,182,000
Rows read: 4,184,000
Rows read: 4,186,000
Rows read: 4,188,000
Rows read: 4,190,000
Rows read: 4,192,000
Rows read: 4,194,000
Rows read: 4,196,000
Rows read: 4,198,000
Rows read: 4,200,000
Rows read: 4,202,000
Rows read: 4,204,000
Rows read: 4,206,000
Rows read: 4,208,000
Rows read: 4,210,000
Rows read: 4,212,000
Rows read: 4,214,000
Rows read: 4,216,000
Rows read: 4,218,000
Rows read: 4,220,000
Rows read: 4,222,000
Rows read: 4,224,000
Rows read: 4,226,000
Rows read: 4,228,000
Rows read: 4,230,000
Rows read: 4,232,000
Rows read: 4,234,000
Rows read: 4,236,000
Rows read: 4,238,000
Rows read: 4,240,000
Rows read: 4,242,000
Rows read: 4,244,000
Rows read: 4,246,000
Rows read: 4,248,000
Rows read: 4,250,000
Rows read: 4,252,000
Rows read: 4,254,000
Rows read: 4,256,000
Rows read: 4,258,000
Rows read: 4,260,000
Rows read: 4,262,000
Rows read: 4,264,000
Rows read: 4,266,000
Rows read: 4,268,000
Rows read: 4,270,000
Rows read: 4,272,000
Rows read: 4,274,000
Rows read: 4,276,000
Rows read: 4,278,000
Rows read: 4,280,000
Rows read: 4,282,000
Rows read: 4,284,000
Rows read: 4,286,000
Rows read: 4,288,000
Rows read: 4,290,000
Rows read: 4,292,000
Rows read: 4,294,000
Rows read: 4,296,000
Rows read: 4,298,000
Rows read: 4,300,000
Rows read: 4,302,000
Rows read: 4,304,000
Rows read: 4,306,000
Rows read: 4,308,000
Rows read: 4,310,000
Rows read: 4,312,000
Rows read: 4,314,000
Rows read: 4,316,000
Rows read: 4,318,000
Rows read: 4,320,000
Rows read: 4,322,000
Rows read: 4,324,000
Rows read: 4,326,000
Rows read: 4,328,000
Rows read: 4,330,000
Rows read: 4,332,000
Rows read: 4,334,000
Rows read: 4,336,000
Rows read: 4,338,000
Rows read: 4,340,000
Rows read: 4,342,000
Rows read: 4,344,000
Rows read: 4,346,000
Rows read: 4,348,000
Rows read: 4,350,000
Rows read: 4,352,000
Rows read: 4,354,000
Rows read: 4,356,000
Rows read: 4,358,000
Rows read: 4,360,000
Rows read: 4,362,000
Rows read: 4,364,000
Rows read: 4,366,000
Rows read: 4,368,000
Rows read: 4,370,000
Rows read: 4,372,000
Rows read: 4,374,000
Rows read: 4,376,000
Rows read: 4,378,000
Rows read: 4,380,000
Rows read: 4,382,000
Rows read: 4,384,000
Rows read: 4,386,000
Rows read: 4,388,000
Rows read: 4,390,000
Rows read: 4,392,000
Rows read: 4,394,000
Rows read: 4,396,000
Rows read: 4,398,000
Rows read: 4,400,000
Rows read: 4,402,000
Rows read: 4,404,000
Rows read: 4,406,000
Rows read: 4,408,000
Rows read: 4,410,000
Rows read: 4,412,000
Rows read: 4,414,000
Rows read: 4,416,000
Rows read: 4,418,000
Rows read: 4,420,000
Rows read: 4,422,000
Rows read: 4,424,000
Rows read: 4,426,000
Rows read: 4,428,000
Rows read: 4,430,000
Rows read: 4,432,000
Rows read: 4,434,000
Rows read: 4,436,000
Rows read: 4,438,000
Rows read: 4,440,000
Rows read: 4,442,000
Rows read: 4,444,000
Rows read: 4,446,000
Rows read: 4,448,000
Rows read: 4,450,000
Rows read: 4,452,000
Rows read: 4,454,000
Rows read: 4,456,000
Rows read: 4,458,000
Rows read: 4,460,000
Rows read: 4,462,000
Rows read: 4,464,000
Rows read: 4,466,000
Rows read: 4,468,000
Rows read: 4,470,000
Rows read: 4,472,000
Rows read: 4,474,000
Rows read: 4,476,000
Rows read: 4,478,000
Rows read: 4,480,000
Rows read: 4,482,000
Rows read: 4,484,000
Rows read: 4,486,000
Rows read: 4,488,000
Rows read: 4,490,000
Rows read: 4,492,000
Rows read: 4,494,000
Rows read: 4,496,000
Rows read: 4,498,000
Rows read: 4,500,000
Rows read: 4,502,000
Rows read: 4,504,000
Rows read: 4,506,000
Rows read: 4,508,000
Rows read: 4,510,000
Rows read: 4,512,000
Rows read: 4,514,000
Rows read: 4,516,000
Rows read: 4,518,000
Rows read: 4,520,000
Rows read: 4,522,000
Rows read: 4,524,000
Rows read: 4,526,000
Rows read: 4,528,000
Rows read: 4,530,000
Rows read: 4,532,000
Rows read: 4,534,000
Rows read: 4,536,000
Rows read: 4,538,000
Rows read: 4,540,000
Rows read: 4,542,000
Rows read: 4,544,000
Rows read: 4,546,000
Rows read: 4,548,000
Rows read: 4,550,000
Rows read: 4,552,000
Rows read: 4,554,000
Rows read: 4,556,000
Rows read: 4,558,000
Rows read: 4,560,000
Rows read: 4,562,000
Rows read: 4,564,000
Rows read: 4,566,000
Rows read: 4,568,000
Rows read: 4,570,000
Rows read: 4,572,000
Rows read: 4,574,000
Rows read: 4,576,000
Rows read: 4,578,000
Rows read: 4,580,000
Rows read: 4,582,000
Rows read: 4,584,000
Rows read: 4,586,000
Rows read: 4,588,000
Rows read: 4,590,000
Rows read: 4,592,000
Rows read: 4,594,000
Rows read: 4,596,000
Rows read: 4,598,000
Rows read: 4,600,000
Rows read: 4,602,000
Rows read: 4,604,000
Rows read: 4,606,000
Rows read: 4,608,000
Rows read: 4,610,000
Rows read: 4,612,000
Rows read: 4,614,000
Rows read: 4,616,000
Rows read: 4,618,000
Rows read: 4,620,000
Rows read: 4,622,000
Rows read: 4,624,000
Rows read: 4,626,000
Rows read: 4,628,000
Rows read: 4,630,000
Rows read: 4,632,000
Rows read: 4,634,000
Rows read: 4,636,000
Rows read: 4,638,000
Rows read: 4,640,000
Rows read: 4,642,000
Rows read: 4,644,000
Rows read: 4,646,000
Rows read: 4,648,000
Rows read: 4,650,000
Rows read: 4,652,000
Rows read: 4,654,000
Rows read: 4,656,000
Rows read: 4,658,000
Rows read: 4,660,000
Rows read: 4,662,000
Rows read: 4,664,000
Rows read: 4,666,000
Rows read: 4,668,000
Rows read: 4,670,000
Rows read: 4,672,000
Rows read: 4,674,000
Rows read: 4,676,000
Rows read: 4,678,000
Rows read: 4,680,000
Rows read: 4,682,000
Rows read: 4,684,000
Rows read: 4,686,000
Rows read: 4,688,000
Rows read: 4,690,000
Rows read: 4,692,000
Rows read: 4,694,000
Rows read: 4,696,000
Rows read: 4,698,000
Rows read: 4,700,000
Rows read: 4,702,000
Rows read: 4,704,000
Rows read: 4,706,000
Rows read: 4,708,000
Rows read: 4,710,000
Rows read: 4,712,000
Rows read: 4,714,000
Rows read: 4,716,000
Rows read: 4,718,000
Rows read: 4,720,000
Rows read: 4,722,000
Rows read: 4,724,000
Rows read: 4,726,000
Rows read: 4,728,000
Rows read: 4,730,000
Rows read: 4,732,000
Rows read: 4,734,000
Rows read: 4,736,000
Rows read: 4,738,000
Rows read: 4,740,000
Rows read: 4,742,000
Rows read: 4,744,000
Rows read: 4,746,000
Rows read: 4,748,000
Rows read: 4,750,000
Rows read: 4,752,000
Rows read: 4,754,000
Rows read: 4,756,000
Rows read: 4,758,000
Rows read: 4,760,000
Rows read: 4,762,000
Rows read: 4,764,000
Rows read: 4,766,000
Rows read: 4,768,000
Rows read: 4,770,000
Rows read: 4,772,000
Rows read: 4,774,000
Rows read: 4,776,000
Rows read: 4,778,000
Rows read: 4,780,000
Rows read: 4,782,000
Rows read: 4,784,000
Rows read: 4,786,000
Rows read: 4,788,000
Rows read: 4,790,000
Rows read: 4,792,000
Rows read: 4,794,000
Rows read: 4,796,000
Rows read: 4,798,000
Rows read: 4,800,000
Rows read: 4,802,000
Rows read: 4,804,000
Rows read: 4,806,000
Rows read: 4,808,000
Rows read: 4,810,000
Rows read: 4,812,000
Rows read: 4,814,000
Rows read: 4,816,000
Rows read: 4,818,000
Rows read: 4,820,000
Rows read: 4,822,000
Rows read: 4,824,000
Rows read: 4,826,000
Rows read: 4,828,000
Rows read: 4,830,000
Rows read: 4,832,000
Rows read: 4,834,000
Rows read: 4,836,000
Rows read: 4,838,000
Rows read: 4,840,000
Rows read: 4,842,000
Rows read: 4,844,000
Rows read: 4,846,000
Rows read: 4,848,000
Rows read: 4,850,000
Rows read: 4,852,000
Rows read: 4,854,000
Rows read: 4,856,000
Rows read: 4,858,000
Rows read: 4,860,000
Rows read: 4,862,000
Rows read: 4,864,000
Rows read: 4,866,000
Rows read: 4,868,000
Rows read: 4,870,000
Rows read: 4,872,000
Rows read: 4,874,000
Rows read: 4,876,000
Rows read: 4,878,000
Rows read: 4,880,000
Rows read: 4,882,000
Rows read: 4,884,000
Rows read: 4,886,000
Rows read: 4,888,000
Rows read: 4,890,000
Rows read: 4,892,000
Rows read: 4,894,000
Rows read: 4,896,000
Rows read: 4,898,000
Rows read: 4,900,000
Rows read: 4,902,000
Rows read: 4,904,000
Rows read: 4,906,000
Rows read: 4,908,000
Rows read: 4,910,000
Rows read: 4,912,000
Rows read: 4,914,000
Rows read: 4,916,000
Rows read: 4,918,000
Rows read: 4,920,000
Rows read: 4,922,000
Rows read: 4,924,000
Rows read: 4,926,000
Rows read: 4,928,000
Rows read: 4,930,000
Rows read: 4,932,000
Rows read: 4,934,000
Rows read: 4,936,000
Rows read: 4,938,000
Rows read: 4,940,000
Rows read: 4,942,000
Rows read: 4,944,000
Rows read: 4,946,000
Rows read: 4,948,000
Rows read: 4,950,000
Rows read: 4,952,000
Rows read: 4,954,000
Rows read: 4,956,000
Rows read: 4,958,000
Rows read: 4,960,000
Rows read: 4,962,000
Rows read: 4,964,000
Rows read: 4,966,000
Rows read: 4,968,000
Rows read: 4,970,000
Rows read: 4,972,000
Rows read: 4,974,000
Rows read: 4,976,000
Rows read: 4,978,000
Rows read: 4,980,000
Rows read: 4,982,000
Rows read: 4,984,000
Rows read: 4,986,000
Rows read: 4,988,000
Rows read: 4,990,000
Rows read: 4,992,000
Rows read: 4,994,000
Rows read: 4,996,000
Rows read: 4,998,000
Rows read: 5,000,000
Rows read: 5,002,000
Rows read: 5,004,000
Rows read: 5,006,000
Rows read: 5,008,000
Rows read: 5,010,000
Rows read: 5,012,000
Rows read: 5,014,000
Rows read: 5,016,000
Rows read: 5,018,000
Rows read: 5,020,000
Rows read: 5,022,000
Rows read: 5,024,000
Rows read: 5,026,000
Rows read: 5,028,000
Rows read: 5,030,000
Rows read: 5,032,000
Rows read: 5,034,000
Rows read: 5,036,000
Rows read: 5,038,000
Rows read: 5,040,000
Rows read: 5,042,000
Rows read: 5,044,000
Rows read: 5,046,000
Rows read: 5,048,000
Rows read: 5,050,000
Rows read: 5,052,000
Rows read: 5,054,000
Rows read: 5,056,000
Rows read: 5,058,000
Rows read: 5,060,000
Rows read: 5,062,000
Rows read: 5,064,000
Rows read: 5,066,000
Rows read: 5,068,000
Rows read: 5,070,000
Rows read: 5,072,000
Rows read: 5,074,000
Rows read: 5,076,000
Rows read: 5,078,000
Rows read: 5,080,000
Rows read: 5,082,000
Rows read: 5,084,000
Rows read: 5,086,000
Rows read: 5,088,000
Rows read: 5,090,000
Rows read: 5,092,000
Rows read: 5,094,000
Rows read: 5,096,000
Rows read: 5,098,000
Rows read: 5,100,000
Rows read: 5,102,000
Rows read: 5,104,000
Rows read: 5,106,000
Rows read: 5,108,000
Rows read: 5,110,000
Rows read: 5,112,000
Rows read: 5,114,000
Rows read: 5,116,000
Rows read: 5,118,000
Rows read: 5,120,000
Rows read: 5,122,000
Rows read: 5,124,000
Rows read: 5,126,000
Rows read: 5,128,000
Rows read: 5,130,000
Rows read: 5,132,000
Rows read: 5,134,000
Rows read: 5,136,000
Rows read: 5,138,000
Rows read: 5,140,000
Rows read: 5,142,000
Rows read: 5,144,000
Rows read: 5,146,000
Rows read: 5,148,000
Rows read: 5,150,000
Rows read: 5,152,000
Rows read: 5,154,000
Rows read: 5,156,000
Rows read: 5,158,000
Rows read: 5,160,000
Rows read: 5,162,000
Rows read: 5,164,000
Rows read: 5,166,000
Rows read: 5,168,000
Rows read: 5,170,000
Rows read: 5,172,000
Rows read: 5,174,000
Rows read: 5,176,000
Rows read: 5,178,000
Rows read: 5,180,000
Rows read: 5,182,000
Rows read: 5,184,000
Rows read: 5,186,000
Rows read: 5,188,000
Rows read: 5,190,000
Rows read: 5,192,000
Rows read: 5,194,000
Rows read: 5,196,000
Rows read: 5,198,000
Rows read: 5,200,000
Rows read: 5,202,000
Rows read: 5,204,000
Rows read: 5,206,000
Rows read: 5,208,000
Rows read: 5,210,000
Rows read: 5,212,000
Rows read: 5,214,000
Rows read: 5,216,000
Rows read: 5,218,000
Rows read: 5,220,000
Rows read: 5,222,000
Rows read: 5,224,000
Rows read: 5,226,000
Rows read: 5,228,000
Rows read: 5,230,000
Rows read: 5,232,000
Rows read: 5,234,000
Rows read: 5,236,000
Rows read: 5,238,000
Rows read: 5,240,000
Rows read: 5,242,000
Rows read: 5,244,000
Rows read: 5,246,000
Rows read: 5,248,000
Rows read: 5,250,000
Rows read: 5,252,000
Rows read: 5,254,000
Rows read: 5,256,000
Rows read: 5,258,000
Rows read: 5,260,000
Rows read: 5,262,000
Rows read: 5,264,000
Rows read: 5,266,000
Rows read: 5,268,000
Rows read: 5,270,000
Rows read: 5,272,000
Rows read: 5,274,000
Rows read: 5,276,000
Rows read: 5,278,000
Rows read: 5,280,000
Rows read: 5,282,000
Rows read: 5,284,000
Rows read: 5,286,000
Rows read: 5,288,000
Rows read: 5,290,000
Rows read: 5,292,000
Rows read: 5,294,000
Rows read: 5,296,000
Rows read: 5,298,000
Rows read: 5,300,000
Rows read: 5,302,000
Rows read: 5,304,000
Rows read: 5,306,000
Rows read: 5,308,000
Rows read: 5,310,000
Rows read: 5,312,000
Rows read: 5,314,000
Rows read: 5,316,000
Rows read: 5,318,000
Rows read: 5,320,000
Rows read: 5,322,000
Rows read: 5,324,000
Rows read: 5,326,000
Rows read: 5,328,000
Rows read: 5,330,000
Rows read: 5,332,000
Rows read: 5,334,000
Rows read: 5,336,000
Rows read: 5,338,000
Rows read: 5,340,000
Rows read: 5,342,000
Rows read: 5,344,000
Rows read: 5,346,000
Rows read: 5,348,000
Rows read: 5,350,000
Rows read: 5,352,000
Rows read: 5,354,000
Rows read: 5,356,000
Rows read: 5,358,000
Rows read: 5,360,000
Rows read: 5,362,000
Rows read: 5,364,000
Rows read: 5,366,000
Rows read: 5,368,000
Rows read: 5,370,000
Rows read: 5,372,000
Rows read: 5,374,000
Rows read: 5,376,000
Rows read: 5,378,000
Rows read: 5,380,000
Rows read: 5,382,000
Rows read: 5,384,000
Rows read: 5,386,000
Rows read: 5,388,000
Rows read: 5,390,000
Rows read: 5,392,000
Rows read: 5,394,000
Rows read: 5,396,000
Rows read: 5,398,000
Rows read: 5,400,000
Rows read: 5,402,000
Rows read: 5,404,000
Rows read: 5,406,000
Rows read: 5,408,000
Rows read: 5,410,000
Rows read: 5,412,000
Rows read: 5,414,000
Rows read: 5,416,000
Rows read: 5,418,000
Rows read: 5,420,000
Rows read: 5,422,000
Rows read: 5,424,000
Rows read: 5,426,000
Rows read: 5,428,000
Rows read: 5,430,000
Rows read: 5,432,000
Rows read: 5,434,000
Rows read: 5,436,000
Rows read: 5,438,000
Rows read: 5,440,000
Rows read: 5,442,000
Rows read: 5,444,000
Rows read: 5,446,000
Rows read: 5,448,000
Rows read: 5,450,000
Rows read: 5,452,000
Rows read: 5,454,000
Rows read: 5,456,000
Rows read: 5,458,000
Rows read: 5,460,000
Rows read: 5,462,000
Rows read: 5,464,000
Rows read: 5,466,000
Rows read: 5,468,000
Rows read: 5,470,000
Rows read: 5,472,000
Rows read: 5,474,000
Rows read: 5,476,000
Rows read: 5,478,000
Rows read: 5,480,000
Rows read: 5,482,000
Rows read: 5,484,000
Rows read: 5,486,000
Rows read: 5,488,000
Rows read: 5,490,000
Rows read: 5,492,000
Rows read: 5,494,000
Rows read: 5,496,000
Rows read: 5,498,000
Rows read: 5,500,000
Rows read: 5,502,000
Rows read: 5,504,000
Rows read: 5,506,000
Rows read: 5,508,000
Rows read: 5,510,000
Rows read: 5,512,000
Rows read: 5,514,000
Rows read: 5,516,000
Rows read: 5,518,000
Rows read: 5,520,000
Rows read: 5,522,000
Rows read: 5,524,000
Rows read: 5,526,000
Rows read: 5,528,000
Rows read: 5,530,000
Rows read: 5,532,000
Rows read: 5,534,000
Rows read: 5,536,000
Rows read: 5,538,000
Rows read: 5,540,000
Rows read: 5,542,000
Rows read: 5,544,000
Rows read: 5,546,000
Rows read: 5,548,000
Rows read: 5,550,000
Rows read: 5,552,000
Rows read: 5,554,000
Rows read: 5,556,000
Rows read: 5,558,000
Rows read: 5,560,000
Rows read: 5,562,000
Rows read: 5,564,000
Rows read: 5,566,000
Rows read: 5,568,000
Rows read: 5,570,000
Rows read: 5,572,000
Rows read: 5,574,000
Rows read: 5,576,000
Rows read: 5,578,000
Rows read: 5,580,000
Rows read: 5,582,000
Rows read: 5,584,000
Rows read: 5,586,000
Rows read: 5,588,000
Rows read: 5,590,000
Rows read: 5,592,000
Rows read: 5,594,000
Rows read: 5,596,000
Rows read: 5,598,000
Rows read: 5,600,000
Rows read: 5,602,000
Rows read: 5,604,000
Rows read: 5,606,000
Rows read: 5,608,000
Rows read: 5,610,000
Rows read: 5,612,000
Rows read: 5,614,000
Rows read: 5,616,000
Rows read: 5,618,000
Rows read: 5,620,000
Rows read: 5,622,000
Rows read: 5,624,000
Rows read: 5,626,000
Rows read: 5,628,000
Rows read: 5,630,000
Rows read: 5,632,000
Rows read: 5,634,000
Rows read: 5,636,000
Rows read: 5,638,000
Rows read: 5,640,000
Rows read: 5,642,000
Rows read: 5,644,000
Rows read: 5,646,000
Rows read: 5,648,000
Rows read: 5,650,000
Rows read: 5,652,000
Rows read: 5,654,000
Rows read: 5,656,000
Rows read: 5,658,000
Rows read: 5,660,000
Rows read: 5,662,000
Rows read: 5,664,000
Rows read: 5,666,000
Rows read: 5,668,000
Rows read: 5,670,000
Rows read: 5,672,000
Rows read: 5,674,000
Rows read: 5,676,000
Rows read: 5,678,000
Rows read: 5,680,000
Rows read: 5,682,000
Rows read: 5,684,000
Rows read: 5,686,000
Rows read: 5,688,000
Rows read: 5,690,000
Rows read: 5,692,000
Rows read: 5,694,000
Rows read: 5,696,000
Rows read: 5,698,000
Rows read: 5,700,000
Rows read: 5,702,000
Rows read: 5,704,000
Rows read: 5,706,000
Rows read: 5,708,000
Rows read: 5,710,000
Rows read: 5,712,000
Rows read: 5,714,000
Rows read: 5,716,000
Rows read: 5,718,000
Rows read: 5,720,000
Rows read: 5,722,000
Rows read: 5,724,000
Rows read: 5,726,000
Rows read: 5,728,000
Rows read: 5,730,000
Rows read: 5,732,000
Rows read: 5,734,000
Rows read: 5,736,000
Rows read: 5,738,000
Rows read: 5,740,000
Rows read: 5,742,000
Rows read: 5,744,000
Rows read: 5,746,000
Rows read: 5,748,000
Rows read: 5,750,000
Rows read: 5,752,000
Rows read: 5,754,000
Rows read: 5,756,000
Rows read: 5,758,000
Rows read: 5,760,000
Rows read: 5,762,000
Rows read: 5,764,000
Rows read: 5,766,000
Rows read: 5,768,000
Rows read: 5,770,000
Rows read: 5,772,000
Rows read: 5,774,000
Rows read: 5,776,000
Rows read: 5,778,000
Rows read: 5,780,000
Rows read: 5,782,000
Rows read: 5,784,000
Rows read: 5,786,000
Rows read: 5,788,000
Rows read: 5,790,000
Rows read: 5,792,000
Rows read: 5,794,000
Rows read: 5,796,000
Rows read: 5,798,000
Rows read: 5,800,000
Rows read: 5,802,000
Rows read: 5,804,000
Rows read: 5,806,000
Rows read: 5,808,000
Rows read: 5,810,000
Rows read: 5,812,000
Rows read: 5,814,000
Rows read: 5,816,000
Rows read: 5,818,000
Rows read: 5,820,000
Rows read: 5,822,000
Rows read: 5,824,000
Rows read: 5,826,000
Rows read: 5,828,000
Rows read: 5,830,000
Rows read: 5,832,000
Rows read: 5,834,000
Rows read: 5,836,000
Rows read: 5,838,000
Rows read: 5,840,000
Rows read: 5,842,000
Rows read: 5,844,000
Rows read: 5,846,000
Rows read: 5,848,000
Rows read: 5,850,000
Rows read: 5,852,000
Rows read: 5,854,000
Rows read: 5,856,000
Rows read: 5,858,000
Rows read: 5,860,000
Rows read: 5,862,000
Rows read: 5,864,000
Rows read: 5,866,000
Rows read: 5,868,000
Rows read: 5,870,000
Rows read: 5,872,000
Rows read: 5,874,000
Rows read: 5,876,000
Rows read: 5,878,000
Rows read: 5,880,000
Rows read: 5,882,000
Rows read: 5,884,000
Rows read: 5,886,000
Rows read: 5,888,000
Rows read: 5,890,000
Rows read: 5,892,000
Rows read: 5,894,000
Rows read: 5,896,000
Rows read: 5,898,000
Rows read: 5,900,000
Rows read: 5,902,000
Rows read: 5,904,000
Rows read: 5,906,000
Rows read: 5,908,000
Rows read: 5,910,000
Rows read: 5,912,000
Rows read: 5,914,000
Rows read: 5,916,000
Rows read: 5,918,000
Rows read: 5,920,000
Rows read: 5,922,000
Rows read: 5,924,000
Rows read: 5,926,000
Rows read: 5,928,000
Rows read: 5,930,000
Rows read: 5,932,000
Rows read: 5,934,000
Rows read: 5,936,000
Rows read: 5,938,000
Rows read: 5,940,000
Rows read: 5,942,000
Rows read: 5,944,000
Rows read: 5,946,000
Rows read: 5,948,000
Rows read: 5,950,000
Rows read: 5,952,000
Rows read: 5,954,000
Rows read: 5,956,000
Rows read: 5,958,000
Rows read: 5,960,000
Rows read: 5,962,000
Rows read: 5,964,000
Rows read: 5,966,000
Rows read: 5,968,000
Rows read: 5,970,000
Rows read: 5,972,000
Rows read: 5,974,000
Rows read: 5,976,000
Rows read: 5,978,000
Rows read: 5,980,000
Rows read: 5,982,000
Rows read: 5,984,000
Rows read: 5,986,000
Rows read: 5,988,000
Rows read: 5,990,000
Rows read: 5,992,000
Rows read: 5,994,000
Rows read: 5,996,000
Rows read: 5,998,000
Rows read: 6,000,000
Rows read: 6,002,000
Rows read: 6,004,000
Rows read: 6,006,000
Rows read: 6,008,000
Rows read: 6,010,000
Rows read: 6,012,000
Rows read: 6,014,000
Rows read: 6,016,000
Rows read: 6,018,000
Rows read: 6,020,000
Rows read: 6,022,000
Rows read: 6,024,000
Rows read: 6,026,000
Rows read: 6,028,000
Rows read: 6,030,000
Rows read: 6,032,000
Rows read: 6,034,000
Rows read: 6,036,000
Rows read: 6,038,000
Rows read: 6,040,000
Rows read: 6,042,000
Rows read: 6,044,000
Rows read: 6,046,000
Rows read: 6,048,000
Rows read: 6,050,000
Rows read: 6,052,000
Rows read: 6,054,000
Rows read: 6,056,000
Rows read: 6,058,000
Rows read: 6,060,000
Rows read: 6,062,000
Rows read: 6,064,000
Rows read: 6,066,000
Rows read: 6,068,000
Rows read: 6,070,000
Rows read: 6,072,000
Rows read: 6,074,000
Rows read: 6,076,000
Rows read: 6,078,000
Rows read: 6,080,000
Rows read: 6,082,000
Rows read: 6,084,000
Rows read: 6,086,000
Rows read: 6,088,000
Rows read: 6,090,000
Rows read: 6,092,000
Rows read: 6,094,000
Rows read: 6,096,000
Rows read: 6,098,000
Rows read: 6,100,000
Rows read: 6,102,000
Rows read: 6,104,000
Rows read: 6,106,000
Rows read: 6,108,000
Rows read: 6,110,000
Rows read: 6,112,000
Rows read: 6,114,000
Rows read: 6,116,000
Rows read: 6,118,000
Rows read: 6,120,000
Rows read: 6,122,000
Rows read: 6,124,000
Rows read: 6,126,000
Rows read: 6,128,000
Rows read: 6,130,000
Rows read: 6,132,000
Rows read: 6,134,000
Rows read: 6,136,000
Rows read: 6,138,000
Rows read: 6,140,000
Rows read: 6,142,000
Rows read: 6,144,000
Rows read: 6,146,000
Rows read: 6,148,000
Rows read: 6,150,000
Rows read: 6,152,000
Rows read: 6,154,000
Rows read: 6,156,000
Rows read: 6,158,000
Rows read: 6,160,000
Rows read: 6,162,000
Rows read: 6,164,000
Rows read: 6,166,000
Rows read: 6,168,000
Rows read: 6,170,000
Rows read: 6,172,000
Rows read: 6,174,000
Rows read: 6,176,000
Rows read: 6,178,000
Rows read: 6,180,000
Rows read: 6,182,000
Rows read: 6,184,000
Rows read: 6,186,000
Rows read: 6,188,000
Rows read: 6,190,000
Rows read: 6,192,000
Rows read: 6,194,000
Rows read: 6,196,000
Rows read: 6,198,000
Rows read: 6,200,000
Rows read: 6,202,000
Rows read: 6,204,000
Rows read: 6,206,000
Rows read: 6,208,000
Rows read: 6,210,000
Rows read: 6,212,000
Rows read: 6,214,000
Rows read: 6,216,000
Rows read: 6,218,000
Rows read: 6,220,000
Rows read: 6,222,000
Rows read: 6,224,000
Rows read: 6,226,000
Rows read: 6,228,000
Rows read: 6,230,000
Rows read: 6,232,000
Rows read: 6,234,000
Rows read: 6,236,000
Rows read: 6,238,000
Rows read: 6,240,000
Rows read: 6,242,000
Rows read: 6,244,000
Rows read: 6,246,000
Rows read: 6,248,000
Rows read: 6,250,000
Rows read: 6,252,000
Rows read: 6,254,000
Rows read: 6,256,000
Rows read: 6,258,000
Rows read: 6,260,000
Rows read: 6,262,000
Rows read: 6,264,000
Rows read: 6,266,000
Rows read: 6,268,000
Rows read: 6,270,000
Rows read: 6,272,000
Rows read: 6,274,000
Rows read: 6,276,000
Rows read: 6,278,000
Rows read: 6,280,000
Rows read: 6,282,000
Rows read: 6,284,000
Rows read: 6,286,000
Rows read: 6,288,000
Rows read: 6,290,000
Rows read: 6,292,000
Rows read: 6,294,000
Rows read: 6,296,000
Rows read: 6,298,000
Rows read: 6,300,000
Rows read: 6,302,000
Rows read: 6,304,000
Rows read: 6,306,000
Rows read: 6,308,000
Rows read: 6,310,000
Rows read: 6,312,000
Rows read: 6,314,000
Rows read: 6,316,000
Rows read: 6,318,000
Rows read: 6,320,000
Rows read: 6,322,000
Rows read: 6,324,000
Rows read: 6,326,000
Rows read: 6,328,000
Rows read: 6,330,000
Rows read: 6,332,000
Rows read: 6,334,000
Rows read: 6,336,000
Rows read: 6,338,000
Rows read: 6,340,000
Rows read: 6,342,000
Rows read: 6,344,000
Rows read: 6,346,000
Rows read: 6,348,000
Rows read: 6,350,000
Rows read: 6,352,000
Rows read: 6,354,000
Rows read: 6,356,000
Rows read: 6,358,000
Rows read: 6,360,000
Rows read: 6,362,000
Rows read: 6,364,000
Rows read: 6,366,000
Rows read: 6,368,000
Rows read: 6,370,000
Rows read: 6,372,000
Rows read: 6,374,000
Rows read: 6,376,000
Rows read: 6,378,000
Rows read: 6,380,000
Rows read: 6,382,000
Rows read: 6,384,000
Rows read: 6,386,000
Rows read: 6,388,000
Rows read: 6,390,000
Rows read: 6,392,000
Rows read: 6,394,000
Rows read: 6,396,000
Rows read: 6,398,000
Rows read: 6,400,000
Rows read: 6,402,000
Rows read: 6,404,000
Rows read: 6,406,000
Rows read: 6,408,000
Rows read: 6,410,000
Rows read: 6,412,000
Rows read: 6,414,000
Rows read: 6,416,000
Rows read: 6,418,000
Rows read: 6,420,000
Rows read: 6,422,000
Rows read: 6,424,000
Rows read: 6,426,000
Rows read: 6,428,000
Rows read: 6,430,000
Rows read: 6,432,000
Rows read: 6,434,000
Rows read: 6,436,000
Rows read: 6,438,000
Rows read: 6,440,000
Rows read: 6,442,000
Rows read: 6,444,000
Rows read: 6,446,000
Rows read: 6,448,000
Rows read: 6,450,000
Rows read: 6,452,000
Rows read: 6,454,000
Rows read: 6,456,000
Rows read: 6,458,000
Rows read: 6,460,000
Rows read: 6,462,000
Rows read: 6,464,000
Rows read: 6,466,000
Rows read: 6,468,000
Rows read: 6,470,000
Rows read: 6,472,000
Rows read: 6,474,000
Rows read: 6,476,000
Rows read: 6,478,000
Rows read: 6,480,000
Rows read: 6,482,000
Rows read: 6,484,000
Rows read: 6,486,000
Rows read: 6,488,000
Rows read: 6,490,000
Rows read: 6,492,000
Rows read: 6,494,000
Rows read: 6,496,000
Rows read: 6,498,000
Rows read: 6,500,000
Rows read: 6,502,000
Rows read: 6502319 done.
Rows read: 2,000
Rows read: 3493 done.
Rows read: 9 done.
Processing covariates
Task finished in 0.00199999999995271 seconds
Processing gene expression data (imputation, residualization)
Task finished in 0.0690000000000737 seconds
Creating output file(s)
Task finished in 0.0159999999999627 seconds
Performing eQTL analysis
 0.12% done, 213,075 eQTLs
 0.24% done, 380,456 eQTLs
 0.37% done, 559,127 eQTLs
 0.49% done, 689,827 eQTLs
 0.62% done, 918,013 eQTLs
 0.74% done, 1,087,959 eQTLs
 0.87% done, 1,313,797 eQTLs
 0.99% done, 1,481,188 eQTLs
 1.12% done, 1,666,410 eQTLs
 1.24% done, 1,809,406 eQTLs
 1.37% done, 1,982,715 eQTLs
 1.49% done, 2,110,822 eQTLs
 1.62% done, 2,283,125 eQTLs
 1.74% done, 2,411,322 eQTLs
 1.87% done, 2,596,035 eQTLs
 1.99% done, 2,731,287 eQTLs
 2.11% done, 2,929,965 eQTLs
 2.24% done, 3,074,824 eQTLs
 2.36% done, 3,311,719 eQTLs
 2.49% done, 3,479,746 eQTLs
 2.61% done, 3,714,161 eQTLs
 2.74% done, 3,884,388 eQTLs
 2.86% done, 4,073,970 eQTLs
 2.99% done, 4,219,651 eQTLs
 3.11% done, 4,467,567 eQTLs
 3.24% done, 4,652,030 eQTLs
 3.36% done, 4,846,814 eQTLs
 3.49% done, 4,993,233 eQTLs
 3.61% done, 5,226,987 eQTLs
 3.74% done, 5,400,320 eQTLs
 3.86% done, 5,624,153 eQTLs
 3.99% done, 5,791,919 eQTLs
 4.11% done, 5,983,740 eQTLs
 4.23% done, 6,124,987 eQTLs
 4.36% done, 6,299,446 eQTLs
 4.48% done, 6,428,292 eQTLs
 4.61% done, 6,619,557 eQTLs
 4.73% done, 6,764,117 eQTLs
 4.86% done, 6,955,814 eQTLs
 4.98% done, 7,096,141 eQTLs
 5.11% done, 7,316,339 eQTLs
 5.23% done, 7,478,266 eQTLs
 5.36% done, 7,689,828 eQTLs
 5.48% done, 7,845,146 eQTLs
 5.61% done, 8,017,783 eQTLs
 5.73% done, 8,146,945 eQTLs
 5.86% done, 8,321,855 eQTLs
 5.98% done, 8,450,393 eQTLs
 6.10% done, 8,716,013 eQTLs
 6.23% done, 8,916,983 eQTLs
 6.35% done, 9,095,225 eQTLs
 6.48% done, 9,223,192 eQTLs
 6.60% done, 9,389,209 eQTLs
 6.73% done, 9,513,937 eQTLs
 6.85% done, 9,677,289 eQTLs
 6.98% done, 9,802,877 eQTLs
 7.10% done, 10,006,943 eQTLs
 7.23% done, 10,157,887 eQTLs
 7.35% done, 10,332,894 eQTLs
 7.48% done, 10,458,241 eQTLs
 7.60% done, 10,716,606 eQTLs
 7.73% done, 10,914,012 eQTLs
 7.85% done, 11,120,280 eQTLs
 7.98% done, 11,270,574 eQTLs
 8.10% done, 11,452,427 eQTLs
 8.22% done, 11,586,373 eQTLs
 8.35% done, 11,813,299 eQTLs
 8.47% done, 11,982,728 eQTLs
 8.60% done, 12,217,997 eQTLs
 8.72% done, 12,397,920 eQTLs
 8.85% done, 12,630,113 eQTLs
 8.97% done, 12,799,886 eQTLs
 9.10% done, 13,024,203 eQTLs
 9.22% done, 13,189,738 eQTLs
 9.35% done, 13,438,411 eQTLs
 9.47% done, 13,613,428 eQTLs
 9.60% done, 13,838,078 eQTLs
 9.72% done, 14,004,760 eQTLs
 9.85% done, 14,231,002 eQTLs
 9.97% done, 14,398,419 eQTLs
10.09% done, 14,629,897 eQTLs
10.22% done, 14,794,048 eQTLs
10.34% done, 14,977,570 eQTLs
10.47% done, 15,114,052 eQTLs
10.59% done, 15,295,026 eQTLs
10.72% done, 15,431,020 eQTLs
10.84% done, 15,645,607 eQTLs
10.97% done, 15,803,019 eQTLs
11.09% done, 16,002,168 eQTLs
11.22% done, 16,152,922 eQTLs
11.34% done, 16,339,669 eQTLs
11.47% done, 16,473,108 eQTLs
11.59% done, 16,669,976 eQTLs
11.72% done, 16,817,752 eQTLs
11.84% done, 16,992,449 eQTLs
11.97% done, 17,118,558 eQTLs
12.09% done, 17,325,728 eQTLs
12.21% done, 17,475,520 eQTLs
12.34% done, 17,664,912 eQTLs
12.46% done, 17,805,440 eQTLs
12.59% done, 17,998,848 eQTLs
12.71% done, 18,135,539 eQTLs
12.84% done, 18,373,787 eQTLs
12.96% done, 18,547,982 eQTLs
13.09% done, 18,737,217 eQTLs
13.21% done, 18,878,200 eQTLs
13.34% done, 19,083,510 eQTLs
13.46% done, 19,243,167 eQTLs
13.59% done, 19,441,078 eQTLs
13.71% done, 19,592,591 eQTLs
13.84% done, 19,786,405 eQTLs
13.96% done, 19,930,619 eQTLs
14.08% done, 20,122,036 eQTLs
14.21% done, 20,264,494 eQTLs
14.33% done, 20,485,996 eQTLs
14.46% done, 20,648,302 eQTLs
14.58% done, 20,853,794 eQTLs
14.71% done, 21,005,972 eQTLs
14.83% done, 21,192,637 eQTLs
14.96% done, 21,330,462 eQTLs
15.08% done, 21,526,467 eQTLs
15.21% done, 21,668,073 eQTLs
15.33% done, 21,885,661 eQTLs
15.46% done, 22,046,870 eQTLs
15.58% done, 22,223,317 eQTLs
15.71% done, 22,369,721 eQTLs
15.83% done, 22,561,788 eQTLs
15.96% done, 22,696,705 eQTLs
16.08% done, 22,895,385 eQTLs
16.20% done, 23,042,211 eQTLs
16.33% done, 23,259,800 eQTLs
16.45% done, 23,414,107 eQTLs
16.58% done, 23,650,275 eQTLs
16.70% done, 23,820,282 eQTLs
16.83% done, 24,039,564 eQTLs
16.95% done, 24,196,349 eQTLs
17.08% done, 24,385,079 eQTLs
17.20% done, 24,524,097 eQTLs
17.33% done, 24,718,302 eQTLs
17.45% done, 24,866,007 eQTLs
17.58% done, 25,037,640 eQTLs
17.70% done, 25,166,797 eQTLs
17.83% done, 25,377,623 eQTLs
17.95% done, 25,529,379 eQTLs
18.07% done, 25,754,791 eQTLs
18.20% done, 25,925,863 eQTLs
18.32% done, 26,118,437 eQTLs
18.45% done, 26,261,037 eQTLs
18.57% done, 26,418,911 eQTLs
18.70% done, 26,533,698 eQTLs
18.82% done, 26,737,852 eQTLs
18.95% done, 26,892,477 eQTLs
19.07% done, 27,106,745 eQTLs
19.20% done, 27,269,590 eQTLs
19.32% done, 27,504,673 eQTLs
19.45% done, 27,684,917 eQTLs
19.57% done, 27,893,740 eQTLs
19.70% done, 28,058,199 eQTLs
19.82% done, 28,233,303 eQTLs
19.95% done, 28,367,829 eQTLs
20.07% done, 28,565,086 eQTLs
20.19% done, 28,713,875 eQTLs
20.32% done, 28,937,220 eQTLs
20.44% done, 29,104,250 eQTLs
20.57% done, 29,286,701 eQTLs
20.69% done, 29,414,319 eQTLs
20.82% done, 29,634,934 eQTLs
20.94% done, 29,796,719 eQTLs
21.07% done, 29,970,282 eQTLs
21.19% done, 30,096,272 eQTLs
21.32% done, 30,258,161 eQTLs
21.44% done, 30,380,679 eQTLs
21.57% done, 30,604,236 eQTLs
21.69% done, 30,774,695 eQTLs
21.82% done, 30,960,347 eQTLs
21.94% done, 31,096,308 eQTLs
22.06% done, 31,294,065 eQTLs
22.19% done, 31,447,330 eQTLs
22.31% done, 31,622,037 eQTLs
22.44% done, 31,749,484 eQTLs
22.56% done, 31,988,149 eQTLs
22.69% done, 32,165,255 eQTLs
22.81% done, 32,365,050 eQTLs
22.94% done, 32,510,559 eQTLs
23.06% done, 32,720,379 eQTLs
23.19% done, 32,875,894 eQTLs
23.31% done, 33,087,252 eQTLs
23.44% done, 33,247,042 eQTLs
23.56% done, 33,472,936 eQTLs
23.69% done, 33,641,862 eQTLs
23.81% done, 33,859,620 eQTLs
23.94% done, 34,018,173 eQTLs
24.06% done, 34,206,447 eQTLs
24.18% done, 34,346,623 eQTLs
24.31% done, 34,560,185 eQTLs
24.43% done, 34,715,805 eQTLs
24.56% done, 34,951,065 eQTLs
24.68% done, 35,125,613 eQTLs
24.81% done, 35,286,593 eQTLs
24.93% done, 35,408,873 eQTLs
25.06% done, 35,602,732 eQTLs
25.18% done, 35,742,198 eQTLs
25.31% done, 35,939,881 eQTLs
25.43% done, 36,085,399 eQTLs
25.56% done, 36,361,045 eQTLs
25.68% done, 36,567,686 eQTLs
25.81% done, 36,773,120 eQTLs
25.93% done, 36,927,034 eQTLs
26.05% done, 37,112,738 eQTLs
26.18% done, 37,250,290 eQTLs
26.30% done, 37,411,484 eQTLs
26.43% done, 37,535,724 eQTLs
26.55% done, 37,743,285 eQTLs
26.68% done, 37,900,089 eQTLs
26.80% done, 38,070,036 eQTLs
26.93% done, 38,194,689 eQTLs
27.05% done, 38,406,664 eQTLs
27.18% done, 38,566,740 eQTLs
27.30% done, 38,818,504 eQTLs
27.43% done, 38,996,044 eQTLs
27.55% done, 39,197,839 eQTLs
27.68% done, 39,342,908 eQTLs
27.80% done, 39,544,274 eQTLs
27.93% done, 39,692,638 eQTLs
28.05% done, 39,891,136 eQTLs
28.17% done, 40,036,126 eQTLs
28.30% done, 40,261,042 eQTLs
28.42% done, 40,424,332 eQTLs
28.55% done, 40,659,477 eQTLs
28.67% done, 40,838,260 eQTLs
28.80% done, 41,070,176 eQTLs
28.92% done, 41,245,204 eQTLs
29.05% done, 41,427,883 eQTLs
29.17% done, 41,554,954 eQTLs
29.30% done, 41,829,647 eQTLs
29.42% done, 42,031,718 eQTLs
29.55% done, 42,357,426 eQTLs
29.67% done, 42,598,843 eQTLs
29.80% done, 42,806,234 eQTLs
29.92% done, 42,958,261 eQTLs
30.04% done, 43,196,050 eQTLs
30.17% done, 43,371,170 eQTLs
30.29% done, 43,607,858 eQTLs
30.42% done, 43,777,490 eQTLs
30.54% done, 43,977,128 eQTLs
30.67% done, 44,121,009 eQTLs
30.79% done, 44,312,636 eQTLs
30.92% done, 44,456,348 eQTLs
31.04% done, 44,647,098 eQTLs
31.17% done, 44,790,516 eQTLs
31.29% done, 44,974,411 eQTLs
31.42% done, 45,107,030 eQTLs
31.54% done, 45,306,559 eQTLs
31.67% done, 45,452,839 eQTLs
31.79% done, 45,625,169 eQTLs
31.92% done, 45,757,840 eQTLs
32.04% done, 45,947,761 eQTLs
32.16% done, 46,090,152 eQTLs
32.29% done, 46,259,723 eQTLs
32.41% done, 46,390,601 eQTLs
32.54% done, 46,625,837 eQTLs
32.66% done, 46,800,372 eQTLs
32.79% done, 47,022,364 eQTLs
32.91% done, 47,191,183 eQTLs
33.04% done, 47,404,107 eQTLs
33.16% done, 47,563,822 eQTLs
33.29% done, 47,733,928 eQTLs
33.41% done, 47,855,403 eQTLs
33.54% done, 48,060,315 eQTLs
33.66% done, 48,212,353 eQTLs
33.79% done, 48,465,092 eQTLs
33.91% done, 48,645,818 eQTLs
34.03% done, 48,855,452 eQTLs
34.16% done, 49,011,980 eQTLs
34.28% done, 49,181,736 eQTLs
34.41% done, 49,311,295 eQTLs
34.53% done, 49,539,425 eQTLs
34.66% done, 49,710,783 eQTLs
34.78% done, 49,897,067 eQTLs
34.91% done, 50,032,848 eQTLs
35.03% done, 50,235,644 eQTLs
35.16% done, 50,385,768 eQTLs
35.28% done, 50,607,848 eQTLs
35.41% done, 50,777,251 eQTLs
35.53% done, 50,989,282 eQTLs
35.66% done, 51,141,998 eQTLs
35.78% done, 51,341,322 eQTLs
35.91% done, 51,488,455 eQTLs
36.03% done, 51,745,634 eQTLs
36.15% done, 51,947,850 eQTLs
36.28% done, 52,137,966 eQTLs
36.40% done, 52,282,124 eQTLs
36.53% done, 52,447,387 eQTLs
36.65% done, 52,572,416 eQTLs
36.78% done, 52,751,383 eQTLs
36.90% done, 52,890,577 eQTLs
37.03% done, 53,076,239 eQTLs
37.15% done, 53,215,972 eQTLs
37.28% done, 53,400,271 eQTLs
37.40% done, 53,534,022 eQTLs
37.53% done, 53,755,037 eQTLs
37.65% done, 53,920,049 eQTLs
37.78% done, 54,154,399 eQTLs
37.90% done, 54,332,320 eQTLs
38.02% done, 54,534,142 eQTLs
38.15% done, 54,682,702 eQTLs
38.27% done, 54,883,553 eQTLs
38.40% done, 55,033,661 eQTLs
38.52% done, 55,272,045 eQTLs
38.65% done, 55,446,816 eQTLs
38.77% done, 55,631,962 eQTLs
38.90% done, 55,771,446 eQTLs
39.02% done, 55,967,060 eQTLs
39.15% done, 56,113,773 eQTLs
39.27% done, 56,332,751 eQTLs
39.40% done, 56,502,189 eQTLs
39.52% done, 56,714,975 eQTLs
39.65% done, 56,871,740 eQTLs
39.77% done, 57,117,401 eQTLs
39.90% done, 57,301,684 eQTLs
40.02% done, 57,494,825 eQTLs
40.14% done, 57,637,497 eQTLs
40.27% done, 57,841,747 eQTLs
40.39% done, 57,991,875 eQTLs
40.52% done, 58,233,357 eQTLs
40.64% done, 58,411,992 eQTLs
40.77% done, 58,602,226 eQTLs
40.89% done, 58,742,407 eQTLs
41.02% done, 58,969,671 eQTLs
41.14% done, 59,132,299 eQTLs
41.27% done, 59,328,525 eQTLs
41.39% done, 59,472,525 eQTLs
41.52% done, 59,650,142 eQTLs
41.64% done, 59,778,204 eQTLs
41.77% done, 59,997,049 eQTLs
41.89% done, 60,159,794 eQTLs
42.01% done, 60,384,340 eQTLs
42.14% done, 60,556,404 eQTLs
42.26% done, 60,765,413 eQTLs
42.39% done, 60,923,614 eQTLs
42.51% done, 61,147,159 eQTLs
42.64% done, 61,315,751 eQTLs
42.76% done, 61,530,323 eQTLs
42.89% done, 61,687,546 eQTLs
43.01% done, 61,923,444 eQTLs
43.14% done, 62,101,646 eQTLs
43.26% done, 62,273,278 eQTLs
43.39% done, 62,396,747 eQTLs
43.51% done, 62,556,813 eQTLs
43.64% done, 62,674,844 eQTLs
43.76% done, 62,878,961 eQTLs
43.89% done, 63,023,157 eQTLs
44.01% done, 63,263,853 eQTLs
44.13% done, 63,441,012 eQTLs
44.26% done, 63,656,124 eQTLs
44.38% done, 63,811,879 eQTLs
44.51% done, 64,008,524 eQTLs
44.63% done, 64,152,849 eQTLs
44.76% done, 64,355,542 eQTLs
44.88% done, 64,509,306 eQTLs
45.01% done, 64,698,406 eQTLs
45.13% done, 64,837,469 eQTLs
45.26% done, 65,020,656 eQTLs
45.38% done, 65,157,308 eQTLs
45.51% done, 65,346,141 eQTLs
45.63% done, 65,483,645 eQTLs
45.76% done, 65,672,308 eQTLs
45.88% done, 65,812,488 eQTLs
46.00% done, 66,022,576 eQTLs
46.13% done, 66,177,697 eQTLs
46.25% done, 66,356,519 eQTLs
46.38% done, 66,482,253 eQTLs
46.50% done, 66,693,709 eQTLs
46.63% done, 66,853,047 eQTLs
46.75% done, 67,064,543 eQTLs
46.88% done, 67,228,934 eQTLs
47.00% done, 67,433,765 eQTLs
47.13% done, 67,587,349 eQTLs
47.25% done, 67,798,969 eQTLs
47.38% done, 67,957,191 eQTLs
47.50% done, 68,199,011 eQTLs
47.63% done, 68,374,031 eQTLs
47.75% done, 68,591,497 eQTLs
47.88% done, 68,747,038 eQTLs
48.00% done, 68,930,740 eQTLs
48.12% done, 69,066,151 eQTLs
48.25% done, 69,234,882 eQTLs
48.37% done, 69,359,414 eQTLs
48.50% done, 69,561,041 eQTLs
48.62% done, 69,713,430 eQTLs
48.75% done, 69,912,013 eQTLs
48.87% done, 70,058,132 eQTLs
49.00% done, 70,268,278 eQTLs
49.12% done, 70,423,311 eQTLs
49.25% done, 70,599,673 eQTLs
49.37% done, 70,733,124 eQTLs
49.50% done, 70,931,490 eQTLs
49.62% done, 71,073,221 eQTLs
49.75% done, 71,254,123 eQTLs
49.87% done, 71,381,925 eQTLs
50.00% done, 71,558,935 eQTLs
50.12% done, 71,699,295 eQTLs
50.24% done, 71,920,732 eQTLs
50.37% done, 72,087,108 eQTLs
50.49% done, 72,291,785 eQTLs
50.62% done, 72,441,085 eQTLs
50.74% done, 72,646,209 eQTLs
50.87% done, 72,803,426 eQTLs
50.99% done, 73,073,427 eQTLs
51.12% done, 73,280,700 eQTLs
51.24% done, 73,516,111 eQTLs
51.37% done, 73,679,419 eQTLs
51.49% done, 73,890,478 eQTLs
51.62% done, 74,047,669 eQTLs
51.74% done, 74,240,351 eQTLs
51.87% done, 74,378,101 eQTLs
51.99% done, 74,574,883 eQTLs
52.11% done, 74,717,449 eQTLs
52.24% done, 74,957,797 eQTLs
52.36% done, 75,137,391 eQTLs
52.49% done, 75,323,034 eQTLs
52.61% done, 75,460,272 eQTLs
52.74% done, 75,665,661 eQTLs
52.86% done, 75,817,764 eQTLs
52.99% done, 76,003,855 eQTLs
53.11% done, 76,139,979 eQTLs
53.24% done, 76,329,098 eQTLs
53.36% done, 76,470,344 eQTLs
53.49% done, 76,685,835 eQTLs
53.61% done, 76,849,401 eQTLs
53.74% done, 77,067,413 eQTLs
53.86% done, 77,224,247 eQTLs
53.99% done, 77,396,899 eQTLs
54.11% done, 77,520,077 eQTLs
54.23% done, 77,705,899 eQTLs
54.36% done, 77,845,322 eQTLs
54.48% done, 78,057,745 eQTLs
54.61% done, 78,213,777 eQTLs
54.73% done, 78,417,154 eQTLs
54.86% done, 78,571,693 eQTLs
54.98% done, 78,766,512 eQTLs
55.11% done, 78,912,528 eQTLs
55.23% done, 79,118,425 eQTLs
55.36% done, 79,267,273 eQTLs
55.48% done, 79,477,516 eQTLs
55.61% done, 79,631,872 eQTLs
55.73% done, 79,851,018 eQTLs
55.86% done, 80,013,989 eQTLs
55.98% done, 80,212,413 eQTLs
56.10% done, 80,356,920 eQTLs
56.23% done, 80,558,833 eQTLs
56.35% done, 80,710,028 eQTLs
56.48% done, 80,890,629 eQTLs
56.60% done, 81,023,224 eQTLs
56.73% done, 81,227,010 eQTLs
56.85% done, 81,370,545 eQTLs
56.98% done, 81,554,806 eQTLs
57.10% done, 81,688,977 eQTLs
57.23% done, 81,884,994 eQTLs
57.35% done, 82,034,146 eQTLs
57.48% done, 82,260,162 eQTLs
57.60% done, 82,422,589 eQTLs
57.73% done, 82,615,824 eQTLs
57.85% done, 82,758,523 eQTLs
57.98% done, 82,953,635 eQTLs
58.10% done, 83,100,488 eQTLs
58.22% done, 83,310,239 eQTLs
58.35% done, 83,470,822 eQTLs
58.47% done, 83,678,334 eQTLs
58.60% done, 83,840,567 eQTLs
58.72% done, 84,038,079 eQTLs
58.85% done, 84,194,613 eQTLs
58.97% done, 84,379,233 eQTLs
59.10% done, 84,515,337 eQTLs
59.22% done, 84,697,094 eQTLs
59.35% done, 84,830,668 eQTLs
59.47% done, 85,020,461 eQTLs
59.60% done, 85,161,628 eQTLs
59.72% done, 85,337,549 eQTLs
59.85% done, 85,462,996 eQTLs
59.97% done, 85,673,624 eQTLs
60.09% done, 85,829,731 eQTLs
60.22% done, 86,039,707 eQTLs
60.34% done, 86,195,355 eQTLs
60.47% done, 86,390,257 eQTLs
60.59% done, 86,541,543 eQTLs
60.72% done, 86,728,913 eQTLs
60.84% done, 86,870,618 eQTLs
60.97% done, 87,045,103 eQTLs
61.09% done, 87,171,379 eQTLs
61.22% done, 87,379,252 eQTLs
61.34% done, 87,529,407 eQTLs
61.47% done, 87,753,133 eQTLs
61.59% done, 87,919,239 eQTLs
61.72% done, 88,104,784 eQTLs
61.84% done, 88,240,070 eQTLs
61.97% done, 88,462,452 eQTLs
62.09% done, 88,619,697 eQTLs
62.21% done, 88,833,741 eQTLs
62.34% done, 88,992,997 eQTLs
62.46% done, 89,236,397 eQTLs
62.59% done, 89,412,179 eQTLs
62.71% done, 89,631,192 eQTLs
62.84% done, 89,788,554 eQTLs
62.96% done, 90,013,432 eQTLs
63.09% done, 90,180,278 eQTLs
63.21% done, 90,356,020 eQTLs
63.34% done, 90,485,558 eQTLs
63.46% done, 90,727,004 eQTLs
63.59% done, 90,905,678 eQTLs
63.71% done, 91,085,951 eQTLs
63.84% done, 91,224,240 eQTLs
63.96% done, 91,396,281 eQTLs
64.08% done, 91,526,866 eQTLs
64.21% done, 91,742,336 eQTLs
64.33% done, 91,903,823 eQTLs
64.46% done, 92,101,620 eQTLs
64.58% done, 92,254,277 eQTLs
64.71% done, 92,447,858 eQTLs
64.83% done, 92,589,463 eQTLs
64.96% done, 92,791,948 eQTLs
65.08% done, 92,944,548 eQTLs
65.21% done, 93,143,442 eQTLs
65.33% done, 93,290,273 eQTLs
65.46% done, 93,486,890 eQTLs
65.58% done, 93,632,992 eQTLs
65.71% done, 93,829,285 eQTLs
65.83% done, 93,969,755 eQTLs
65.96% done, 94,141,751 eQTLs
66.08% done, 94,266,995 eQTLs
66.20% done, 94,471,629 eQTLs
66.33% done, 94,625,094 eQTLs
66.45% done, 94,832,631 eQTLs
66.58% done, 94,986,924 eQTLs
66.70% done, 95,177,760 eQTLs
66.83% done, 95,315,711 eQTLs
66.95% done, 95,562,387 eQTLs
67.08% done, 95,745,627 eQTLs
67.20% done, 95,954,963 eQTLs
67.33% done, 96,115,943 eQTLs
67.45% done, 96,303,377 eQTLs
67.58% done, 96,436,872 eQTLs
67.70% done, 96,632,444 eQTLs
67.83% done, 96,779,833 eQTLs
67.95% done, 96,975,013 eQTLs
68.07% done, 97,121,763 eQTLs
68.20% done, 97,309,579 eQTLs
68.32% done, 97,452,485 eQTLs
68.45% done, 97,640,770 eQTLs
68.57% done, 97,782,108 eQTLs
68.70% done, 97,958,670 eQTLs
68.82% done, 98,091,716 eQTLs
68.95% done, 98,261,237 eQTLs
69.07% done, 98,387,704 eQTLs
69.20% done, 98,583,167 eQTLs
69.32% done, 98,728,846 eQTLs
69.45% done, 98,925,880 eQTLs
69.57% done, 99,066,357 eQTLs
69.70% done, 99,271,446 eQTLs
69.82% done, 99,424,359 eQTLs
69.95% done, 99,606,083 eQTLs
70.07% done, 99,744,499 eQTLs
70.19% done, 99,936,149 eQTLs
70.32% done, 100,081,765 eQTLs
70.44% done, 100,304,637 eQTLs
70.57% done, 100,472,493 eQTLs
70.69% done, 100,665,740 eQTLs
70.82% done, 100,805,150 eQTLs
70.94% done, 100,973,824 eQTLs
71.07% done, 101,094,098 eQTLs
71.19% done, 101,322,728 eQTLs
71.32% done, 101,497,265 eQTLs
71.44% done, 101,693,872 eQTLs
71.57% done, 101,841,033 eQTLs
71.69% done, 102,047,567 eQTLs
71.82% done, 102,198,453 eQTLs
71.94% done, 102,406,637 eQTLs
72.06% done, 102,565,348 eQTLs
72.19% done, 102,789,395 eQTLs
72.31% done, 102,957,813 eQTLs
72.44% done, 103,149,463 eQTLs
72.56% done, 103,291,928 eQTLs
72.69% done, 103,488,521 eQTLs
72.81% done, 103,635,054 eQTLs
72.94% done, 103,814,898 eQTLs
73.06% done, 103,952,549 eQTLs
73.19% done, 104,157,292 eQTLs
73.31% done, 104,311,438 eQTLs
73.44% done, 104,581,447 eQTLs
73.56% done, 104,779,497 eQTLs
73.69% done, 104,945,062 eQTLs
73.81% done, 105,070,829 eQTLs
73.94% done, 105,324,476 eQTLs
74.06% done, 105,513,312 eQTLs
74.18% done, 105,704,317 eQTLs
74.31% done, 105,843,686 eQTLs
74.43% done, 106,028,691 eQTLs
74.56% done, 106,164,748 eQTLs
74.68% done, 106,360,050 eQTLs
74.81% done, 106,506,608 eQTLs
74.93% done, 106,704,104 eQTLs
75.06% done, 106,847,952 eQTLs
75.18% done, 107,051,423 eQTLs
75.31% done, 107,204,791 eQTLs
75.43% done, 107,384,176 eQTLs
75.56% done, 107,519,322 eQTLs
75.68% done, 107,711,429 eQTLs
75.81% done, 107,856,810 eQTLs
75.93% done, 108,028,387 eQTLs
76.05% done, 108,156,771 eQTLs
76.18% done, 108,361,759 eQTLs
76.30% done, 108,513,969 eQTLs
76.43% done, 108,696,066 eQTLs
76.55% done, 108,834,232 eQTLs
76.68% done, 109,026,118 eQTLs
76.80% done, 109,170,256 eQTLs
76.93% done, 109,331,667 eQTLs
77.05% done, 109,454,789 eQTLs
77.18% done, 109,655,552 eQTLs
77.30% done, 109,802,563 eQTLs
77.43% done, 109,957,817 eQTLs
77.55% done, 110,071,035 eQTLs
77.68% done, 110,271,274 eQTLs
77.80% done, 110,417,874 eQTLs
77.93% done, 110,577,756 eQTLs
78.05% done, 110,703,562 eQTLs
78.17% done, 110,942,776 eQTLs
78.30% done, 111,123,325 eQTLs
78.42% done, 111,384,022 eQTLs
78.55% done, 111,578,939 eQTLs
78.67% done, 111,811,745 eQTLs
78.80% done, 111,983,697 eQTLs
78.92% done, 112,178,565 eQTLs
79.05% done, 112,321,384 eQTLs
79.17% done, 112,552,014 eQTLs
79.30% done, 112,731,896 eQTLs
79.42% done, 112,919,557 eQTLs
79.55% done, 113,057,479 eQTLs
79.67% done, 113,267,940 eQTLs
79.80% done, 113,413,757 eQTLs
79.92% done, 113,624,390 eQTLs
80.04% done, 113,776,801 eQTLs
80.17% done, 113,988,233 eQTLs
80.29% done, 114,145,292 eQTLs
80.42% done, 114,311,297 eQTLs
80.54% done, 114,433,795 eQTLs
80.67% done, 114,629,526 eQTLs
80.79% done, 114,769,097 eQTLs
80.92% done, 114,951,629 eQTLs
81.04% done, 115,094,424 eQTLs
81.17% done, 115,256,086 eQTLs
81.29% done, 115,375,828 eQTLs
81.42% done, 115,542,364 eQTLs
81.54% done, 115,677,603 eQTLs
81.67% done, 115,843,020 eQTLs
81.79% done, 115,970,975 eQTLs
81.92% done, 116,168,722 eQTLs
82.04% done, 116,315,859 eQTLs
82.16% done, 116,542,430 eQTLs
82.29% done, 116,717,439 eQTLs
82.41% done, 116,956,726 eQTLs
82.54% done, 117,135,003 eQTLs
82.66% done, 117,327,538 eQTLs
82.79% done, 117,469,082 eQTLs
82.91% done, 117,689,351 eQTLs
83.04% done, 117,852,360 eQTLs
83.16% done, 118,077,134 eQTLs
83.29% done, 118,250,425 eQTLs
83.41% done, 118,453,820 eQTLs
83.54% done, 118,599,824 eQTLs
83.66% done, 118,814,860 eQTLs
83.79% done, 118,971,544 eQTLs
83.91% done, 119,189,457 eQTLs
84.03% done, 119,344,622 eQTLs
84.16% done, 119,544,117 eQTLs
84.28% done, 119,697,194 eQTLs
84.41% done, 119,879,131 eQTLs
84.53% done, 120,015,184 eQTLs
84.66% done, 120,246,380 eQTLs
84.78% done, 120,419,709 eQTLs
84.91% done, 120,621,150 eQTLs
85.03% done, 120,770,815 eQTLs
85.16% done, 120,990,274 eQTLs
85.28% done, 121,156,462 eQTLs
85.41% done, 121,350,826 eQTLs
85.53% done, 121,498,413 eQTLs
85.66% done, 121,695,137 eQTLs
85.78% done, 121,856,091 eQTLs
85.91% done, 122,036,694 eQTLs
86.03% done, 122,176,330 eQTLs
86.15% done, 122,362,365 eQTLs
86.28% done, 122,503,217 eQTLs
86.40% done, 122,702,621 eQTLs
86.53% done, 122,849,384 eQTLs
86.65% done, 123,092,342 eQTLs
86.78% done, 123,276,561 eQTLs
86.90% done, 123,473,057 eQTLs
87.03% done, 123,612,313 eQTLs
87.15% done, 123,777,996 eQTLs
87.28% done, 123,898,839 eQTLs
87.40% done, 124,090,356 eQTLs
87.53% done, 124,234,161 eQTLs
87.65% done, 124,412,706 eQTLs
87.78% done, 124,543,062 eQTLs
87.90% done, 124,748,649 eQTLs
88.02% done, 124,902,712 eQTLs
88.15% done, 125,093,709 eQTLs
88.27% done, 125,235,902 eQTLs
88.40% done, 125,473,690 eQTLs
88.52% done, 125,643,332 eQTLs
88.65% done, 125,850,210 eQTLs
88.77% done, 126,003,117 eQTLs
88.90% done, 126,176,602 eQTLs
89.02% done, 126,316,890 eQTLs
89.15% done, 126,538,620 eQTLs
89.27% done, 126,707,696 eQTLs
89.40% done, 126,921,545 eQTLs
89.52% done, 127,076,445 eQTLs
89.65% done, 127,278,201 eQTLs
89.77% done, 127,427,477 eQTLs
89.90% done, 127,617,260 eQTLs
90.02% done, 127,759,702 eQTLs
90.14% done, 127,960,282 eQTLs
90.27% done, 128,108,825 eQTLs
90.39% done, 128,295,803 eQTLs
90.52% done, 128,433,266 eQTLs
90.64% done, 128,624,217 eQTLs
90.77% done, 128,765,648 eQTLs
90.89% done, 128,945,631 eQTLs
91.02% done, 129,093,491 eQTLs
91.14% done, 129,274,632 eQTLs
91.27% done, 129,410,905 eQTLs
91.39% done, 129,629,298 eQTLs
91.52% done, 129,786,346 eQTLs
91.64% done, 130,030,144 eQTLs
91.77% done, 130,208,064 eQTLs
91.89% done, 130,386,712 eQTLs
92.01% done, 130,526,639 eQTLs
92.14% done, 130,712,665 eQTLs
92.26% done, 130,852,659 eQTLs
92.39% done, 131,029,726 eQTLs
92.51% done, 131,167,042 eQTLs
92.64% done, 131,339,301 eQTLs
92.76% done, 131,475,673 eQTLs
92.89% done, 131,699,467 eQTLs
93.01% done, 131,867,449 eQTLs
93.14% done, 132,073,413 eQTLs
93.26% done, 132,228,161 eQTLs
93.39% done, 132,432,276 eQTLs
93.51% done, 132,578,511 eQTLs
93.64% done, 132,778,553 eQTLs
93.76% done, 132,927,239 eQTLs
93.89% done, 133,102,988 eQTLs
94.01% done, 133,241,866 eQTLs
94.13% done, 133,424,660 eQTLs
94.26% done, 133,562,442 eQTLs
94.38% done, 133,755,217 eQTLs
94.51% done, 133,900,078 eQTLs
94.63% done, 134,204,648 eQTLs
94.76% done, 134,435,570 eQTLs
94.88% done, 134,677,018 eQTLs
95.01% done, 134,854,118 eQTLs
95.13% done, 135,052,720 eQTLs
95.26% done, 135,195,791 eQTLs
95.38% done, 135,383,443 eQTLs
95.51% done, 135,519,285 eQTLs
95.63% done, 135,712,912 eQTLs
95.76% done, 135,857,283 eQTLs
95.88% done, 136,084,360 eQTLs
96.00% done, 136,257,275 eQTLs
96.13% done, 136,435,758 eQTLs
96.25% done, 136,566,460 eQTLs
96.38% done, 136,728,335 eQTLs
96.50% done, 136,847,872 eQTLs
96.63% done, 137,024,393 eQTLs
96.75% done, 137,150,743 eQTLs
96.88% done, 137,327,777 eQTLs
97.00% done, 137,459,627 eQTLs
97.13% done, 137,698,589 eQTLs
97.25% done, 137,876,016 eQTLs
97.38% done, 138,147,493 eQTLs
97.50% done, 138,345,272 eQTLs
97.63% done, 138,596,390 eQTLs
97.75% done, 138,783,530 eQTLs
97.88% done, 138,998,264 eQTLs
98.00% done, 139,155,934 eQTLs
98.12% done, 139,336,635 eQTLs
98.25% done, 139,469,217 eQTLs
98.37% done, 139,676,090 eQTLs
98.50% done, 139,826,199 eQTLs
98.62% done, 140,014,057 eQTLs
98.75% done, 140,157,178 eQTLs
98.87% done, 140,345,021 eQTLs
99.00% done, 140,485,087 eQTLs
99.12% done, 140,693,629 eQTLs
99.25% done, 140,841,954 eQTLs
99.37% done, 141,044,011 eQTLs
99.50% done, 141,195,793 eQTLs
99.62% done, 141,361,986 eQTLs
99.75% done, 141,482,919 eQTLs
99.87% done, 141,489,323 eQTLs
100.00% done, 141,494,076 eQTLs
Task finished in 1221.407 seconds

Warning message:
In Matrix_eQTL_main(snps = snps, gene = gene, cvrt = cvrt, output_file_name = output_file_name,  :
  Warning: pvOutputThreshold may be too large.
Expected number of findings > 139740259.4
