Loading required package: carData
Parsed with column specification:
cols(
  .default = col_double(),
  Protein = col_character()
)
See spec(...) for full column specifications.
Warning message:
Setting row names on a tibble is deprecated. 
Rows read: 2,000
Rows read: 4,000
Rows read: 6,000
Rows read: 8,000
Rows read: 10,000
Rows read: 12,000
Rows read: 14,000
Rows read: 16,000
Rows read: 18,000
Rows read: 20,000
Rows read: 22,000
Rows read: 24,000
Rows read: 26,000
Rows read: 28,000
Rows read: 30,000
Rows read: 32,000
Rows read: 34,000
Rows read: 36,000
Rows read: 38,000
Rows read: 40,000
Rows read: 42,000
Rows read: 44,000
Rows read: 46,000
Rows read: 48,000
Rows read: 50,000
Rows read: 52,000
Rows read: 54,000
Rows read: 56,000
Rows read: 58,000
Rows read: 60,000
Rows read: 62,000
Rows read: 64,000
Rows read: 66,000
Rows read: 68,000
Rows read: 70,000
Rows read: 72,000
Rows read: 74,000
Rows read: 76,000
Rows read: 78,000
Rows read: 80,000
Rows read: 82,000
Rows read: 84,000
Rows read: 86,000
Rows read: 88,000
Rows read: 90,000
Rows read: 92,000
Rows read: 94,000
Rows read: 96,000
Rows read: 98,000
Rows read: 100,000
Rows read: 102,000
Rows read: 104,000
Rows read: 106,000
Rows read: 108,000
Rows read: 110,000
Rows read: 112,000
Rows read: 114,000
Rows read: 116,000
Rows read: 118,000
Rows read: 120,000
Rows read: 122,000
Rows read: 124,000
Rows read: 126,000
Rows read: 128,000
Rows read: 130,000
Rows read: 132,000
Rows read: 134,000
Rows read: 136,000
Rows read: 138,000
Rows read: 140,000
Rows read: 142,000
Rows read: 144,000
Rows read: 146,000
Rows read: 148,000
Rows read: 150,000
Rows read: 152,000
Rows read: 154,000
Rows read: 156,000
Rows read: 158,000
Rows read: 160,000
Rows read: 162,000
Rows read: 164,000
Rows read: 166,000
Rows read: 168,000
Rows read: 170,000
Rows read: 172,000
Rows read: 174,000
Rows read: 176,000
Rows read: 178,000
Rows read: 180,000
Rows read: 182,000
Rows read: 184,000
Rows read: 186,000
Rows read: 188,000
Rows read: 190,000
Rows read: 192,000
Rows read: 194,000
Rows read: 196,000
Rows read: 198,000
Rows read: 200,000
Rows read: 202,000
Rows read: 204,000
Rows read: 206,000
Rows read: 208,000
Rows read: 210,000
Rows read: 212,000
Rows read: 214,000
Rows read: 216,000
Rows read: 218,000
Rows read: 220,000
Rows read: 222,000
Rows read: 224,000
Rows read: 226,000
Rows read: 228,000
Rows read: 230,000
Rows read: 232,000
Rows read: 234,000
Rows read: 236,000
Rows read: 238,000
Rows read: 240,000
Rows read: 242,000
Rows read: 244,000
Rows read: 246,000
Rows read: 248,000
Rows read: 250,000
Rows read: 252,000
Rows read: 254,000
Rows read: 256,000
Rows read: 258,000
Rows read: 260,000
Rows read: 262,000
Rows read: 264,000
Rows read: 266,000
Rows read: 268,000
Rows read: 270,000
Rows read: 272,000
Rows read: 274,000
Rows read: 276,000
Rows read: 278,000
Rows read: 280,000
Rows read: 282,000
Rows read: 284,000
Rows read: 286,000
Rows read: 288,000
Rows read: 290,000
Rows read: 292,000
Rows read: 294,000
Rows read: 296,000
Rows read: 298,000
Rows read: 300,000
Rows read: 302,000
Rows read: 304,000
Rows read: 306,000
Rows read: 308,000
Rows read: 310,000
Rows read: 312,000
Rows read: 314,000
Rows read: 316,000
Rows read: 318,000
Rows read: 320,000
Rows read: 322,000
Rows read: 324,000
Rows read: 326,000
Rows read: 328,000
Rows read: 330,000
Rows read: 332,000
Rows read: 334,000
Rows read: 336,000
Rows read: 338,000
Rows read: 340,000
Rows read: 342,000
Rows read: 344,000
Rows read: 346,000
Rows read: 348,000
Rows read: 350,000
Rows read: 352,000
Rows read: 354,000
Rows read: 356,000
Rows read: 358,000
Rows read: 360,000
Rows read: 362,000
Rows read: 364,000
Rows read: 366,000
Rows read: 368,000
Rows read: 370,000
Rows read: 372,000
Rows read: 374,000
Rows read: 376,000
Rows read: 378,000
Rows read: 380,000
Rows read: 382,000
Rows read: 384,000
Rows read: 386,000
Rows read: 388,000
Rows read: 390,000
Rows read: 392,000
Rows read: 394,000
Rows read: 396,000
Rows read: 398,000
Rows read: 400,000
Rows read: 402,000
Rows read: 404,000
Rows read: 406,000
Rows read: 408,000
Rows read: 410,000
Rows read: 412,000
Rows read: 414,000
Rows read: 416,000
Rows read: 418,000
Rows read: 420,000
Rows read: 422,000
Rows read: 424,000
Rows read: 426,000
Rows read: 428,000
Rows read: 430,000
Rows read: 432,000
Rows read: 434,000
Rows read: 436,000
Rows read: 438,000
Rows read: 440,000
Rows read: 442,000
Rows read: 444,000
Rows read: 446,000
Rows read: 448,000
Rows read: 450,000
Rows read: 452,000
Rows read: 454,000
Rows read: 456,000
Rows read: 458,000
Rows read: 460,000
Rows read: 462,000
Rows read: 464,000
Rows read: 466,000
Rows read: 468,000
Rows read: 470,000
Rows read: 472,000
Rows read: 474,000
Rows read: 476,000
Rows read: 478,000
Rows read: 480,000
Rows read: 482,000
Rows read: 484,000
Rows read: 486,000
Rows read: 488,000
Rows read: 490,000
Rows read: 492,000
Rows read: 494,000
Rows read: 496,000
Rows read: 498,000
Rows read: 500,000
Rows read: 502,000
Rows read: 504,000
Rows read: 506,000
Rows read: 508,000
Rows read: 510,000
Rows read: 512,000
Rows read: 514,000
Rows read: 516,000
Rows read: 518,000
Rows read: 520,000
Rows read: 522,000
Rows read: 524,000
Rows read: 526,000
Rows read: 528,000
Rows read: 530,000
Rows read: 532,000
Rows read: 534,000
Rows read: 536,000
Rows read: 538,000
Rows read: 540,000
Rows read: 542,000
Rows read: 544,000
Rows read: 546,000
Rows read: 548,000
Rows read: 550,000
Rows read: 552,000
Rows read: 554,000
Rows read: 556,000
Rows read: 558,000
Rows read: 560,000
Rows read: 562,000
Rows read: 564,000
Rows read: 566,000
Rows read: 568,000
Rows read: 570,000
Rows read: 572,000
Rows read: 574,000
Rows read: 576,000
Rows read: 578,000
Rows read: 580,000
Rows read: 582,000
Rows read: 584,000
Rows read: 586,000
Rows read: 588,000
Rows read: 590,000
Rows read: 592,000
Rows read: 594,000
Rows read: 596,000
Rows read: 598,000
Rows read: 600,000
Rows read: 602,000
Rows read: 604,000
Rows read: 606,000
Rows read: 608,000
Rows read: 610,000
Rows read: 612,000
Rows read: 614,000
Rows read: 616,000
Rows read: 618,000
Rows read: 620,000
Rows read: 622,000
Rows read: 624,000
Rows read: 626,000
Rows read: 628,000
Rows read: 630,000
Rows read: 632,000
Rows read: 634,000
Rows read: 636,000
Rows read: 638,000
Rows read: 640,000
Rows read: 642,000
Rows read: 644,000
Rows read: 646,000
Rows read: 648,000
Rows read: 650,000
Rows read: 652,000
Rows read: 654,000
Rows read: 656,000
Rows read: 658,000
Rows read: 660,000
Rows read: 662,000
Rows read: 664,000
Rows read: 666,000
Rows read: 668,000
Rows read: 670,000
Rows read: 672,000
Rows read: 674,000
Rows read: 676,000
Rows read: 678,000
Rows read: 680,000
Rows read: 682,000
Rows read: 684,000
Rows read: 686,000
Rows read: 688,000
Rows read: 690,000
Rows read: 692,000
Rows read: 694,000
Rows read: 696,000
Rows read: 698,000
Rows read: 700,000
Rows read: 702,000
Rows read: 704,000
Rows read: 706,000
Rows read: 708,000
Rows read: 710,000
Rows read: 712,000
Rows read: 714,000
Rows read: 716,000
Rows read: 718,000
Rows read: 720,000
Rows read: 722,000
Rows read: 724,000
Rows read: 726,000
Rows read: 728,000
Rows read: 730,000
Rows read: 732,000
Rows read: 734,000
Rows read: 736,000
Rows read: 738,000
Rows read: 740,000
Rows read: 742,000
Rows read: 744,000
Rows read: 746,000
Rows read: 748,000
Rows read: 750,000
Rows read: 752,000
Rows read: 754,000
Rows read: 756,000
Rows read: 758,000
Rows read: 760,000
Rows read: 762,000
Rows read: 764,000
Rows read: 766,000
Rows read: 768,000
Rows read: 770,000
Rows read: 772,000
Rows read: 774,000
Rows read: 776,000
Rows read: 778,000
Rows read: 780,000
Rows read: 782,000
Rows read: 784,000
Rows read: 786,000
Rows read: 788,000
Rows read: 790,000
Rows read: 792,000
Rows read: 794,000
Rows read: 796,000
Rows read: 798,000
Rows read: 800,000
Rows read: 802,000
Rows read: 804,000
Rows read: 806,000
Rows read: 808,000
Rows read: 810,000
Rows read: 812,000
Rows read: 814,000
Rows read: 816,000
Rows read: 818,000
Rows read: 820,000
Rows read: 822,000
Rows read: 824,000
Rows read: 826,000
Rows read: 828,000
Rows read: 830,000
Rows read: 832,000
Rows read: 834,000
Rows read: 836,000
Rows read: 838,000
Rows read: 840,000
Rows read: 842,000
Rows read: 844,000
Rows read: 846,000
Rows read: 848,000
Rows read: 850,000
Rows read: 852,000
Rows read: 854,000
Rows read: 856,000
Rows read: 858,000
Rows read: 860,000
Rows read: 862,000
Rows read: 864,000
Rows read: 866,000
Rows read: 868,000
Rows read: 870,000
Rows read: 872,000
Rows read: 874,000
Rows read: 876,000
Rows read: 878,000
Rows read: 880,000
Rows read: 882,000
Rows read: 884,000
Rows read: 886,000
Rows read: 888,000
Rows read: 890,000
Rows read: 892,000
Rows read: 894,000
Rows read: 896,000
Rows read: 898,000
Rows read: 900,000
Rows read: 902,000
Rows read: 904,000
Rows read: 906,000
Rows read: 908,000
Rows read: 910,000
Rows read: 912,000
Rows read: 914,000
Rows read: 916,000
Rows read: 918,000
Rows read: 920,000
Rows read: 922,000
Rows read: 924,000
Rows read: 926,000
Rows read: 928,000
Rows read: 930,000
Rows read: 932,000
Rows read: 934,000
Rows read: 936,000
Rows read: 938,000
Rows read: 940,000
Rows read: 942,000
Rows read: 944,000
Rows read: 946,000
Rows read: 948,000
Rows read: 950,000
Rows read: 952,000
Rows read: 954,000
Rows read: 956,000
Rows read: 958,000
Rows read: 960,000
Rows read: 962,000
Rows read: 964,000
Rows read: 966,000
Rows read: 968,000
Rows read: 970,000
Rows read: 972,000
Rows read: 974,000
Rows read: 976,000
Rows read: 978,000
Rows read: 980,000
Rows read: 982,000
Rows read: 984,000
Rows read: 986,000
Rows read: 988,000
Rows read: 990,000
Rows read: 992,000
Rows read: 994,000
Rows read: 996,000
Rows read: 998,000
Rows read: 1,000,000
Rows read: 1,002,000
Rows read: 1,004,000
Rows read: 1,006,000
Rows read: 1,008,000
Rows read: 1,010,000
Rows read: 1,012,000
Rows read: 1,014,000
Rows read: 1,016,000
Rows read: 1,018,000
Rows read: 1,020,000
Rows read: 1,022,000
Rows read: 1,024,000
Rows read: 1,026,000
Rows read: 1,028,000
Rows read: 1,030,000
Rows read: 1,032,000
Rows read: 1,034,000
Rows read: 1,036,000
Rows read: 1,038,000
Rows read: 1,040,000
Rows read: 1,042,000
Rows read: 1,044,000
Rows read: 1,046,000
Rows read: 1,048,000
Rows read: 1,050,000
Rows read: 1,052,000
Rows read: 1,054,000
Rows read: 1,056,000
Rows read: 1,058,000
Rows read: 1,060,000
Rows read: 1,062,000
Rows read: 1,064,000
Rows read: 1,066,000
Rows read: 1,068,000
Rows read: 1,070,000
Rows read: 1,072,000
Rows read: 1,074,000
Rows read: 1,076,000
Rows read: 1,078,000
Rows read: 1,080,000
Rows read: 1,082,000
Rows read: 1,084,000
Rows read: 1,086,000
Rows read: 1,088,000
Rows read: 1,090,000
Rows read: 1,092,000
Rows read: 1,094,000
Rows read: 1,096,000
Rows read: 1,098,000
Rows read: 1,100,000
Rows read: 1,102,000
Rows read: 1,104,000
Rows read: 1,106,000
Rows read: 1,108,000
Rows read: 1,110,000
Rows read: 1,112,000
Rows read: 1,114,000
Rows read: 1,116,000
Rows read: 1,118,000
Rows read: 1,120,000
Rows read: 1,122,000
Rows read: 1,124,000
Rows read: 1,126,000
Rows read: 1,128,000
Rows read: 1,130,000
Rows read: 1,132,000
Rows read: 1,134,000
Rows read: 1,136,000
Rows read: 1,138,000
Rows read: 1,140,000
Rows read: 1,142,000
Rows read: 1,144,000
Rows read: 1,146,000
Rows read: 1,148,000
Rows read: 1,150,000
Rows read: 1,152,000
Rows read: 1,154,000
Rows read: 1,156,000
Rows read: 1,158,000
Rows read: 1,160,000
Rows read: 1,162,000
Rows read: 1,164,000
Rows read: 1,166,000
Rows read: 1,168,000
Rows read: 1,170,000
Rows read: 1,172,000
Rows read: 1,174,000
Rows read: 1,176,000
Rows read: 1,178,000
Rows read: 1,180,000
Rows read: 1,182,000
Rows read: 1,184,000
Rows read: 1,186,000
Rows read: 1,188,000
Rows read: 1,190,000
Rows read: 1,192,000
Rows read: 1,194,000
Rows read: 1,196,000
Rows read: 1,198,000
Rows read: 1,200,000
Rows read: 1,202,000
Rows read: 1,204,000
Rows read: 1,206,000
Rows read: 1,208,000
Rows read: 1,210,000
Rows read: 1,212,000
Rows read: 1,214,000
Rows read: 1,216,000
Rows read: 1,218,000
Rows read: 1,220,000
Rows read: 1,222,000
Rows read: 1,224,000
Rows read: 1,226,000
Rows read: 1,228,000
Rows read: 1,230,000
Rows read: 1,232,000
Rows read: 1,234,000
Rows read: 1,236,000
Rows read: 1,238,000
Rows read: 1,240,000
Rows read: 1,242,000
Rows read: 1,244,000
Rows read: 1,246,000
Rows read: 1,248,000
Rows read: 1,250,000
Rows read: 1,252,000
Rows read: 1,254,000
Rows read: 1,256,000
Rows read: 1,258,000
Rows read: 1,260,000
Rows read: 1,262,000
Rows read: 1,264,000
Rows read: 1,266,000
Rows read: 1,268,000
Rows read: 1,270,000
Rows read: 1,272,000
Rows read: 1,274,000
Rows read: 1,276,000
Rows read: 1,278,000
Rows read: 1,280,000
Rows read: 1,282,000
Rows read: 1,284,000
Rows read: 1,286,000
Rows read: 1,288,000
Rows read: 1,290,000
Rows read: 1,292,000
Rows read: 1,294,000
Rows read: 1,296,000
Rows read: 1,298,000
Rows read: 1,300,000
Rows read: 1,302,000
Rows read: 1,304,000
Rows read: 1,306,000
Rows read: 1,308,000
Rows read: 1,310,000
Rows read: 1,312,000
Rows read: 1,314,000
Rows read: 1,316,000
Rows read: 1,318,000
Rows read: 1,320,000
Rows read: 1,322,000
Rows read: 1,324,000
Rows read: 1,326,000
Rows read: 1,328,000
Rows read: 1,330,000
Rows read: 1,332,000
Rows read: 1,334,000
Rows read: 1,336,000
Rows read: 1,338,000
Rows read: 1,340,000
Rows read: 1,342,000
Rows read: 1,344,000
Rows read: 1,346,000
Rows read: 1,348,000
Rows read: 1,350,000
Rows read: 1,352,000
Rows read: 1,354,000
Rows read: 1,356,000
Rows read: 1,358,000
Rows read: 1,360,000
Rows read: 1,362,000
Rows read: 1,364,000
Rows read: 1,366,000
Rows read: 1,368,000
Rows read: 1,370,000
Rows read: 1,372,000
Rows read: 1,374,000
Rows read: 1,376,000
Rows read: 1,378,000
Rows read: 1,380,000
Rows read: 1,382,000
Rows read: 1,384,000
Rows read: 1,386,000
Rows read: 1,388,000
Rows read: 1,390,000
Rows read: 1,392,000
Rows read: 1,394,000
Rows read: 1,396,000
Rows read: 1,398,000
Rows read: 1,400,000
Rows read: 1,402,000
Rows read: 1,404,000
Rows read: 1,406,000
Rows read: 1,408,000
Rows read: 1,410,000
Rows read: 1,412,000
Rows read: 1,414,000
Rows read: 1,416,000
Rows read: 1,418,000
Rows read: 1,420,000
Rows read: 1,422,000
Rows read: 1,424,000
Rows read: 1,426,000
Rows read: 1,428,000
Rows read: 1,430,000
Rows read: 1,432,000
Rows read: 1,434,000
Rows read: 1,436,000
Rows read: 1,438,000
Rows read: 1,440,000
Rows read: 1,442,000
Rows read: 1,444,000
Rows read: 1,446,000
Rows read: 1,448,000
Rows read: 1,450,000
Rows read: 1,452,000
Rows read: 1,454,000
Rows read: 1,456,000
Rows read: 1,458,000
Rows read: 1,460,000
Rows read: 1,462,000
Rows read: 1,464,000
Rows read: 1,466,000
Rows read: 1,468,000
Rows read: 1,470,000
Rows read: 1,472,000
Rows read: 1,474,000
Rows read: 1,476,000
Rows read: 1,478,000
Rows read: 1,480,000
Rows read: 1,482,000
Rows read: 1,484,000
Rows read: 1,486,000
Rows read: 1,488,000
Rows read: 1,490,000
Rows read: 1,492,000
Rows read: 1,494,000
Rows read: 1,496,000
Rows read: 1,498,000
Rows read: 1,500,000
Rows read: 1,502,000
Rows read: 1,504,000
Rows read: 1,506,000
Rows read: 1,508,000
Rows read: 1,510,000
Rows read: 1,512,000
Rows read: 1,514,000
Rows read: 1,516,000
Rows read: 1,518,000
Rows read: 1,520,000
Rows read: 1,522,000
Rows read: 1,524,000
Rows read: 1,526,000
Rows read: 1,528,000
Rows read: 1,530,000
Rows read: 1,532,000
Rows read: 1,534,000
Rows read: 1,536,000
Rows read: 1,538,000
Rows read: 1,540,000
Rows read: 1,542,000
Rows read: 1,544,000
Rows read: 1,546,000
Rows read: 1,548,000
Rows read: 1,550,000
Rows read: 1,552,000
Rows read: 1,554,000
Rows read: 1,556,000
Rows read: 1,558,000
Rows read: 1,560,000
Rows read: 1,562,000
Rows read: 1,564,000
Rows read: 1,566,000
Rows read: 1,568,000
Rows read: 1,570,000
Rows read: 1,572,000
Rows read: 1,574,000
Rows read: 1,576,000
Rows read: 1,578,000
Rows read: 1,580,000
Rows read: 1,582,000
Rows read: 1,584,000
Rows read: 1,586,000
Rows read: 1,588,000
Rows read: 1,590,000
Rows read: 1,592,000
Rows read: 1,594,000
Rows read: 1,596,000
Rows read: 1,598,000
Rows read: 1,600,000
Rows read: 1,602,000
Rows read: 1,604,000
Rows read: 1,606,000
Rows read: 1,608,000
Rows read: 1,610,000
Rows read: 1,612,000
Rows read: 1,614,000
Rows read: 1,616,000
Rows read: 1,618,000
Rows read: 1,620,000
Rows read: 1,622,000
Rows read: 1,624,000
Rows read: 1,626,000
Rows read: 1,628,000
Rows read: 1,630,000
Rows read: 1,632,000
Rows read: 1,634,000
Rows read: 1,636,000
Rows read: 1,638,000
Rows read: 1,640,000
Rows read: 1,642,000
Rows read: 1,644,000
Rows read: 1,646,000
Rows read: 1,648,000
Rows read: 1,650,000
Rows read: 1,652,000
Rows read: 1,654,000
Rows read: 1,656,000
Rows read: 1,658,000
Rows read: 1,660,000
Rows read: 1,662,000
Rows read: 1,664,000
Rows read: 1,666,000
Rows read: 1,668,000
Rows read: 1,670,000
Rows read: 1,672,000
Rows read: 1,674,000
Rows read: 1,676,000
Rows read: 1,678,000
Rows read: 1,680,000
Rows read: 1,682,000
Rows read: 1,684,000
Rows read: 1,686,000
Rows read: 1,688,000
Rows read: 1,690,000
Rows read: 1,692,000
Rows read: 1,694,000
Rows read: 1,696,000
Rows read: 1,698,000
Rows read: 1,700,000
Rows read: 1,702,000
Rows read: 1,704,000
Rows read: 1,706,000
Rows read: 1,708,000
Rows read: 1,710,000
Rows read: 1,712,000
Rows read: 1,714,000
Rows read: 1,716,000
Rows read: 1,718,000
Rows read: 1,720,000
Rows read: 1,722,000
Rows read: 1,724,000
Rows read: 1,726,000
Rows read: 1,728,000
Rows read: 1,730,000
Rows read: 1,732,000
Rows read: 1,734,000
Rows read: 1,736,000
Rows read: 1,738,000
Rows read: 1,740,000
Rows read: 1,742,000
Rows read: 1,744,000
Rows read: 1,746,000
Rows read: 1,748,000
Rows read: 1,750,000
Rows read: 1,752,000
Rows read: 1,754,000
Rows read: 1,756,000
Rows read: 1,758,000
Rows read: 1,760,000
Rows read: 1,762,000
Rows read: 1,764,000
Rows read: 1,766,000
Rows read: 1,768,000
Rows read: 1,770,000
Rows read: 1,772,000
Rows read: 1,774,000
Rows read: 1,776,000
Rows read: 1,778,000
Rows read: 1,780,000
Rows read: 1,782,000
Rows read: 1,784,000
Rows read: 1,786,000
Rows read: 1,788,000
Rows read: 1,790,000
Rows read: 1,792,000
Rows read: 1,794,000
Rows read: 1,796,000
Rows read: 1,798,000
Rows read: 1,800,000
Rows read: 1,802,000
Rows read: 1,804,000
Rows read: 1,806,000
Rows read: 1,808,000
Rows read: 1,810,000
Rows read: 1,812,000
Rows read: 1,814,000
Rows read: 1,816,000
Rows read: 1,818,000
Rows read: 1,820,000
Rows read: 1,822,000
Rows read: 1,824,000
Rows read: 1,826,000
Rows read: 1,828,000
Rows read: 1,830,000
Rows read: 1,832,000
Rows read: 1,834,000
Rows read: 1,836,000
Rows read: 1,838,000
Rows read: 1,840,000
Rows read: 1,842,000
Rows read: 1,844,000
Rows read: 1,846,000
Rows read: 1,848,000
Rows read: 1,850,000
Rows read: 1,852,000
Rows read: 1,854,000
Rows read: 1,856,000
Rows read: 1,858,000
Rows read: 1,860,000
Rows read: 1,862,000
Rows read: 1,864,000
Rows read: 1,866,000
Rows read: 1,868,000
Rows read: 1,870,000
Rows read: 1,872,000
Rows read: 1,874,000
Rows read: 1,876,000
Rows read: 1,878,000
Rows read: 1,880,000
Rows read: 1,882,000
Rows read: 1,884,000
Rows read: 1,886,000
Rows read: 1,888,000
Rows read: 1,890,000
Rows read: 1,892,000
Rows read: 1,894,000
Rows read: 1,896,000
Rows read: 1,898,000
Rows read: 1,900,000
Rows read: 1,902,000
Rows read: 1,904,000
Rows read: 1,906,000
Rows read: 1,908,000
Rows read: 1,910,000
Rows read: 1,912,000
Rows read: 1,914,000
Rows read: 1,916,000
Rows read: 1,918,000
Rows read: 1,920,000
Rows read: 1,922,000
Rows read: 1,924,000
Rows read: 1,926,000
Rows read: 1,928,000
Rows read: 1,930,000
Rows read: 1,932,000
Rows read: 1,934,000
Rows read: 1,936,000
Rows read: 1,938,000
Rows read: 1,940,000
Rows read: 1,942,000
Rows read: 1,944,000
Rows read: 1,946,000
Rows read: 1,948,000
Rows read: 1,950,000
Rows read: 1,952,000
Rows read: 1,954,000
Rows read: 1,956,000
Rows read: 1,958,000
Rows read: 1,960,000
Rows read: 1,962,000
Rows read: 1,964,000
Rows read: 1,966,000
Rows read: 1,968,000
Rows read: 1,970,000
Rows read: 1,972,000
Rows read: 1,974,000
Rows read: 1,976,000
Rows read: 1,978,000
Rows read: 1,980,000
Rows read: 1,982,000
Rows read: 1,984,000
Rows read: 1,986,000
Rows read: 1,988,000
Rows read: 1,990,000
Rows read: 1,992,000
Rows read: 1,994,000
Rows read: 1,996,000
Rows read: 1,998,000
Rows read: 2,000,000
Rows read: 2,002,000
Rows read: 2,004,000
Rows read: 2,006,000
Rows read: 2,008,000
Rows read: 2,010,000
Rows read: 2,012,000
Rows read: 2,014,000
Rows read: 2,016,000
Rows read: 2,018,000
Rows read: 2,020,000
Rows read: 2,022,000
Rows read: 2,024,000
Rows read: 2,026,000
Rows read: 2,028,000
Rows read: 2,030,000
Rows read: 2,032,000
Rows read: 2,034,000
Rows read: 2,036,000
Rows read: 2,038,000
Rows read: 2,040,000
Rows read: 2,042,000
Rows read: 2,044,000
Rows read: 2,046,000
Rows read: 2,048,000
Rows read: 2,050,000
Rows read: 2,052,000
Rows read: 2,054,000
Rows read: 2,056,000
Rows read: 2,058,000
Rows read: 2,060,000
Rows read: 2,062,000
Rows read: 2,064,000
Rows read: 2,066,000
Rows read: 2,068,000
Rows read: 2,070,000
Rows read: 2,072,000
Rows read: 2,074,000
Rows read: 2,076,000
Rows read: 2,078,000
Rows read: 2,080,000
Rows read: 2,082,000
Rows read: 2,084,000
Rows read: 2,086,000
Rows read: 2,088,000
Rows read: 2,090,000
Rows read: 2,092,000
Rows read: 2,094,000
Rows read: 2,096,000
Rows read: 2,098,000
Rows read: 2,100,000
Rows read: 2,102,000
Rows read: 2,104,000
Rows read: 2,106,000
Rows read: 2,108,000
Rows read: 2,110,000
Rows read: 2,112,000
Rows read: 2,114,000
Rows read: 2,116,000
Rows read: 2,118,000
Rows read: 2,120,000
Rows read: 2,122,000
Rows read: 2,124,000
Rows read: 2,126,000
Rows read: 2,128,000
Rows read: 2,130,000
Rows read: 2,132,000
Rows read: 2,134,000
Rows read: 2,136,000
Rows read: 2,138,000
Rows read: 2,140,000
Rows read: 2,142,000
Rows read: 2,144,000
Rows read: 2,146,000
Rows read: 2,148,000
Rows read: 2,150,000
Rows read: 2,152,000
Rows read: 2,154,000
Rows read: 2,156,000
Rows read: 2,158,000
Rows read: 2,160,000
Rows read: 2,162,000
Rows read: 2,164,000
Rows read: 2,166,000
Rows read: 2,168,000
Rows read: 2,170,000
Rows read: 2,172,000
Rows read: 2,174,000
Rows read: 2,176,000
Rows read: 2,178,000
Rows read: 2,180,000
Rows read: 2,182,000
Rows read: 2,184,000
Rows read: 2,186,000
Rows read: 2,188,000
Rows read: 2,190,000
Rows read: 2,192,000
Rows read: 2,194,000
Rows read: 2,196,000
Rows read: 2,198,000
Rows read: 2,200,000
Rows read: 2,202,000
Rows read: 2,204,000
Rows read: 2,206,000
Rows read: 2,208,000
Rows read: 2,210,000
Rows read: 2,212,000
Rows read: 2,214,000
Rows read: 2,216,000
Rows read: 2,218,000
Rows read: 2,220,000
Rows read: 2,222,000
Rows read: 2,224,000
Rows read: 2,226,000
Rows read: 2,228,000
Rows read: 2,230,000
Rows read: 2,232,000
Rows read: 2,234,000
Rows read: 2,236,000
Rows read: 2,238,000
Rows read: 2,240,000
Rows read: 2,242,000
Rows read: 2,244,000
Rows read: 2,246,000
Rows read: 2,248,000
Rows read: 2,250,000
Rows read: 2,252,000
Rows read: 2,254,000
Rows read: 2,256,000
Rows read: 2,258,000
Rows read: 2,260,000
Rows read: 2,262,000
Rows read: 2,264,000
Rows read: 2,266,000
Rows read: 2,268,000
Rows read: 2,270,000
Rows read: 2,272,000
Rows read: 2,274,000
Rows read: 2,276,000
Rows read: 2,278,000
Rows read: 2,280,000
Rows read: 2,282,000
Rows read: 2,284,000
Rows read: 2,286,000
Rows read: 2,288,000
Rows read: 2,290,000
Rows read: 2,292,000
Rows read: 2,294,000
Rows read: 2,296,000
Rows read: 2,298,000
Rows read: 2,300,000
Rows read: 2,302,000
Rows read: 2,304,000
Rows read: 2,306,000
Rows read: 2,308,000
Rows read: 2,310,000
Rows read: 2,312,000
Rows read: 2,314,000
Rows read: 2,316,000
Rows read: 2,318,000
Rows read: 2,320,000
Rows read: 2,322,000
Rows read: 2,324,000
Rows read: 2,326,000
Rows read: 2,328,000
Rows read: 2,330,000
Rows read: 2,332,000
Rows read: 2,334,000
Rows read: 2,336,000
Rows read: 2,338,000
Rows read: 2,340,000
Rows read: 2,342,000
Rows read: 2,344,000
Rows read: 2,346,000
Rows read: 2,348,000
Rows read: 2,350,000
Rows read: 2,352,000
Rows read: 2,354,000
Rows read: 2,356,000
Rows read: 2,358,000
Rows read: 2,360,000
Rows read: 2,362,000
Rows read: 2,364,000
Rows read: 2,366,000
Rows read: 2,368,000
Rows read: 2,370,000
Rows read: 2,372,000
Rows read: 2,374,000
Rows read: 2,376,000
Rows read: 2,378,000
Rows read: 2,380,000
Rows read: 2,382,000
Rows read: 2,384,000
Rows read: 2,386,000
Rows read: 2,388,000
Rows read: 2,390,000
Rows read: 2,392,000
Rows read: 2,394,000
Rows read: 2,396,000
Rows read: 2,398,000
Rows read: 2,400,000
Rows read: 2,402,000
Rows read: 2,404,000
Rows read: 2,406,000
Rows read: 2,408,000
Rows read: 2,410,000
Rows read: 2,412,000
Rows read: 2,414,000
Rows read: 2,416,000
Rows read: 2,418,000
Rows read: 2,420,000
Rows read: 2,422,000
Rows read: 2,424,000
Rows read: 2,426,000
Rows read: 2,428,000
Rows read: 2,430,000
Rows read: 2,432,000
Rows read: 2,434,000
Rows read: 2,436,000
Rows read: 2,438,000
Rows read: 2,440,000
Rows read: 2,442,000
Rows read: 2,444,000
Rows read: 2,446,000
Rows read: 2,448,000
Rows read: 2,450,000
Rows read: 2,452,000
Rows read: 2,454,000
Rows read: 2,456,000
Rows read: 2,458,000
Rows read: 2,460,000
Rows read: 2,462,000
Rows read: 2,464,000
Rows read: 2,466,000
Rows read: 2,468,000
Rows read: 2,470,000
Rows read: 2,472,000
Rows read: 2,474,000
Rows read: 2,476,000
Rows read: 2,478,000
Rows read: 2,480,000
Rows read: 2,482,000
Rows read: 2,484,000
Rows read: 2,486,000
Rows read: 2,488,000
Rows read: 2,490,000
Rows read: 2,492,000
Rows read: 2,494,000
Rows read: 2,496,000
Rows read: 2,498,000
Rows read: 2,500,000
Rows read: 2,502,000
Rows read: 2,504,000
Rows read: 2,506,000
Rows read: 2,508,000
Rows read: 2,510,000
Rows read: 2,512,000
Rows read: 2,514,000
Rows read: 2,516,000
Rows read: 2,518,000
Rows read: 2,520,000
Rows read: 2,522,000
Rows read: 2,524,000
Rows read: 2,526,000
Rows read: 2,528,000
Rows read: 2,530,000
Rows read: 2,532,000
Rows read: 2,534,000
Rows read: 2,536,000
Rows read: 2,538,000
Rows read: 2,540,000
Rows read: 2,542,000
Rows read: 2,544,000
Rows read: 2,546,000
Rows read: 2,548,000
Rows read: 2,550,000
Rows read: 2,552,000
Rows read: 2,554,000
Rows read: 2,556,000
Rows read: 2,558,000
Rows read: 2,560,000
Rows read: 2,562,000
Rows read: 2,564,000
Rows read: 2,566,000
Rows read: 2,568,000
Rows read: 2,570,000
Rows read: 2,572,000
Rows read: 2,574,000
Rows read: 2,576,000
Rows read: 2,578,000
Rows read: 2,580,000
Rows read: 2,582,000
Rows read: 2,584,000
Rows read: 2,586,000
Rows read: 2,588,000
Rows read: 2,590,000
Rows read: 2,592,000
Rows read: 2,594,000
Rows read: 2,596,000
Rows read: 2,598,000
Rows read: 2,600,000
Rows read: 2,602,000
Rows read: 2,604,000
Rows read: 2,606,000
Rows read: 2,608,000
Rows read: 2,610,000
Rows read: 2,612,000
Rows read: 2,614,000
Rows read: 2,616,000
Rows read: 2,618,000
Rows read: 2,620,000
Rows read: 2,622,000
Rows read: 2,624,000
Rows read: 2,626,000
Rows read: 2,628,000
Rows read: 2,630,000
Rows read: 2,632,000
Rows read: 2,634,000
Rows read: 2,636,000
Rows read: 2,638,000
Rows read: 2,640,000
Rows read: 2,642,000
Rows read: 2,644,000
Rows read: 2,646,000
Rows read: 2,648,000
Rows read: 2,650,000
Rows read: 2,652,000
Rows read: 2,654,000
Rows read: 2,656,000
Rows read: 2,658,000
Rows read: 2,660,000
Rows read: 2,662,000
Rows read: 2,664,000
Rows read: 2,666,000
Rows read: 2,668,000
Rows read: 2,670,000
Rows read: 2,672,000
Rows read: 2,674,000
Rows read: 2,676,000
Rows read: 2,678,000
Rows read: 2,680,000
Rows read: 2,682,000
Rows read: 2,684,000
Rows read: 2,686,000
Rows read: 2,688,000
Rows read: 2,690,000
Rows read: 2,692,000
Rows read: 2,694,000
Rows read: 2,696,000
Rows read: 2,698,000
Rows read: 2,700,000
Rows read: 2,702,000
Rows read: 2,704,000
Rows read: 2,706,000
Rows read: 2,708,000
Rows read: 2,710,000
Rows read: 2,712,000
Rows read: 2,714,000
Rows read: 2714556 done.
Rows read: 2,000
Rows read: 3493 done.
Rows read: 9 done.
Processing covariates
Task finished in 0.00300000000001432 seconds
Processing gene expression data (imputation, residualization)
Task finished in 0.0679999999999836 seconds
Creating output file(s)
Task finished in 0.0120000000000005 seconds
Performing eQTL analysis
 0.31% done, 190,248 eQTLs
 0.62% done, 326,699 eQTLs
 0.93% done, 525,389 eQTLs
 1.25% done, 666,207 eQTLs
 1.56% done, 829,938 eQTLs
 1.87% done, 949,178 eQTLs
 2.18% done, 1,168,198 eQTLs
 2.50% done, 1,329,153 eQTLs
 2.81% done, 1,588,350 eQTLs
 3.12% done, 1,771,000 eQTLs
 3.43% done, 1,968,971 eQTLs
 3.75% done, 2,122,018 eQTLs
 4.06% done, 2,318,103 eQTLs
 4.37% done, 2,466,660 eQTLs
 4.68% done, 2,671,194 eQTLs
 5.00% done, 2,821,182 eQTLs
 5.31% done, 3,034,384 eQTLs
 5.62% done, 3,193,594 eQTLs
 5.93% done, 3,444,331 eQTLs
 6.25% done, 3,619,922 eQTLs
 6.56% done, 3,848,540 eQTLs
 6.87% done, 4,011,749 eQTLs
 7.18% done, 4,199,592 eQTLs
 7.50% done, 4,342,884 eQTLs
 7.81% done, 4,544,741 eQTLs
 8.12% done, 4,695,544 eQTLs
 8.43% done, 4,895,232 eQTLs
 8.75% done, 5,043,145 eQTLs
 9.06% done, 5,229,078 eQTLs
 9.37% done, 5,364,368 eQTLs
 9.68% done, 5,573,779 eQTLs
10.00% done, 5,728,983 eQTLs
10.31% done, 5,910,577 eQTLs
10.62% done, 6,042,780 eQTLs
10.93% done, 6,258,846 eQTLs
11.25% done, 6,423,154 eQTLs
11.56% done, 6,612,536 eQTLs
11.87% done, 6,758,688 eQTLs
12.18% done, 6,964,616 eQTLs
12.50% done, 7,115,382 eQTLs
12.81% done, 7,291,222 eQTLs
13.12% done, 7,424,298 eQTLs
13.43% done, 7,608,399 eQTLs
13.75% done, 7,746,311 eQTLs
14.06% done, 7,970,929 eQTLs
14.37% done, 8,126,298 eQTLs
14.68% done, 8,345,259 eQTLs
15.00% done, 8,502,017 eQTLs
15.31% done, 8,664,335 eQTLs
15.62% done, 8,784,913 eQTLs
15.93% done, 8,988,624 eQTLs
16.25% done, 9,135,442 eQTLs
16.56% done, 9,362,478 eQTLs
16.87% done, 9,523,274 eQTLs
17.18% done, 9,679,152 eQTLs
17.50% done, 9,794,203 eQTLs
17.81% done, 9,997,027 eQTLs
18.12% done, 10,149,725 eQTLs
18.43% done, 10,334,892 eQTLs
18.75% done, 10,471,874 eQTLs
19.06% done, 10,648,604 eQTLs
19.37% done, 10,775,774 eQTLs
19.68% done, 10,947,008 eQTLs
20.00% done, 11,072,824 eQTLs
20.31% done, 11,263,001 eQTLs
20.62% done, 11,406,153 eQTLs
20.93% done, 11,621,311 eQTLs
21.25% done, 11,782,321 eQTLs
21.56% done, 12,021,589 eQTLs
21.87% done, 12,197,642 eQTLs
22.18% done, 12,395,746 eQTLs
22.50% done, 12,541,132 eQTLs
22.81% done, 12,751,514 eQTLs
23.12% done, 12,906,499 eQTLs
23.43% done, 13,116,056 eQTLs
23.75% done, 13,269,321 eQTLs
24.06% done, 13,457,797 eQTLs
24.37% done, 13,605,291 eQTLs
24.68% done, 13,818,864 eQTLs
25.00% done, 13,976,175 eQTLs
25.31% done, 14,177,468 eQTLs
25.62% done, 14,332,171 eQTLs
25.93% done, 14,567,709 eQTLs
26.25% done, 14,755,046 eQTLs
26.56% done, 14,965,912 eQTLs
26.87% done, 15,123,446 eQTLs
27.18% done, 15,350,922 eQTLs
27.50% done, 15,517,280 eQTLs
27.81% done, 15,677,165 eQTLs
28.12% done, 15,795,629 eQTLs
28.43% done, 16,032,279 eQTLs
28.75% done, 16,201,603 eQTLs
29.06% done, 16,421,332 eQTLs
29.37% done, 16,590,572 eQTLs
29.68% done, 16,789,534 eQTLs
30.00% done, 16,939,147 eQTLs
30.31% done, 17,206,653 eQTLs
30.62% done, 17,406,332 eQTLs
30.93% done, 17,588,824 eQTLs
31.25% done, 17,729,178 eQTLs
31.56% done, 17,953,410 eQTLs
31.87% done, 18,119,558 eQTLs
32.18% done, 18,312,452 eQTLs
32.50% done, 18,457,672 eQTLs
32.81% done, 18,615,357 eQTLs
33.12% done, 18,734,306 eQTLs
33.43% done, 18,908,911 eQTLs
33.75% done, 19,039,875 eQTLs
34.06% done, 19,243,614 eQTLs
34.37% done, 19,398,318 eQTLs
34.68% done, 19,563,737 eQTLs
35.00% done, 19,686,007 eQTLs
35.31% done, 19,883,227 eQTLs
35.62% done, 20,028,997 eQTLs
35.93% done, 20,236,814 eQTLs
36.25% done, 20,389,682 eQTLs
36.56% done, 20,608,318 eQTLs
36.87% done, 20,773,931 eQTLs
37.18% done, 20,983,836 eQTLs
37.50% done, 21,139,102 eQTLs
37.81% done, 21,347,428 eQTLs
38.12% done, 21,506,637 eQTLs
38.43% done, 21,715,081 eQTLs
38.75% done, 21,867,106 eQTLs
39.06% done, 22,052,499 eQTLs
39.37% done, 22,188,357 eQTLs
39.68% done, 22,375,183 eQTLs
40.00% done, 22,515,622 eQTLs
40.31% done, 22,701,669 eQTLs
40.62% done, 22,838,062 eQTLs
40.93% done, 23,120,204 eQTLs
41.25% done, 23,339,967 eQTLs
41.56% done, 23,544,871 eQTLs
41.87% done, 23,696,562 eQTLs
42.18% done, 23,906,052 eQTLs
42.50% done, 24,063,315 eQTLs
42.81% done, 24,332,161 eQTLs
43.12% done, 24,527,779 eQTLs
43.43% done, 24,719,799 eQTLs
43.75% done, 24,866,938 eQTLs
44.06% done, 25,095,341 eQTLs
44.37% done, 25,260,049 eQTLs
44.68% done, 25,454,420 eQTLs
45.00% done, 25,597,028 eQTLs
45.31% done, 25,839,313 eQTLs
45.62% done, 26,021,160 eQTLs
45.93% done, 26,212,703 eQTLs
46.25% done, 26,352,321 eQTLs
46.56% done, 26,556,544 eQTLs
46.87% done, 26,702,844 eQTLs
47.18% done, 26,921,497 eQTLs
47.50% done, 27,084,462 eQTLs
47.81% done, 27,279,674 eQTLs
48.12% done, 27,422,391 eQTLs
48.43% done, 27,584,527 eQTLs
48.75% done, 27,706,474 eQTLs
49.06% done, 27,910,473 eQTLs
49.37% done, 28,064,119 eQTLs
49.68% done, 28,285,357 eQTLs
50.00% done, 28,441,885 eQTLs
50.31% done, 28,654,274 eQTLs
50.62% done, 28,801,242 eQTLs
50.93% done, 28,998,170 eQTLs
51.25% done, 29,145,532 eQTLs
51.56% done, 29,318,297 eQTLs
51.87% done, 29,448,857 eQTLs
52.18% done, 29,672,037 eQTLs
52.50% done, 29,836,945 eQTLs
52.81% done, 30,129,546 eQTLs
53.12% done, 30,345,030 eQTLs
53.43% done, 30,533,046 eQTLs
53.75% done, 30,676,573 eQTLs
54.06% done, 30,867,401 eQTLs
54.37% done, 31,008,235 eQTLs
54.68% done, 31,214,617 eQTLs
55.00% done, 31,370,232 eQTLs
55.31% done, 31,581,163 eQTLs
55.62% done, 31,736,031 eQTLs
55.93% done, 31,943,778 eQTLs
56.25% done, 32,096,752 eQTLs
56.56% done, 32,287,651 eQTLs
56.87% done, 32,431,795 eQTLs
57.18% done, 32,619,924 eQTLs
57.50% done, 32,761,828 eQTLs
57.81% done, 32,943,404 eQTLs
58.12% done, 33,076,779 eQTLs
58.43% done, 33,267,796 eQTLs
58.75% done, 33,406,477 eQTLs
59.06% done, 33,611,399 eQTLs
59.37% done, 33,765,504 eQTLs
59.68% done, 33,978,129 eQTLs
60.00% done, 34,127,731 eQTLs
60.31% done, 34,336,761 eQTLs
60.62% done, 34,490,293 eQTLs
60.93% done, 34,715,068 eQTLs
61.25% done, 34,880,890 eQTLs
61.56% done, 35,115,965 eQTLs
61.87% done, 35,296,587 eQTLs
62.18% done, 35,523,321 eQTLs
62.50% done, 35,694,383 eQTLs
62.81% done, 35,927,447 eQTLs
63.12% done, 36,101,952 eQTLs
63.43% done, 36,318,357 eQTLs
63.75% done, 36,483,182 eQTLs
64.06% done, 36,641,883 eQTLs
64.37% done, 36,762,686 eQTLs
64.68% done, 36,954,428 eQTLs
65.00% done, 37,102,563 eQTLs
65.31% done, 37,283,261 eQTLs
65.62% done, 37,420,239 eQTLs
65.93% done, 37,639,777 eQTLs
66.25% done, 37,800,124 eQTLs
66.56% done, 37,998,037 eQTLs
66.87% done, 38,144,418 eQTLs
67.18% done, 38,396,318 eQTLs
67.50% done, 38,580,297 eQTLs
67.81% done, 38,798,732 eQTLs
68.12% done, 38,962,471 eQTLs
68.43% done, 39,243,951 eQTLs
68.75% done, 39,448,475 eQTLs
69.06% done, 39,765,913 eQTLs
69.37% done, 39,993,151 eQTLs
69.68% done, 40,163,819 eQTLs
70.00% done, 40,293,929 eQTLs
70.31% done, 40,488,420 eQTLs
70.62% done, 40,635,282 eQTLs
70.93% done, 40,837,210 eQTLs
71.25% done, 40,985,711 eQTLs
71.56% done, 41,180,534 eQTLs
71.87% done, 41,323,054 eQTLs
72.18% done, 41,482,064 eQTLs
72.50% done, 41,597,327 eQTLs
72.81% done, 41,806,285 eQTLs
73.12% done, 41,964,982 eQTLs
73.43% done, 42,166,593 eQTLs
73.75% done, 42,314,344 eQTLs
74.06% done, 42,547,650 eQTLs
74.37% done, 42,721,905 eQTLs
74.68% done, 42,946,450 eQTLs
75.00% done, 43,111,037 eQTLs
75.31% done, 43,274,898 eQTLs
75.62% done, 43,398,598 eQTLs
75.93% done, 43,595,136 eQTLs
76.25% done, 43,740,013 eQTLs
76.56% done, 43,959,349 eQTLs
76.87% done, 44,118,335 eQTLs
77.18% done, 44,305,460 eQTLs
77.50% done, 44,447,341 eQTLs
77.81% done, 44,619,234 eQTLs
78.12% done, 44,743,700 eQTLs
78.43% done, 44,933,889 eQTLs
78.75% done, 45,076,095 eQTLs
79.06% done, 45,272,859 eQTLs
79.37% done, 45,423,309 eQTLs
79.68% done, 45,639,313 eQTLs
80.00% done, 45,794,784 eQTLs
80.31% done, 46,016,078 eQTLs
80.62% done, 46,180,071 eQTLs
80.93% done, 46,411,581 eQTLs
81.25% done, 46,584,818 eQTLs
81.56% done, 46,832,673 eQTLs
81.87% done, 47,017,837 eQTLs
82.18% done, 47,225,603 eQTLs
82.50% done, 47,381,228 eQTLs
82.81% done, 47,601,424 eQTLs
83.12% done, 47,763,586 eQTLs
83.43% done, 47,952,032 eQTLs
83.75% done, 48,084,702 eQTLs
84.06% done, 48,290,673 eQTLs
84.37% done, 48,446,194 eQTLs
84.68% done, 48,637,490 eQTLs
85.00% done, 48,782,185 eQTLs
85.31% done, 48,970,979 eQTLs
85.62% done, 49,109,821 eQTLs
85.93% done, 49,304,761 eQTLs
86.25% done, 49,447,928 eQTLs
86.56% done, 49,686,074 eQTLs
86.87% done, 49,857,632 eQTLs
87.18% done, 50,040,907 eQTLs
87.50% done, 50,173,140 eQTLs
87.81% done, 50,377,270 eQTLs
88.12% done, 50,523,113 eQTLs
88.43% done, 50,716,891 eQTLs
88.75% done, 50,858,599 eQTLs
89.06% done, 51,053,098 eQTLs
89.37% done, 51,196,750 eQTLs
89.68% done, 51,390,247 eQTLs
90.00% done, 51,537,741 eQTLs
90.31% done, 51,708,500 eQTLs
90.62% done, 51,836,662 eQTLs
90.93% done, 52,035,614 eQTLs
91.25% done, 52,186,078 eQTLs
91.56% done, 52,383,887 eQTLs
91.87% done, 52,529,127 eQTLs
92.18% done, 52,715,991 eQTLs
92.50% done, 52,853,753 eQTLs
92.81% done, 53,032,527 eQTLs
93.12% done, 53,167,489 eQTLs
93.43% done, 53,402,694 eQTLs
93.75% done, 53,569,501 eQTLs
94.06% done, 53,767,905 eQTLs
94.37% done, 53,913,784 eQTLs
94.68% done, 54,105,481 eQTLs
95.00% done, 54,246,167 eQTLs
95.31% done, 54,439,192 eQTLs
95.62% done, 54,579,289 eQTLs
95.93% done, 54,776,005 eQTLs
96.25% done, 54,918,464 eQTLs
96.56% done, 55,098,701 eQTLs
96.87% done, 55,239,091 eQTLs
97.18% done, 55,454,470 eQTLs
97.50% done, 55,608,177 eQTLs
97.81% done, 55,794,124 eQTLs
98.12% done, 55,925,412 eQTLs
98.43% done, 56,143,691 eQTLs
98.75% done, 56,311,677 eQTLs
99.06% done, 56,491,660 eQTLs
99.37% done, 56,623,416 eQTLs
99.68% done, 56,636,867 eQTLs
100.00% done, 56,646,033 eQTLs
Task finished in 488.136 seconds

Warning message:
In Matrix_eQTL_main(snps = snps, gene = gene, cvrt = cvrt, output_file_name = output_file_name,  :
  Warning: pvOutputThreshold may be too large.
Expected number of findings > 55560705.9
Error in write_csv(me$all$eqtls, file = output_filename) : 
  unused argument (file = output_filename)
Execution halted
