Loading required package: carData
Parsed with column specification:
cols(
  .default = col_double(),
  Protein = col_character()
)
See spec(...) for full column specifications.
Warning message:
Setting row names on a tibble is deprecated. 
Rows read: 2,000
Rows read: 4,000
Rows read: 6,000
Rows read: 8,000
Rows read: 10,000
Rows read: 12,000
Rows read: 14,000
Rows read: 16,000
Rows read: 18,000
Rows read: 20,000
Rows read: 22,000
Rows read: 24,000
Rows read: 26,000
Rows read: 28,000
Rows read: 30,000
Rows read: 32,000
Rows read: 34,000
Rows read: 36,000
Rows read: 38,000
Rows read: 40,000
Rows read: 42,000
Rows read: 44,000
Rows read: 46,000
Rows read: 48,000
Rows read: 50,000
Rows read: 52,000
Rows read: 54,000
Rows read: 56,000
Rows read: 58,000
Rows read: 60,000
Rows read: 62,000
Rows read: 64,000
Rows read: 66,000
Rows read: 68,000
Rows read: 70,000
Rows read: 72,000
Rows read: 74,000
Rows read: 76,000
Rows read: 78,000
Rows read: 80,000
Rows read: 82,000
Rows read: 84,000
Rows read: 86,000
Rows read: 88,000
Rows read: 90,000
Rows read: 92,000
Rows read: 94,000
Rows read: 96,000
Rows read: 98,000
Rows read: 100,000
Rows read: 102,000
Rows read: 104,000
Rows read: 106,000
Rows read: 108,000
Rows read: 110,000
Rows read: 112,000
Rows read: 114,000
Rows read: 116,000
Rows read: 118,000
Rows read: 120,000
Rows read: 122,000
Rows read: 124,000
Rows read: 126,000
Rows read: 128,000
Rows read: 130,000
Rows read: 132,000
Rows read: 134,000
Rows read: 136,000
Rows read: 138,000
Rows read: 140,000
Rows read: 142,000
Rows read: 144,000
Rows read: 146,000
Rows read: 148,000
Rows read: 150,000
Rows read: 152,000
Rows read: 154,000
Rows read: 156,000
Rows read: 158,000
Rows read: 160,000
Rows read: 162,000
Rows read: 164,000
Rows read: 166,000
Rows read: 168,000
Rows read: 170,000
Rows read: 172,000
Rows read: 174,000
Rows read: 176,000
Rows read: 178,000
Rows read: 180,000
Rows read: 182,000
Rows read: 184,000
Rows read: 186,000
Rows read: 188,000
Rows read: 190,000
Rows read: 192,000
Rows read: 194,000
Rows read: 196,000
Rows read: 198,000
Rows read: 200,000
Rows read: 202,000
Rows read: 204,000
Rows read: 206,000
Rows read: 208,000
Rows read: 210,000
Rows read: 212,000
Rows read: 214,000
Rows read: 216,000
Rows read: 218,000
Rows read: 220,000
Rows read: 222,000
Rows read: 224,000
Rows read: 226,000
Rows read: 228,000
Rows read: 230,000
Rows read: 232,000
Rows read: 234,000
Rows read: 236,000
Rows read: 238,000
Rows read: 240,000
Rows read: 242,000
Rows read: 244,000
Rows read: 246,000
Rows read: 248,000
Rows read: 250,000
Rows read: 252,000
Rows read: 254,000
Rows read: 256,000
Rows read: 258,000
Rows read: 260,000
Rows read: 262,000
Rows read: 264,000
Rows read: 266,000
Rows read: 268,000
Rows read: 270,000
Rows read: 272,000
Rows read: 274,000
Rows read: 276,000
Rows read: 278,000
Rows read: 280,000
Rows read: 282,000
Rows read: 284,000
Rows read: 286,000
Rows read: 288,000
Rows read: 290,000
Rows read: 292,000
Rows read: 294,000
Rows read: 296,000
Rows read: 298,000
Rows read: 300,000
Rows read: 302,000
Rows read: 304,000
Rows read: 306,000
Rows read: 308,000
Rows read: 310,000
Rows read: 312,000
Rows read: 314,000
Rows read: 316,000
Rows read: 318,000
Rows read: 320,000
Rows read: 322,000
Rows read: 324,000
Rows read: 326,000
Rows read: 328,000
Rows read: 330,000
Rows read: 332,000
Rows read: 334,000
Rows read: 336,000
Rows read: 338,000
Rows read: 340,000
Rows read: 342,000
Rows read: 344,000
Rows read: 346,000
Rows read: 348,000
Rows read: 350,000
Rows read: 352,000
Rows read: 354,000
Rows read: 356,000
Rows read: 358,000
Rows read: 360,000
Rows read: 362,000
Rows read: 364,000
Rows read: 366,000
Rows read: 368,000
Rows read: 370,000
Rows read: 372,000
Rows read: 374,000
Rows read: 376,000
Rows read: 378,000
Rows read: 380,000
Rows read: 382,000
Rows read: 384,000
Rows read: 386,000
Rows read: 388,000
Rows read: 390,000
Rows read: 392,000
Rows read: 394,000
Rows read: 396,000
Rows read: 398,000
Rows read: 400,000
Rows read: 402,000
Rows read: 404,000
Rows read: 406,000
Rows read: 408,000
Rows read: 410,000
Rows read: 412,000
Rows read: 414,000
Rows read: 416,000
Rows read: 418,000
Rows read: 420,000
Rows read: 422,000
Rows read: 424,000
Rows read: 426,000
Rows read: 428,000
Rows read: 430,000
Rows read: 432,000
Rows read: 434,000
Rows read: 436,000
Rows read: 438,000
Rows read: 440,000
Rows read: 442,000
Rows read: 444,000
Rows read: 446,000
Rows read: 448,000
Rows read: 450,000
Rows read: 452,000
Rows read: 454,000
Rows read: 456,000
Rows read: 458,000
Rows read: 460,000
Rows read: 462,000
Rows read: 464,000
Rows read: 466,000
Rows read: 468,000
Rows read: 470,000
Rows read: 472,000
Rows read: 474,000
Rows read: 476,000
Rows read: 478,000
Rows read: 480,000
Rows read: 482,000
Rows read: 484,000
Rows read: 486,000
Rows read: 488,000
Rows read: 490,000
Rows read: 492,000
Rows read: 494,000
Rows read: 496,000
Rows read: 498,000
Rows read: 500,000
Rows read: 502,000
Rows read: 504,000
Rows read: 506,000
Rows read: 508,000
Rows read: 510,000
Rows read: 512,000
Rows read: 514,000
Rows read: 516,000
Rows read: 518,000
Rows read: 520,000
Rows read: 522,000
Rows read: 524,000
Rows read: 526,000
Rows read: 528,000
Rows read: 530,000
Rows read: 532,000
Rows read: 534,000
Rows read: 536,000
Rows read: 538,000
Rows read: 540,000
Rows read: 542,000
Rows read: 544,000
Rows read: 546,000
Rows read: 548,000
Rows read: 550,000
Rows read: 552,000
Rows read: 554,000
Rows read: 556,000
Rows read: 558,000
Rows read: 560,000
Rows read: 562,000
Rows read: 564,000
Rows read: 566,000
Rows read: 568,000
Rows read: 570,000
Rows read: 572,000
Rows read: 574,000
Rows read: 576,000
Rows read: 578,000
Rows read: 580,000
Rows read: 582,000
Rows read: 584,000
Rows read: 586,000
Rows read: 588,000
Rows read: 590,000
Rows read: 592,000
Rows read: 594,000
Rows read: 596,000
Rows read: 598,000
Rows read: 600,000
Rows read: 602,000
Rows read: 604,000
Rows read: 606,000
Rows read: 608,000
Rows read: 610,000
Rows read: 612,000
Rows read: 614,000
Rows read: 616,000
Rows read: 618,000
Rows read: 620,000
Rows read: 622,000
Rows read: 624,000
Rows read: 626,000
Rows read: 628,000
Rows read: 630,000
Rows read: 632,000
Rows read: 634,000
Rows read: 636,000
Rows read: 638,000
Rows read: 640,000
Rows read: 642,000
Rows read: 644,000
Rows read: 646,000
Rows read: 648,000
Rows read: 650,000
Rows read: 652,000
Rows read: 654,000
Rows read: 656,000
Rows read: 658,000
Rows read: 660,000
Rows read: 662,000
Rows read: 664,000
Rows read: 666,000
Rows read: 668,000
Rows read: 670,000
Rows read: 672,000
Rows read: 674,000
Rows read: 676,000
Rows read: 678,000
Rows read: 680,000
Rows read: 682,000
Rows read: 684,000
Rows read: 686,000
Rows read: 688,000
Rows read: 690,000
Rows read: 692,000
Rows read: 694,000
Rows read: 696,000
Rows read: 698,000
Rows read: 700,000
Rows read: 702,000
Rows read: 704,000
Rows read: 706,000
Rows read: 708,000
Rows read: 710,000
Rows read: 712,000
Rows read: 714,000
Rows read: 716,000
Rows read: 718,000
Rows read: 720,000
Rows read: 722,000
Rows read: 724,000
Rows read: 726,000
Rows read: 728,000
Rows read: 730,000
Rows read: 732,000
Rows read: 734,000
Rows read: 736,000
Rows read: 738,000
Rows read: 740,000
Rows read: 742,000
Rows read: 744,000
Rows read: 746,000
Rows read: 748,000
Rows read: 750,000
Rows read: 752,000
Rows read: 754,000
Rows read: 756,000
Rows read: 758,000
Rows read: 760,000
Rows read: 762,000
Rows read: 764,000
Rows read: 766,000
Rows read: 768,000
Rows read: 770,000
Rows read: 772,000
Rows read: 774,000
Rows read: 776,000
Rows read: 778,000
Rows read: 780,000
Rows read: 782,000
Rows read: 784,000
Rows read: 786,000
Rows read: 788,000
Rows read: 790,000
Rows read: 792,000
Rows read: 794,000
Rows read: 796,000
Rows read: 798,000
Rows read: 800,000
Rows read: 802,000
Rows read: 804,000
Rows read: 806,000
Rows read: 808,000
Rows read: 810,000
Rows read: 812,000
Rows read: 814,000
Rows read: 816,000
Rows read: 818,000
Rows read: 820,000
Rows read: 822,000
Rows read: 824,000
Rows read: 826,000
Rows read: 828,000
Rows read: 830,000
Rows read: 832,000
Rows read: 834,000
Rows read: 836,000
Rows read: 838,000
Rows read: 840,000
Rows read: 842,000
Rows read: 844,000
Rows read: 846,000
Rows read: 848,000
Rows read: 850,000
Rows read: 852,000
Rows read: 854,000
Rows read: 856,000
Rows read: 858,000
Rows read: 860,000
Rows read: 862,000
Rows read: 864,000
Rows read: 866,000
Rows read: 868,000
Rows read: 870,000
Rows read: 872,000
Rows read: 874,000
Rows read: 876,000
Rows read: 878,000
Rows read: 880,000
Rows read: 882,000
Rows read: 884,000
Rows read: 886,000
Rows read: 888,000
Rows read: 890,000
Rows read: 892,000
Rows read: 894,000
Rows read: 896,000
Rows read: 898,000
Rows read: 900,000
Rows read: 902,000
Rows read: 904,000
Rows read: 906,000
Rows read: 908,000
Rows read: 910,000
Rows read: 912,000
Rows read: 914,000
Rows read: 916,000
Rows read: 918,000
Rows read: 920,000
Rows read: 922,000
Rows read: 924,000
Rows read: 926,000
Rows read: 928,000
Rows read: 930,000
Rows read: 932,000
Rows read: 934,000
Rows read: 936,000
Rows read: 938,000
Rows read: 940,000
Rows read: 942,000
Rows read: 944,000
Rows read: 946,000
Rows read: 948,000
Rows read: 950,000
Rows read: 952,000
Rows read: 954,000
Rows read: 956,000
Rows read: 958,000
Rows read: 960,000
Rows read: 962,000
Rows read: 964,000
Rows read: 966,000
Rows read: 968,000
Rows read: 970,000
Rows read: 972,000
Rows read: 974,000
Rows read: 976,000
Rows read: 978,000
Rows read: 980,000
Rows read: 982,000
Rows read: 984,000
Rows read: 986,000
Rows read: 988,000
Rows read: 990,000
Rows read: 992,000
Rows read: 994,000
Rows read: 996,000
Rows read: 998,000
Rows read: 1,000,000
Rows read: 1,002,000
Rows read: 1,004,000
Rows read: 1,006,000
Rows read: 1,008,000
Rows read: 1,010,000
Rows read: 1,012,000
Rows read: 1,014,000
Rows read: 1,016,000
Rows read: 1,018,000
Rows read: 1,020,000
Rows read: 1,022,000
Rows read: 1,024,000
Rows read: 1,026,000
Rows read: 1,028,000
Rows read: 1,030,000
Rows read: 1,032,000
Rows read: 1,034,000
Rows read: 1,036,000
Rows read: 1,038,000
Rows read: 1,040,000
Rows read: 1,042,000
Rows read: 1,044,000
Rows read: 1,046,000
Rows read: 1,048,000
Rows read: 1,050,000
Rows read: 1,052,000
Rows read: 1,054,000
Rows read: 1,056,000
Rows read: 1,058,000
Rows read: 1,060,000
Rows read: 1,062,000
Rows read: 1,064,000
Rows read: 1,066,000
Rows read: 1,068,000
Rows read: 1,070,000
Rows read: 1,072,000
Rows read: 1,074,000
Rows read: 1,076,000
Rows read: 1,078,000
Rows read: 1,080,000
Rows read: 1,082,000
Rows read: 1,084,000
Rows read: 1,086,000
Rows read: 1,088,000
Rows read: 1,090,000
Rows read: 1,092,000
Rows read: 1,094,000
Rows read: 1,096,000
Rows read: 1,098,000
Rows read: 1,100,000
Rows read: 1,102,000
Rows read: 1,104,000
Rows read: 1,106,000
Rows read: 1,108,000
Rows read: 1,110,000
Rows read: 1,112,000
Rows read: 1,114,000
Rows read: 1,116,000
Rows read: 1,118,000
Rows read: 1,120,000
Rows read: 1,122,000
Rows read: 1,124,000
Rows read: 1,126,000
Rows read: 1,128,000
Rows read: 1,130,000
Rows read: 1,132,000
Rows read: 1,134,000
Rows read: 1,136,000
Rows read: 1,138,000
Rows read: 1,140,000
Rows read: 1,142,000
Rows read: 1,144,000
Rows read: 1,146,000
Rows read: 1,148,000
Rows read: 1,150,000
Rows read: 1,152,000
Rows read: 1,154,000
Rows read: 1,156,000
Rows read: 1,158,000
Rows read: 1,160,000
Rows read: 1,162,000
Rows read: 1,164,000
Rows read: 1,166,000
Rows read: 1,168,000
Rows read: 1,170,000
Rows read: 1,172,000
Rows read: 1,174,000
Rows read: 1,176,000
Rows read: 1,178,000
Rows read: 1,180,000
Rows read: 1,182,000
Rows read: 1,184,000
Rows read: 1,186,000
Rows read: 1,188,000
Rows read: 1,190,000
Rows read: 1,192,000
Rows read: 1,194,000
Rows read: 1,196,000
Rows read: 1,198,000
Rows read: 1,200,000
Rows read: 1,202,000
Rows read: 1,204,000
Rows read: 1,206,000
Rows read: 1,208,000
Rows read: 1,210,000
Rows read: 1,212,000
Rows read: 1,214,000
Rows read: 1,216,000
Rows read: 1,218,000
Rows read: 1,220,000
Rows read: 1,222,000
Rows read: 1,224,000
Rows read: 1,226,000
Rows read: 1,228,000
Rows read: 1,230,000
Rows read: 1,232,000
Rows read: 1,234,000
Rows read: 1,236,000
Rows read: 1,238,000
Rows read: 1,240,000
Rows read: 1,242,000
Rows read: 1,244,000
Rows read: 1,246,000
Rows read: 1,248,000
Rows read: 1,250,000
Rows read: 1,252,000
Rows read: 1,254,000
Rows read: 1,256,000
Rows read: 1,258,000
Rows read: 1,260,000
Rows read: 1,262,000
Rows read: 1,264,000
Rows read: 1,266,000
Rows read: 1,268,000
Rows read: 1,270,000
Rows read: 1,272,000
Rows read: 1,274,000
Rows read: 1,276,000
Rows read: 1,278,000
Rows read: 1,280,000
Rows read: 1,282,000
Rows read: 1,284,000
Rows read: 1,286,000
Rows read: 1,288,000
Rows read: 1,290,000
Rows read: 1,292,000
Rows read: 1,294,000
Rows read: 1,296,000
Rows read: 1,298,000
Rows read: 1,300,000
Rows read: 1,302,000
Rows read: 1,304,000
Rows read: 1,306,000
Rows read: 1,308,000
Rows read: 1,310,000
Rows read: 1,312,000
Rows read: 1,314,000
Rows read: 1,316,000
Rows read: 1,318,000
Rows read: 1,320,000
Rows read: 1,322,000
Rows read: 1,324,000
Rows read: 1,326,000
Rows read: 1,328,000
Rows read: 1,330,000
Rows read: 1,332,000
Rows read: 1,334,000
Rows read: 1,336,000
Rows read: 1,338,000
Rows read: 1,340,000
Rows read: 1,342,000
Rows read: 1,344,000
Rows read: 1,346,000
Rows read: 1,348,000
Rows read: 1,350,000
Rows read: 1,352,000
Rows read: 1,354,000
Rows read: 1,356,000
Rows read: 1,358,000
Rows read: 1,360,000
Rows read: 1,362,000
Rows read: 1,364,000
Rows read: 1,366,000
Rows read: 1,368,000
Rows read: 1,370,000
Rows read: 1,372,000
Rows read: 1,374,000
Rows read: 1,376,000
Rows read: 1,378,000
Rows read: 1,380,000
Rows read: 1,382,000
Rows read: 1,384,000
Rows read: 1,386,000
Rows read: 1,388,000
Rows read: 1,390,000
Rows read: 1,392,000
Rows read: 1,394,000
Rows read: 1,396,000
Rows read: 1,398,000
Rows read: 1,400,000
Rows read: 1,402,000
Rows read: 1,404,000
Rows read: 1,406,000
Rows read: 1,408,000
Rows read: 1,410,000
Rows read: 1,412,000
Rows read: 1,414,000
Rows read: 1,416,000
Rows read: 1,418,000
Rows read: 1,420,000
Rows read: 1,422,000
Rows read: 1,424,000
Rows read: 1,426,000
Rows read: 1,428,000
Rows read: 1,430,000
Rows read: 1,432,000
Rows read: 1,434,000
Rows read: 1,436,000
Rows read: 1,438,000
Rows read: 1,440,000
Rows read: 1,442,000
Rows read: 1,444,000
Rows read: 1,446,000
Rows read: 1,448,000
Rows read: 1,450,000
Rows read: 1,452,000
Rows read: 1,454,000
Rows read: 1,456,000
Rows read: 1,458,000
Rows read: 1,460,000
Rows read: 1,462,000
Rows read: 1,464,000
Rows read: 1,466,000
Rows read: 1,468,000
Rows read: 1,470,000
Rows read: 1,472,000
Rows read: 1,474,000
Rows read: 1,476,000
Rows read: 1,478,000
Rows read: 1,480,000
Rows read: 1,482,000
Rows read: 1,484,000
Rows read: 1,486,000
Rows read: 1,488,000
Rows read: 1,490,000
Rows read: 1,492,000
Rows read: 1,494,000
Rows read: 1,496,000
Rows read: 1,498,000
Rows read: 1,500,000
Rows read: 1,502,000
Rows read: 1,504,000
Rows read: 1,506,000
Rows read: 1,508,000
Rows read: 1,510,000
Rows read: 1,512,000
Rows read: 1,514,000
Rows read: 1,516,000
Rows read: 1,518,000
Rows read: 1,520,000
Rows read: 1,522,000
Rows read: 1,524,000
Rows read: 1,526,000
Rows read: 1,528,000
Rows read: 1,530,000
Rows read: 1,532,000
Rows read: 1,534,000
Rows read: 1,536,000
Rows read: 1,538,000
Rows read: 1,540,000
Rows read: 1,542,000
Rows read: 1,544,000
Rows read: 1,546,000
Rows read: 1,548,000
Rows read: 1,550,000
Rows read: 1,552,000
Rows read: 1,554,000
Rows read: 1,556,000
Rows read: 1,558,000
Rows read: 1,560,000
Rows read: 1,562,000
Rows read: 1,564,000
Rows read: 1,566,000
Rows read: 1,568,000
Rows read: 1,570,000
Rows read: 1,572,000
Rows read: 1,574,000
Rows read: 1,576,000
Rows read: 1,578,000
Rows read: 1,580,000
Rows read: 1,582,000
Rows read: 1,584,000
Rows read: 1,586,000
Rows read: 1,588,000
Rows read: 1,590,000
Rows read: 1,592,000
Rows read: 1,594,000
Rows read: 1,596,000
Rows read: 1,598,000
Rows read: 1,600,000
Rows read: 1,602,000
Rows read: 1,604,000
Rows read: 1,606,000
Rows read: 1,608,000
Rows read: 1,610,000
Rows read: 1,612,000
Rows read: 1,614,000
Rows read: 1,616,000
Rows read: 1,618,000
Rows read: 1,620,000
Rows read: 1,622,000
Rows read: 1,624,000
Rows read: 1,626,000
Rows read: 1,628,000
Rows read: 1,630,000
Rows read: 1,632,000
Rows read: 1,634,000
Rows read: 1,636,000
Rows read: 1,638,000
Rows read: 1,640,000
Rows read: 1,642,000
Rows read: 1,644,000
Rows read: 1,646,000
Rows read: 1,648,000
Rows read: 1,650,000
Rows read: 1,652,000
Rows read: 1,654,000
Rows read: 1,656,000
Rows read: 1,658,000
Rows read: 1,660,000
Rows read: 1,662,000
Rows read: 1,664,000
Rows read: 1,666,000
Rows read: 1,668,000
Rows read: 1,670,000
Rows read: 1,672,000
Rows read: 1,674,000
Rows read: 1,676,000
Rows read: 1,678,000
Rows read: 1,680,000
Rows read: 1,682,000
Rows read: 1,684,000
Rows read: 1,686,000
Rows read: 1,688,000
Rows read: 1,690,000
Rows read: 1,692,000
Rows read: 1,694,000
Rows read: 1,696,000
Rows read: 1,698,000
Rows read: 1,700,000
Rows read: 1,702,000
Rows read: 1,704,000
Rows read: 1,706,000
Rows read: 1,708,000
Rows read: 1,710,000
Rows read: 1,712,000
Rows read: 1,714,000
Rows read: 1,716,000
Rows read: 1,718,000
Rows read: 1,720,000
Rows read: 1,722,000
Rows read: 1,724,000
Rows read: 1,726,000
Rows read: 1,728,000
Rows read: 1,730,000
Rows read: 1,732,000
Rows read: 1,734,000
Rows read: 1,736,000
Rows read: 1,738,000
Rows read: 1,740,000
Rows read: 1,742,000
Rows read: 1,744,000
Rows read: 1,746,000
Rows read: 1,748,000
Rows read: 1,750,000
Rows read: 1,752,000
Rows read: 1,754,000
Rows read: 1,756,000
Rows read: 1,758,000
Rows read: 1,760,000
Rows read: 1,762,000
Rows read: 1,764,000
Rows read: 1,766,000
Rows read: 1,768,000
Rows read: 1,770,000
Rows read: 1,772,000
Rows read: 1,774,000
Rows read: 1,776,000
Rows read: 1,778,000
Rows read: 1,780,000
Rows read: 1,782,000
Rows read: 1,784,000
Rows read: 1,786,000
Rows read: 1,788,000
Rows read: 1,790,000
Rows read: 1,792,000
Rows read: 1,794,000
Rows read: 1,796,000
Rows read: 1,798,000
Rows read: 1,800,000
Rows read: 1,802,000
Rows read: 1,804,000
Rows read: 1,806,000
Rows read: 1,808,000
Rows read: 1,810,000
Rows read: 1,812,000
Rows read: 1,814,000
Rows read: 1,816,000
Rows read: 1,818,000
Rows read: 1,820,000
Rows read: 1,822,000
Rows read: 1,824,000
Rows read: 1,826,000
Rows read: 1,828,000
Rows read: 1,830,000
Rows read: 1,832,000
Rows read: 1,834,000
Rows read: 1,836,000
Rows read: 1,838,000
Rows read: 1,840,000
Rows read: 1,842,000
Rows read: 1,844,000
Rows read: 1,846,000
Rows read: 1,848,000
Rows read: 1,850,000
Rows read: 1,852,000
Rows read: 1,854,000
Rows read: 1,856,000
Rows read: 1,858,000
Rows read: 1,860,000
Rows read: 1,862,000
Rows read: 1,864,000
Rows read: 1,866,000
Rows read: 1,868,000
Rows read: 1,870,000
Rows read: 1,872,000
Rows read: 1,874,000
Rows read: 1,876,000
Rows read: 1,878,000
Rows read: 1,880,000
Rows read: 1,882,000
Rows read: 1,884,000
Rows read: 1,886,000
Rows read: 1,888,000
Rows read: 1,890,000
Rows read: 1,892,000
Rows read: 1,894,000
Rows read: 1,896,000
Rows read: 1,898,000
Rows read: 1,900,000
Rows read: 1,902,000
Rows read: 1,904,000
Rows read: 1,906,000
Rows read: 1,908,000
Rows read: 1,910,000
Rows read: 1,912,000
Rows read: 1,914,000
Rows read: 1,916,000
Rows read: 1,918,000
Rows read: 1,920,000
Rows read: 1,922,000
Rows read: 1,924,000
Rows read: 1,926,000
Rows read: 1,928,000
Rows read: 1,930,000
Rows read: 1,932,000
Rows read: 1,934,000
Rows read: 1,936,000
Rows read: 1,938,000
Rows read: 1,940,000
Rows read: 1,942,000
Rows read: 1,944,000
Rows read: 1,946,000
Rows read: 1,948,000
Rows read: 1,950,000
Rows read: 1,952,000
Rows read: 1,954,000
Rows read: 1,956,000
Rows read: 1,958,000
Rows read: 1,960,000
Rows read: 1,962,000
Rows read: 1,964,000
Rows read: 1,966,000
Rows read: 1,968,000
Rows read: 1,970,000
Rows read: 1,972,000
Rows read: 1,974,000
Rows read: 1,976,000
Rows read: 1,978,000
Rows read: 1,980,000
Rows read: 1,982,000
Rows read: 1,984,000
Rows read: 1,986,000
Rows read: 1,988,000
Rows read: 1,990,000
Rows read: 1,992,000
Rows read: 1,994,000
Rows read: 1,996,000
Rows read: 1,998,000
Rows read: 2,000,000
Rows read: 2,002,000
Rows read: 2,004,000
Rows read: 2,006,000
Rows read: 2,008,000
Rows read: 2,010,000
Rows read: 2,012,000
Rows read: 2,014,000
Rows read: 2,016,000
Rows read: 2,018,000
Rows read: 2,020,000
Rows read: 2,022,000
Rows read: 2,024,000
Rows read: 2,026,000
Rows read: 2,028,000
Rows read: 2,030,000
Rows read: 2,032,000
Rows read: 2,034,000
Rows read: 2,036,000
Rows read: 2,038,000
Rows read: 2,040,000
Rows read: 2,042,000
Rows read: 2,044,000
Rows read: 2,046,000
Rows read: 2,048,000
Rows read: 2,050,000
Rows read: 2,052,000
Rows read: 2,054,000
Rows read: 2,056,000
Rows read: 2,058,000
Rows read: 2,060,000
Rows read: 2,062,000
Rows read: 2,064,000
Rows read: 2,066,000
Rows read: 2,068,000
Rows read: 2,070,000
Rows read: 2,072,000
Rows read: 2,074,000
Rows read: 2,076,000
Rows read: 2,078,000
Rows read: 2,080,000
Rows read: 2,082,000
Rows read: 2,084,000
Rows read: 2,086,000
Rows read: 2,088,000
Rows read: 2,090,000
Rows read: 2,092,000
Rows read: 2,094,000
Rows read: 2,096,000
Rows read: 2,098,000
Rows read: 2,100,000
Rows read: 2,102,000
Rows read: 2,104,000
Rows read: 2,106,000
Rows read: 2,108,000
Rows read: 2,110,000
Rows read: 2,112,000
Rows read: 2,114,000
Rows read: 2,116,000
Rows read: 2,118,000
Rows read: 2,120,000
Rows read: 2,122,000
Rows read: 2,124,000
Rows read: 2,126,000
Rows read: 2,128,000
Rows read: 2,130,000
Rows read: 2,132,000
Rows read: 2,134,000
Rows read: 2,136,000
Rows read: 2,138,000
Rows read: 2,140,000
Rows read: 2,142,000
Rows read: 2,144,000
Rows read: 2,146,000
Rows read: 2,148,000
Rows read: 2,150,000
Rows read: 2,152,000
Rows read: 2,154,000
Rows read: 2,156,000
Rows read: 2,158,000
Rows read: 2,160,000
Rows read: 2,162,000
Rows read: 2,164,000
Rows read: 2,166,000
Rows read: 2,168,000
Rows read: 2,170,000
Rows read: 2,172,000
Rows read: 2,174,000
Rows read: 2,176,000
Rows read: 2,178,000
Rows read: 2,180,000
Rows read: 2,182,000
Rows read: 2,184,000
Rows read: 2,186,000
Rows read: 2,188,000
Rows read: 2,190,000
Rows read: 2,192,000
Rows read: 2,194,000
Rows read: 2,196,000
Rows read: 2,198,000
Rows read: 2,200,000
Rows read: 2,202,000
Rows read: 2,204,000
Rows read: 2,206,000
Rows read: 2,208,000
Rows read: 2,210,000
Rows read: 2,212,000
Rows read: 2,214,000
Rows read: 2,216,000
Rows read: 2,218,000
Rows read: 2,220,000
Rows read: 2,222,000
Rows read: 2,224,000
Rows read: 2,226,000
Rows read: 2,228,000
Rows read: 2,230,000
Rows read: 2,232,000
Rows read: 2,234,000
Rows read: 2,236,000
Rows read: 2,238,000
Rows read: 2,240,000
Rows read: 2,242,000
Rows read: 2,244,000
Rows read: 2,246,000
Rows read: 2,248,000
Rows read: 2,250,000
Rows read: 2,252,000
Rows read: 2,254,000
Rows read: 2,256,000
Rows read: 2,258,000
Rows read: 2,260,000
Rows read: 2,262,000
Rows read: 2,264,000
Rows read: 2,266,000
Rows read: 2,268,000
Rows read: 2,270,000
Rows read: 2,272,000
Rows read: 2,274,000
Rows read: 2,276,000
Rows read: 2,278,000
Rows read: 2,280,000
Rows read: 2,282,000
Rows read: 2,284,000
Rows read: 2,286,000
Rows read: 2,288,000
Rows read: 2,290,000
Rows read: 2,292,000
Rows read: 2,294,000
Rows read: 2,296,000
Rows read: 2,298,000
Rows read: 2,300,000
Rows read: 2,302,000
Rows read: 2,304,000
Rows read: 2,306,000
Rows read: 2,308,000
Rows read: 2,310,000
Rows read: 2,312,000
Rows read: 2,314,000
Rows read: 2,316,000
Rows read: 2,318,000
Rows read: 2,320,000
Rows read: 2,322,000
Rows read: 2,324,000
Rows read: 2,326,000
Rows read: 2,328,000
Rows read: 2,330,000
Rows read: 2,332,000
Rows read: 2,334,000
Rows read: 2,336,000
Rows read: 2,338,000
Rows read: 2,340,000
Rows read: 2,342,000
Rows read: 2,344,000
Rows read: 2,346,000
Rows read: 2,348,000
Rows read: 2,350,000
Rows read: 2,352,000
Rows read: 2,354,000
Rows read: 2,356,000
Rows read: 2,358,000
Rows read: 2,360,000
Rows read: 2,362,000
Rows read: 2,364,000
Rows read: 2,366,000
Rows read: 2,368,000
Rows read: 2,370,000
Rows read: 2,372,000
Rows read: 2,374,000
Rows read: 2,376,000
Rows read: 2,378,000
Rows read: 2,380,000
Rows read: 2,382,000
Rows read: 2,384,000
Rows read: 2,386,000
Rows read: 2,388,000
Rows read: 2,390,000
Rows read: 2,392,000
Rows read: 2,394,000
Rows read: 2,396,000
Rows read: 2,398,000
Rows read: 2,400,000
Rows read: 2,402,000
Rows read: 2,404,000
Rows read: 2,406,000
Rows read: 2,408,000
Rows read: 2,410,000
Rows read: 2,412,000
Rows read: 2,414,000
Rows read: 2,416,000
Rows read: 2,418,000
Rows read: 2,420,000
Rows read: 2,422,000
Rows read: 2,424,000
Rows read: 2,426,000
Rows read: 2,428,000
Rows read: 2,430,000
Rows read: 2,432,000
Rows read: 2,434,000
Rows read: 2,436,000
Rows read: 2,438,000
Rows read: 2,440,000
Rows read: 2,442,000
Rows read: 2,444,000
Rows read: 2,446,000
Rows read: 2,448,000
Rows read: 2,450,000
Rows read: 2,452,000
Rows read: 2,454,000
Rows read: 2,456,000
Rows read: 2,458,000
Rows read: 2,460,000
Rows read: 2,462,000
Rows read: 2,464,000
Rows read: 2,466,000
Rows read: 2,468,000
Rows read: 2,470,000
Rows read: 2,472,000
Rows read: 2,474,000
Rows read: 2,476,000
Rows read: 2,478,000
Rows read: 2,480,000
Rows read: 2,482,000
Rows read: 2,484,000
Rows read: 2,486,000
Rows read: 2,488,000
Rows read: 2,490,000
Rows read: 2,492,000
Rows read: 2,494,000
Rows read: 2,496,000
Rows read: 2,498,000
Rows read: 2,500,000
Rows read: 2,502,000
Rows read: 2,504,000
Rows read: 2,506,000
Rows read: 2,508,000
Rows read: 2,510,000
Rows read: 2,512,000
Rows read: 2,514,000
Rows read: 2,516,000
Rows read: 2,518,000
Rows read: 2,520,000
Rows read: 2,522,000
Rows read: 2,524,000
Rows read: 2,526,000
Rows read: 2,528,000
Rows read: 2,530,000
Rows read: 2,532,000
Rows read: 2,534,000
Rows read: 2,536,000
Rows read: 2,538,000
Rows read: 2,540,000
Rows read: 2,542,000
Rows read: 2,544,000
Rows read: 2,546,000
Rows read: 2,548,000
Rows read: 2,550,000
Rows read: 2,552,000
Rows read: 2,554,000
Rows read: 2,556,000
Rows read: 2,558,000
Rows read: 2,560,000
Rows read: 2,562,000
Rows read: 2,564,000
Rows read: 2,566,000
Rows read: 2,568,000
Rows read: 2,570,000
Rows read: 2,572,000
Rows read: 2,574,000
Rows read: 2,576,000
Rows read: 2,578,000
Rows read: 2,580,000
Rows read: 2,582,000
Rows read: 2,584,000
Rows read: 2,586,000
Rows read: 2,588,000
Rows read: 2,590,000
Rows read: 2,592,000
Rows read: 2,594,000
Rows read: 2,596,000
Rows read: 2,598,000
Rows read: 2,600,000
Rows read: 2,602,000
Rows read: 2,604,000
Rows read: 2,606,000
Rows read: 2,608,000
Rows read: 2,610,000
Rows read: 2,612,000
Rows read: 2,614,000
Rows read: 2,616,000
Rows read: 2,618,000
Rows read: 2,620,000
Rows read: 2,622,000
Rows read: 2,624,000
Rows read: 2,626,000
Rows read: 2,628,000
Rows read: 2,630,000
Rows read: 2,632,000
Rows read: 2,634,000
Rows read: 2,636,000
Rows read: 2,638,000
Rows read: 2,640,000
Rows read: 2,642,000
Rows read: 2,644,000
Rows read: 2,646,000
Rows read: 2,648,000
Rows read: 2,650,000
Rows read: 2,652,000
Rows read: 2,654,000
Rows read: 2,656,000
Rows read: 2,658,000
Rows read: 2,660,000
Rows read: 2,662,000
Rows read: 2,664,000
Rows read: 2,666,000
Rows read: 2,668,000
Rows read: 2,670,000
Rows read: 2,672,000
Rows read: 2,674,000
Rows read: 2,676,000
Rows read: 2,678,000
Rows read: 2,680,000
Rows read: 2,682,000
Rows read: 2,684,000
Rows read: 2,686,000
Rows read: 2,688,000
Rows read: 2,690,000
Rows read: 2,692,000
Rows read: 2,694,000
Rows read: 2,696,000
Rows read: 2,698,000
Rows read: 2,700,000
Rows read: 2,702,000
Rows read: 2,704,000
Rows read: 2,706,000
Rows read: 2,708,000
Rows read: 2,710,000
Rows read: 2,712,000
Rows read: 2,714,000
Rows read: 2,716,000
Rows read: 2,718,000
Rows read: 2,720,000
Rows read: 2,722,000
Rows read: 2,724,000
Rows read: 2,726,000
Rows read: 2,728,000
Rows read: 2,730,000
Rows read: 2,732,000
Rows read: 2,734,000
Rows read: 2,736,000
Rows read: 2,738,000
Rows read: 2,740,000
Rows read: 2,742,000
Rows read: 2,744,000
Rows read: 2,746,000
Rows read: 2,748,000
Rows read: 2,750,000
Rows read: 2,752,000
Rows read: 2,754,000
Rows read: 2,756,000
Rows read: 2,758,000
Rows read: 2,760,000
Rows read: 2,762,000
Rows read: 2,764,000
Rows read: 2,766,000
Rows read: 2,768,000
Rows read: 2,770,000
Rows read: 2,772,000
Rows read: 2,774,000
Rows read: 2,776,000
Rows read: 2,778,000
Rows read: 2,780,000
Rows read: 2,782,000
Rows read: 2,784,000
Rows read: 2,786,000
Rows read: 2,788,000
Rows read: 2,790,000
Rows read: 2,792,000
Rows read: 2,794,000
Rows read: 2,796,000
Rows read: 2,798,000
Rows read: 2,800,000
Rows read: 2,802,000
Rows read: 2,804,000
Rows read: 2,806,000
Rows read: 2,808,000
Rows read: 2,810,000
Rows read: 2,812,000
Rows read: 2,814,000
Rows read: 2,816,000
Rows read: 2,818,000
Rows read: 2,820,000
Rows read: 2,822,000
Rows read: 2,824,000
Rows read: 2,826,000
Rows read: 2,828,000
Rows read: 2,830,000
Rows read: 2,832,000
Rows read: 2,834,000
Rows read: 2,836,000
Rows read: 2,838,000
Rows read: 2,840,000
Rows read: 2,842,000
Rows read: 2,844,000
Rows read: 2,846,000
Rows read: 2,848,000
Rows read: 2,850,000
Rows read: 2,852,000
Rows read: 2,854,000
Rows read: 2,856,000
Rows read: 2,858,000
Rows read: 2,860,000
Rows read: 2,862,000
Rows read: 2,864,000
Rows read: 2,866,000
Rows read: 2,868,000
Rows read: 2,870,000
Rows read: 2,872,000
Rows read: 2,874,000
Rows read: 2,876,000
Rows read: 2,878,000
Rows read: 2,880,000
Rows read: 2,882,000
Rows read: 2,884,000
Rows read: 2,886,000
Rows read: 2,888,000
Rows read: 2,890,000
Rows read: 2,892,000
Rows read: 2,894,000
Rows read: 2,896,000
Rows read: 2,898,000
Rows read: 2,900,000
Rows read: 2,902,000
Rows read: 2,904,000
Rows read: 2,906,000
Rows read: 2,908,000
Rows read: 2,910,000
Rows read: 2,912,000
Rows read: 2,914,000
Rows read: 2,916,000
Rows read: 2,918,000
Rows read: 2,920,000
Rows read: 2,922,000
Rows read: 2,924,000
Rows read: 2,926,000
Rows read: 2,928,000
Rows read: 2,930,000
Rows read: 2,932,000
Rows read: 2,934,000
Rows read: 2,936,000
Rows read: 2,938,000
Rows read: 2,940,000
Rows read: 2,942,000
Rows read: 2,944,000
Rows read: 2,946,000
Rows read: 2,948,000
Rows read: 2,950,000
Rows read: 2,952,000
Rows read: 2,954,000
Rows read: 2,956,000
Rows read: 2,958,000
Rows read: 2,960,000
Rows read: 2,962,000
Rows read: 2,964,000
Rows read: 2,966,000
Rows read: 2,968,000
Rows read: 2,970,000
Rows read: 2,972,000
Rows read: 2,974,000
Rows read: 2,976,000
Rows read: 2,978,000
Rows read: 2,980,000
Rows read: 2,982,000
Rows read: 2,984,000
Rows read: 2,986,000
Rows read: 2,988,000
Rows read: 2,990,000
Rows read: 2,992,000
Rows read: 2,994,000
Rows read: 2,996,000
Rows read: 2,998,000
Rows read: 3,000,000
Rows read: 3,002,000
Rows read: 3,004,000
Rows read: 3,006,000
Rows read: 3,008,000
Rows read: 3,010,000
Rows read: 3,012,000
Rows read: 3,014,000
Rows read: 3,016,000
Rows read: 3,018,000
Rows read: 3,020,000
Rows read: 3,022,000
Rows read: 3,024,000
Rows read: 3,026,000
Rows read: 3,028,000
Rows read: 3,030,000
Rows read: 3,032,000
Rows read: 3,034,000
Rows read: 3,036,000
Rows read: 3,038,000
Rows read: 3,040,000
Rows read: 3,042,000
Rows read: 3,044,000
Rows read: 3,046,000
Rows read: 3,048,000
Rows read: 3,050,000
Rows read: 3,052,000
Rows read: 3,054,000
Rows read: 3,056,000
Rows read: 3,058,000
Rows read: 3,060,000
Rows read: 3,062,000
Rows read: 3,064,000
Rows read: 3,066,000
Rows read: 3,068,000
Rows read: 3,070,000
Rows read: 3,072,000
Rows read: 3,074,000
Rows read: 3,076,000
Rows read: 3,078,000
Rows read: 3,080,000
Rows read: 3,082,000
Rows read: 3,084,000
Rows read: 3,086,000
Rows read: 3,088,000
Rows read: 3,090,000
Rows read: 3,092,000
Rows read: 3,094,000
Rows read: 3,096,000
Rows read: 3,098,000
Rows read: 3,100,000
Rows read: 3,102,000
Rows read: 3,104,000
Rows read: 3,106,000
Rows read: 3,108,000
Rows read: 3,110,000
Rows read: 3,112,000
Rows read: 3,114,000
Rows read: 3,116,000
Rows read: 3,118,000
Rows read: 3,120,000
Rows read: 3,122,000
Rows read: 3,124,000
Rows read: 3,126,000
Rows read: 3,128,000
Rows read: 3,130,000
Rows read: 3,132,000
Rows read: 3,134,000
Rows read: 3,136,000
Rows read: 3,138,000
Rows read: 3,140,000
Rows read: 3,142,000
Rows read: 3,144,000
Rows read: 3,146,000
Rows read: 3,148,000
Rows read: 3,150,000
Rows read: 3,152,000
Rows read: 3,154,000
Rows read: 3,156,000
Rows read: 3,158,000
Rows read: 3,160,000
Rows read: 3,162,000
Rows read: 3,164,000
Rows read: 3,166,000
Rows read: 3,168,000
Rows read: 3,170,000
Rows read: 3,172,000
Rows read: 3,174,000
Rows read: 3,176,000
Rows read: 3,178,000
Rows read: 3,180,000
Rows read: 3,182,000
Rows read: 3,184,000
Rows read: 3,186,000
Rows read: 3,188,000
Rows read: 3,190,000
Rows read: 3,192,000
Rows read: 3,194,000
Rows read: 3,196,000
Rows read: 3,198,000
Rows read: 3,200,000
Rows read: 3,202,000
Rows read: 3,204,000
Rows read: 3,206,000
Rows read: 3,208,000
Rows read: 3,210,000
Rows read: 3,212,000
Rows read: 3,214,000
Rows read: 3,216,000
Rows read: 3,218,000
Rows read: 3,220,000
Rows read: 3,222,000
Rows read: 3,224,000
Rows read: 3,226,000
Rows read: 3,228,000
Rows read: 3,230,000
Rows read: 3,232,000
Rows read: 3,234,000
Rows read: 3,236,000
Rows read: 3,238,000
Rows read: 3,240,000
Rows read: 3,242,000
Rows read: 3,244,000
Rows read: 3,246,000
Rows read: 3,248,000
Rows read: 3,250,000
Rows read: 3,252,000
Rows read: 3,254,000
Rows read: 3,256,000
Rows read: 3,258,000
Rows read: 3,260,000
Rows read: 3,262,000
Rows read: 3,264,000
Rows read: 3,266,000
Rows read: 3,268,000
Rows read: 3,270,000
Rows read: 3,272,000
Rows read: 3,274,000
Rows read: 3,276,000
Rows read: 3,278,000
Rows read: 3,280,000
Rows read: 3,282,000
Rows read: 3,284,000
Rows read: 3,286,000
Rows read: 3,288,000
Rows read: 3,290,000
Rows read: 3,292,000
Rows read: 3,294,000
Rows read: 3,296,000
Rows read: 3,298,000
Rows read: 3,300,000
Rows read: 3,302,000
Rows read: 3,304,000
Rows read: 3,306,000
Rows read: 3,308,000
Rows read: 3,310,000
Rows read: 3,312,000
Rows read: 3,314,000
Rows read: 3,316,000
Rows read: 3,318,000
Rows read: 3,320,000
Rows read: 3,322,000
Rows read: 3,324,000
Rows read: 3,326,000
Rows read: 3,328,000
Rows read: 3,330,000
Rows read: 3,332,000
Rows read: 3,334,000
Rows read: 3,336,000
Rows read: 3,338,000
Rows read: 3,340,000
Rows read: 3,342,000
Rows read: 3,344,000
Rows read: 3,346,000
Rows read: 3,348,000
Rows read: 3,350,000
Rows read: 3,352,000
Rows read: 3,354,000
Rows read: 3,356,000
Rows read: 3,358,000
Rows read: 3,360,000
Rows read: 3,362,000
Rows read: 3,364,000
Rows read: 3,366,000
Rows read: 3,368,000
Rows read: 3,370,000
Rows read: 3,372,000
Rows read: 3,374,000
Rows read: 3,376,000
Rows read: 3,378,000
Rows read: 3,380,000
Rows read: 3,382,000
Rows read: 3,384,000
Rows read: 3,386,000
Rows read: 3,388,000
Rows read: 3,390,000
Rows read: 3,392,000
Rows read: 3,394,000
Rows read: 3,396,000
Rows read: 3,398,000
Rows read: 3,400,000
Rows read: 3,402,000
Rows read: 3,404,000
Rows read: 3,406,000
Rows read: 3,408,000
Rows read: 3,410,000
Rows read: 3,412,000
Rows read: 3,414,000
Rows read: 3,416,000
Rows read: 3,418,000
Rows read: 3,420,000
Rows read: 3,422,000
Rows read: 3,424,000
Rows read: 3,426,000
Rows read: 3,428,000
Rows read: 3,430,000
Rows read: 3,432,000
Rows read: 3,434,000
Rows read: 3,436,000
Rows read: 3,438,000
Rows read: 3,440,000
Rows read: 3,442,000
Rows read: 3,444,000
Rows read: 3,446,000
Rows read: 3,448,000
Rows read: 3,450,000
Rows read: 3,452,000
Rows read: 3,454,000
Rows read: 3,456,000
Rows read: 3,458,000
Rows read: 3,460,000
Rows read: 3,462,000
Rows read: 3,464,000
Rows read: 3,466,000
Rows read: 3,468,000
Rows read: 3,470,000
Rows read: 3,472,000
Rows read: 3,474,000
Rows read: 3,476,000
Rows read: 3,478,000
Rows read: 3,480,000
Rows read: 3,482,000
Rows read: 3,484,000
Rows read: 3,486,000
Rows read: 3,488,000
Rows read: 3,490,000
Rows read: 3,492,000
Rows read: 3,494,000
Rows read: 3,496,000
Rows read: 3,498,000
Rows read: 3,500,000
Rows read: 3,502,000
Rows read: 3,504,000
Rows read: 3,506,000
Rows read: 3,508,000
Rows read: 3,510,000
Rows read: 3,512,000
Rows read: 3,514,000
Rows read: 3,516,000
Rows read: 3,518,000
Rows read: 3,520,000
Rows read: 3,522,000
Rows read: 3,524,000
Rows read: 3,526,000
Rows read: 3,528,000
Rows read: 3,530,000
Rows read: 3,532,000
Rows read: 3,534,000
Rows read: 3,536,000
Rows read: 3,538,000
Rows read: 3,540,000
Rows read: 3,542,000
Rows read: 3,544,000
Rows read: 3,546,000
Rows read: 3,548,000
Rows read: 3,550,000
Rows read: 3,552,000
Rows read: 3,554,000
Rows read: 3,556,000
Rows read: 3,558,000
Rows read: 3,560,000
Rows read: 3,562,000
Rows read: 3,564,000
Rows read: 3,566,000
Rows read: 3,568,000
Rows read: 3,570,000
Rows read: 3,572,000
Rows read: 3,574,000
Rows read: 3,576,000
Rows read: 3,578,000
Rows read: 3,580,000
Rows read: 3,582,000
Rows read: 3,584,000
Rows read: 3,586,000
Rows read: 3,588,000
Rows read: 3,590,000
Rows read: 3,592,000
Rows read: 3,594,000
Rows read: 3,596,000
Rows read: 3,598,000
Rows read: 3,600,000
Rows read: 3,602,000
Rows read: 3,604,000
Rows read: 3,606,000
Rows read: 3,608,000
Rows read: 3,610,000
Rows read: 3,612,000
Rows read: 3,614,000
Rows read: 3,616,000
Rows read: 3,618,000
Rows read: 3,620,000
Rows read: 3,622,000
Rows read: 3,624,000
Rows read: 3,626,000
Rows read: 3,628,000
Rows read: 3,630,000
Rows read: 3,632,000
Rows read: 3,634,000
Rows read: 3,636,000
Rows read: 3,638,000
Rows read: 3,640,000
Rows read: 3,642,000
Rows read: 3,644,000
Rows read: 3,646,000
Rows read: 3,648,000
Rows read: 3,650,000
Rows read: 3,652,000
Rows read: 3,654,000
Rows read: 3,656,000
Rows read: 3,658,000
Rows read: 3,660,000
Rows read: 3,662,000
Rows read: 3,664,000
Rows read: 3,666,000
Rows read: 3,668,000
Rows read: 3,670,000
Rows read: 3,672,000
Rows read: 3,674,000
Rows read: 3,676,000
Rows read: 3,678,000
Rows read: 3,680,000
Rows read: 3,682,000
Rows read: 3,684,000
Rows read: 3,686,000
Rows read: 3,688,000
Rows read: 3,690,000
Rows read: 3,692,000
Rows read: 3,694,000
Rows read: 3,696,000
Rows read: 3,698,000
Rows read: 3,700,000
Rows read: 3,702,000
Rows read: 3,704,000
Rows read: 3,706,000
Rows read: 3,708,000
Rows read: 3,710,000
Rows read: 3,712,000
Rows read: 3,714,000
Rows read: 3,716,000
Rows read: 3,718,000
Rows read: 3,720,000
Rows read: 3,722,000
Rows read: 3,724,000
Rows read: 3,726,000
Rows read: 3,728,000
Rows read: 3,730,000
Rows read: 3,732,000
Rows read: 3,734,000
Rows read: 3,736,000
Rows read: 3,738,000
Rows read: 3,740,000
Rows read: 3,742,000
Rows read: 3,744,000
Rows read: 3,746,000
Rows read: 3,748,000
Rows read: 3,750,000
Rows read: 3,752,000
Rows read: 3,754,000
Rows read: 3,756,000
Rows read: 3,758,000
Rows read: 3,760,000
Rows read: 3,762,000
Rows read: 3,764,000
Rows read: 3,766,000
Rows read: 3,768,000
Rows read: 3,770,000
Rows read: 3,772,000
Rows read: 3,774,000
Rows read: 3,776,000
Rows read: 3,778,000
Rows read: 3,780,000
Rows read: 3,782,000
Rows read: 3,784,000
Rows read: 3,786,000
Rows read: 3,788,000
Rows read: 3,790,000
Rows read: 3,792,000
Rows read: 3,794,000
Rows read: 3,796,000
Rows read: 3,798,000
Rows read: 3,800,000
Rows read: 3,802,000
Rows read: 3,804,000
Rows read: 3,806,000
Rows read: 3,808,000
Rows read: 3,810,000
Rows read: 3,812,000
Rows read: 3,814,000
Rows read: 3,816,000
Rows read: 3,818,000
Rows read: 3,820,000
Rows read: 3,822,000
Rows read: 3,824,000
Rows read: 3,826,000
Rows read: 3,828,000
Rows read: 3,830,000
Rows read: 3,832,000
Rows read: 3,834,000
Rows read: 3,836,000
Rows read: 3,838,000
Rows read: 3,840,000
Rows read: 3,842,000
Rows read: 3,844,000
Rows read: 3,846,000
Rows read: 3,848,000
Rows read: 3,850,000
Rows read: 3,852,000
Rows read: 3,854,000
Rows read: 3,856,000
Rows read: 3,858,000
Rows read: 3,860,000
Rows read: 3,862,000
Rows read: 3,864,000
Rows read: 3,866,000
Rows read: 3,868,000
Rows read: 3,870,000
Rows read: 3,872,000
Rows read: 3,874,000
Rows read: 3,876,000
Rows read: 3,878,000
Rows read: 3,880,000
Rows read: 3,882,000
Rows read: 3,884,000
Rows read: 3,886,000
Rows read: 3,888,000
Rows read: 3,890,000
Rows read: 3890271 done.
Rows read: 2,000
Rows read: 3493 done.
Rows read: 9 done.
Processing covariates
Task finished in 0.00200000000000955 seconds
Processing gene expression data (imputation, residualization)
Task finished in 0.0489999999999782 seconds
Creating output file(s)
Task finished in 0.0110000000000241 seconds
Performing eQTL analysis
 0.20% done, 210,890 eQTLs
 0.40% done, 366,662 eQTLs
 0.60% done, 559,385 eQTLs
 0.80% done, 701,898 eQTLs
 1.00% done, 897,711 eQTLs
 1.20% done, 1,045,372 eQTLs
 1.41% done, 1,221,333 eQTLs
 1.61% done, 1,352,085 eQTLs
 1.81% done, 1,552,567 eQTLs
 2.01% done, 1,703,586 eQTLs
 2.21% done, 1,879,051 eQTLs
 2.41% done, 2,009,034 eQTLs
 2.62% done, 2,231,136 eQTLs
 2.82% done, 2,399,025 eQTLs
 3.02% done, 2,575,186 eQTLs
 3.22% done, 2,703,461 eQTLs
 3.42% done, 2,901,606 eQTLs
 3.62% done, 3,047,586 eQTLs
 3.83% done, 3,231,321 eQTLs
 4.03% done, 3,362,890 eQTLs
 4.23% done, 3,573,684 eQTLs
 4.43% done, 3,730,638 eQTLs
 4.63% done, 3,903,390 eQTLs
 4.83% done, 4,029,561 eQTLs
 5.04% done, 4,205,044 eQTLs
 5.24% done, 4,333,811 eQTLs
 5.44% done, 4,566,632 eQTLs
 5.64% done, 4,738,132 eQTLs
 5.84% done, 4,934,297 eQTLs
 6.04% done, 5,077,783 eQTLs
 6.25% done, 5,278,657 eQTLs
 6.45% done, 5,427,717 eQTLs
 6.65% done, 5,606,185 eQTLs
 6.85% done, 5,737,870 eQTLs
 7.05% done, 5,946,252 eQTLs
 7.25% done, 6,098,659 eQTLs
 7.45% done, 6,323,701 eQTLs
 7.66% done, 6,488,086 eQTLs
 7.86% done, 6,681,828 eQTLs
 8.06% done, 6,823,274 eQTLs
 8.26% done, 7,084,416 eQTLs
 8.46% done, 7,269,739 eQTLs
 8.66% done, 7,468,613 eQTLs
 8.87% done, 7,616,197 eQTLs
 9.07% done, 7,840,763 eQTLs
 9.27% done, 8,011,735 eQTLs
 9.47% done, 8,306,895 eQTLs
 9.67% done, 8,537,928 eQTLs
 9.87% done, 8,729,304 eQTLs
10.08% done, 8,868,951 eQTLs
10.28% done, 9,058,905 eQTLs
10.48% done, 9,196,974 eQTLs
10.68% done, 9,386,083 eQTLs
10.88% done, 9,531,309 eQTLs
11.08% done, 9,763,147 eQTLs
11.29% done, 9,943,059 eQTLs
11.49% done, 10,130,357 eQTLs
11.69% done, 10,272,545 eQTLs
11.89% done, 10,489,155 eQTLs
12.09% done, 10,653,501 eQTLs
12.29% done, 10,862,938 eQTLs
12.50% done, 11,019,434 eQTLs
12.70% done, 11,198,108 eQTLs
12.90% done, 11,321,049 eQTLs
13.10% done, 11,530,126 eQTLs
13.30% done, 11,685,748 eQTLs
13.50% done, 11,898,331 eQTLs
13.70% done, 12,064,527 eQTLs
13.91% done, 12,291,554 eQTLs
14.11% done, 12,459,880 eQTLs
14.31% done, 12,703,820 eQTLs
14.51% done, 12,882,044 eQTLs
14.71% done, 13,078,936 eQTLs
14.91% done, 13,229,353 eQTLs
15.12% done, 13,423,573 eQTLs
15.32% done, 13,588,929 eQTLs
15.52% done, 13,791,223 eQTLs
15.72% done, 13,941,160 eQTLs
15.92% done, 14,132,375 eQTLs
16.12% done, 14,272,626 eQTLs
16.33% done, 14,472,540 eQTLs
16.53% done, 14,615,973 eQTLs
16.73% done, 14,830,585 eQTLs
16.93% done, 14,986,829 eQTLs
17.13% done, 15,159,209 eQTLs
17.33% done, 15,285,381 eQTLs
17.54% done, 15,483,153 eQTLs
17.74% done, 15,631,092 eQTLs
17.94% done, 15,858,833 eQTLs
18.14% done, 16,021,203 eQTLs
18.34% done, 16,226,163 eQTLs
18.54% done, 16,373,884 eQTLs
18.75% done, 16,596,892 eQTLs
18.95% done, 16,768,147 eQTLs
19.15% done, 16,962,433 eQTLs
19.35% done, 17,104,933 eQTLs
19.55% done, 17,292,771 eQTLs
19.75% done, 17,433,301 eQTLs
19.95% done, 17,651,382 eQTLs
20.16% done, 17,814,334 eQTLs
20.36% done, 18,018,110 eQTLs
20.56% done, 18,170,640 eQTLs
20.76% done, 18,369,340 eQTLs
20.96% done, 18,516,327 eQTLs
21.16% done, 18,721,585 eQTLs
21.37% done, 18,873,452 eQTLs
21.57% done, 19,030,758 eQTLs
21.77% done, 19,146,085 eQTLs
21.97% done, 19,316,153 eQTLs
22.17% done, 19,440,270 eQTLs
22.37% done, 19,657,362 eQTLs
22.58% done, 19,819,872 eQTLs
22.78% done, 20,010,973 eQTLs
22.98% done, 20,151,185 eQTLs
23.18% done, 20,428,835 eQTLs
23.38% done, 20,641,869 eQTLs
23.58% done, 20,861,886 eQTLs
23.79% done, 21,028,977 eQTLs
23.99% done, 21,250,852 eQTLs
24.19% done, 21,411,950 eQTLs
24.39% done, 21,588,001 eQTLs
24.59% done, 21,718,281 eQTLs
24.79% done, 21,895,028 eQTLs
25.00% done, 22,020,684 eQTLs
25.20% done, 22,237,907 eQTLs
25.40% done, 22,399,202 eQTLs
25.60% done, 22,621,275 eQTLs
25.80% done, 22,784,303 eQTLs
26.00% done, 22,964,811 eQTLs
26.20% done, 23,094,671 eQTLs
26.41% done, 23,275,371 eQTLs
26.61% done, 23,421,224 eQTLs
26.81% done, 23,617,376 eQTLs
27.01% done, 23,761,689 eQTLs
27.21% done, 23,956,240 eQTLs
27.41% done, 24,096,527 eQTLs
27.62% done, 24,313,470 eQTLs
27.82% done, 24,472,260 eQTLs
28.02% done, 24,657,217 eQTLs
28.22% done, 24,787,996 eQTLs
28.42% done, 25,010,101 eQTLs
28.62% done, 25,173,981 eQTLs
28.83% done, 25,375,866 eQTLs
29.03% done, 25,531,872 eQTLs
29.23% done, 25,731,936 eQTLs
29.43% done, 25,879,887 eQTLs
29.63% done, 26,055,103 eQTLs
29.83% done, 26,185,801 eQTLs
30.04% done, 26,368,037 eQTLs
30.24% done, 26,505,876 eQTLs
30.44% done, 26,710,050 eQTLs
30.64% done, 26,858,530 eQTLs
30.84% done, 27,091,824 eQTLs
31.04% done, 27,264,063 eQTLs
31.25% done, 27,496,945 eQTLs
31.45% done, 27,669,081 eQTLs
31.65% done, 27,871,839 eQTLs
31.85% done, 28,020,917 eQTLs
32.05% done, 28,183,608 eQTLs
32.25% done, 28,306,919 eQTLs
32.45% done, 28,490,413 eQTLs
32.66% done, 28,620,186 eQTLs
32.86% done, 28,791,792 eQTLs
33.06% done, 28,912,832 eQTLs
33.26% done, 29,093,395 eQTLs
33.46% done, 29,222,706 eQTLs
33.66% done, 29,423,641 eQTLs
33.87% done, 29,572,023 eQTLs
34.07% done, 29,779,868 eQTLs
34.27% done, 29,932,445 eQTLs
34.47% done, 30,111,910 eQTLs
34.67% done, 30,254,335 eQTLs
34.87% done, 30,448,661 eQTLs
35.08% done, 30,592,871 eQTLs
35.28% done, 30,801,705 eQTLs
35.48% done, 30,950,429 eQTLs
35.68% done, 31,139,369 eQTLs
35.88% done, 31,290,427 eQTLs
36.08% done, 31,480,439 eQTLs
36.29% done, 31,624,048 eQTLs
36.49% done, 31,783,546 eQTLs
36.69% done, 31,903,794 eQTLs
36.89% done, 32,085,864 eQTLs
37.09% done, 32,219,210 eQTLs
37.29% done, 32,423,247 eQTLs
37.50% done, 32,574,125 eQTLs
37.70% done, 32,748,161 eQTLs
37.90% done, 32,876,251 eQTLs
38.10% done, 33,066,150 eQTLs
38.30% done, 33,205,644 eQTLs
38.50% done, 33,385,421 eQTLs
38.70% done, 33,519,589 eQTLs
38.91% done, 33,710,983 eQTLs
39.11% done, 33,858,176 eQTLs
39.31% done, 34,080,581 eQTLs
39.51% done, 34,241,925 eQTLs
39.71% done, 34,447,573 eQTLs
39.91% done, 34,593,090 eQTLs
40.12% done, 34,801,494 eQTLs
40.32% done, 34,956,440 eQTLs
40.52% done, 35,165,525 eQTLs
40.72% done, 35,325,681 eQTLs
40.92% done, 35,528,231 eQTLs
41.12% done, 35,681,315 eQTLs
41.33% done, 35,878,997 eQTLs
41.53% done, 36,019,136 eQTLs
41.73% done, 36,181,367 eQTLs
41.93% done, 36,305,625 eQTLs
42.13% done, 36,494,193 eQTLs
42.33% done, 36,635,337 eQTLs
42.54% done, 36,863,407 eQTLs
42.74% done, 37,028,734 eQTLs
42.94% done, 37,234,574 eQTLs
43.14% done, 37,391,145 eQTLs
43.34% done, 37,571,882 eQTLs
43.54% done, 37,700,065 eQTLs
43.75% done, 37,916,419 eQTLs
43.95% done, 38,075,875 eQTLs
44.15% done, 38,304,366 eQTLs
44.35% done, 38,468,882 eQTLs
44.55% done, 38,635,403 eQTLs
44.75% done, 38,760,724 eQTLs
44.95% done, 38,980,489 eQTLs
45.16% done, 39,138,643 eQTLs
45.36% done, 39,344,416 eQTLs
45.56% done, 39,496,924 eQTLs
45.76% done, 39,762,292 eQTLs
45.96% done, 39,964,362 eQTLs
46.16% done, 40,146,046 eQTLs
46.37% done, 40,280,642 eQTLs
46.57% done, 40,570,304 eQTLs
46.77% done, 40,789,221 eQTLs
46.97% done, 40,991,524 eQTLs
47.17% done, 41,140,310 eQTLs
47.37% done, 41,337,615 eQTLs
47.58% done, 41,482,077 eQTLs
47.78% done, 41,696,907 eQTLs
47.98% done, 41,848,547 eQTLs
48.18% done, 42,044,639 eQTLs
48.38% done, 42,181,549 eQTLs
48.58% done, 42,400,221 eQTLs
48.79% done, 42,558,879 eQTLs
48.99% done, 42,770,508 eQTLs
49.19% done, 42,927,511 eQTLs
49.39% done, 43,134,916 eQTLs
49.59% done, 43,279,435 eQTLs
49.79% done, 43,473,436 eQTLs
50.00% done, 43,617,223 eQTLs
50.20% done, 43,803,861 eQTLs
50.40% done, 43,936,925 eQTLs
50.60% done, 44,121,185 eQTLs
50.80% done, 44,254,588 eQTLs
51.00% done, 44,435,496 eQTLs
51.20% done, 44,565,604 eQTLs
51.41% done, 44,763,867 eQTLs
51.61% done, 44,915,408 eQTLs
51.81% done, 45,118,378 eQTLs
52.01% done, 45,270,881 eQTLs
52.21% done, 45,475,787 eQTLs
52.41% done, 45,626,217 eQTLs
52.62% done, 45,805,508 eQTLs
52.82% done, 45,937,704 eQTLs
53.02% done, 46,185,826 eQTLs
53.22% done, 46,373,083 eQTLs
53.42% done, 46,565,626 eQTLs
53.62% done, 46,708,649 eQTLs
53.83% done, 46,895,114 eQTLs
54.03% done, 47,031,148 eQTLs
54.23% done, 47,208,252 eQTLs
54.43% done, 47,333,225 eQTLs
54.63% done, 47,544,231 eQTLs
54.83% done, 47,700,510 eQTLs
55.04% done, 47,943,400 eQTLs
55.24% done, 48,117,929 eQTLs
55.44% done, 48,304,624 eQTLs
55.64% done, 48,439,868 eQTLs
55.84% done, 48,617,354 eQTLs
56.04% done, 48,747,416 eQTLs
56.25% done, 48,929,288 eQTLs
56.45% done, 49,065,938 eQTLs
56.65% done, 49,257,436 eQTLs
56.85% done, 49,391,363 eQTLs
57.05% done, 49,587,425 eQTLs
57.25% done, 49,730,344 eQTLs
57.45% done, 49,903,429 eQTLs
57.66% done, 50,033,122 eQTLs
57.86% done, 50,256,139 eQTLs
58.06% done, 50,427,930 eQTLs
58.26% done, 50,671,220 eQTLs
58.46% done, 50,846,759 eQTLs
58.66% done, 51,096,297 eQTLs
58.87% done, 51,272,668 eQTLs
59.07% done, 51,497,031 eQTLs
59.27% done, 51,665,890 eQTLs
59.47% done, 51,887,200 eQTLs
59.67% done, 52,052,190 eQTLs
59.87% done, 52,214,610 eQTLs
60.08% done, 52,322,551 eQTLs
60.28% done, 52,496,350 eQTLs
60.48% done, 52,623,918 eQTLs
60.68% done, 52,820,635 eQTLs
60.88% done, 52,964,414 eQTLs
61.08% done, 53,156,139 eQTLs
61.29% done, 53,304,289 eQTLs
61.49% done, 53,540,919 eQTLs
61.69% done, 53,717,773 eQTLs
61.89% done, 53,903,891 eQTLs
62.09% done, 54,044,752 eQTLs
62.29% done, 54,250,723 eQTLs
62.50% done, 54,402,856 eQTLs
62.70% done, 54,579,606 eQTLs
62.90% done, 54,708,642 eQTLs
63.10% done, 54,922,446 eQTLs
63.30% done, 55,078,076 eQTLs
63.50% done, 55,250,001 eQTLs
63.70% done, 55,379,659 eQTLs
63.91% done, 55,539,840 eQTLs
64.11% done, 55,650,736 eQTLs
64.31% done, 55,865,739 eQTLs
64.51% done, 56,024,018 eQTLs
64.71% done, 56,225,619 eQTLs
64.91% done, 56,377,851 eQTLs
65.12% done, 56,582,003 eQTLs
65.32% done, 56,732,753 eQTLs
65.52% done, 56,962,590 eQTLs
65.72% done, 57,129,624 eQTLs
65.92% done, 57,290,044 eQTLs
66.12% done, 57,408,965 eQTLs
66.33% done, 57,589,195 eQTLs
66.53% done, 57,722,210 eQTLs
66.73% done, 57,949,525 eQTLs
66.93% done, 58,108,508 eQTLs
67.13% done, 58,328,047 eQTLs
67.33% done, 58,482,786 eQTLs
67.54% done, 58,671,050 eQTLs
67.74% done, 58,813,025 eQTLs
67.94% done, 59,016,998 eQTLs
68.14% done, 59,171,231 eQTLs
68.34% done, 59,401,152 eQTLs
68.54% done, 59,574,652 eQTLs
68.75% done, 59,752,865 eQTLs
68.95% done, 59,888,098 eQTLs
69.15% done, 60,087,688 eQTLs
69.35% done, 60,232,161 eQTLs
69.55% done, 60,434,867 eQTLs
69.75% done, 60,580,061 eQTLs
69.95% done, 60,733,589 eQTLs
70.16% done, 60,847,643 eQTLs
70.36% done, 61,063,946 eQTLs
70.56% done, 61,222,468 eQTLs
70.76% done, 61,388,625 eQTLs
70.96% done, 61,514,891 eQTLs
71.16% done, 61,704,460 eQTLs
71.37% done, 61,844,461 eQTLs
71.57% done, 62,047,772 eQTLs
71.77% done, 62,197,216 eQTLs
71.97% done, 62,406,718 eQTLs
72.17% done, 62,569,317 eQTLs
72.37% done, 62,747,493 eQTLs
72.58% done, 62,882,127 eQTLs
72.78% done, 63,082,863 eQTLs
72.98% done, 63,228,119 eQTLs
73.18% done, 63,446,222 eQTLs
73.38% done, 63,602,967 eQTLs
73.58% done, 63,809,513 eQTLs
73.79% done, 63,962,353 eQTLs
73.99% done, 64,144,474 eQTLs
74.19% done, 64,276,696 eQTLs
74.39% done, 64,495,139 eQTLs
74.59% done, 64,656,454 eQTLs
74.79% done, 64,828,920 eQTLs
75.00% done, 64,955,553 eQTLs
75.20% done, 65,150,826 eQTLs
75.40% done, 65,292,127 eQTLs
75.60% done, 65,523,973 eQTLs
75.80% done, 65,694,167 eQTLs
76.00% done, 65,927,630 eQTLs
76.20% done, 66,095,674 eQTLs
76.41% done, 66,451,719 eQTLs
76.61% done, 66,732,642 eQTLs
76.81% done, 66,934,076 eQTLs
77.01% done, 67,077,245 eQTLs
77.21% done, 67,275,851 eQTLs
77.41% done, 67,421,225 eQTLs
77.62% done, 67,648,250 eQTLs
77.82% done, 67,824,049 eQTLs
78.02% done, 68,025,306 eQTLs
78.22% done, 68,166,519 eQTLs
78.42% done, 68,366,924 eQTLs
78.62% done, 68,513,806 eQTLs
78.83% done, 68,726,950 eQTLs
79.03% done, 68,886,487 eQTLs
79.23% done, 69,094,423 eQTLs
79.43% done, 69,250,226 eQTLs
79.63% done, 69,449,004 eQTLs
79.83% done, 69,588,289 eQTLs
80.04% done, 69,767,983 eQTLs
80.24% done, 69,902,164 eQTLs
80.44% done, 70,128,898 eQTLs
80.64% done, 70,295,096 eQTLs
80.84% done, 70,486,475 eQTLs
81.04% done, 70,631,493 eQTLs
81.25% done, 70,869,572 eQTLs
81.45% done, 71,039,675 eQTLs
81.65% done, 71,220,258 eQTLs
81.85% done, 71,358,010 eQTLs
82.05% done, 71,608,766 eQTLs
82.25% done, 71,799,251 eQTLs
82.45% done, 72,089,672 eQTLs
82.66% done, 72,307,941 eQTLs
82.86% done, 72,515,254 eQTLs
83.06% done, 72,666,763 eQTLs
83.26% done, 72,864,998 eQTLs
83.46% done, 73,012,542 eQTLs
83.66% done, 73,199,530 eQTLs
83.87% done, 73,334,395 eQTLs
84.07% done, 73,544,189 eQTLs
84.27% done, 73,693,662 eQTLs
84.47% done, 73,881,409 eQTLs
84.67% done, 74,017,605 eQTLs
84.87% done, 74,205,395 eQTLs
85.08% done, 74,343,106 eQTLs
85.28% done, 74,534,740 eQTLs
85.48% done, 74,678,670 eQTLs
85.68% done, 74,867,970 eQTLs
85.88% done, 75,008,707 eQTLs
86.08% done, 75,212,273 eQTLs
86.29% done, 75,352,936 eQTLs
86.49% done, 75,530,387 eQTLs
86.69% done, 75,664,144 eQTLs
86.89% done, 75,850,916 eQTLs
87.09% done, 75,987,944 eQTLs
87.29% done, 76,180,452 eQTLs
87.50% done, 76,323,284 eQTLs
87.70% done, 76,546,079 eQTLs
87.90% done, 76,710,156 eQTLs
88.10% done, 76,915,260 eQTLs
88.30% done, 77,057,911 eQTLs
88.50% done, 77,246,224 eQTLs
88.70% done, 77,383,448 eQTLs
88.91% done, 77,606,480 eQTLs
89.11% done, 77,770,666 eQTLs
89.31% done, 78,011,095 eQTLs
89.51% done, 78,186,934 eQTLs
89.71% done, 78,402,397 eQTLs
89.91% done, 78,559,830 eQTLs
90.12% done, 78,774,325 eQTLs
90.32% done, 78,931,286 eQTLs
90.52% done, 79,113,993 eQTLs
90.72% done, 79,243,443 eQTLs
90.92% done, 79,437,128 eQTLs
91.12% done, 79,580,737 eQTLs
91.33% done, 79,802,905 eQTLs
91.53% done, 79,965,898 eQTLs
91.73% done, 80,174,747 eQTLs
91.93% done, 80,334,445 eQTLs
92.13% done, 80,588,588 eQTLs
92.33% done, 80,781,038 eQTLs
92.54% done, 80,986,257 eQTLs
92.74% done, 81,140,141 eQTLs
92.94% done, 81,334,067 eQTLs
93.14% done, 81,480,203 eQTLs
93.34% done, 81,668,345 eQTLs
93.54% done, 81,806,970 eQTLs
93.75% done, 82,024,913 eQTLs
93.95% done, 82,182,665 eQTLs
94.15% done, 82,403,331 eQTLs
94.35% done, 82,562,464 eQTLs
94.55% done, 82,765,886 eQTLs
94.75% done, 82,912,272 eQTLs
94.95% done, 83,161,580 eQTLs
95.16% done, 83,344,282 eQTLs
95.36% done, 83,530,971 eQTLs
95.56% done, 83,667,260 eQTLs
95.76% done, 83,896,438 eQTLs
95.96% done, 84,065,859 eQTLs
96.16% done, 84,257,543 eQTLs
96.37% done, 84,401,288 eQTLs
96.57% done, 84,599,896 eQTLs
96.77% done, 84,752,771 eQTLs
96.97% done, 84,944,620 eQTLs
97.17% done, 85,087,509 eQTLs
97.37% done, 85,286,642 eQTLs
97.58% done, 85,428,100 eQTLs
97.78% done, 85,615,799 eQTLs
97.98% done, 85,752,397 eQTLs
98.18% done, 85,942,533 eQTLs
98.38% done, 86,091,123 eQTLs
98.58% done, 86,272,505 eQTLs
98.79% done, 86,408,042 eQTLs
98.99% done, 86,585,890 eQTLs
99.19% done, 86,717,679 eQTLs
99.39% done, 86,938,314 eQTLs
99.59% done, 87,093,109 eQTLs
99.79% done, 87,209,184 eQTLs
100.00% done, 87,296,224 eQTLs
Task finished in 727.18 seconds

Warning message:
In Matrix_eQTL_main(snps = snps, gene = gene, cvrt = cvrt, output_file_name = output_file_name,  :
  Warning: pvOutputThreshold may be too large.
Expected number of findings > 86539424.3
