Loading required package: carData
Parsed with column specification:
cols(
  .default = col_double(),
  Protein = col_character()
)
See spec(...) for full column specifications.
Warning message:
Setting row names on a tibble is deprecated. 
Rows read: 2,000
Rows read: 4,000
Rows read: 6,000
Rows read: 8,000
Rows read: 10,000
Rows read: 12,000
Rows read: 14,000
Rows read: 16,000
Rows read: 18,000
Rows read: 20,000
Rows read: 22,000
Rows read: 24,000
Rows read: 26,000
Rows read: 28,000
Rows read: 30,000
Rows read: 32,000
Rows read: 34,000
Rows read: 36,000
Rows read: 38,000
Rows read: 40,000
Rows read: 42,000
Rows read: 44,000
Rows read: 46,000
Rows read: 48,000
Rows read: 50,000
Rows read: 52,000
Rows read: 54,000
Rows read: 56,000
Rows read: 58,000
Rows read: 60,000
Rows read: 62,000
Rows read: 64,000
Rows read: 66,000
Rows read: 68,000
Rows read: 70,000
Rows read: 72,000
Rows read: 74,000
Rows read: 76,000
Rows read: 78,000
Rows read: 80,000
Rows read: 82,000
Rows read: 84,000
Rows read: 86,000
Rows read: 88,000
Rows read: 90,000
Rows read: 92,000
Rows read: 94,000
Rows read: 96,000
Rows read: 98,000
Rows read: 100,000
Rows read: 102,000
Rows read: 104,000
Rows read: 106,000
Rows read: 108,000
Rows read: 110,000
Rows read: 112,000
Rows read: 114,000
Rows read: 116,000
Rows read: 118,000
Rows read: 120,000
Rows read: 122,000
Rows read: 124,000
Rows read: 126,000
Rows read: 128,000
Rows read: 130,000
Rows read: 132,000
Rows read: 134,000
Rows read: 136,000
Rows read: 138,000
Rows read: 140,000
Rows read: 142,000
Rows read: 144,000
Rows read: 146,000
Rows read: 148,000
Rows read: 150,000
Rows read: 152,000
Rows read: 154,000
Rows read: 156,000
Rows read: 158,000
Rows read: 160,000
Rows read: 162,000
Rows read: 164,000
Rows read: 166,000
Rows read: 168,000
Rows read: 170,000
Rows read: 172,000
Rows read: 174,000
Rows read: 176,000
Rows read: 178,000
Rows read: 180,000
Rows read: 182,000
Rows read: 184,000
Rows read: 186,000
Rows read: 188,000
Rows read: 190,000
Rows read: 192,000
Rows read: 194,000
Rows read: 196,000
Rows read: 198,000
Rows read: 200,000
Rows read: 202,000
Rows read: 204,000
Rows read: 206,000
Rows read: 208,000
Rows read: 210,000
Rows read: 212,000
Rows read: 214,000
Rows read: 216,000
Rows read: 218,000
Rows read: 220,000
Rows read: 222,000
Rows read: 224,000
Rows read: 226,000
Rows read: 228,000
Rows read: 230,000
Rows read: 232,000
Rows read: 234,000
Rows read: 236,000
Rows read: 238,000
Rows read: 240,000
Rows read: 242,000
Rows read: 244,000
Rows read: 246,000
Rows read: 248,000
Rows read: 250,000
Rows read: 252,000
Rows read: 254,000
Rows read: 256,000
Rows read: 258,000
Rows read: 260,000
Rows read: 262,000
Rows read: 264,000
Rows read: 266,000
Rows read: 268,000
Rows read: 270,000
Rows read: 272,000
Rows read: 274,000
Rows read: 276,000
Rows read: 278,000
Rows read: 280,000
Rows read: 282,000
Rows read: 284,000
Rows read: 286,000
Rows read: 288,000
Rows read: 290,000
Rows read: 292,000
Rows read: 294,000
Rows read: 296,000
Rows read: 298,000
Rows read: 300,000
Rows read: 302,000
Rows read: 304,000
Rows read: 306,000
Rows read: 308,000
Rows read: 310,000
Rows read: 312,000
Rows read: 314,000
Rows read: 316,000
Rows read: 318,000
Rows read: 320,000
Rows read: 322,000
Rows read: 324,000
Rows read: 326,000
Rows read: 328,000
Rows read: 330,000
Rows read: 332,000
Rows read: 334,000
Rows read: 336,000
Rows read: 338,000
Rows read: 340,000
Rows read: 342,000
Rows read: 344,000
Rows read: 346,000
Rows read: 348,000
Rows read: 350,000
Rows read: 352,000
Rows read: 354,000
Rows read: 356,000
Rows read: 358,000
Rows read: 360,000
Rows read: 362,000
Rows read: 364,000
Rows read: 366,000
Rows read: 368,000
Rows read: 370,000
Rows read: 372,000
Rows read: 374,000
Rows read: 376,000
Rows read: 378,000
Rows read: 380,000
Rows read: 382,000
Rows read: 384,000
Rows read: 386,000
Rows read: 388,000
Rows read: 390,000
Rows read: 392,000
Rows read: 394,000
Rows read: 396,000
Rows read: 398,000
Rows read: 400,000
Rows read: 402,000
Rows read: 404,000
Rows read: 406,000
Rows read: 408,000
Rows read: 410,000
Rows read: 412,000
Rows read: 414,000
Rows read: 416,000
Rows read: 418,000
Rows read: 420,000
Rows read: 422,000
Rows read: 424,000
Rows read: 426,000
Rows read: 428,000
Rows read: 430,000
Rows read: 432,000
Rows read: 434,000
Rows read: 436,000
Rows read: 438,000
Rows read: 440,000
Rows read: 442,000
Rows read: 444,000
Rows read: 446,000
Rows read: 448,000
Rows read: 450,000
Rows read: 452,000
Rows read: 454,000
Rows read: 456,000
Rows read: 458,000
Rows read: 460,000
Rows read: 462,000
Rows read: 464,000
Rows read: 466,000
Rows read: 468,000
Rows read: 470,000
Rows read: 472,000
Rows read: 474,000
Rows read: 476,000
Rows read: 478,000
Rows read: 480,000
Rows read: 482,000
Rows read: 484,000
Rows read: 486,000
Rows read: 488,000
Rows read: 490,000
Rows read: 492,000
Rows read: 494,000
Rows read: 496,000
Rows read: 498,000
Rows read: 500,000
Rows read: 502,000
Rows read: 504,000
Rows read: 506,000
Rows read: 508,000
Rows read: 510,000
Rows read: 512,000
Rows read: 514,000
Rows read: 516,000
Rows read: 518,000
Rows read: 520,000
Rows read: 522,000
Rows read: 524,000
Rows read: 526,000
Rows read: 528,000
Rows read: 530,000
Rows read: 532,000
Rows read: 534,000
Rows read: 536,000
Rows read: 538,000
Rows read: 540,000
Rows read: 542,000
Rows read: 544,000
Rows read: 546,000
Rows read: 548,000
Rows read: 550,000
Rows read: 552,000
Rows read: 554,000
Rows read: 556,000
Rows read: 558,000
Rows read: 560,000
Rows read: 562,000
Rows read: 564,000
Rows read: 566,000
Rows read: 568,000
Rows read: 570,000
Rows read: 572,000
Rows read: 574,000
Rows read: 576,000
Rows read: 578,000
Rows read: 580,000
Rows read: 582,000
Rows read: 584,000
Rows read: 586,000
Rows read: 588,000
Rows read: 590,000
Rows read: 592,000
Rows read: 594,000
Rows read: 596,000
Rows read: 598,000
Rows read: 600,000
Rows read: 602,000
Rows read: 604,000
Rows read: 606,000
Rows read: 608,000
Rows read: 610,000
Rows read: 612,000
Rows read: 614,000
Rows read: 616,000
Rows read: 618,000
Rows read: 620,000
Rows read: 622,000
Rows read: 624,000
Rows read: 626,000
Rows read: 628,000
Rows read: 630,000
Rows read: 632,000
Rows read: 634,000
Rows read: 636,000
Rows read: 638,000
Rows read: 640,000
Rows read: 642,000
Rows read: 644,000
Rows read: 646,000
Rows read: 648,000
Rows read: 650,000
Rows read: 652,000
Rows read: 654,000
Rows read: 656,000
Rows read: 658,000
Rows read: 660,000
Rows read: 662,000
Rows read: 664,000
Rows read: 666,000
Rows read: 668,000
Rows read: 670,000
Rows read: 672,000
Rows read: 674,000
Rows read: 676,000
Rows read: 678,000
Rows read: 680,000
Rows read: 682,000
Rows read: 684,000
Rows read: 686,000
Rows read: 688,000
Rows read: 690,000
Rows read: 692,000
Rows read: 694,000
Rows read: 696,000
Rows read: 698,000
Rows read: 700,000
Rows read: 702,000
Rows read: 704,000
Rows read: 706,000
Rows read: 708,000
Rows read: 710,000
Rows read: 712,000
Rows read: 714,000
Rows read: 716,000
Rows read: 718,000
Rows read: 720,000
Rows read: 722,000
Rows read: 724,000
Rows read: 726,000
Rows read: 728,000
Rows read: 730,000
Rows read: 732,000
Rows read: 734,000
Rows read: 736,000
Rows read: 738,000
Rows read: 740,000
Rows read: 742,000
Rows read: 744,000
Rows read: 746,000
Rows read: 748,000
Rows read: 750,000
Rows read: 752,000
Rows read: 754,000
Rows read: 756,000
Rows read: 758,000
Rows read: 760,000
Rows read: 762,000
Rows read: 764,000
Rows read: 766,000
Rows read: 768,000
Rows read: 770,000
Rows read: 772,000
Rows read: 774,000
Rows read: 776,000
Rows read: 778,000
Rows read: 780,000
Rows read: 782,000
Rows read: 784,000
Rows read: 786,000
Rows read: 788,000
Rows read: 790,000
Rows read: 792,000
Rows read: 794,000
Rows read: 796,000
Rows read: 798,000
Rows read: 800,000
Rows read: 802,000
Rows read: 804,000
Rows read: 806,000
Rows read: 808,000
Rows read: 810,000
Rows read: 812,000
Rows read: 814,000
Rows read: 816,000
Rows read: 818,000
Rows read: 820,000
Rows read: 822,000
Rows read: 824,000
Rows read: 826,000
Rows read: 828,000
Rows read: 830,000
Rows read: 832,000
Rows read: 834,000
Rows read: 836,000
Rows read: 838,000
Rows read: 840,000
Rows read: 842,000
Rows read: 844,000
Rows read: 846,000
Rows read: 848,000
Rows read: 850,000
Rows read: 852,000
Rows read: 854,000
Rows read: 856,000
Rows read: 858,000
Rows read: 860,000
Rows read: 862,000
Rows read: 864,000
Rows read: 866,000
Rows read: 868,000
Rows read: 870,000
Rows read: 872,000
Rows read: 874,000
Rows read: 876,000
Rows read: 878,000
Rows read: 880,000
Rows read: 882,000
Rows read: 884,000
Rows read: 886,000
Rows read: 888,000
Rows read: 890,000
Rows read: 892,000
Rows read: 894,000
Rows read: 896,000
Rows read: 898,000
Rows read: 900,000
Rows read: 902,000
Rows read: 904,000
Rows read: 906,000
Rows read: 908,000
Rows read: 910,000
Rows read: 912,000
Rows read: 914,000
Rows read: 916,000
Rows read: 918,000
Rows read: 920,000
Rows read: 922,000
Rows read: 924,000
Rows read: 926,000
Rows read: 928,000
Rows read: 930,000
Rows read: 932,000
Rows read: 934,000
Rows read: 936,000
Rows read: 938,000
Rows read: 940,000
Rows read: 942,000
Rows read: 944,000
Rows read: 946,000
Rows read: 948,000
Rows read: 950,000
Rows read: 952,000
Rows read: 954,000
Rows read: 956,000
Rows read: 958,000
Rows read: 960,000
Rows read: 962,000
Rows read: 964,000
Rows read: 966,000
Rows read: 968,000
Rows read: 970,000
Rows read: 972,000
Rows read: 974,000
Rows read: 976,000
Rows read: 978,000
Rows read: 980,000
Rows read: 982,000
Rows read: 984,000
Rows read: 986,000
Rows read: 988,000
Rows read: 990,000
Rows read: 992,000
Rows read: 994,000
Rows read: 996,000
Rows read: 998,000
Rows read: 1,000,000
Rows read: 1,002,000
Rows read: 1,004,000
Rows read: 1,006,000
Rows read: 1,008,000
Rows read: 1,010,000
Rows read: 1,012,000
Rows read: 1,014,000
Rows read: 1,016,000
Rows read: 1,018,000
Rows read: 1,020,000
Rows read: 1,022,000
Rows read: 1,024,000
Rows read: 1,026,000
Rows read: 1,028,000
Rows read: 1,030,000
Rows read: 1,032,000
Rows read: 1,034,000
Rows read: 1,036,000
Rows read: 1,038,000
Rows read: 1,040,000
Rows read: 1,042,000
Rows read: 1,044,000
Rows read: 1,046,000
Rows read: 1,048,000
Rows read: 1,050,000
Rows read: 1,052,000
Rows read: 1,054,000
Rows read: 1,056,000
Rows read: 1,058,000
Rows read: 1,060,000
Rows read: 1,062,000
Rows read: 1,064,000
Rows read: 1,066,000
Rows read: 1,068,000
Rows read: 1,070,000
Rows read: 1,072,000
Rows read: 1,074,000
Rows read: 1,076,000
Rows read: 1,078,000
Rows read: 1,080,000
Rows read: 1,082,000
Rows read: 1,084,000
Rows read: 1,086,000
Rows read: 1,088,000
Rows read: 1,090,000
Rows read: 1,092,000
Rows read: 1,094,000
Rows read: 1,096,000
Rows read: 1,098,000
Rows read: 1,100,000
Rows read: 1,102,000
Rows read: 1,104,000
Rows read: 1,106,000
Rows read: 1,108,000
Rows read: 1,110,000
Rows read: 1,112,000
Rows read: 1112555 done.
Rows read: 2,000
Rows read: 3493 done.
Rows read: 9 done.
Processing covariates
Task finished in 0.000999999999990564 seconds
Processing gene expression data (imputation, residualization)
Task finished in 0.0580000000000069 seconds
Creating output file(s)
Task finished in 0.00699999999999079 seconds
Performing eQTL analysis
 0.68% done, 217,626 eQTLs
 1.36% done, 377,053 eQTLs
 2.05% done, 666,497 eQTLs
 2.73% done, 880,317 eQTLs
 3.42% done, 1,061,866 eQTLs
 4.10% done, 1,195,116 eQTLs
 4.79% done, 1,379,127 eQTLs
 5.47% done, 1,517,001 eQTLs
 6.16% done, 1,723,998 eQTLs
 6.84% done, 1,879,515 eQTLs
 7.53% done, 2,112,138 eQTLs
 8.21% done, 2,279,783 eQTLs
 8.90% done, 2,471,380 eQTLs
 9.58% done, 2,612,561 eQTLs
10.27% done, 2,829,727 eQTLs
10.95% done, 2,982,710 eQTLs
11.64% done, 3,183,240 eQTLs
12.32% done, 3,332,026 eQTLs
13.01% done, 3,505,097 eQTLs
13.69% done, 3,635,705 eQTLs
14.38% done, 3,865,595 eQTLs
15.06% done, 4,039,177 eQTLs
15.75% done, 4,264,153 eQTLs
16.43% done, 4,433,889 eQTLs
17.12% done, 4,630,046 eQTLs
17.80% done, 4,772,770 eQTLs
18.49% done, 4,950,248 eQTLs
19.17% done, 5,082,463 eQTLs
19.86% done, 5,293,007 eQTLs
20.54% done, 5,450,861 eQTLs
21.23% done, 5,610,389 eQTLs
21.91% done, 5,727,522 eQTLs
22.60% done, 5,928,386 eQTLs
23.28% done, 6,076,270 eQTLs
23.97% done, 6,286,592 eQTLs
24.65% done, 6,440,836 eQTLs
25.34% done, 6,681,126 eQTLs
26.02% done, 6,862,318 eQTLs
26.71% done, 7,056,972 eQTLs
27.39% done, 7,207,119 eQTLs
28.08% done, 7,422,128 eQTLs
28.76% done, 7,587,479 eQTLs
29.45% done, 7,793,628 eQTLs
30.13% done, 7,948,423 eQTLs
30.82% done, 8,139,904 eQTLs
31.50% done, 8,289,629 eQTLs
32.19% done, 8,500,203 eQTLs
32.87% done, 8,653,216 eQTLs
33.56% done, 8,895,564 eQTLs
34.24% done, 9,074,805 eQTLs
34.93% done, 9,271,925 eQTLs
35.61% done, 9,415,134 eQTLs
36.30% done, 9,609,572 eQTLs
36.98% done, 9,748,599 eQTLs
37.67% done, 9,945,250 eQTLs
38.35% done, 10,088,724 eQTLs
39.04% done, 10,293,970 eQTLs
39.72% done, 10,445,587 eQTLs
40.41% done, 10,620,739 eQTLs
41.09% done, 10,749,014 eQTLs
41.78% done, 10,952,117 eQTLs
42.46% done, 11,098,591 eQTLs
43.15% done, 11,363,986 eQTLs
43.83% done, 11,562,346 eQTLs
44.52% done, 11,779,635 eQTLs
45.20% done, 11,939,629 eQTLs
45.89% done, 12,144,905 eQTLs
46.57% done, 12,289,755 eQTLs
47.26% done, 12,478,912 eQTLs
47.94% done, 12,613,669 eQTLs
48.63% done, 12,795,421 eQTLs
49.31% done, 12,929,926 eQTLs
50.00% done, 13,139,632 eQTLs
50.68% done, 13,291,420 eQTLs
51.36% done, 13,480,002 eQTLs
52.05% done, 13,625,670 eQTLs
52.73% done, 13,819,101 eQTLs
53.42% done, 13,961,651 eQTLs
54.10% done, 14,166,461 eQTLs
54.79% done, 14,318,820 eQTLs
55.47% done, 14,571,682 eQTLs
56.16% done, 14,755,863 eQTLs
56.84% done, 14,950,703 eQTLs
57.53% done, 15,089,429 eQTLs
58.21% done, 15,270,193 eQTLs
58.90% done, 15,400,618 eQTLs
59.58% done, 15,613,135 eQTLs
60.27% done, 15,773,432 eQTLs
60.95% done, 15,955,840 eQTLs
61.64% done, 16,088,778 eQTLs
62.32% done, 16,340,489 eQTLs
63.01% done, 16,528,464 eQTLs
63.69% done, 16,719,417 eQTLs
64.38% done, 16,858,909 eQTLs
65.06% done, 17,067,202 eQTLs
65.75% done, 17,221,951 eQTLs
66.43% done, 17,397,243 eQTLs
67.12% done, 17,524,144 eQTLs
67.80% done, 17,720,127 eQTLs
68.49% done, 17,870,327 eQTLs
69.17% done, 18,134,598 eQTLs
69.86% done, 18,331,648 eQTLs
70.54% done, 18,500,449 eQTLs
71.23% done, 18,621,452 eQTLs
71.91% done, 18,800,034 eQTLs
72.60% done, 18,934,710 eQTLs
73.28% done, 19,148,193 eQTLs
73.97% done, 19,308,592 eQTLs
74.65% done, 19,519,021 eQTLs
75.34% done, 19,676,545 eQTLs
76.02% done, 19,887,679 eQTLs
76.71% done, 20,042,401 eQTLs
77.39% done, 20,284,775 eQTLs
78.08% done, 20,462,832 eQTLs
78.76% done, 20,645,902 eQTLs
79.45% done, 20,782,631 eQTLs
80.13% done, 21,041,092 eQTLs
80.82% done, 21,230,440 eQTLs
81.50% done, 21,407,972 eQTLs
82.19% done, 21,538,398 eQTLs
82.87% done, 21,760,697 eQTLs
83.56% done, 21,926,243 eQTLs
84.24% done, 22,107,277 eQTLs
84.93% done, 22,238,473 eQTLs
85.61% done, 22,412,581 eQTLs
86.30% done, 22,542,970 eQTLs
86.98% done, 22,774,541 eQTLs
87.67% done, 22,948,356 eQTLs
88.35% done, 23,155,917 eQTLs
89.04% done, 23,305,333 eQTLs
89.72% done, 23,510,955 eQTLs
90.41% done, 23,665,661 eQTLs
91.09% done, 23,846,947 eQTLs
91.78% done, 23,983,855 eQTLs
92.46% done, 24,173,742 eQTLs
93.15% done, 24,312,563 eQTLs
93.83% done, 24,487,660 eQTLs
94.52% done, 24,617,985 eQTLs
95.20% done, 24,819,581 eQTLs
95.89% done, 24,969,168 eQTLs
96.57% done, 25,132,432 eQTLs
97.26% done, 25,258,120 eQTLs
97.94% done, 25,602,434 eQTLs
98.63% done, 25,854,063 eQTLs
99.31% done, 25,945,837 eQTLs
100.00% done, 26,013,377 eQTLs
Task finished in 195.589 seconds

Warning message:
In Matrix_eQTL_main(snps = snps, gene = gene, cvrt = cvrt, output_file_name = output_file_name,  :
  Warning: pvOutputThreshold may be too large.
Expected number of findings > 25298925.75
