Loading required package: carData
Parsed with column specification:
cols(
  .default = col_double(),
  Protein = col_character()
)
See spec(...) for full column specifications.
Warning message:
Setting row names on a tibble is deprecated. 
Rows read: 2,000
Rows read: 4,000
Rows read: 6,000
Rows read: 8,000
Rows read: 10,000
Rows read: 12,000
Rows read: 14,000
Rows read: 16,000
Rows read: 18,000
Rows read: 20,000
Rows read: 22,000
Rows read: 24,000
Rows read: 26,000
Rows read: 28,000
Rows read: 30,000
Rows read: 32,000
Rows read: 34,000
Rows read: 36,000
Rows read: 38,000
Rows read: 40,000
Rows read: 42,000
Rows read: 44,000
Rows read: 46,000
Rows read: 48,000
Rows read: 50,000
Rows read: 52,000
Rows read: 54,000
Rows read: 56,000
Rows read: 58,000
Rows read: 60,000
Rows read: 62,000
Rows read: 64,000
Rows read: 66,000
Rows read: 68,000
Rows read: 70,000
Rows read: 72,000
Rows read: 74,000
Rows read: 76,000
Rows read: 78,000
Rows read: 80,000
Rows read: 82,000
Rows read: 84,000
Rows read: 86,000
Rows read: 88,000
Rows read: 90,000
Rows read: 92,000
Rows read: 94,000
Rows read: 96,000
Rows read: 98,000
Rows read: 100,000
Rows read: 102,000
Rows read: 104,000
Rows read: 106,000
Rows read: 108,000
Rows read: 110,000
Rows read: 112,000
Rows read: 114,000
Rows read: 116,000
Rows read: 118,000
Rows read: 120,000
Rows read: 122,000
Rows read: 124,000
Rows read: 126,000
Rows read: 128,000
Rows read: 130,000
Rows read: 132,000
Rows read: 134,000
Rows read: 136,000
Rows read: 138,000
Rows read: 140,000
Rows read: 142,000
Rows read: 144,000
Rows read: 146,000
Rows read: 148,000
Rows read: 150,000
Rows read: 152,000
Rows read: 154,000
Rows read: 156,000
Rows read: 158,000
Rows read: 160,000
Rows read: 162,000
Rows read: 164,000
Rows read: 166,000
Rows read: 168,000
Rows read: 170,000
Rows read: 172,000
Rows read: 174,000
Rows read: 176,000
Rows read: 178,000
Rows read: 180,000
Rows read: 182,000
Rows read: 184,000
Rows read: 186,000
Rows read: 188,000
Rows read: 190,000
Rows read: 192,000
Rows read: 194,000
Rows read: 196,000
Rows read: 198,000
Rows read: 200,000
Rows read: 202,000
Rows read: 204,000
Rows read: 206,000
Rows read: 208,000
Rows read: 210,000
Rows read: 212,000
Rows read: 214,000
Rows read: 216,000
Rows read: 218,000
Rows read: 220,000
Rows read: 222,000
Rows read: 224,000
Rows read: 226,000
Rows read: 228,000
Rows read: 230,000
Rows read: 232,000
Rows read: 234,000
Rows read: 236,000
Rows read: 238,000
Rows read: 240,000
Rows read: 242,000
Rows read: 244,000
Rows read: 246,000
Rows read: 248,000
Rows read: 250,000
Rows read: 252,000
Rows read: 254,000
Rows read: 256,000
Rows read: 258,000
Rows read: 260,000
Rows read: 262,000
Rows read: 264,000
Rows read: 266,000
Rows read: 268,000
Rows read: 270,000
Rows read: 272,000
Rows read: 274,000
Rows read: 276,000
Rows read: 278,000
Rows read: 280,000
Rows read: 282,000
Rows read: 284,000
Rows read: 286,000
Rows read: 288,000
Rows read: 290,000
Rows read: 292,000
Rows read: 294,000
Rows read: 296,000
Rows read: 298,000
Rows read: 300,000
Rows read: 302,000
Rows read: 304,000
Rows read: 306,000
Rows read: 308,000
Rows read: 310,000
Rows read: 312,000
Rows read: 314,000
Rows read: 316,000
Rows read: 318,000
Rows read: 320,000
Rows read: 322,000
Rows read: 324,000
Rows read: 326,000
Rows read: 328,000
Rows read: 330,000
Rows read: 332,000
Rows read: 334,000
Rows read: 336,000
Rows read: 338,000
Rows read: 340,000
Rows read: 342,000
Rows read: 344,000
Rows read: 346,000
Rows read: 348,000
Rows read: 350,000
Rows read: 352,000
Rows read: 354,000
Rows read: 356,000
Rows read: 358,000
Rows read: 360,000
Rows read: 362,000
Rows read: 364,000
Rows read: 366,000
Rows read: 368,000
Rows read: 370,000
Rows read: 372,000
Rows read: 374,000
Rows read: 376,000
Rows read: 378,000
Rows read: 380,000
Rows read: 382,000
Rows read: 384,000
Rows read: 386,000
Rows read: 388,000
Rows read: 390,000
Rows read: 392,000
Rows read: 394,000
Rows read: 396,000
Rows read: 398,000
Rows read: 400,000
Rows read: 402,000
Rows read: 404,000
Rows read: 406,000
Rows read: 408,000
Rows read: 410,000
Rows read: 412,000
Rows read: 414,000
Rows read: 416,000
Rows read: 418,000
Rows read: 420,000
Rows read: 422,000
Rows read: 424,000
Rows read: 426,000
Rows read: 428,000
Rows read: 430,000
Rows read: 432,000
Rows read: 434,000
Rows read: 436,000
Rows read: 438,000
Rows read: 440,000
Rows read: 442,000
Rows read: 444,000
Rows read: 446,000
Rows read: 448,000
Rows read: 450,000
Rows read: 452,000
Rows read: 454,000
Rows read: 456,000
Rows read: 458,000
Rows read: 460,000
Rows read: 462,000
Rows read: 464,000
Rows read: 466,000
Rows read: 468,000
Rows read: 470,000
Rows read: 472,000
Rows read: 474,000
Rows read: 476,000
Rows read: 478,000
Rows read: 480,000
Rows read: 482,000
Rows read: 484,000
Rows read: 486,000
Rows read: 488,000
Rows read: 490,000
Rows read: 492,000
Rows read: 494,000
Rows read: 496,000
Rows read: 498,000
Rows read: 500,000
Rows read: 502,000
Rows read: 504,000
Rows read: 506,000
Rows read: 508,000
Rows read: 510,000
Rows read: 512,000
Rows read: 514,000
Rows read: 516,000
Rows read: 518,000
Rows read: 520,000
Rows read: 522,000
Rows read: 524,000
Rows read: 526,000
Rows read: 528,000
Rows read: 530,000
Rows read: 532,000
Rows read: 534,000
Rows read: 536,000
Rows read: 538,000
Rows read: 540,000
Rows read: 542,000
Rows read: 544,000
Rows read: 546,000
Rows read: 548,000
Rows read: 550,000
Rows read: 552,000
Rows read: 554,000
Rows read: 556,000
Rows read: 558,000
Rows read: 560,000
Rows read: 562,000
Rows read: 564,000
Rows read: 566,000
Rows read: 568,000
Rows read: 570,000
Rows read: 572,000
Rows read: 574,000
Rows read: 576,000
Rows read: 578,000
Rows read: 580,000
Rows read: 582,000
Rows read: 584,000
Rows read: 586,000
Rows read: 588,000
Rows read: 590,000
Rows read: 592,000
Rows read: 594,000
Rows read: 596,000
Rows read: 598,000
Rows read: 600,000
Rows read: 602,000
Rows read: 604,000
Rows read: 606,000
Rows read: 608,000
Rows read: 610,000
Rows read: 612,000
Rows read: 614,000
Rows read: 616,000
Rows read: 618,000
Rows read: 620,000
Rows read: 622,000
Rows read: 624,000
Rows read: 626,000
Rows read: 628,000
Rows read: 630,000
Rows read: 632,000
Rows read: 634,000
Rows read: 636,000
Rows read: 638,000
Rows read: 640,000
Rows read: 642,000
Rows read: 644,000
Rows read: 646,000
Rows read: 648,000
Rows read: 650,000
Rows read: 652,000
Rows read: 654,000
Rows read: 656,000
Rows read: 658,000
Rows read: 660,000
Rows read: 662,000
Rows read: 664,000
Rows read: 666,000
Rows read: 668,000
Rows read: 670,000
Rows read: 672,000
Rows read: 674,000
Rows read: 676,000
Rows read: 678,000
Rows read: 680,000
Rows read: 682,000
Rows read: 684,000
Rows read: 686,000
Rows read: 688,000
Rows read: 690,000
Rows read: 692,000
Rows read: 694,000
Rows read: 696,000
Rows read: 698,000
Rows read: 700,000
Rows read: 702,000
Rows read: 704,000
Rows read: 706,000
Rows read: 708,000
Rows read: 710,000
Rows read: 712,000
Rows read: 714,000
Rows read: 716,000
Rows read: 718,000
Rows read: 720,000
Rows read: 722,000
Rows read: 724,000
Rows read: 726,000
Rows read: 728,000
Rows read: 730,000
Rows read: 732,000
Rows read: 734,000
Rows read: 736,000
Rows read: 738,000
Rows read: 740,000
Rows read: 742,000
Rows read: 744,000
Rows read: 746,000
Rows read: 748,000
Rows read: 750,000
Rows read: 752,000
Rows read: 754,000
Rows read: 756,000
Rows read: 758,000
Rows read: 760,000
Rows read: 762,000
Rows read: 764,000
Rows read: 766,000
Rows read: 768,000
Rows read: 770,000
Rows read: 772,000
Rows read: 774,000
Rows read: 776,000
Rows read: 778,000
Rows read: 780,000
Rows read: 782,000
Rows read: 784,000
Rows read: 786,000
Rows read: 788,000
Rows read: 790,000
Rows read: 792,000
Rows read: 794,000
Rows read: 796,000
Rows read: 798,000
Rows read: 800,000
Rows read: 802,000
Rows read: 804,000
Rows read: 806,000
Rows read: 808,000
Rows read: 810,000
Rows read: 812,000
Rows read: 814,000
Rows read: 816,000
Rows read: 818,000
Rows read: 820,000
Rows read: 822,000
Rows read: 824,000
Rows read: 826,000
Rows read: 828,000
Rows read: 830,000
Rows read: 832,000
Rows read: 834,000
Rows read: 836,000
Rows read: 838,000
Rows read: 840,000
Rows read: 842,000
Rows read: 844,000
Rows read: 846,000
Rows read: 848,000
Rows read: 850,000
Rows read: 852,000
Rows read: 854,000
Rows read: 856,000
Rows read: 858,000
Rows read: 860,000
Rows read: 862,000
Rows read: 864,000
Rows read: 866,000
Rows read: 868,000
Rows read: 870,000
Rows read: 872,000
Rows read: 874,000
Rows read: 876,000
Rows read: 878,000
Rows read: 880,000
Rows read: 882,000
Rows read: 884,000
Rows read: 886,000
Rows read: 888,000
Rows read: 890,000
Rows read: 892,000
Rows read: 894,000
Rows read: 896,000
Rows read: 898,000
Rows read: 900,000
Rows read: 902,000
Rows read: 904,000
Rows read: 906,000
Rows read: 908,000
Rows read: 910,000
Rows read: 912,000
Rows read: 914,000
Rows read: 916,000
Rows read: 918,000
Rows read: 920,000
Rows read: 922,000
Rows read: 924,000
Rows read: 926,000
Rows read: 928,000
Rows read: 930,000
Rows read: 932,000
Rows read: 934,000
Rows read: 936,000
Rows read: 938,000
Rows read: 940,000
Rows read: 942,000
Rows read: 944,000
Rows read: 946,000
Rows read: 948,000
Rows read: 950,000
Rows read: 952,000
Rows read: 954,000
Rows read: 956,000
Rows read: 958,000
Rows read: 960,000
Rows read: 962,000
Rows read: 964,000
Rows read: 966,000
Rows read: 968,000
Rows read: 970,000
Rows read: 972,000
Rows read: 974,000
Rows read: 976,000
Rows read: 978,000
Rows read: 980,000
Rows read: 982,000
Rows read: 984,000
Rows read: 986,000
Rows read: 988,000
Rows read: 990,000
Rows read: 992,000
Rows read: 994,000
Rows read: 996,000
Rows read: 998,000
Rows read: 1,000,000
Rows read: 1,002,000
Rows read: 1,004,000
Rows read: 1,006,000
Rows read: 1,008,000
Rows read: 1,010,000
Rows read: 1,012,000
Rows read: 1,014,000
Rows read: 1,016,000
Rows read: 1,018,000
Rows read: 1,020,000
Rows read: 1,022,000
Rows read: 1,024,000
Rows read: 1,026,000
Rows read: 1,028,000
Rows read: 1,030,000
Rows read: 1,032,000
Rows read: 1,034,000
Rows read: 1,036,000
Rows read: 1,038,000
Rows read: 1,040,000
Rows read: 1,042,000
Rows read: 1,044,000
Rows read: 1,046,000
Rows read: 1,048,000
Rows read: 1,050,000
Rows read: 1,052,000
Rows read: 1,054,000
Rows read: 1,056,000
Rows read: 1,058,000
Rows read: 1,060,000
Rows read: 1,062,000
Rows read: 1,064,000
Rows read: 1,066,000
Rows read: 1,068,000
Rows read: 1,070,000
Rows read: 1,072,000
Rows read: 1,074,000
Rows read: 1,076,000
Rows read: 1,078,000
Rows read: 1,080,000
Rows read: 1,082,000
Rows read: 1,084,000
Rows read: 1,086,000
Rows read: 1,088,000
Rows read: 1,090,000
Rows read: 1,092,000
Rows read: 1,094,000
Rows read: 1,096,000
Rows read: 1,098,000
Rows read: 1,100,000
Rows read: 1,102,000
Rows read: 1,104,000
Rows read: 1,106,000
Rows read: 1,108,000
Rows read: 1,110,000
Rows read: 1,112,000
Rows read: 1,114,000
Rows read: 1,116,000
Rows read: 1,118,000
Rows read: 1,120,000
Rows read: 1,122,000
Rows read: 1,124,000
Rows read: 1,126,000
Rows read: 1,128,000
Rows read: 1,130,000
Rows read: 1,132,000
Rows read: 1,134,000
Rows read: 1,136,000
Rows read: 1,138,000
Rows read: 1,140,000
Rows read: 1,142,000
Rows read: 1,144,000
Rows read: 1,146,000
Rows read: 1,148,000
Rows read: 1,150,000
Rows read: 1,152,000
Rows read: 1,154,000
Rows read: 1,156,000
Rows read: 1,158,000
Rows read: 1,160,000
Rows read: 1,162,000
Rows read: 1,164,000
Rows read: 1,166,000
Rows read: 1,168,000
Rows read: 1,170,000
Rows read: 1,172,000
Rows read: 1,174,000
Rows read: 1,176,000
Rows read: 1,178,000
Rows read: 1,180,000
Rows read: 1,182,000
Rows read: 1,184,000
Rows read: 1,186,000
Rows read: 1,188,000
Rows read: 1,190,000
Rows read: 1,192,000
Rows read: 1,194,000
Rows read: 1,196,000
Rows read: 1,198,000
Rows read: 1,200,000
Rows read: 1,202,000
Rows read: 1,204,000
Rows read: 1,206,000
Rows read: 1,208,000
Rows read: 1,210,000
Rows read: 1,212,000
Rows read: 1,214,000
Rows read: 1,216,000
Rows read: 1,218,000
Rows read: 1,220,000
Rows read: 1,222,000
Rows read: 1,224,000
Rows read: 1,226,000
Rows read: 1,228,000
Rows read: 1,230,000
Rows read: 1,232,000
Rows read: 1,234,000
Rows read: 1,236,000
Rows read: 1,238,000
Rows read: 1,240,000
Rows read: 1,242,000
Rows read: 1,244,000
Rows read: 1,246,000
Rows read: 1,248,000
Rows read: 1,250,000
Rows read: 1,252,000
Rows read: 1,254,000
Rows read: 1,256,000
Rows read: 1,258,000
Rows read: 1,260,000
Rows read: 1,262,000
Rows read: 1,264,000
Rows read: 1,266,000
Rows read: 1,268,000
Rows read: 1,270,000
Rows read: 1,272,000
Rows read: 1,274,000
Rows read: 1,276,000
Rows read: 1,278,000
Rows read: 1,280,000
Rows read: 1,282,000
Rows read: 1,284,000
Rows read: 1,286,000
Rows read: 1,288,000
Rows read: 1,290,000
Rows read: 1,292,000
Rows read: 1,294,000
Rows read: 1,296,000
Rows read: 1,298,000
Rows read: 1,300,000
Rows read: 1,302,000
Rows read: 1,304,000
Rows read: 1,306,000
Rows read: 1,308,000
Rows read: 1,310,000
Rows read: 1,312,000
Rows read: 1,314,000
Rows read: 1,316,000
Rows read: 1,318,000
Rows read: 1,320,000
Rows read: 1,322,000
Rows read: 1,324,000
Rows read: 1,326,000
Rows read: 1,328,000
Rows read: 1,330,000
Rows read: 1,332,000
Rows read: 1,334,000
Rows read: 1,336,000
Rows read: 1,338,000
Rows read: 1,340,000
Rows read: 1,342,000
Rows read: 1,344,000
Rows read: 1,346,000
Rows read: 1,348,000
Rows read: 1,350,000
Rows read: 1,352,000
Rows read: 1,354,000
Rows read: 1,356,000
Rows read: 1,358,000
Rows read: 1,360,000
Rows read: 1,362,000
Rows read: 1,364,000
Rows read: 1,366,000
Rows read: 1,368,000
Rows read: 1,370,000
Rows read: 1,372,000
Rows read: 1,374,000
Rows read: 1,376,000
Rows read: 1,378,000
Rows read: 1,380,000
Rows read: 1,382,000
Rows read: 1,384,000
Rows read: 1,386,000
Rows read: 1,388,000
Rows read: 1,390,000
Rows read: 1,392,000
Rows read: 1,394,000
Rows read: 1,396,000
Rows read: 1,398,000
Rows read: 1,400,000
Rows read: 1,402,000
Rows read: 1,404,000
Rows read: 1,406,000
Rows read: 1,408,000
Rows read: 1,410,000
Rows read: 1,412,000
Rows read: 1,414,000
Rows read: 1,416,000
Rows read: 1,418,000
Rows read: 1,420,000
Rows read: 1,422,000
Rows read: 1,424,000
Rows read: 1,426,000
Rows read: 1,428,000
Rows read: 1,430,000
Rows read: 1,432,000
Rows read: 1,434,000
Rows read: 1,436,000
Rows read: 1,438,000
Rows read: 1,440,000
Rows read: 1,442,000
Rows read: 1,444,000
Rows read: 1,446,000
Rows read: 1,448,000
Rows read: 1,450,000
Rows read: 1,452,000
Rows read: 1,454,000
Rows read: 1,456,000
Rows read: 1,458,000
Rows read: 1,460,000
Rows read: 1,462,000
Rows read: 1,464,000
Rows read: 1,466,000
Rows read: 1,468,000
Rows read: 1,470,000
Rows read: 1,472,000
Rows read: 1,474,000
Rows read: 1,476,000
Rows read: 1,478,000
Rows read: 1,480,000
Rows read: 1,482,000
Rows read: 1,484,000
Rows read: 1,486,000
Rows read: 1,488,000
Rows read: 1,490,000
Rows read: 1,492,000
Rows read: 1,494,000
Rows read: 1,496,000
Rows read: 1,498,000
Rows read: 1,500,000
Rows read: 1,502,000
Rows read: 1,504,000
Rows read: 1,506,000
Rows read: 1,508,000
Rows read: 1,510,000
Rows read: 1,512,000
Rows read: 1,514,000
Rows read: 1,516,000
Rows read: 1,518,000
Rows read: 1,520,000
Rows read: 1,522,000
Rows read: 1,524,000
Rows read: 1,526,000
Rows read: 1,528,000
Rows read: 1,530,000
Rows read: 1,532,000
Rows read: 1,534,000
Rows read: 1,536,000
Rows read: 1,538,000
Rows read: 1,540,000
Rows read: 1,542,000
Rows read: 1,544,000
Rows read: 1,546,000
Rows read: 1,548,000
Rows read: 1,550,000
Rows read: 1,552,000
Rows read: 1,554,000
Rows read: 1,556,000
Rows read: 1,558,000
Rows read: 1,560,000
Rows read: 1,562,000
Rows read: 1,564,000
Rows read: 1,566,000
Rows read: 1,568,000
Rows read: 1,570,000
Rows read: 1,572,000
Rows read: 1,574,000
Rows read: 1,576,000
Rows read: 1,578,000
Rows read: 1,580,000
Rows read: 1,582,000
Rows read: 1,584,000
Rows read: 1,586,000
Rows read: 1,588,000
Rows read: 1,590,000
Rows read: 1,592,000
Rows read: 1,594,000
Rows read: 1,596,000
Rows read: 1,598,000
Rows read: 1,600,000
Rows read: 1,602,000
Rows read: 1,604,000
Rows read: 1,606,000
Rows read: 1,608,000
Rows read: 1,610,000
Rows read: 1,612,000
Rows read: 1,614,000
Rows read: 1,616,000
Rows read: 1,618,000
Rows read: 1,620,000
Rows read: 1,622,000
Rows read: 1,624,000
Rows read: 1,626,000
Rows read: 1,628,000
Rows read: 1,630,000
Rows read: 1,632,000
Rows read: 1,634,000
Rows read: 1,636,000
Rows read: 1,638,000
Rows read: 1,640,000
Rows read: 1,642,000
Rows read: 1,644,000
Rows read: 1,646,000
Rows read: 1,648,000
Rows read: 1,650,000
Rows read: 1,652,000
Rows read: 1,654,000
Rows read: 1,656,000
Rows read: 1,658,000
Rows read: 1,660,000
Rows read: 1,662,000
Rows read: 1,664,000
Rows read: 1,666,000
Rows read: 1,668,000
Rows read: 1,670,000
Rows read: 1,672,000
Rows read: 1,674,000
Rows read: 1,676,000
Rows read: 1,678,000
Rows read: 1,680,000
Rows read: 1,682,000
Rows read: 1,684,000
Rows read: 1,686,000
Rows read: 1,688,000
Rows read: 1,690,000
Rows read: 1,692,000
Rows read: 1,694,000
Rows read: 1,696,000
Rows read: 1,698,000
Rows read: 1,700,000
Rows read: 1,702,000
Rows read: 1,704,000
Rows read: 1,706,000
Rows read: 1,708,000
Rows read: 1,710,000
Rows read: 1,712,000
Rows read: 1,714,000
Rows read: 1,716,000
Rows read: 1,718,000
Rows read: 1,720,000
Rows read: 1,722,000
Rows read: 1,724,000
Rows read: 1,726,000
Rows read: 1,728,000
Rows read: 1,730,000
Rows read: 1,732,000
Rows read: 1,734,000
Rows read: 1,736,000
Rows read: 1,738,000
Rows read: 1,740,000
Rows read: 1,742,000
Rows read: 1,744,000
Rows read: 1,746,000
Rows read: 1,748,000
Rows read: 1,750,000
Rows read: 1,752,000
Rows read: 1,754,000
Rows read: 1,756,000
Rows read: 1,758,000
Rows read: 1,760,000
Rows read: 1,762,000
Rows read: 1,764,000
Rows read: 1,766,000
Rows read: 1,768,000
Rows read: 1,770,000
Rows read: 1,772,000
Rows read: 1,774,000
Rows read: 1,776,000
Rows read: 1,778,000
Rows read: 1,780,000
Rows read: 1,782,000
Rows read: 1,784,000
Rows read: 1,786,000
Rows read: 1,788,000
Rows read: 1,790,000
Rows read: 1,792,000
Rows read: 1,794,000
Rows read: 1,796,000
Rows read: 1,798,000
Rows read: 1,800,000
Rows read: 1,802,000
Rows read: 1,804,000
Rows read: 1,806,000
Rows read: 1,808,000
Rows read: 1,810,000
Rows read: 1,812,000
Rows read: 1,814,000
Rows read: 1,816,000
Rows read: 1,818,000
Rows read: 1,820,000
Rows read: 1,822,000
Rows read: 1,824,000
Rows read: 1,826,000
Rows read: 1,828,000
Rows read: 1,830,000
Rows read: 1,832,000
Rows read: 1,834,000
Rows read: 1,836,000
Rows read: 1,838,000
Rows read: 1,840,000
Rows read: 1,842,000
Rows read: 1,844,000
Rows read: 1,846,000
Rows read: 1,848,000
Rows read: 1,850,000
Rows read: 1,852,000
Rows read: 1,854,000
Rows read: 1,856,000
Rows read: 1,858,000
Rows read: 1,860,000
Rows read: 1,862,000
Rows read: 1,864,000
Rows read: 1,866,000
Rows read: 1,868,000
Rows read: 1,870,000
Rows read: 1,872,000
Rows read: 1,874,000
Rows read: 1,876,000
Rows read: 1,878,000
Rows read: 1,880,000
Rows read: 1,882,000
Rows read: 1,884,000
Rows read: 1,886,000
Rows read: 1,888,000
Rows read: 1,890,000
Rows read: 1,892,000
Rows read: 1,894,000
Rows read: 1,896,000
Rows read: 1,898,000
Rows read: 1,900,000
Rows read: 1,902,000
Rows read: 1,904,000
Rows read: 1,906,000
Rows read: 1,908,000
Rows read: 1,910,000
Rows read: 1,912,000
Rows read: 1,914,000
Rows read: 1,916,000
Rows read: 1,918,000
Rows read: 1,920,000
Rows read: 1,922,000
Rows read: 1,924,000
Rows read: 1,926,000
Rows read: 1,928,000
Rows read: 1,930,000
Rows read: 1,932,000
Rows read: 1,934,000
Rows read: 1,936,000
Rows read: 1,938,000
Rows read: 1,940,000
Rows read: 1,942,000
Rows read: 1,944,000
Rows read: 1,946,000
Rows read: 1,948,000
Rows read: 1,950,000
Rows read: 1,952,000
Rows read: 1,954,000
Rows read: 1,956,000
Rows read: 1,958,000
Rows read: 1,960,000
Rows read: 1,962,000
Rows read: 1,964,000
Rows read: 1,966,000
Rows read: 1,968,000
Rows read: 1,970,000
Rows read: 1,972,000
Rows read: 1,974,000
Rows read: 1,976,000
Rows read: 1,978,000
Rows read: 1,980,000
Rows read: 1,982,000
Rows read: 1,984,000
Rows read: 1,986,000
Rows read: 1,988,000
Rows read: 1,990,000
Rows read: 1,992,000
Rows read: 1,994,000
Rows read: 1,996,000
Rows read: 1,998,000
Rows read: 2,000,000
Rows read: 2,002,000
Rows read: 2,004,000
Rows read: 2,006,000
Rows read: 2,008,000
Rows read: 2,010,000
Rows read: 2,012,000
Rows read: 2,014,000
Rows read: 2,016,000
Rows read: 2,018,000
Rows read: 2,020,000
Rows read: 2,022,000
Rows read: 2,024,000
Rows read: 2,026,000
Rows read: 2,028,000
Rows read: 2,030,000
Rows read: 2,032,000
Rows read: 2,034,000
Rows read: 2,036,000
Rows read: 2,038,000
Rows read: 2,040,000
Rows read: 2,042,000
Rows read: 2,044,000
Rows read: 2,046,000
Rows read: 2,048,000
Rows read: 2,050,000
Rows read: 2,052,000
Rows read: 2,054,000
Rows read: 2,056,000
Rows read: 2,058,000
Rows read: 2,060,000
Rows read: 2,062,000
Rows read: 2,064,000
Rows read: 2,066,000
Rows read: 2,068,000
Rows read: 2,070,000
Rows read: 2,072,000
Rows read: 2,074,000
Rows read: 2,076,000
Rows read: 2,078,000
Rows read: 2,080,000
Rows read: 2,082,000
Rows read: 2,084,000
Rows read: 2,086,000
Rows read: 2,088,000
Rows read: 2,090,000
Rows read: 2,092,000
Rows read: 2,094,000
Rows read: 2,096,000
Rows read: 2,098,000
Rows read: 2,100,000
Rows read: 2,102,000
Rows read: 2,104,000
Rows read: 2,106,000
Rows read: 2,108,000
Rows read: 2,110,000
Rows read: 2,112,000
Rows read: 2,114,000
Rows read: 2,116,000
Rows read: 2,118,000
Rows read: 2,120,000
Rows read: 2,122,000
Rows read: 2,124,000
Rows read: 2,126,000
Rows read: 2,128,000
Rows read: 2,130,000
Rows read: 2,132,000
Rows read: 2,134,000
Rows read: 2,136,000
Rows read: 2,138,000
Rows read: 2,140,000
Rows read: 2,142,000
Rows read: 2,144,000
Rows read: 2,146,000
Rows read: 2,148,000
Rows read: 2,150,000
Rows read: 2,152,000
Rows read: 2,154,000
Rows read: 2,156,000
Rows read: 2,158,000
Rows read: 2,160,000
Rows read: 2,162,000
Rows read: 2,164,000
Rows read: 2,166,000
Rows read: 2,168,000
Rows read: 2,170,000
Rows read: 2,172,000
Rows read: 2,174,000
Rows read: 2,176,000
Rows read: 2,178,000
Rows read: 2,180,000
Rows read: 2,182,000
Rows read: 2,184,000
Rows read: 2,186,000
Rows read: 2,188,000
Rows read: 2,190,000
Rows read: 2,192,000
Rows read: 2,194,000
Rows read: 2,196,000
Rows read: 2,198,000
Rows read: 2,200,000
Rows read: 2,202,000
Rows read: 2,204,000
Rows read: 2,206,000
Rows read: 2,208,000
Rows read: 2,210,000
Rows read: 2,212,000
Rows read: 2,214,000
Rows read: 2,216,000
Rows read: 2,218,000
Rows read: 2,220,000
Rows read: 2,222,000
Rows read: 2,224,000
Rows read: 2,226,000
Rows read: 2,228,000
Rows read: 2,230,000
Rows read: 2,232,000
Rows read: 2,234,000
Rows read: 2,236,000
Rows read: 2,238,000
Rows read: 2,240,000
Rows read: 2,242,000
Rows read: 2,244,000
Rows read: 2,246,000
Rows read: 2,248,000
Rows read: 2,250,000
Rows read: 2,252,000
Rows read: 2,254,000
Rows read: 2,256,000
Rows read: 2,258,000
Rows read: 2,260,000
Rows read: 2,262,000
Rows read: 2,264,000
Rows read: 2,266,000
Rows read: 2,268,000
Rows read: 2,270,000
Rows read: 2,272,000
Rows read: 2,274,000
Rows read: 2,276,000
Rows read: 2,278,000
Rows read: 2,280,000
Rows read: 2,282,000
Rows read: 2,284,000
Rows read: 2,286,000
Rows read: 2,288,000
Rows read: 2,290,000
Rows read: 2,292,000
Rows read: 2,294,000
Rows read: 2,296,000
Rows read: 2,298,000
Rows read: 2,300,000
Rows read: 2,302,000
Rows read: 2,304,000
Rows read: 2,306,000
Rows read: 2,308,000
Rows read: 2,310,000
Rows read: 2,312,000
Rows read: 2,314,000
Rows read: 2,316,000
Rows read: 2,318,000
Rows read: 2,320,000
Rows read: 2,322,000
Rows read: 2,324,000
Rows read: 2,326,000
Rows read: 2,328,000
Rows read: 2,330,000
Rows read: 2,332,000
Rows read: 2,334,000
Rows read: 2,336,000
Rows read: 2,338,000
Rows read: 2,340,000
Rows read: 2,342,000
Rows read: 2,344,000
Rows read: 2,346,000
Rows read: 2,348,000
Rows read: 2,350,000
Rows read: 2,352,000
Rows read: 2,354,000
Rows read: 2,356,000
Rows read: 2,358,000
Rows read: 2,360,000
Rows read: 2,362,000
Rows read: 2,364,000
Rows read: 2,366,000
Rows read: 2,368,000
Rows read: 2,370,000
Rows read: 2,372,000
Rows read: 2,374,000
Rows read: 2,376,000
Rows read: 2,378,000
Rows read: 2,380,000
Rows read: 2,382,000
Rows read: 2,384,000
Rows read: 2,386,000
Rows read: 2,388,000
Rows read: 2,390,000
Rows read: 2,392,000
Rows read: 2,394,000
Rows read: 2,396,000
Rows read: 2,398,000
Rows read: 2,400,000
Rows read: 2,402,000
Rows read: 2,404,000
Rows read: 2,406,000
Rows read: 2,408,000
Rows read: 2,410,000
Rows read: 2,412,000
Rows read: 2,414,000
Rows read: 2,416,000
Rows read: 2,418,000
Rows read: 2,420,000
Rows read: 2,422,000
Rows read: 2,424,000
Rows read: 2,426,000
Rows read: 2,428,000
Rows read: 2,430,000
Rows read: 2,432,000
Rows read: 2,434,000
Rows read: 2,436,000
Rows read: 2,438,000
Rows read: 2,440,000
Rows read: 2,442,000
Rows read: 2,444,000
Rows read: 2,446,000
Rows read: 2,448,000
Rows read: 2,450,000
Rows read: 2,452,000
Rows read: 2,454,000
Rows read: 2,456,000
Rows read: 2,458,000
Rows read: 2,460,000
Rows read: 2,462,000
Rows read: 2,464,000
Rows read: 2,466,000
Rows read: 2,468,000
Rows read: 2,470,000
Rows read: 2,472,000
Rows read: 2,474,000
Rows read: 2,476,000
Rows read: 2,478,000
Rows read: 2,480,000
Rows read: 2,482,000
Rows read: 2,484,000
Rows read: 2,486,000
Rows read: 2,488,000
Rows read: 2,490,000
Rows read: 2,492,000
Rows read: 2,494,000
Rows read: 2,496,000
Rows read: 2,498,000
Rows read: 2,500,000
Rows read: 2,502,000
Rows read: 2,504,000
Rows read: 2,506,000
Rows read: 2,508,000
Rows read: 2,510,000
Rows read: 2,512,000
Rows read: 2,514,000
Rows read: 2,516,000
Rows read: 2,518,000
Rows read: 2,520,000
Rows read: 2,522,000
Rows read: 2,524,000
Rows read: 2,526,000
Rows read: 2,528,000
Rows read: 2,530,000
Rows read: 2,532,000
Rows read: 2,534,000
Rows read: 2,536,000
Rows read: 2,538,000
Rows read: 2,540,000
Rows read: 2,542,000
Rows read: 2,544,000
Rows read: 2,546,000
Rows read: 2,548,000
Rows read: 2,550,000
Rows read: 2,552,000
Rows read: 2,554,000
Rows read: 2,556,000
Rows read: 2,558,000
Rows read: 2,560,000
Rows read: 2,562,000
Rows read: 2,564,000
Rows read: 2,566,000
Rows read: 2,568,000
Rows read: 2,570,000
Rows read: 2,572,000
Rows read: 2,574,000
Rows read: 2,576,000
Rows read: 2,578,000
Rows read: 2,580,000
Rows read: 2,582,000
Rows read: 2,584,000
Rows read: 2,586,000
Rows read: 2,588,000
Rows read: 2,590,000
Rows read: 2,592,000
Rows read: 2,594,000
Rows read: 2,596,000
Rows read: 2,598,000
Rows read: 2,600,000
Rows read: 2,602,000
Rows read: 2,604,000
Rows read: 2,606,000
Rows read: 2,608,000
Rows read: 2,610,000
Rows read: 2,612,000
Rows read: 2,614,000
Rows read: 2,616,000
Rows read: 2,618,000
Rows read: 2,620,000
Rows read: 2,622,000
Rows read: 2,624,000
Rows read: 2,626,000
Rows read: 2,628,000
Rows read: 2,630,000
Rows read: 2,632,000
Rows read: 2,634,000
Rows read: 2,636,000
Rows read: 2,638,000
Rows read: 2,640,000
Rows read: 2,642,000
Rows read: 2,644,000
Rows read: 2,646,000
Rows read: 2,648,000
Rows read: 2,650,000
Rows read: 2,652,000
Rows read: 2,654,000
Rows read: 2,656,000
Rows read: 2,658,000
Rows read: 2,660,000
Rows read: 2,662,000
Rows read: 2,664,000
Rows read: 2,666,000
Rows read: 2,668,000
Rows read: 2,670,000
Rows read: 2,672,000
Rows read: 2,674,000
Rows read: 2,676,000
Rows read: 2,678,000
Rows read: 2,680,000
Rows read: 2,682,000
Rows read: 2,684,000
Rows read: 2,686,000
Rows read: 2,688,000
Rows read: 2,690,000
Rows read: 2,692,000
Rows read: 2,694,000
Rows read: 2,696,000
Rows read: 2,698,000
Rows read: 2,700,000
Rows read: 2,702,000
Rows read: 2,704,000
Rows read: 2,706,000
Rows read: 2,708,000
Rows read: 2,710,000
Rows read: 2,712,000
Rows read: 2,714,000
Rows read: 2,716,000
Rows read: 2,718,000
Rows read: 2,720,000
Rows read: 2,722,000
Rows read: 2,724,000
Rows read: 2,726,000
Rows read: 2,728,000
Rows read: 2,730,000
Rows read: 2,732,000
Rows read: 2,734,000
Rows read: 2,736,000
Rows read: 2,738,000
Rows read: 2,740,000
Rows read: 2,742,000
Rows read: 2,744,000
Rows read: 2,746,000
Rows read: 2,748,000
Rows read: 2,750,000
Rows read: 2,752,000
Rows read: 2,754,000
Rows read: 2,756,000
Rows read: 2,758,000
Rows read: 2,760,000
Rows read: 2,762,000
Rows read: 2,764,000
Rows read: 2,766,000
Rows read: 2,768,000
Rows read: 2,770,000
Rows read: 2,772,000
Rows read: 2,774,000
Rows read: 2,776,000
Rows read: 2,778,000
Rows read: 2,780,000
Rows read: 2,782,000
Rows read: 2,784,000
Rows read: 2,786,000
Rows read: 2,788,000
Rows read: 2,790,000
Rows read: 2,792,000
Rows read: 2,794,000
Rows read: 2,796,000
Rows read: 2,798,000
Rows read: 2,800,000
Rows read: 2,802,000
Rows read: 2,804,000
Rows read: 2,806,000
Rows read: 2,808,000
Rows read: 2,810,000
Rows read: 2,812,000
Rows read: 2,814,000
Rows read: 2,816,000
Rows read: 2,818,000
Rows read: 2,820,000
Rows read: 2,822,000
Rows read: 2,824,000
Rows read: 2,826,000
Rows read: 2,828,000
Rows read: 2,830,000
Rows read: 2,832,000
Rows read: 2,834,000
Rows read: 2,836,000
Rows read: 2,838,000
Rows read: 2,840,000
Rows read: 2,842,000
Rows read: 2,844,000
Rows read: 2,846,000
Rows read: 2,848,000
Rows read: 2,850,000
Rows read: 2,852,000
Rows read: 2,854,000
Rows read: 2,856,000
Rows read: 2,858,000
Rows read: 2,860,000
Rows read: 2,862,000
Rows read: 2,864,000
Rows read: 2,866,000
Rows read: 2,868,000
Rows read: 2,870,000
Rows read: 2,872,000
Rows read: 2,874,000
Rows read: 2,876,000
Rows read: 2,878,000
Rows read: 2,880,000
Rows read: 2,882,000
Rows read: 2,884,000
Rows read: 2,886,000
Rows read: 2,888,000
Rows read: 2,890,000
Rows read: 2,892,000
Rows read: 2,894,000
Rows read: 2,896,000
Rows read: 2,898,000
Rows read: 2,900,000
Rows read: 2,902,000
Rows read: 2,904,000
Rows read: 2,906,000
Rows read: 2,908,000
Rows read: 2,910,000
Rows read: 2,912,000
Rows read: 2,914,000
Rows read: 2,916,000
Rows read: 2,918,000
Rows read: 2,920,000
Rows read: 2,922,000
Rows read: 2,924,000
Rows read: 2,926,000
Rows read: 2,928,000
Rows read: 2,930,000
Rows read: 2,932,000
Rows read: 2,934,000
Rows read: 2,936,000
Rows read: 2,938,000
Rows read: 2,940,000
Rows read: 2,942,000
Rows read: 2,944,000
Rows read: 2,946,000
Rows read: 2,948,000
Rows read: 2,950,000
Rows read: 2,952,000
Rows read: 2,954,000
Rows read: 2,956,000
Rows read: 2,958,000
Rows read: 2,960,000
Rows read: 2,962,000
Rows read: 2,964,000
Rows read: 2,966,000
Rows read: 2,968,000
Rows read: 2,970,000
Rows read: 2,972,000
Rows read: 2,974,000
Rows read: 2,976,000
Rows read: 2,978,000
Rows read: 2,980,000
Rows read: 2,982,000
Rows read: 2,984,000
Rows read: 2,986,000
Rows read: 2,988,000
Rows read: 2,990,000
Rows read: 2,992,000
Rows read: 2,994,000
Rows read: 2,996,000
Rows read: 2,998,000
Rows read: 3,000,000
Rows read: 3,002,000
Rows read: 3,004,000
Rows read: 3,006,000
Rows read: 3,008,000
Rows read: 3,010,000
Rows read: 3,012,000
Rows read: 3,014,000
Rows read: 3,016,000
Rows read: 3,018,000
Rows read: 3,020,000
Rows read: 3,022,000
Rows read: 3,024,000
Rows read: 3,026,000
Rows read: 3,028,000
Rows read: 3,030,000
Rows read: 3,032,000
Rows read: 3,034,000
Rows read: 3,036,000
Rows read: 3,038,000
Rows read: 3,040,000
Rows read: 3,042,000
Rows read: 3,044,000
Rows read: 3,046,000
Rows read: 3,048,000
Rows read: 3,050,000
Rows read: 3,052,000
Rows read: 3,054,000
Rows read: 3,056,000
Rows read: 3,058,000
Rows read: 3,060,000
Rows read: 3,062,000
Rows read: 3,064,000
Rows read: 3,066,000
Rows read: 3,068,000
Rows read: 3,070,000
Rows read: 3,072,000
Rows read: 3,074,000
Rows read: 3,076,000
Rows read: 3,078,000
Rows read: 3,080,000
Rows read: 3,082,000
Rows read: 3,084,000
Rows read: 3,086,000
Rows read: 3,088,000
Rows read: 3,090,000
Rows read: 3,092,000
Rows read: 3,094,000
Rows read: 3,096,000
Rows read: 3,098,000
Rows read: 3,100,000
Rows read: 3,102,000
Rows read: 3,104,000
Rows read: 3,106,000
Rows read: 3,108,000
Rows read: 3,110,000
Rows read: 3,112,000
Rows read: 3,114,000
Rows read: 3,116,000
Rows read: 3,118,000
Rows read: 3,120,000
Rows read: 3,122,000
Rows read: 3,124,000
Rows read: 3,126,000
Rows read: 3,128,000
Rows read: 3,130,000
Rows read: 3,132,000
Rows read: 3,134,000
Rows read: 3,136,000
Rows read: 3,138,000
Rows read: 3,140,000
Rows read: 3,142,000
Rows read: 3,144,000
Rows read: 3,146,000
Rows read: 3,148,000
Rows read: 3,150,000
Rows read: 3,152,000
Rows read: 3,154,000
Rows read: 3,156,000
Rows read: 3,158,000
Rows read: 3,160,000
Rows read: 3,162,000
Rows read: 3,164,000
Rows read: 3,166,000
Rows read: 3,168,000
Rows read: 3,170,000
Rows read: 3,172,000
Rows read: 3,174,000
Rows read: 3,176,000
Rows read: 3,178,000
Rows read: 3,180,000
Rows read: 3,182,000
Rows read: 3,184,000
Rows read: 3,186,000
Rows read: 3,188,000
Rows read: 3,190,000
Rows read: 3,192,000
Rows read: 3,194,000
Rows read: 3,196,000
Rows read: 3,198,000
Rows read: 3,200,000
Rows read: 3,202,000
Rows read: 3,204,000
Rows read: 3,206,000
Rows read: 3,208,000
Rows read: 3,210,000
Rows read: 3,212,000
Rows read: 3,214,000
Rows read: 3,216,000
Rows read: 3,218,000
Rows read: 3,220,000
Rows read: 3,222,000
Rows read: 3,224,000
Rows read: 3,226,000
Rows read: 3,228,000
Rows read: 3,230,000
Rows read: 3,232,000
Rows read: 3,234,000
Rows read: 3,236,000
Rows read: 3,238,000
Rows read: 3,240,000
Rows read: 3,242,000
Rows read: 3,244,000
Rows read: 3,246,000
Rows read: 3,248,000
Rows read: 3,250,000
Rows read: 3,252,000
Rows read: 3,254,000
Rows read: 3,256,000
Rows read: 3,258,000
Rows read: 3,260,000
Rows read: 3,262,000
Rows read: 3,264,000
Rows read: 3,266,000
Rows read: 3,268,000
Rows read: 3,270,000
Rows read: 3,272,000
Rows read: 3,274,000
Rows read: 3,276,000
Rows read: 3,278,000
Rows read: 3,280,000
Rows read: 3,282,000
Rows read: 3,284,000
Rows read: 3,286,000
Rows read: 3,288,000
Rows read: 3,290,000
Rows read: 3,292,000
Rows read: 3,294,000
Rows read: 3,296,000
Rows read: 3,298,000
Rows read: 3,300,000
Rows read: 3,302,000
Rows read: 3,304,000
Rows read: 3,306,000
Rows read: 3,308,000
Rows read: 3,310,000
Rows read: 3,312,000
Rows read: 3,314,000
Rows read: 3,316,000
Rows read: 3,318,000
Rows read: 3,320,000
Rows read: 3,322,000
Rows read: 3,324,000
Rows read: 3,326,000
Rows read: 3,328,000
Rows read: 3,330,000
Rows read: 3,332,000
Rows read: 3,334,000
Rows read: 3,336,000
Rows read: 3,338,000
Rows read: 3,340,000
Rows read: 3,342,000
Rows read: 3,344,000
Rows read: 3,346,000
Rows read: 3,348,000
Rows read: 3,350,000
Rows read: 3,352,000
Rows read: 3,354,000
Rows read: 3,356,000
Rows read: 3,358,000
Rows read: 3,360,000
Rows read: 3,362,000
Rows read: 3,364,000
Rows read: 3,366,000
Rows read: 3,368,000
Rows read: 3,370,000
Rows read: 3,372,000
Rows read: 3,374,000
Rows read: 3,376,000
Rows read: 3,378,000
Rows read: 3,380,000
Rows read: 3,382,000
Rows read: 3,384,000
Rows read: 3,386,000
Rows read: 3,388,000
Rows read: 3,390,000
Rows read: 3,392,000
Rows read: 3,394,000
Rows read: 3,396,000
Rows read: 3,398,000
Rows read: 3,400,000
Rows read: 3,402,000
Rows read: 3,404,000
Rows read: 3,406,000
Rows read: 3,408,000
Rows read: 3,410,000
Rows read: 3,412,000
Rows read: 3,414,000
Rows read: 3,416,000
Rows read: 3,418,000
Rows read: 3,420,000
Rows read: 3,422,000
Rows read: 3,424,000
Rows read: 3,426,000
Rows read: 3,428,000
Rows read: 3,430,000
Rows read: 3,432,000
Rows read: 3,434,000
Rows read: 3,436,000
Rows read: 3,438,000
Rows read: 3,440,000
Rows read: 3,442,000
Rows read: 3,444,000
Rows read: 3,446,000
Rows read: 3,448,000
Rows read: 3,450,000
Rows read: 3,452,000
Rows read: 3,454,000
Rows read: 3,456,000
Rows read: 3,458,000
Rows read: 3,460,000
Rows read: 3,462,000
Rows read: 3,464,000
Rows read: 3,466,000
Rows read: 3,468,000
Rows read: 3,470,000
Rows read: 3,472,000
Rows read: 3,474,000
Rows read: 3,476,000
Rows read: 3,478,000
Rows read: 3,480,000
Rows read: 3,482,000
Rows read: 3,484,000
Rows read: 3,486,000
Rows read: 3,488,000
Rows read: 3,490,000
Rows read: 3,492,000
Rows read: 3,494,000
Rows read: 3,496,000
Rows read: 3,498,000
Rows read: 3,500,000
Rows read: 3,502,000
Rows read: 3,504,000
Rows read: 3,506,000
Rows read: 3,508,000
Rows read: 3,510,000
Rows read: 3,512,000
Rows read: 3,514,000
Rows read: 3,516,000
Rows read: 3,518,000
Rows read: 3,520,000
Rows read: 3,522,000
Rows read: 3,524,000
Rows read: 3,526,000
Rows read: 3,528,000
Rows read: 3,530,000
Rows read: 3,532,000
Rows read: 3,534,000
Rows read: 3,536,000
Rows read: 3,538,000
Rows read: 3,540,000
Rows read: 3,542,000
Rows read: 3,544,000
Rows read: 3,546,000
Rows read: 3,548,000
Rows read: 3,550,000
Rows read: 3,552,000
Rows read: 3,554,000
Rows read: 3,556,000
Rows read: 3,558,000
Rows read: 3,560,000
Rows read: 3,562,000
Rows read: 3,564,000
Rows read: 3,566,000
Rows read: 3,568,000
Rows read: 3,570,000
Rows read: 3,572,000
Rows read: 3,574,000
Rows read: 3,576,000
Rows read: 3,578,000
Rows read: 3,580,000
Rows read: 3,582,000
Rows read: 3,584,000
Rows read: 3,586,000
Rows read: 3,588,000
Rows read: 3,590,000
Rows read: 3,592,000
Rows read: 3,594,000
Rows read: 3,596,000
Rows read: 3,598,000
Rows read: 3,600,000
Rows read: 3,602,000
Rows read: 3,604,000
Rows read: 3,606,000
Rows read: 3,608,000
Rows read: 3,610,000
Rows read: 3,612,000
Rows read: 3,614,000
Rows read: 3,616,000
Rows read: 3,618,000
Rows read: 3,620,000
Rows read: 3,622,000
Rows read: 3,624,000
Rows read: 3,626,000
Rows read: 3,628,000
Rows read: 3,630,000
Rows read: 3,632,000
Rows read: 3,634,000
Rows read: 3,636,000
Rows read: 3,638,000
Rows read: 3,640,000
Rows read: 3,642,000
Rows read: 3,644,000
Rows read: 3,646,000
Rows read: 3,648,000
Rows read: 3,650,000
Rows read: 3,652,000
Rows read: 3,654,000
Rows read: 3,656,000
Rows read: 3,658,000
Rows read: 3,660,000
Rows read: 3,662,000
Rows read: 3,664,000
Rows read: 3,666,000
Rows read: 3,668,000
Rows read: 3,670,000
Rows read: 3,672,000
Rows read: 3,674,000
Rows read: 3,676,000
Rows read: 3,678,000
Rows read: 3,680,000
Rows read: 3,682,000
Rows read: 3,684,000
Rows read: 3,686,000
Rows read: 3,688,000
Rows read: 3,690,000
Rows read: 3,692,000
Rows read: 3,694,000
Rows read: 3,696,000
Rows read: 3,698,000
Rows read: 3,700,000
Rows read: 3,702,000
Rows read: 3,704,000
Rows read: 3,706,000
Rows read: 3,708,000
Rows read: 3,710,000
Rows read: 3,712,000
Rows read: 3,714,000
Rows read: 3,716,000
Rows read: 3,718,000
Rows read: 3,720,000
Rows read: 3,722,000
Rows read: 3,724,000
Rows read: 3,726,000
Rows read: 3,728,000
Rows read: 3,730,000
Rows read: 3,732,000
Rows read: 3,734,000
Rows read: 3,736,000
Rows read: 3,738,000
Rows read: 3,740,000
Rows read: 3,742,000
Rows read: 3,744,000
Rows read: 3,746,000
Rows read: 3,748,000
Rows read: 3,750,000
Rows read: 3,752,000
Rows read: 3,754,000
Rows read: 3,756,000
Rows read: 3,758,000
Rows read: 3,760,000
Rows read: 3,762,000
Rows read: 3,764,000
Rows read: 3,766,000
Rows read: 3,768,000
Rows read: 3,770,000
Rows read: 3,772,000
Rows read: 3,774,000
Rows read: 3,776,000
Rows read: 3,778,000
Rows read: 3,780,000
Rows read: 3,782,000
Rows read: 3,784,000
Rows read: 3,786,000
Rows read: 3,788,000
Rows read: 3,790,000
Rows read: 3,792,000
Rows read: 3,794,000
Rows read: 3,796,000
Rows read: 3,798,000
Rows read: 3,800,000
Rows read: 3,802,000
Rows read: 3,804,000
Rows read: 3,806,000
Rows read: 3,808,000
Rows read: 3,810,000
Rows read: 3,812,000
Rows read: 3,814,000
Rows read: 3,816,000
Rows read: 3,818,000
Rows read: 3,820,000
Rows read: 3,822,000
Rows read: 3,824,000
Rows read: 3,826,000
Rows read: 3,828,000
Rows read: 3,830,000
Rows read: 3,832,000
Rows read: 3,834,000
Rows read: 3,836,000
Rows read: 3,838,000
Rows read: 3,840,000
Rows read: 3,842,000
Rows read: 3,844,000
Rows read: 3,846,000
Rows read: 3,848,000
Rows read: 3,850,000
Rows read: 3,852,000
Rows read: 3,854,000
Rows read: 3,856,000
Rows read: 3,858,000
Rows read: 3,860,000
Rows read: 3,862,000
Rows read: 3,864,000
Rows read: 3,866,000
Rows read: 3,868,000
Rows read: 3,870,000
Rows read: 3,872,000
Rows read: 3,874,000
Rows read: 3,876,000
Rows read: 3,878,000
Rows read: 3,880,000
Rows read: 3,882,000
Rows read: 3,884,000
Rows read: 3,886,000
Rows read: 3,888,000
Rows read: 3,890,000
Rows read: 3,892,000
Rows read: 3,894,000
Rows read: 3,896,000
Rows read: 3,898,000
Rows read: 3,900,000
Rows read: 3,902,000
Rows read: 3,904,000
Rows read: 3,906,000
Rows read: 3,908,000
Rows read: 3,910,000
Rows read: 3,912,000
Rows read: 3,914,000
Rows read: 3,916,000
Rows read: 3,918,000
Rows read: 3,920,000
Rows read: 3,922,000
Rows read: 3,924,000
Rows read: 3,926,000
Rows read: 3,928,000
Rows read: 3,930,000
Rows read: 3,932,000
Rows read: 3,934,000
Rows read: 3,936,000
Rows read: 3,938,000
Rows read: 3,940,000
Rows read: 3,942,000
Rows read: 3,944,000
Rows read: 3,946,000
Rows read: 3,948,000
Rows read: 3,950,000
Rows read: 3,952,000
Rows read: 3,954,000
Rows read: 3,956,000
Rows read: 3,958,000
Rows read: 3,960,000
Rows read: 3,962,000
Rows read: 3,964,000
Rows read: 3,966,000
Rows read: 3,968,000
Rows read: 3,970,000
Rows read: 3,972,000
Rows read: 3,974,000
Rows read: 3,976,000
Rows read: 3,978,000
Rows read: 3,980,000
Rows read: 3,982,000
Rows read: 3,984,000
Rows read: 3,986,000
Rows read: 3,988,000
Rows read: 3,990,000
Rows read: 3,992,000
Rows read: 3,994,000
Rows read: 3,996,000
Rows read: 3,998,000
Rows read: 4,000,000
Rows read: 4,002,000
Rows read: 4,004,000
Rows read: 4,006,000
Rows read: 4,008,000
Rows read: 4,010,000
Rows read: 4,012,000
Rows read: 4,014,000
Rows read: 4,016,000
Rows read: 4,018,000
Rows read: 4,020,000
Rows read: 4,022,000
Rows read: 4,024,000
Rows read: 4,026,000
Rows read: 4,028,000
Rows read: 4,030,000
Rows read: 4,032,000
Rows read: 4,034,000
Rows read: 4,036,000
Rows read: 4,038,000
Rows read: 4,040,000
Rows read: 4,042,000
Rows read: 4,044,000
Rows read: 4,046,000
Rows read: 4,048,000
Rows read: 4,050,000
Rows read: 4,052,000
Rows read: 4,054,000
Rows read: 4,056,000
Rows read: 4,058,000
Rows read: 4,060,000
Rows read: 4,062,000
Rows read: 4,064,000
Rows read: 4,066,000
Rows read: 4,068,000
Rows read: 4,070,000
Rows read: 4,072,000
Rows read: 4,074,000
Rows read: 4,076,000
Rows read: 4,078,000
Rows read: 4,080,000
Rows read: 4,082,000
Rows read: 4,084,000
Rows read: 4,086,000
Rows read: 4,088,000
Rows read: 4,090,000
Rows read: 4,092,000
Rows read: 4,094,000
Rows read: 4,096,000
Rows read: 4,098,000
Rows read: 4,100,000
Rows read: 4,102,000
Rows read: 4,104,000
Rows read: 4,106,000
Rows read: 4,108,000
Rows read: 4,110,000
Rows read: 4,112,000
Rows read: 4,114,000
Rows read: 4,116,000
Rows read: 4,118,000
Rows read: 4,120,000
Rows read: 4,122,000
Rows read: 4,124,000
Rows read: 4,126,000
Rows read: 4,128,000
Rows read: 4,130,000
Rows read: 4,132,000
Rows read: 4,134,000
Rows read: 4,136,000
Rows read: 4,138,000
Rows read: 4,140,000
Rows read: 4,142,000
Rows read: 4,144,000
Rows read: 4,146,000
Rows read: 4,148,000
Rows read: 4,150,000
Rows read: 4,152,000
Rows read: 4,154,000
Rows read: 4,156,000
Rows read: 4,158,000
Rows read: 4,160,000
Rows read: 4,162,000
Rows read: 4,164,000
Rows read: 4,166,000
Rows read: 4,168,000
Rows read: 4,170,000
Rows read: 4,172,000
Rows read: 4,174,000
Rows read: 4,176,000
Rows read: 4,178,000
Rows read: 4,180,000
Rows read: 4,182,000
Rows read: 4,184,000
Rows read: 4,186,000
Rows read: 4,188,000
Rows read: 4,190,000
Rows read: 4,192,000
Rows read: 4,194,000
Rows read: 4,196,000
Rows read: 4,198,000
Rows read: 4,200,000
Rows read: 4,202,000
Rows read: 4,204,000
Rows read: 4,206,000
Rows read: 4,208,000
Rows read: 4,210,000
Rows read: 4,212,000
Rows read: 4,214,000
Rows read: 4,216,000
Rows read: 4,218,000
Rows read: 4,220,000
Rows read: 4,222,000
Rows read: 4,224,000
Rows read: 4,226,000
Rows read: 4,228,000
Rows read: 4,230,000
Rows read: 4,232,000
Rows read: 4,234,000
Rows read: 4,236,000
Rows read: 4,238,000
Rows read: 4,240,000
Rows read: 4,242,000
Rows read: 4,244,000
Rows read: 4,246,000
Rows read: 4,248,000
Rows read: 4,250,000
Rows read: 4,252,000
Rows read: 4,254,000
Rows read: 4,256,000
Rows read: 4,258,000
Rows read: 4,260,000
Rows read: 4,262,000
Rows read: 4,264,000
Rows read: 4,266,000
Rows read: 4,268,000
Rows read: 4,270,000
Rows read: 4,272,000
Rows read: 4,274,000
Rows read: 4,276,000
Rows read: 4,278,000
Rows read: 4,280,000
Rows read: 4,282,000
Rows read: 4,284,000
Rows read: 4,286,000
Rows read: 4,288,000
Rows read: 4,290,000
Rows read: 4,292,000
Rows read: 4,294,000
Rows read: 4,296,000
Rows read: 4,298,000
Rows read: 4,300,000
Rows read: 4,302,000
Rows read: 4,304,000
Rows read: 4,306,000
Rows read: 4,308,000
Rows read: 4,310,000
Rows read: 4,312,000
Rows read: 4,314,000
Rows read: 4,316,000
Rows read: 4,318,000
Rows read: 4,320,000
Rows read: 4,322,000
Rows read: 4,324,000
Rows read: 4,326,000
Rows read: 4,328,000
Rows read: 4,330,000
Rows read: 4,332,000
Rows read: 4,334,000
Rows read: 4,336,000
Rows read: 4,338,000
Rows read: 4,340,000
Rows read: 4,342,000
Rows read: 4,344,000
Rows read: 4,346,000
Rows read: 4,348,000
Rows read: 4,350,000
Rows read: 4,352,000
Rows read: 4,354,000
Rows read: 4,356,000
Rows read: 4,358,000
Rows read: 4,360,000
Rows read: 4,362,000
Rows read: 4,364,000
Rows read: 4,366,000
Rows read: 4,368,000
Rows read: 4,370,000
Rows read: 4,372,000
Rows read: 4,374,000
Rows read: 4,376,000
Rows read: 4,378,000
Rows read: 4,380,000
Rows read: 4,382,000
Rows read: 4,384,000
Rows read: 4,386,000
Rows read: 4,388,000
Rows read: 4,390,000
Rows read: 4,392,000
Rows read: 4,394,000
Rows read: 4,396,000
Rows read: 4,398,000
Rows read: 4,400,000
Rows read: 4,402,000
Rows read: 4,404,000
Rows read: 4,406,000
Rows read: 4,408,000
Rows read: 4,410,000
Rows read: 4,412,000
Rows read: 4,414,000
Rows read: 4,416,000
Rows read: 4,418,000
Rows read: 4,420,000
Rows read: 4,422,000
Rows read: 4,424,000
Rows read: 4,426,000
Rows read: 4,428,000
Rows read: 4,430,000
Rows read: 4,432,000
Rows read: 4,434,000
Rows read: 4,436,000
Rows read: 4,438,000
Rows read: 4,440,000
Rows read: 4,442,000
Rows read: 4,444,000
Rows read: 4,446,000
Rows read: 4,448,000
Rows read: 4,450,000
Rows read: 4,452,000
Rows read: 4,454,000
Rows read: 4,456,000
Rows read: 4,458,000
Rows read: 4,460,000
Rows read: 4,462,000
Rows read: 4,464,000
Rows read: 4,466,000
Rows read: 4,468,000
Rows read: 4,470,000
Rows read: 4,472,000
Rows read: 4,474,000
Rows read: 4,476,000
Rows read: 4,478,000
Rows read: 4,480,000
Rows read: 4,482,000
Rows read: 4,484,000
Rows read: 4,486,000
Rows read: 4,488,000
Rows read: 4,490,000
Rows read: 4,492,000
Rows read: 4,494,000
Rows read: 4,496,000
Rows read: 4,498,000
Rows read: 4,500,000
Rows read: 4,502,000
Rows read: 4,504,000
Rows read: 4,506,000
Rows read: 4,508,000
Rows read: 4,510,000
Rows read: 4,512,000
Rows read: 4,514,000
Rows read: 4,516,000
Rows read: 4,518,000
Rows read: 4,520,000
Rows read: 4,522,000
Rows read: 4,524,000
Rows read: 4,526,000
Rows read: 4,528,000
Rows read: 4,530,000
Rows read: 4,532,000
Rows read: 4,534,000
Rows read: 4,536,000
Rows read: 4,538,000
Rows read: 4,540,000
Rows read: 4,542,000
Rows read: 4,544,000
Rows read: 4,546,000
Rows read: 4,548,000
Rows read: 4,550,000
Rows read: 4,552,000
Rows read: 4,554,000
Rows read: 4,556,000
Rows read: 4,558,000
Rows read: 4,560,000
Rows read: 4,562,000
Rows read: 4,564,000
Rows read: 4,566,000
Rows read: 4,568,000
Rows read: 4,570,000
Rows read: 4,572,000
Rows read: 4,574,000
Rows read: 4,576,000
Rows read: 4,578,000
Rows read: 4,580,000
Rows read: 4,582,000
Rows read: 4,584,000
Rows read: 4,586,000
Rows read: 4,588,000
Rows read: 4,590,000
Rows read: 4,592,000
Rows read: 4,594,000
Rows read: 4,596,000
Rows read: 4,598,000
Rows read: 4,600,000
Rows read: 4,602,000
Rows read: 4,604,000
Rows read: 4,606,000
Rows read: 4,608,000
Rows read: 4,610,000
Rows read: 4,612,000
Rows read: 4,614,000
Rows read: 4,616,000
Rows read: 4,618,000
Rows read: 4,620,000
Rows read: 4,622,000
Rows read: 4,624,000
Rows read: 4,626,000
Rows read: 4,628,000
Rows read: 4,630,000
Rows read: 4,632,000
Rows read: 4,634,000
Rows read: 4,636,000
Rows read: 4,638,000
Rows read: 4,640,000
Rows read: 4,642,000
Rows read: 4,644,000
Rows read: 4,646,000
Rows read: 4,648,000
Rows read: 4,650,000
Rows read: 4,652,000
Rows read: 4,654,000
Rows read: 4,656,000
Rows read: 4,658,000
Rows read: 4,660,000
Rows read: 4,662,000
Rows read: 4,664,000
Rows read: 4,666,000
Rows read: 4,668,000
Rows read: 4,670,000
Rows read: 4,672,000
Rows read: 4,674,000
Rows read: 4,676,000
Rows read: 4,678,000
Rows read: 4,680,000
Rows read: 4,682,000
Rows read: 4,684,000
Rows read: 4,686,000
Rows read: 4,688,000
Rows read: 4,690,000
Rows read: 4,692,000
Rows read: 4,694,000
Rows read: 4,696,000
Rows read: 4,698,000
Rows read: 4,700,000
Rows read: 4,702,000
Rows read: 4,704,000
Rows read: 4,706,000
Rows read: 4,708,000
Rows read: 4,710,000
Rows read: 4,712,000
Rows read: 4,714,000
Rows read: 4,716,000
Rows read: 4,718,000
Rows read: 4,720,000
Rows read: 4,722,000
Rows read: 4,724,000
Rows read: 4,726,000
Rows read: 4,728,000
Rows read: 4,730,000
Rows read: 4,732,000
Rows read: 4,734,000
Rows read: 4,736,000
Rows read: 4,738,000
Rows read: 4,740,000
Rows read: 4,742,000
Rows read: 4,744,000
Rows read: 4,746,000
Rows read: 4,748,000
Rows read: 4,750,000
Rows read: 4,752,000
Rows read: 4,754,000
Rows read: 4,756,000
Rows read: 4,758,000
Rows read: 4,760,000
Rows read: 4,762,000
Rows read: 4,764,000
Rows read: 4,766,000
Rows read: 4,768,000
Rows read: 4,770,000
Rows read: 4,772,000
Rows read: 4,774,000
Rows read: 4,776,000
Rows read: 4,778,000
Rows read: 4,780,000
Rows read: 4,782,000
Rows read: 4,784,000
Rows read: 4,786,000
Rows read: 4,788,000
Rows read: 4,790,000
Rows read: 4,792,000
Rows read: 4,794,000
Rows read: 4,796,000
Rows read: 4,798,000
Rows read: 4,800,000
Rows read: 4,802,000
Rows read: 4,804,000
Rows read: 4,806,000
Rows read: 4,808,000
Rows read: 4,810,000
Rows read: 4,812,000
Rows read: 4,814,000
Rows read: 4,816,000
Rows read: 4,818,000
Rows read: 4,820,000
Rows read: 4,822,000
Rows read: 4,824,000
Rows read: 4,826,000
Rows read: 4,828,000
Rows read: 4,830,000
Rows read: 4,832,000
Rows read: 4,834,000
Rows read: 4,836,000
Rows read: 4,838,000
Rows read: 4,840,000
Rows read: 4,842,000
Rows read: 4,844,000
Rows read: 4,846,000
Rows read: 4,848,000
Rows read: 4,850,000
Rows read: 4,852,000
Rows read: 4,854,000
Rows read: 4,856,000
Rows read: 4,858,000
Rows read: 4,860,000
Rows read: 4,862,000
Rows read: 4,864,000
Rows read: 4,866,000
Rows read: 4,868,000
Rows read: 4,870,000
Rows read: 4,872,000
Rows read: 4,874,000
Rows read: 4,876,000
Rows read: 4,878,000
Rows read: 4,880,000
Rows read: 4,882,000
Rows read: 4,884,000
Rows read: 4,886,000
Rows read: 4,888,000
Rows read: 4,890,000
Rows read: 4,892,000
Rows read: 4,894,000
Rows read: 4,896,000
Rows read: 4,898,000
Rows read: 4,900,000
Rows read: 4,902,000
Rows read: 4,904,000
Rows read: 4,906,000
Rows read: 4,908,000
Rows read: 4,910,000
Rows read: 4,912,000
Rows read: 4,914,000
Rows read: 4,916,000
Rows read: 4,918,000
Rows read: 4,920,000
Rows read: 4,922,000
Rows read: 4,924,000
Rows read: 4,926,000
Rows read: 4,928,000
Rows read: 4,930,000
Rows read: 4,932,000
Rows read: 4,934,000
Rows read: 4,936,000
Rows read: 4,938,000
Rows read: 4,940,000
Rows read: 4,942,000
Rows read: 4,944,000
Rows read: 4,946,000
Rows read: 4,948,000
Rows read: 4,950,000
Rows read: 4,952,000
Rows read: 4,954,000
Rows read: 4,956,000
Rows read: 4,958,000
Rows read: 4,960,000
Rows read: 4,962,000
Rows read: 4,964,000
Rows read: 4,966,000
Rows read: 4,968,000
Rows read: 4,970,000
Rows read: 4,972,000
Rows read: 4,974,000
Rows read: 4,976,000
Rows read: 4,978,000
Rows read: 4,980,000
Rows read: 4,982,000
Rows read: 4,984,000
Rows read: 4,986,000
Rows read: 4,988,000
Rows read: 4,990,000
Rows read: 4,992,000
Rows read: 4,994,000
Rows read: 4,996,000
Rows read: 4,998,000
Rows read: 5,000,000
Rows read: 5,002,000
Rows read: 5,004,000
Rows read: 5,006,000
Rows read: 5,008,000
Rows read: 5,010,000
Rows read: 5,012,000
Rows read: 5,014,000
Rows read: 5,016,000
Rows read: 5,018,000
Rows read: 5,020,000
Rows read: 5,022,000
Rows read: 5,024,000
Rows read: 5,026,000
Rows read: 5,028,000
Rows read: 5,030,000
Rows read: 5,032,000
Rows read: 5,034,000
Rows read: 5,036,000
Rows read: 5,038,000
Rows read: 5,040,000
Rows read: 5,042,000
Rows read: 5,044,000
Rows read: 5,046,000
Rows read: 5,048,000
Rows read: 5,050,000
Rows read: 5,052,000
Rows read: 5053111 done.
Rows read: 2,000
Rows read: 3493 done.
Rows read: 9 done.
Processing covariates
Task finished in 0.00200000000000955 seconds
Processing gene expression data (imputation, residualization)
Task finished in 0.0520000000000209 seconds
Creating output file(s)
Task finished in 0.0139999999999532 seconds
Performing eQTL analysis
 0.14% done, 194,279 eQTLs
 0.28% done, 334,946 eQTLs
 0.43% done, 539,368 eQTLs
 0.57% done, 700,815 eQTLs
 0.71% done, 905,624 eQTLs
 0.86% done, 1,062,934 eQTLs
 1.00% done, 1,251,451 eQTLs
 1.14% done, 1,392,830 eQTLs
 1.29% done, 1,586,752 eQTLs
 1.43% done, 1,729,212 eQTLs
 1.58% done, 1,932,401 eQTLs
 1.72% done, 2,083,063 eQTLs
 1.86% done, 2,343,655 eQTLs
 2.01% done, 2,530,748 eQTLs
 2.15% done, 2,733,831 eQTLs
 2.29% done, 2,886,259 eQTLs
 2.44% done, 3,090,186 eQTLs
 2.58% done, 3,239,010 eQTLs
 2.72% done, 3,453,278 eQTLs
 2.87% done, 3,613,121 eQTLs
 3.01% done, 3,839,624 eQTLs
 3.16% done, 4,007,554 eQTLs
 3.30% done, 4,253,596 eQTLs
 3.44% done, 4,435,168 eQTLs
 3.59% done, 4,656,890 eQTLs
 3.73% done, 4,824,867 eQTLs
 3.87% done, 5,065,643 eQTLs
 4.02% done, 5,241,535 eQTLs
 4.16% done, 5,442,431 eQTLs
 4.31% done, 5,591,685 eQTLs
 4.45% done, 5,797,711 eQTLs
 4.59% done, 5,942,494 eQTLs
 4.74% done, 6,170,547 eQTLs
 4.88% done, 6,343,426 eQTLs
 5.02% done, 6,570,068 eQTLs
 5.17% done, 6,740,461 eQTLs
 5.31% done, 6,914,306 eQTLs
 5.45% done, 7,050,680 eQTLs
 5.60% done, 7,235,927 eQTLs
 5.74% done, 7,376,684 eQTLs
 5.89% done, 7,598,835 eQTLs
 6.03% done, 7,766,364 eQTLs
 6.17% done, 8,028,355 eQTLs
 6.32% done, 8,224,852 eQTLs
 6.46% done, 8,431,011 eQTLs
 6.60% done, 8,574,382 eQTLs
 6.75% done, 8,758,687 eQTLs
 6.89% done, 8,891,558 eQTLs
 7.04% done, 9,099,248 eQTLs
 7.18% done, 9,238,837 eQTLs
 7.32% done, 9,468,547 eQTLs
 7.47% done, 9,635,389 eQTLs
 7.61% done, 9,843,722 eQTLs
 7.75% done, 10,001,675 eQTLs
 7.90% done, 10,217,581 eQTLs
 8.04% done, 10,370,357 eQTLs
 8.18% done, 10,581,701 eQTLs
 8.33% done, 10,731,600 eQTLs
 8.47% done, 10,914,989 eQTLs
 8.62% done, 11,052,227 eQTLs
 8.76% done, 11,221,244 eQTLs
 8.90% done, 11,343,850 eQTLs
 9.05% done, 11,507,212 eQTLs
 9.19% done, 11,629,565 eQTLs
 9.33% done, 11,816,371 eQTLs
 9.48% done, 11,952,313 eQTLs
 9.62% done, 12,146,939 eQTLs
 9.77% done, 12,286,140 eQTLs
 9.91% done, 12,489,108 eQTLs
10.05% done, 12,648,236 eQTLs
10.20% done, 12,839,433 eQTLs
10.34% done, 12,995,004 eQTLs
10.48% done, 13,207,246 eQTLs
10.63% done, 13,367,191 eQTLs
10.77% done, 13,560,293 eQTLs
10.91% done, 13,706,515 eQTLs
11.06% done, 13,872,400 eQTLs
11.20% done, 13,993,723 eQTLs
11.35% done, 14,179,333 eQTLs
11.49% done, 14,319,993 eQTLs
11.63% done, 14,501,009 eQTLs
11.78% done, 14,642,667 eQTLs
11.92% done, 14,869,219 eQTLs
12.06% done, 15,048,137 eQTLs
12.21% done, 15,241,049 eQTLs
12.35% done, 15,381,876 eQTLs
12.50% done, 15,549,865 eQTLs
12.64% done, 15,680,165 eQTLs
12.78% done, 15,881,065 eQTLs
12.93% done, 16,029,837 eQTLs
13.07% done, 16,316,031 eQTLs
13.21% done, 16,528,213 eQTLs
13.36% done, 16,704,282 eQTLs
13.50% done, 16,839,892 eQTLs
13.64% done, 17,033,798 eQTLs
13.79% done, 17,181,475 eQTLs
13.93% done, 17,378,099 eQTLs
14.08% done, 17,522,865 eQTLs
14.22% done, 17,733,317 eQTLs
14.36% done, 17,892,606 eQTLs
14.51% done, 18,134,482 eQTLs
14.65% done, 18,304,713 eQTLs
14.79% done, 18,492,914 eQTLs
14.94% done, 18,628,070 eQTLs
15.08% done, 18,828,908 eQTLs
15.22% done, 18,983,543 eQTLs
15.37% done, 19,178,060 eQTLs
15.51% done, 19,321,607 eQTLs
15.66% done, 19,502,578 eQTLs
15.80% done, 19,638,346 eQTLs
15.94% done, 19,845,891 eQTLs
16.09% done, 19,998,744 eQTLs
16.23% done, 20,243,221 eQTLs
16.37% done, 20,421,999 eQTLs
16.52% done, 20,629,724 eQTLs
16.66% done, 20,790,749 eQTLs
16.81% done, 20,971,789 eQTLs
16.95% done, 21,108,663 eQTLs
17.09% done, 21,315,782 eQTLs
17.24% done, 21,467,954 eQTLs
17.38% done, 21,707,302 eQTLs
17.52% done, 21,884,442 eQTLs
17.67% done, 22,086,606 eQTLs
17.81% done, 22,229,479 eQTLs
17.95% done, 22,418,312 eQTLs
18.10% done, 22,563,466 eQTLs
18.24% done, 22,791,682 eQTLs
18.39% done, 22,964,095 eQTLs
18.53% done, 23,204,846 eQTLs
18.67% done, 23,374,198 eQTLs
18.82% done, 23,575,487 eQTLs
18.96% done, 23,719,339 eQTLs
19.10% done, 23,930,281 eQTLs
19.25% done, 24,087,251 eQTLs
19.39% done, 24,320,924 eQTLs
19.54% done, 24,486,199 eQTLs
19.68% done, 24,745,329 eQTLs
19.82% done, 24,934,585 eQTLs
19.97% done, 25,134,198 eQTLs
20.11% done, 25,287,803 eQTLs
20.25% done, 25,456,844 eQTLs
20.40% done, 25,579,429 eQTLs
20.54% done, 25,768,337 eQTLs
20.68% done, 25,911,689 eQTLs
20.83% done, 26,100,238 eQTLs
20.97% done, 26,247,901 eQTLs
21.12% done, 26,434,346 eQTLs
21.26% done, 26,571,552 eQTLs
21.40% done, 26,761,111 eQTLs
21.55% done, 26,894,221 eQTLs
21.69% done, 27,127,600 eQTLs
21.83% done, 27,302,481 eQTLs
21.98% done, 27,512,926 eQTLs
22.12% done, 27,669,172 eQTLs
22.27% done, 27,869,120 eQTLs
22.41% done, 28,017,943 eQTLs
22.55% done, 28,187,881 eQTLs
22.70% done, 28,315,741 eQTLs
22.84% done, 28,515,546 eQTLs
22.98% done, 28,668,627 eQTLs
23.13% done, 28,862,567 eQTLs
23.27% done, 29,013,270 eQTLs
23.41% done, 29,218,059 eQTLs
23.56% done, 29,369,145 eQTLs
23.70% done, 29,562,804 eQTLs
23.85% done, 29,710,474 eQTLs
23.99% done, 29,918,041 eQTLs
24.13% done, 30,061,364 eQTLs
24.28% done, 30,258,387 eQTLs
24.42% done, 30,404,575 eQTLs
24.56% done, 30,605,292 eQTLs
24.71% done, 30,753,842 eQTLs
24.85% done, 30,934,738 eQTLs
25.00% done, 31,070,373 eQTLs
25.14% done, 31,280,178 eQTLs
25.28% done, 31,433,446 eQTLs
25.43% done, 31,617,639 eQTLs
25.57% done, 31,758,231 eQTLs
25.71% done, 31,976,662 eQTLs
25.86% done, 32,141,347 eQTLs
26.00% done, 32,339,232 eQTLs
26.14% done, 32,487,994 eQTLs
26.29% done, 32,695,840 eQTLs
26.43% done, 32,848,701 eQTLs
26.58% done, 33,058,958 eQTLs
26.72% done, 33,215,119 eQTLs
26.86% done, 33,403,462 eQTLs
27.01% done, 33,541,236 eQTLs
27.15% done, 33,727,387 eQTLs
27.29% done, 33,863,311 eQTLs
27.44% done, 34,049,785 eQTLs
27.58% done, 34,187,238 eQTLs
27.72% done, 34,400,011 eQTLs
27.87% done, 34,568,105 eQTLs
28.01% done, 34,751,727 eQTLs
28.16% done, 34,889,107 eQTLs
28.30% done, 35,025,811 eQTLs
28.44% done, 35,126,149 eQTLs
28.59% done, 35,327,777 eQTLs
28.73% done, 35,473,734 eQTLs
28.87% done, 35,749,063 eQTLs
29.02% done, 35,953,996 eQTLs
29.16% done, 36,147,319 eQTLs
29.31% done, 36,292,171 eQTLs
29.45% done, 36,468,314 eQTLs
29.59% done, 36,598,841 eQTLs
29.74% done, 36,788,492 eQTLs
29.88% done, 36,927,326 eQTLs
30.02% done, 37,085,919 eQTLs
30.17% done, 37,201,339 eQTLs
30.31% done, 37,478,132 eQTLs
30.45% done, 37,683,658 eQTLs
30.60% done, 37,871,096 eQTLs
30.74% done, 38,013,685 eQTLs
30.89% done, 38,222,685 eQTLs
31.03% done, 38,375,458 eQTLs
31.17% done, 38,567,880 eQTLs
31.32% done, 38,711,071 eQTLs
31.46% done, 38,897,097 eQTLs
31.60% done, 39,039,641 eQTLs
31.75% done, 39,224,901 eQTLs
31.89% done, 39,362,554 eQTLs
32.04% done, 39,608,103 eQTLs
32.18% done, 39,789,614 eQTLs
32.32% done, 39,971,510 eQTLs
32.47% done, 40,105,525 eQTLs
32.61% done, 40,347,495 eQTLs
32.75% done, 40,530,600 eQTLs
32.90% done, 40,737,709 eQTLs
33.04% done, 40,888,949 eQTLs
33.18% done, 41,078,134 eQTLs
33.33% done, 41,219,597 eQTLs
33.47% done, 41,424,841 eQTLs
33.62% done, 41,570,626 eQTLs
33.76% done, 41,780,186 eQTLs
33.90% done, 41,940,229 eQTLs
34.05% done, 42,117,625 eQTLs
34.19% done, 42,252,346 eQTLs
34.33% done, 42,470,570 eQTLs
34.48% done, 42,631,195 eQTLs
34.62% done, 42,829,306 eQTLs
34.77% done, 42,973,951 eQTLs
34.91% done, 43,130,737 eQTLs
35.05% done, 43,243,603 eQTLs
35.20% done, 43,407,108 eQTLs
35.34% done, 43,535,432 eQTLs
35.48% done, 43,767,032 eQTLs
35.63% done, 43,943,539 eQTLs
35.77% done, 44,122,070 eQTLs
35.91% done, 44,252,988 eQTLs
36.06% done, 44,442,819 eQTLs
36.20% done, 44,590,557 eQTLs
36.35% done, 44,788,784 eQTLs
36.49% done, 44,952,196 eQTLs
36.63% done, 45,175,080 eQTLs
36.78% done, 45,340,868 eQTLs
36.92% done, 45,519,087 eQTLs
37.06% done, 45,644,834 eQTLs
37.21% done, 45,842,819 eQTLs
37.35% done, 45,985,483 eQTLs
37.50% done, 46,212,927 eQTLs
37.64% done, 46,379,006 eQTLs
37.78% done, 46,606,463 eQTLs
37.93% done, 46,781,516 eQTLs
38.07% done, 46,983,086 eQTLs
38.21% done, 47,128,997 eQTLs
38.36% done, 47,294,964 eQTLs
38.50% done, 47,418,923 eQTLs
38.64% done, 47,609,494 eQTLs
38.79% done, 47,756,284 eQTLs
38.93% done, 47,972,099 eQTLs
39.08% done, 48,131,530 eQTLs
39.22% done, 48,318,012 eQTLs
39.36% done, 48,458,356 eQTLs
39.51% done, 48,647,047 eQTLs
39.65% done, 48,788,980 eQTLs
39.79% done, 49,003,150 eQTLs
39.94% done, 49,161,470 eQTLs
40.08% done, 49,437,786 eQTLs
40.22% done, 49,643,651 eQTLs
40.37% done, 49,852,655 eQTLs
40.51% done, 50,009,490 eQTLs
40.66% done, 50,233,677 eQTLs
40.80% done, 50,402,152 eQTLs
40.94% done, 50,597,892 eQTLs
41.09% done, 50,733,252 eQTLs
41.23% done, 50,939,344 eQTLs
41.37% done, 51,093,139 eQTLs
41.52% done, 51,298,083 eQTLs
41.66% done, 51,448,216 eQTLs
41.81% done, 51,661,987 eQTLs
41.95% done, 51,817,845 eQTLs
42.09% done, 52,034,401 eQTLs
42.24% done, 52,194,973 eQTLs
42.38% done, 52,397,212 eQTLs
42.52% done, 52,539,797 eQTLs
42.67% done, 52,726,963 eQTLs
42.81% done, 52,864,367 eQTLs
42.95% done, 53,045,411 eQTLs
43.10% done, 53,181,326 eQTLs
43.24% done, 53,393,209 eQTLs
43.39% done, 53,550,834 eQTLs
43.53% done, 53,765,862 eQTLs
43.67% done, 53,926,591 eQTLs
43.82% done, 54,228,127 eQTLs
43.96% done, 54,458,042 eQTLs
44.10% done, 54,636,407 eQTLs
44.25% done, 54,772,763 eQTLs
44.39% done, 55,039,347 eQTLs
44.54% done, 55,240,552 eQTLs
44.68% done, 55,476,416 eQTLs
44.82% done, 55,650,247 eQTLs
44.97% done, 55,889,925 eQTLs
45.11% done, 56,062,300 eQTLs
45.25% done, 56,309,773 eQTLs
45.40% done, 56,498,231 eQTLs
45.54% done, 56,733,664 eQTLs
45.68% done, 56,917,202 eQTLs
45.83% done, 57,108,691 eQTLs
45.97% done, 57,254,733 eQTLs
46.12% done, 57,490,312 eQTLs
46.26% done, 57,668,554 eQTLs
46.40% done, 57,839,239 eQTLs
46.55% done, 57,979,097 eQTLs
46.69% done, 58,205,958 eQTLs
46.83% done, 58,373,346 eQTLs
46.98% done, 58,665,272 eQTLs
47.12% done, 58,887,184 eQTLs
47.27% done, 59,135,279 eQTLs
47.41% done, 59,313,190 eQTLs
47.55% done, 59,552,261 eQTLs
47.70% done, 59,733,065 eQTLs
47.84% done, 59,904,436 eQTLs
47.98% done, 60,028,859 eQTLs
48.13% done, 60,197,747 eQTLs
48.27% done, 60,330,737 eQTLs
48.41% done, 60,502,528 eQTLs
48.56% done, 60,628,047 eQTLs
48.70% done, 60,808,341 eQTLs
48.85% done, 60,944,841 eQTLs
48.99% done, 61,147,287 eQTLs
49.13% done, 61,299,784 eQTLs
49.28% done, 61,487,180 eQTLs
49.42% done, 61,626,857 eQTLs
49.56% done, 61,799,436 eQTLs
49.71% done, 61,923,054 eQTLs
49.85% done, 62,092,073 eQTLs
50.00% done, 62,220,924 eQTLs
50.14% done, 62,439,860 eQTLs
50.28% done, 62,602,084 eQTLs
50.43% done, 62,800,357 eQTLs
50.57% done, 62,952,222 eQTLs
50.71% done, 63,185,623 eQTLs
50.86% done, 63,357,628 eQTLs
51.00% done, 63,537,766 eQTLs
51.14% done, 63,674,642 eQTLs
51.29% done, 63,853,151 eQTLs
51.43% done, 63,985,282 eQTLs
51.58% done, 64,176,987 eQTLs
51.72% done, 64,323,626 eQTLs
51.86% done, 64,534,275 eQTLs
52.01% done, 64,695,020 eQTLs
52.15% done, 64,890,228 eQTLs
52.29% done, 65,036,263 eQTLs
52.44% done, 65,238,646 eQTLs
52.58% done, 65,391,719 eQTLs
52.72% done, 65,580,448 eQTLs
52.87% done, 65,722,092 eQTLs
53.01% done, 65,928,353 eQTLs
53.16% done, 66,076,481 eQTLs
53.30% done, 66,299,842 eQTLs
53.44% done, 66,465,580 eQTLs
53.59% done, 66,629,294 eQTLs
53.73% done, 66,754,258 eQTLs
53.87% done, 66,950,120 eQTLs
54.02% done, 67,095,449 eQTLs
54.16% done, 67,260,416 eQTLs
54.31% done, 67,389,882 eQTLs
54.45% done, 67,554,939 eQTLs
54.59% done, 67,678,464 eQTLs
54.74% done, 67,870,643 eQTLs
54.88% done, 68,013,169 eQTLs
55.02% done, 68,201,686 eQTLs
55.17% done, 68,352,282 eQTLs
55.31% done, 68,515,152 eQTLs
55.45% done, 68,638,886 eQTLs
55.60% done, 68,804,928 eQTLs
55.74% done, 68,929,455 eQTLs
55.89% done, 69,152,780 eQTLs
56.03% done, 69,313,514 eQTLs
56.17% done, 69,538,336 eQTLs
56.32% done, 69,704,089 eQTLs
56.46% done, 69,921,799 eQTLs
56.60% done, 70,083,464 eQTLs
56.75% done, 70,258,665 eQTLs
56.89% done, 70,389,262 eQTLs
57.04% done, 70,590,183 eQTLs
57.18% done, 70,735,175 eQTLs
57.32% done, 70,957,070 eQTLs
57.47% done, 71,128,865 eQTLs
57.61% done, 71,306,292 eQTLs
57.75% done, 71,436,786 eQTLs
57.90% done, 71,612,252 eQTLs
58.04% done, 71,745,136 eQTLs
58.18% done, 71,946,762 eQTLs
58.33% done, 72,097,294 eQTLs
58.47% done, 72,317,444 eQTLs
58.62% done, 72,481,383 eQTLs
58.76% done, 72,671,378 eQTLs
58.90% done, 72,804,640 eQTLs
59.05% done, 72,991,342 eQTLs
59.19% done, 73,132,855 eQTLs
59.33% done, 73,381,424 eQTLs
59.48% done, 73,557,267 eQTLs
59.62% done, 73,747,148 eQTLs
59.77% done, 73,886,594 eQTLs
59.91% done, 74,075,541 eQTLs
60.05% done, 74,208,903 eQTLs
60.20% done, 74,386,896 eQTLs
60.34% done, 74,518,335 eQTLs
60.48% done, 74,697,776 eQTLs
60.63% done, 74,821,320 eQTLs
60.77% done, 75,035,031 eQTLs
60.91% done, 75,186,903 eQTLs
61.06% done, 75,398,855 eQTLs
61.20% done, 75,555,089 eQTLs
61.35% done, 75,806,475 eQTLs
61.49% done, 75,985,263 eQTLs
61.63% done, 76,207,514 eQTLs
61.78% done, 76,371,322 eQTLs
61.92% done, 76,621,338 eQTLs
62.06% done, 76,812,189 eQTLs
62.21% done, 76,994,785 eQTLs
62.35% done, 77,135,833 eQTLs
62.50% done, 77,318,557 eQTLs
62.64% done, 77,454,457 eQTLs
62.78% done, 77,659,384 eQTLs
62.93% done, 77,806,955 eQTLs
63.07% done, 78,001,052 eQTLs
63.21% done, 78,145,045 eQTLs
63.36% done, 78,322,356 eQTLs
63.50% done, 78,458,038 eQTLs
63.64% done, 78,632,337 eQTLs
63.79% done, 78,757,902 eQTLs
63.93% done, 78,990,458 eQTLs
64.08% done, 79,163,723 eQTLs
64.22% done, 79,409,493 eQTLs
64.36% done, 79,590,104 eQTLs
64.51% done, 79,791,620 eQTLs
64.65% done, 79,938,510 eQTLs
64.79% done, 80,127,908 eQTLs
64.94% done, 80,271,708 eQTLs
65.08% done, 80,476,539 eQTLs
65.22% done, 80,626,185 eQTLs
65.37% done, 80,814,754 eQTLs
65.51% done, 80,955,055 eQTLs
65.66% done, 81,202,907 eQTLs
65.80% done, 81,380,983 eQTLs
65.94% done, 81,550,465 eQTLs
66.09% done, 81,676,284 eQTLs
66.23% done, 81,866,688 eQTLs
66.37% done, 82,007,950 eQTLs
66.52% done, 82,222,319 eQTLs
66.66% done, 82,373,466 eQTLs
66.81% done, 82,547,698 eQTLs
66.95% done, 82,670,592 eQTLs
67.09% done, 82,912,852 eQTLs
67.24% done, 83,085,733 eQTLs
67.38% done, 83,269,161 eQTLs
67.52% done, 83,400,548 eQTLs
67.67% done, 83,601,435 eQTLs
67.81% done, 83,747,826 eQTLs
67.95% done, 83,950,714 eQTLs
68.10% done, 84,106,278 eQTLs
68.24% done, 84,285,602 eQTLs
68.39% done, 84,412,275 eQTLs
68.53% done, 84,605,304 eQTLs
68.67% done, 84,745,723 eQTLs
68.82% done, 84,966,894 eQTLs
68.96% done, 85,131,464 eQTLs
69.10% done, 85,336,118 eQTLs
69.25% done, 85,488,948 eQTLs
69.39% done, 85,700,690 eQTLs
69.54% done, 85,860,545 eQTLs
69.68% done, 86,118,648 eQTLs
69.82% done, 86,311,654 eQTLs
69.97% done, 86,515,127 eQTLs
70.11% done, 86,661,531 eQTLs
70.25% done, 86,846,485 eQTLs
70.40% done, 86,988,585 eQTLs
70.54% done, 87,174,320 eQTLs
70.68% done, 87,310,874 eQTLs
70.83% done, 87,514,840 eQTLs
70.97% done, 87,662,084 eQTLs
71.12% done, 87,888,900 eQTLs
71.26% done, 88,052,681 eQTLs
71.40% done, 88,249,014 eQTLs
71.55% done, 88,397,494 eQTLs
71.69% done, 88,571,862 eQTLs
71.83% done, 88,703,604 eQTLs
71.98% done, 88,899,651 eQTLs
72.12% done, 89,047,124 eQTLs
72.27% done, 89,267,259 eQTLs
72.41% done, 89,432,835 eQTLs
72.55% done, 89,614,034 eQTLs
72.70% done, 89,746,056 eQTLs
72.84% done, 89,951,616 eQTLs
72.98% done, 90,104,626 eQTLs
73.13% done, 90,312,071 eQTLs
73.27% done, 90,472,867 eQTLs
73.41% done, 90,687,665 eQTLs
73.56% done, 90,859,099 eQTLs
73.70% done, 91,075,535 eQTLs
73.85% done, 91,245,113 eQTLs
73.99% done, 91,431,567 eQTLs
74.13% done, 91,567,498 eQTLs
74.28% done, 91,768,550 eQTLs
74.42% done, 91,916,789 eQTLs
74.56% done, 92,115,464 eQTLs
74.71% done, 92,259,880 eQTLs
74.85% done, 92,493,275 eQTLs
75.00% done, 92,671,137 eQTLs
75.14% done, 92,899,000 eQTLs
75.28% done, 93,069,975 eQTLs
75.43% done, 93,260,980 eQTLs
75.57% done, 93,400,059 eQTLs
75.71% done, 93,670,486 eQTLs
75.86% done, 93,866,306 eQTLs
76.00% done, 94,099,135 eQTLs
76.14% done, 94,273,990 eQTLs
76.29% done, 94,448,845 eQTLs
76.43% done, 94,582,579 eQTLs
76.58% done, 94,760,599 eQTLs
76.72% done, 94,896,084 eQTLs
76.86% done, 95,101,843 eQTLs
77.01% done, 95,256,474 eQTLs
77.15% done, 95,457,189 eQTLs
77.29% done, 95,605,351 eQTLs
77.44% done, 95,789,969 eQTLs
77.58% done, 95,924,020 eQTLs
77.72% done, 96,135,359 eQTLs
77.87% done, 96,294,295 eQTLs
78.01% done, 96,493,064 eQTLs
78.16% done, 96,639,406 eQTLs
78.30% done, 96,807,880 eQTLs
78.44% done, 96,931,890 eQTLs
78.59% done, 97,118,016 eQTLs
78.73% done, 97,251,900 eQTLs
78.87% done, 97,436,367 eQTLs
79.02% done, 97,568,391 eQTLs
79.16% done, 97,737,354 eQTLs
79.31% done, 97,866,679 eQTLs
79.45% done, 98,077,219 eQTLs
79.59% done, 98,228,724 eQTLs
79.74% done, 98,421,737 eQTLs
79.88% done, 98,565,429 eQTLs
80.02% done, 98,765,982 eQTLs
80.17% done, 98,918,033 eQTLs
80.31% done, 99,097,155 eQTLs
80.45% done, 99,228,878 eQTLs
80.60% done, 99,417,253 eQTLs
80.74% done, 99,559,463 eQTLs
80.89% done, 99,709,825 eQTLs
81.03% done, 99,828,244 eQTLs
81.17% done, 100,068,440 eQTLs
81.32% done, 100,248,259 eQTLs
81.46% done, 100,486,843 eQTLs
81.60% done, 100,663,773 eQTLs
81.75% done, 100,843,419 eQTLs
81.89% done, 100,974,749 eQTLs
82.04% done, 101,157,447 eQTLs
82.18% done, 101,296,199 eQTLs
82.32% done, 101,505,345 eQTLs
82.47% done, 101,657,429 eQTLs
82.61% done, 101,832,748 eQTLs
82.75% done, 101,968,145 eQTLs
82.90% done, 102,146,133 eQTLs
83.04% done, 102,290,411 eQTLs
83.18% done, 102,495,106 eQTLs
83.33% done, 102,653,864 eQTLs
83.47% done, 102,820,925 eQTLs
83.62% done, 102,950,248 eQTLs
83.76% done, 103,148,741 eQTLs
83.90% done, 103,295,991 eQTLs
84.05% done, 103,514,273 eQTLs
84.19% done, 103,678,489 eQTLs
84.33% done, 103,850,860 eQTLs
84.48% done, 103,983,774 eQTLs
84.62% done, 104,195,286 eQTLs
84.77% done, 104,352,629 eQTLs
84.91% done, 104,591,427 eQTLs
85.05% done, 104,767,909 eQTLs
85.20% done, 104,962,075 eQTLs
85.34% done, 105,099,485 eQTLs
85.48% done, 105,312,244 eQTLs
85.63% done, 105,469,953 eQTLs
85.77% done, 105,683,788 eQTLs
85.91% done, 105,849,711 eQTLs
86.06% done, 106,019,623 eQTLs
86.20% done, 106,147,722 eQTLs
86.35% done, 106,340,235 eQTLs
86.49% done, 106,489,431 eQTLs
86.63% done, 106,698,646 eQTLs
86.78% done, 106,855,459 eQTLs
86.92% done, 107,065,605 eQTLs
87.06% done, 107,221,819 eQTLs
87.21% done, 107,431,469 eQTLs
87.35% done, 107,588,936 eQTLs
87.50% done, 107,774,179 eQTLs
87.64% done, 107,911,009 eQTLs
87.78% done, 108,101,857 eQTLs
87.93% done, 108,244,670 eQTLs
88.07% done, 108,459,068 eQTLs
88.21% done, 108,619,480 eQTLs
88.36% done, 108,860,352 eQTLs
88.50% done, 109,043,996 eQTLs
88.64% done, 109,299,022 eQTLs
88.79% done, 109,496,167 eQTLs
88.93% done, 109,664,676 eQTLs
89.08% done, 109,785,923 eQTLs
89.22% done, 109,974,783 eQTLs
89.36% done, 110,114,509 eQTLs
89.51% done, 110,324,183 eQTLs
89.65% done, 110,480,183 eQTLs
89.79% done, 110,683,395 eQTLs
89.94% done, 110,839,478 eQTLs
90.08% done, 111,073,303 eQTLs
90.22% done, 111,247,034 eQTLs
90.37% done, 111,485,176 eQTLs
90.51% done, 111,665,682 eQTLs
90.66% done, 111,853,232 eQTLs
90.80% done, 111,992,594 eQTLs
90.94% done, 112,189,579 eQTLs
91.09% done, 112,333,182 eQTLs
91.23% done, 112,518,987 eQTLs
91.37% done, 112,659,465 eQTLs
91.52% done, 112,887,957 eQTLs
91.66% done, 113,060,488 eQTLs
91.81% done, 113,264,974 eQTLs
91.95% done, 113,419,409 eQTLs
92.09% done, 113,672,440 eQTLs
92.24% done, 113,862,472 eQTLs
92.38% done, 114,075,675 eQTLs
92.52% done, 114,234,476 eQTLs
92.67% done, 114,427,956 eQTLs
92.81% done, 114,568,436 eQTLs
92.95% done, 114,768,657 eQTLs
93.10% done, 114,918,486 eQTLs
93.24% done, 115,159,487 eQTLs
93.39% done, 115,339,126 eQTLs
93.53% done, 115,528,323 eQTLs
93.67% done, 115,670,919 eQTLs
93.82% done, 115,875,965 eQTLs
93.96% done, 116,034,091 eQTLs
94.10% done, 116,215,402 eQTLs
94.25% done, 116,351,660 eQTLs
94.39% done, 116,557,295 eQTLs
94.54% done, 116,708,031 eQTLs
94.68% done, 116,885,659 eQTLs
94.82% done, 117,013,289 eQTLs
94.97% done, 117,200,171 eQTLs
95.11% done, 117,341,491 eQTLs
95.25% done, 117,552,029 eQTLs
95.40% done, 117,699,018 eQTLs
95.54% done, 117,917,849 eQTLs
95.68% done, 118,080,784 eQTLs
95.83% done, 118,529,721 eQTLs
95.97% done, 118,865,641 eQTLs
96.12% done, 119,060,574 eQTLs
96.26% done, 119,202,908 eQTLs
96.40% done, 119,421,902 eQTLs
96.55% done, 119,589,336 eQTLs
96.69% done, 119,789,274 eQTLs
96.83% done, 119,935,462 eQTLs
96.98% done, 120,110,880 eQTLs
97.12% done, 120,246,286 eQTLs
97.27% done, 120,436,829 eQTLs
97.41% done, 120,579,982 eQTLs
97.55% done, 120,797,766 eQTLs
97.70% done, 120,959,527 eQTLs
97.84% done, 121,226,639 eQTLs
97.98% done, 121,424,792 eQTLs
98.13% done, 121,681,490 eQTLs
98.27% done, 121,877,918 eQTLs
98.41% done, 122,072,205 eQTLs
98.56% done, 122,224,138 eQTLs
98.70% done, 122,475,948 eQTLs
98.85% done, 122,665,357 eQTLs
98.99% done, 122,889,508 eQTLs
99.13% done, 123,061,790 eQTLs
99.28% done, 123,237,886 eQTLs
99.42% done, 123,367,977 eQTLs
99.56% done, 123,596,886 eQTLs
99.71% done, 123,767,928 eQTLs
99.85% done, 123,904,996 eQTLs
100.00% done, 124,006,050 eQTLs
Task finished in 1069.052 seconds

Warning message:
In Matrix_eQTL_main(snps = snps, gene = gene, cvrt = cvrt, output_file_name = output_file_name,  :
  Warning: pvOutputThreshold may be too large.
Expected number of findings > 121480951.2
